2024-05-29 00:04:11,879 - INFO - Function create_or_pass_folder error with flag 0 -- Function create_or_pass_folder error is::Value for one of the query parameters specified in the request URI is invalid.
RequestId:7ddbf659-301e-003a-342d-b136a5000000
Time:2024-05-28T18:34:12.3092551Z
ErrorCode:InvalidQueryParameterValue
queryparametername:snapshot
queryparametervalue:akash123
Content: <?xml version="1.0" encoding="utf-8"?>
<Error><Code>InvalidQueryParameterValue</Code><Message>Value for one of the query parameters specified in the request URI is invalid.
RequestId:7ddbf659-301e-003a-342d-b136a5000000
Time:2024-05-28T18:34:12.3092551Z</Message><QueryParameterName>snapshot</QueryParameterName><QueryParameterValue>akash123</QueryParameterValue></Error>
2024-05-29 00:04:11,880 - INFO - Function create_or_pass_folder Error creating folder'akash123': Value for one of the query parameters specified in the request URI is invalid.
RequestId:7ddbf659-301e-003a-342d-b136a5000000
Time:2024-05-28T18:34:12.3092551Z
ErrorCode:InvalidQueryParameterValue
queryparametername:snapshot
queryparametervalue:akash123
Content: <?xml version="1.0" encoding="utf-8"?>
<Error><Code>InvalidQueryParameterValue</Code><Message>Value for one of the query parameters specified in the request URI is invalid.
RequestId:7ddbf659-301e-003a-342d-b136a5000000
Time:2024-05-28T18:34:12.3092551Z</Message><QueryParameterName>snapshot</QueryParameterName><QueryParameterValue>akash123</QueryParameterValue></Error> 
2024-05-29 00:04:12,476 - INFO - Function update_bar_chart_from_blob successfully Return blob_list with flag 1
2024-05-29 00:04:12,476 - INFO - User akash123 logged in successfully with flag 1
2024-05-29 00:04:13,287 - INFO - Function update_bar_chart_from_blob successfully Return blob_list with flag 1
2024-05-29 00:04:15,162 - INFO - table_update route successfully send data with flag 1
2024-05-29 00:04:20,073 - INFO - table_update route successfully send data with flag 1
2024-05-29 00:04:25,089 - INFO - table_update route successfully send data with flag 1
2024-05-29 00:04:27,360 - INFO - Function update_bar_chart_from_blob successfully Return blob_list with flag 1
2024-05-29 00:04:27,949 - INFO - Function update_bar_chart_from_blob successfully Return blob_list with flag 1
2024-05-29 00:04:30,202 - INFO - table_update route successfully send data with flag 1
2024-05-29 00:04:35,079 - INFO - table_update route successfully send data with flag 1
2024-05-29 00:04:35,722 - INFO - Function update_bar_chart_from_blob successfully Return blob_list with flag 1
2024-05-29 00:04:36,310 - INFO - Function update_bar_chart_from_blob successfully Return blob_list with flag 1
2024-05-29 00:04:40,078 - INFO - table_update route successfully send data with flag 1
2024-05-29 00:04:45,146 - INFO - table_update route successfully send data with flag 1
2024-05-29 00:04:46,701 - INFO - Function update_bar_chart_from_blob successfully Return blob_list with flag 1
2024-05-29 00:04:47,343 - INFO - Function update_bar_chart_from_blob successfully Return blob_list with flag 1
2024-05-29 00:04:47,344 - INFO - Function update_when_file_delete Data Loaded Successfully with flag 1
2024-05-29 00:04:47,344 - INFO - Cogni_button route succeeded with flag 1
2024-05-29 00:04:50,122 - INFO - table_update route successfully send data with flag 1
2024-05-29 00:04:55,140 - INFO - table_update route successfully send data with flag 1
2024-05-29 00:05:00,193 - INFO - table_update route successfully send data with flag 1
2024-05-29 00:05:04,270 - INFO - Function update_bar_chart_from_blob successfully Return blob_list with flag 1
2024-05-29 00:05:05,125 - INFO - table_update route successfully send data with flag 1
