2024-05-29 00:00:24,340 - INFO - Function create_or_pass_folder error with flag 0 -- Function create_or_pass_folder error is::Value for one of the query parameters specified in the request URI is invalid.
RequestId:ad3495b0-801e-004e-1e2d-b1b0e3000000
Time:2024-05-28T18:30:24.7849335Z
ErrorCode:InvalidQueryParameterValue
queryparametername:snapshot
queryparametervalue:akash123
Content: <?xml version="1.0" encoding="utf-8"?>
<Error><Code>InvalidQueryParameterValue</Code><Message>Value for one of the query parameters specified in the request URI is invalid.
RequestId:ad3495b0-801e-004e-1e2d-b1b0e3000000
Time:2024-05-28T18:30:24.7849335Z</Message><QueryParameterName>snapshot</QueryParameterName><QueryParameterValue>akash123</QueryParameterValue></Error>
2024-05-29 00:00:24,340 - INFO - Function create_or_pass_folder Error creating folder'akash123': Value for one of the query parameters specified in the request URI is invalid.
RequestId:ad3495b0-801e-004e-1e2d-b1b0e3000000
Time:2024-05-28T18:30:24.7849335Z
ErrorCode:InvalidQueryParameterValue
queryparametername:snapshot
queryparametervalue:akash123
Content: <?xml version="1.0" encoding="utf-8"?>
<Error><Code>InvalidQueryParameterValue</Code><Message>Value for one of the query parameters specified in the request URI is invalid.
RequestId:ad3495b0-801e-004e-1e2d-b1b0e3000000
Time:2024-05-28T18:30:24.7849335Z</Message><QueryParameterName>snapshot</QueryParameterName><QueryParameterValue>akash123</QueryParameterValue></Error> 
2024-05-29 00:00:24,662 - INFO - Function update_bar_chart_from_blob successfully Return blob_list with flag 1
2024-05-29 00:00:24,662 - INFO - User akash123 logged in successfully with flag 1
2024-05-29 00:00:24,965 - INFO - Function update_bar_chart_from_blob successfully Return blob_list with flag 1
2024-05-29 00:00:25,576 - INFO - table_update route successfully send data with flag 1
2024-05-29 00:00:31,960 - INFO - table_update route successfully send data with flag 1
2024-05-29 00:00:35,616 - INFO - table_update route successfully send data with flag 1
2024-05-29 00:00:36,524 - INFO - Function update_when_file_delete error with flag 0 -- Function update_when_file_delete error is::Could not import faiss python package. Please install it with `pip install faiss-gpu` (for CUDA supported GPU) or `pip install faiss-cpu` (depending on Python version).
2024-05-29 00:00:36,525 - INFO - Cogni_button route succeeded with flag 1
2024-05-29 00:00:40,611 - INFO - table_update route successfully send data with flag 1
2024-05-29 00:00:45,617 - INFO - table_update route successfully send data with flag 1
2024-05-29 00:00:56,756 - INFO - Function update_bar_chart_from_blob successfully Return blob_list with flag 1
2024-05-29 00:00:58,584 - INFO - table_update route successfully send data with flag 1
2024-05-29 00:01:02,788 - INFO - Function update_when_file_delete error with flag 0 -- Function update_when_file_delete error is::Could not import faiss python package. Please install it with `pip install faiss-gpu` (for CUDA supported GPU) or `pip install faiss-cpu` (depending on Python version).
2024-05-29 00:01:02,789 - INFO - Cogni_button route succeeded with flag 1
2024-05-29 00:01:03,219 - INFO - table_update route successfully send data with flag 1
2024-05-29 00:01:08,218 - INFO - table_update route successfully send data with flag 1
2024-05-29 00:01:13,267 - INFO - table_update route successfully send data with flag 1
2024-05-29 00:01:18,215 - INFO - table_update route successfully send data with flag 1
2024-05-29 00:01:23,227 - INFO - table_update route successfully send data with flag 1
2024-05-29 00:01:28,275 - INFO - table_update route successfully send data with flag 1
2024-05-29 00:01:32,239 - INFO - Function update_bar_chart_from_blob successfully Return blob_list with flag 1
2024-05-29 00:01:32,909 - INFO - table_update route successfully send data with flag 1
2024-05-29 00:01:37,867 - INFO - table_update route successfully send data with flag 1
2024-05-29 00:01:38,650 - INFO - Function update_bar_chart_from_blob successfully Return blob_list with flag 1
2024-05-29 00:01:38,651 - INFO - delete for delete/<file_name> route deleted successfully with flag 1
2024-05-29 00:01:38,761 - INFO - Function update_when_file_delete error with flag 0 -- Function update_when_file_delete error is::Check the url of your file; returned status code 404
2024-05-29 00:01:38,982 - INFO - table_update route successfully send data with flag 1
2024-05-29 00:01:39,045 - INFO - Function update_bar_chart_from_blob successfully Return blob_list with flag 1
2024-05-29 00:01:39,045 - INFO - delete for delete/<file_name> route deleted successfully with flag 1
2024-05-29 00:01:39,336 - INFO - table_update route successfully send data with flag 1
2024-05-29 00:01:42,930 - INFO - table_update route successfully send data with flag 1
2024-05-29 00:01:48,197 - INFO - table_update route successfully send data with flag 1
2024-05-29 00:01:52,876 - INFO - table_update route successfully send data with flag 1
2024-05-29 00:01:57,984 - INFO - table_update route successfully send data with flag 1
2024-05-29 00:02:01,990 - INFO - Function upload_to_blob successfully created blob_client.url
2024-05-29 00:02:02,910 - INFO - table_update route successfully send data with flag 1
2024-05-29 00:02:03,948 - INFO - Function upload_to_blob successfully created blob_client.url
2024-05-29 00:02:04,236 - INFO - Function upload_to_blob successfully created blob_client.url
2024-05-29 00:02:04,786 - INFO - Function update_bar_chart_from_blob successfully Return blob_list with flag 1
2024-05-29 00:02:08,156 - INFO - table_update route successfully send data with flag 1
2024-05-29 00:02:13,217 - INFO - table_update route successfully send data with flag 1
2024-05-29 00:02:18,157 - INFO - table_update route successfully send data with flag 1
2024-05-29 00:02:23,145 - INFO - table_update route successfully send data with flag 1
2024-05-29 00:02:24,144 - INFO - Function update_when_file_delete error with flag 0 -- Function update_when_file_delete error is::Could not import faiss python package. Please install it with `pip install faiss-gpu` (for CUDA supported GPU) or `pip install faiss-cpu` (depending on Python version).
2024-05-29 00:02:24,145 - INFO - Cogni_button route succeeded with flag 1
2024-05-29 00:02:28,283 - INFO - table_update route successfully send data with flag 1
2024-05-29 00:02:33,143 - INFO - table_update route successfully send data with flag 1
2024-05-29 00:02:38,156 - INFO - table_update route successfully send data with flag 1
2024-05-29 00:02:38,405 - INFO - Function update_when_file_delete error with flag 0 -- Function update_when_file_delete error is::Could not import faiss python package. Please install it with `pip install faiss-gpu` (for CUDA supported GPU) or `pip install faiss-cpu` (depending on Python version).
2024-05-29 00:02:38,407 - INFO - Cogni_button route succeeded with flag 1
2024-05-29 00:02:43,192 - INFO - table_update route successfully send data with flag 1
2024-05-29 00:02:48,990 - INFO - table_update route successfully send data with flag 1
2024-05-29 00:02:53,766 - INFO - table_update route successfully send data with flag 1
