2024-05-29 00:08:01,618 - INFO - Function create_or_pass_folder error with flag 0 -- Function create_or_pass_folder error is::Value for one of the query parameters specified in the request URI is invalid.
RequestId:029c99ad-901e-005a-272e-b17387000000
Time:2024-05-28T18:38:02.0362816Z
ErrorCode:InvalidQueryParameterValue
queryparametername:snapshot
queryparametervalue:akash123
Content: <?xml version="1.0" encoding="utf-8"?>
<Error><Code>InvalidQueryParameterValue</Code><Message>Value for one of the query parameters specified in the request URI is invalid.
RequestId:029c99ad-901e-005a-272e-b17387000000
Time:2024-05-28T18:38:02.0362816Z</Message><QueryParameterName>snapshot</QueryParameterName><QueryParameterValue>akash123</QueryParameterValue></Error>
2024-05-29 00:08:01,619 - INFO - Function create_or_pass_folder Error creating folder'akash123': Value for one of the query parameters specified in the request URI is invalid.
RequestId:029c99ad-901e-005a-272e-b17387000000
Time:2024-05-28T18:38:02.0362816Z
ErrorCode:InvalidQueryParameterValue
queryparametername:snapshot
queryparametervalue:akash123
Content: <?xml version="1.0" encoding="utf-8"?>
<Error><Code>InvalidQueryParameterValue</Code><Message>Value for one of the query parameters specified in the request URI is invalid.
RequestId:029c99ad-901e-005a-272e-b17387000000
Time:2024-05-28T18:38:02.0362816Z</Message><QueryParameterName>snapshot</QueryParameterName><QueryParameterValue>akash123</QueryParameterValue></Error> 
2024-05-29 00:08:02,242 - INFO - Function update_bar_chart_from_blob successfully Return blob_list with flag 1
2024-05-29 00:08:02,242 - INFO - User akash123 logged in successfully with flag 1
2024-05-29 00:08:02,875 - INFO - Function update_bar_chart_from_blob successfully Return blob_list with flag 1
2024-05-29 00:08:03,922 - INFO - table_update route successfully send data with flag 1
2024-05-29 00:08:08,932 - INFO - table_update route successfully send data with flag 1
2024-05-29 00:08:13,972 - INFO - table_update route successfully send data with flag 1
2024-05-29 00:08:16,177 - INFO - Function update_bar_chart_from_blob successfully Return blob_list with flag 1
2024-05-29 00:08:16,802 - INFO - Function update_bar_chart_from_blob successfully Return blob_list with flag 1
2024-05-29 00:08:18,933 - INFO - table_update route successfully send data with flag 1
2024-05-29 00:08:22,602 - INFO - Function update_bar_chart_from_blob successfully Return blob_list with flag 1
2024-05-29 00:08:23,232 - INFO - Function update_bar_chart_from_blob successfully Return blob_list with flag 1
2024-05-29 00:08:23,914 - INFO - table_update route successfully send data with flag 1
2024-05-29 00:08:28,950 - INFO - table_update route successfully send data with flag 1
2024-05-29 00:08:29,932 - INFO - Function update_bar_chart_from_blob successfully Return blob_list with flag 1
2024-05-29 00:08:30,555 - INFO - Function update_bar_chart_from_blob successfully Return blob_list with flag 1
2024-05-29 00:08:30,556 - INFO - Function update_when_file_delete Data Loaded Successfully with flag 1
2024-05-29 00:08:30,557 - INFO - Cogni_button route succeeded with flag 1
2024-05-29 00:08:33,906 - INFO - table_update route successfully send data with flag 1
2024-05-29 00:08:38,923 - INFO - table_update route successfully send data with flag 1
2024-05-29 00:08:44,011 - INFO - table_update route successfully send data with flag 1
2024-05-29 00:08:48,917 - INFO - table_update route successfully send data with flag 1
2024-05-29 00:08:53,931 - INFO - table_update route successfully send data with flag 1
2024-05-29 00:08:58,991 - INFO - table_update route successfully send data with flag 1
2024-05-29 00:09:03,907 - INFO - table_update route successfully send data with flag 1
2024-05-29 00:09:08,929 - INFO - table_update route successfully send data with flag 1
2024-05-29 00:09:13,951 - INFO - table_update route successfully send data with flag 1
2024-05-29 00:09:18,920 - INFO - table_update route successfully send data with flag 1
2024-05-29 00:09:23,899 - INFO - table_update route successfully send data with flag 1
