2024-05-25 16:21:27,326 - INFO - Function create_or_pass_folder error with flag 0 -- Function create_or_pass_folder error is::Value for one of the query parameters specified in the request URI is invalid.
RequestId:37e90473-c01e-0060-1491-ae3024000000
Time:2024-05-25T10:51:26.9480408Z
ErrorCode:InvalidQueryParameterValue
queryparametername:snapshot
queryparametervalue:asif24
Content: <?xml version="1.0" encoding="utf-8"?>
<Error><Code>InvalidQueryParameterValue</Code><Message>Value for one of the query parameters specified in the request URI is invalid.
RequestId:37e90473-c01e-0060-1491-ae3024000000
Time:2024-05-25T10:51:26.9480408Z</Message><QueryParameterName>snapshot</QueryParameterName><QueryParameterValue>asif24</QueryParameterValue></Error>
2024-05-25 16:21:27,326 - INFO - Function create_or_pass_folder Error creating folder'asif24': Value for one of the query parameters specified in the request URI is invalid.
RequestId:37e90473-c01e-0060-1491-ae3024000000
Time:2024-05-25T10:51:26.9480408Z
ErrorCode:InvalidQueryParameterValue
queryparametername:snapshot
queryparametervalue:asif24
Content: <?xml version="1.0" encoding="utf-8"?>
<Error><Code>InvalidQueryParameterValue</Code><Message>Value for one of the query parameters specified in the request URI is invalid.
RequestId:37e90473-c01e-0060-1491-ae3024000000
Time:2024-05-25T10:51:26.9480408Z</Message><QueryParameterName>snapshot</QueryParameterName><QueryParameterValue>asif24</QueryParameterValue></Error> 
2024-05-25 16:21:27,927 - INFO - Function update_bar_chart_from_blob successfully Return blob_list with flag 1
2024-05-25 16:21:27,927 - INFO - User asif24 logged in successfully with flag 1
2024-05-25 16:21:28,540 - INFO - Function update_bar_chart_from_blob successfully Return blob_list with flag 1
2024-05-25 16:21:30,949 - INFO - table_update route successfully send data with flag 1
2024-05-25 16:21:35,920 - INFO - table_update route successfully send data with flag 1
2024-05-25 16:21:40,941 - INFO - table_update route successfully send data with flag 1
2024-05-25 16:21:44,209 - INFO - Function update_bar_chart_from_blob successfully Return blob_list with flag 1
2024-05-25 16:21:45,973 - INFO - table_update route successfully send data with flag 1
2024-05-25 16:21:51,305 - INFO - Function update_bar_chart_from_blob successfully Return blob_list with flag 1
2024-05-25 16:21:51,814 - INFO - table_update route successfully send data with flag 1
2024-05-25 16:21:55,938 - INFO - table_update route successfully send data with flag 1
2024-05-25 16:21:56,421 - INFO - Function update_bar_chart_from_blob successfully Return blob_list with flag 1
2024-05-25 16:22:01,222 - INFO - table_update route successfully send data with flag 1
2024-05-25 16:22:06,101 - INFO - table_update route successfully send data with flag 1
2024-05-25 16:22:11,131 - INFO - table_update route successfully send data with flag 1
2024-05-25 16:22:11,898 - INFO - Function update_bar_chart_from_blob successfully Return blob_list with flag 1
2024-05-25 16:22:16,146 - INFO - table_update route successfully send data with flag 1
2024-05-25 16:22:20,279 - INFO - Function update_bar_chart_from_blob successfully Return blob_list with flag 1
2024-05-25 16:22:20,279 - INFO - Function update_when_file_delete Data Loaded Successfully with flag 1
2024-05-25 16:22:20,279 - INFO - Cogni_button route succeeded with flag 1
2024-05-25 16:22:20,930 - INFO - table_update route successfully send data with flag 1
2024-05-25 16:22:25,900 - INFO - table_update route successfully send data with flag 1
2024-05-25 16:22:30,916 - INFO - table_update route successfully send data with flag 1
2024-05-25 16:22:35,899 - INFO - table_update route successfully send data with flag 1
2024-05-25 16:22:40,905 - INFO - table_update route successfully send data with flag 1
2024-05-25 16:22:45,919 - INFO - table_update route successfully send data with flag 1
2024-05-25 16:22:50,898 - INFO - table_update route successfully send data with flag 1
2024-05-25 16:22:55,928 - INFO - table_update route successfully send data with flag 1
2024-05-25 16:23:00,944 - INFO - table_update route successfully send data with flag 1
2024-05-25 16:23:05,905 - INFO - table_update route successfully send data with flag 1
2024-05-25 16:23:10,917 - INFO - table_update route successfully send data with flag 1
2024-05-25 16:23:14,744 - INFO - Function update_bar_chart_from_blob successfully Return blob_list with flag 1
2024-05-25 16:23:15,925 - INFO - table_update route successfully send data with flag 1
2024-05-25 16:23:18,811 - INFO - Function update_bar_chart_from_blob successfully Return blob_list with flag 1
2024-05-25 16:23:20,889 - INFO - table_update route successfully send data with flag 1
2024-05-25 16:23:25,922 - INFO - table_update route successfully send data with flag 1
2024-05-25 16:23:29,189 - INFO - Function update_bar_chart_from_blob successfully Return blob_list with flag 1
2024-05-25 16:23:30,921 - INFO - table_update route successfully send data with flag 1
2024-05-25 16:23:35,920 - INFO - table_update route successfully send data with flag 1
2024-05-25 16:23:37,253 - INFO - Function update_bar_chart_from_blob successfully Return blob_list with flag 1
2024-05-25 16:23:37,253 - INFO - Function update_when_file_delete Data Loaded Successfully with flag 1
2024-05-25 16:23:37,786 - INFO - Function update_bar_chart_from_blob successfully Return blob_list with flag 1
2024-05-25 16:23:37,786 - INFO - delete for delete/<file_name> route deleted successfully with flag 1
2024-05-25 16:23:38,378 - INFO - table_update route successfully send data with flag 1
2024-05-25 16:23:40,914 - INFO - table_update route successfully send data with flag 1
2024-05-25 16:23:45,917 - INFO - table_update route successfully send data with flag 1
2024-05-25 16:23:50,585 - INFO - Route download_progress success
2024-05-25 16:23:50,922 - INFO - table_update route successfully send data with flag 1
2024-05-25 16:23:55,913 - INFO - table_update route successfully send data with flag 1
2024-05-25 16:23:59,131 - INFO - table_update route successfully send data with flag 1
2024-05-25 16:24:01,338 - INFO - Route download_progress success
2024-05-25 16:24:01,928 - INFO - table_update route successfully send data with flag 1
2024-05-25 16:24:03,594 - INFO - table_update route successfully send data with flag 1
2024-05-25 16:24:05,925 - INFO - table_update route successfully send data with flag 1
2024-05-25 16:24:07,480 - INFO - table_update route successfully send data with flag 1
2024-05-25 16:24:07,720 - INFO - Route download_progress success
2024-05-25 16:24:11,407 - INFO - table_update route successfully send data with flag 1
2024-05-25 16:24:14,447 - INFO - Route download_progress success
2024-05-25 16:24:19,617 - INFO - table_update route successfully send data with flag 1
2024-05-25 16:24:24,090 - INFO - table_update route successfully send data with flag 1
2024-05-25 16:24:26,394 - INFO - table_update route successfully send data with flag 1
2024-05-25 16:24:26,995 - INFO - Route download_progress success
2024-05-25 16:24:26,995 - INFO - webcrawler route successfull with flag 1
2024-05-25 16:24:30,943 - INFO - table_update route successfully send data with flag 1
2024-05-25 16:24:37,215 - INFO - table_update route successfully send data with flag 1
2024-05-25 16:24:37,777 - INFO - table_update route successfully send data with flag 1
2024-05-25 16:24:41,419 - INFO - table_update route successfully send data with flag 1
2024-05-25 16:24:42,307 - INFO - table_update route successfully send data with flag 1
2024-05-25 16:24:44,880 - INFO - Function delete_file success with flag 1
2024-05-25 16:24:44,880 - INFO - Function delete_file success with flag 1
2024-05-25 16:24:44,887 - INFO - Function delete_file success with flag 1
2024-05-25 16:24:44,906 - INFO - Function delete_file success with flag 1
2024-05-25 16:24:45,895 - INFO - Function delete_file success with flag 1
2024-05-25 16:24:46,407 - INFO - table_update route successfully send data with flag 1
2024-05-25 16:24:50,932 - INFO - table_update route successfully send data with flag 1
2024-05-25 16:24:59,131 - INFO - table_update route successfully send data with flag 1
2024-05-25 16:25:00,930 - INFO - table_update route successfully send data with flag 1
