2024-05-25 23:16:57,342 - INFO - Function create_or_pass_folder error with flag 0 -- Function create_or_pass_folder error is::Value for one of the query parameters specified in the request URI is invalid.
RequestId:2bfa9ece-701e-0079-6ccb-ae1c4c000000
Time:2024-05-25T17:46:57.6709484Z
ErrorCode:InvalidQueryParameterValue
queryparametername:snapshot
queryparametervalue:asif24
Content: <?xml version="1.0" encoding="utf-8"?>
<Error><Code>InvalidQueryParameterValue</Code><Message>Value for one of the query parameters specified in the request URI is invalid.
RequestId:2bfa9ece-701e-0079-6ccb-ae1c4c000000
Time:2024-05-25T17:46:57.6709484Z</Message><QueryParameterName>snapshot</QueryParameterName><QueryParameterValue>asif24</QueryParameterValue></Error>
2024-05-25 23:16:57,346 - INFO - Function create_or_pass_folder Error creating folder'asif24': Value for one of the query parameters specified in the request URI is invalid.
RequestId:2bfa9ece-701e-0079-6ccb-ae1c4c000000
Time:2024-05-25T17:46:57.6709484Z
ErrorCode:InvalidQueryParameterValue
queryparametername:snapshot
queryparametervalue:asif24
Content: <?xml version="1.0" encoding="utf-8"?>
<Error><Code>InvalidQueryParameterValue</Code><Message>Value for one of the query parameters specified in the request URI is invalid.
RequestId:2bfa9ece-701e-0079-6ccb-ae1c4c000000
Time:2024-05-25T17:46:57.6709484Z</Message><QueryParameterName>snapshot</QueryParameterName><QueryParameterValue>asif24</QueryParameterValue></Error> 
2024-05-25 23:16:58,071 - INFO - Function update_bar_chart_from_blob successfully Return blob_list with flag 1
2024-05-25 23:16:58,071 - INFO - User asif24 logged in successfully with flag 1
2024-05-25 23:16:58,675 - INFO - Function update_bar_chart_from_blob successfully Return blob_list with flag 1
2024-05-25 23:17:01,192 - INFO - table_update route successfully send data with flag 1
2024-05-25 23:17:05,693 - INFO - table_update route successfully send data with flag 1
2024-05-25 23:17:08,424 - INFO - SocketIO Eda_Process File name received
2024-05-25 23:17:12,879 - INFO - SocketIO Eda_Process Data Loaded Successfully.
2024-05-25 23:17:17,918 - INFO - SocketIO Eda_Process Question received.
2024-05-25 23:17:25,640 - INFO - SocketIO Eda_Process output received.
2024-05-25 23:17:40,131 - INFO - SocketIO Eda_Process Question received.
2024-05-25 23:17:50,217 - INFO - SocketIO Eda_Process output received.
