2024-05-25 23:03:51,677 - INFO - Function create_or_pass_folder error with flag 0 -- Function create_or_pass_folder error is::Value for one of the query parameters specified in the request URI is invalid.
RequestId:c900ce4b-101e-000f-32c9-ae98f0000000
Time:2024-05-25T17:33:51.9861501Z
ErrorCode:InvalidQueryParameterValue
queryparametername:snapshot
queryparametervalue:asif24
Content: <?xml version="1.0" encoding="utf-8"?>
<Error><Code>InvalidQueryParameterValue</Code><Message>Value for one of the query parameters specified in the request URI is invalid.
RequestId:c900ce4b-101e-000f-32c9-ae98f0000000
Time:2024-05-25T17:33:51.9861501Z</Message><QueryParameterName>snapshot</QueryParameterName><QueryParameterValue>asif24</QueryParameterValue></Error>
2024-05-25 23:03:51,677 - INFO - Function create_or_pass_folder Error creating folder'asif24': Value for one of the query parameters specified in the request URI is invalid.
RequestId:c900ce4b-101e-000f-32c9-ae98f0000000
Time:2024-05-25T17:33:51.9861501Z
ErrorCode:InvalidQueryParameterValue
queryparametername:snapshot
queryparametervalue:asif24
Content: <?xml version="1.0" encoding="utf-8"?>
<Error><Code>InvalidQueryParameterValue</Code><Message>Value for one of the query parameters specified in the request URI is invalid.
RequestId:c900ce4b-101e-000f-32c9-ae98f0000000
Time:2024-05-25T17:33:51.9861501Z</Message><QueryParameterName>snapshot</QueryParameterName><QueryParameterValue>asif24</QueryParameterValue></Error> 
2024-05-25 23:03:52,213 - INFO - Function update_bar_chart_from_blob successfully Return blob_list with flag 1
2024-05-25 23:03:52,213 - INFO - User asif24 logged in successfully with flag 1
2024-05-25 23:03:52,823 - INFO - Function update_bar_chart_from_blob successfully Return blob_list with flag 1
2024-05-25 23:03:54,375 - INFO - table_update route successfully send data with flag 1
2024-05-25 23:03:57,491 - INFO - table_update route successfully send data with flag 1
2024-05-25 23:03:59,048 - INFO - SocketIO Eda_Process File name received
2024-05-25 23:04:00,089 - INFO - SocketIO Eda_Process Data Loaded Successfully.
2024-05-25 23:04:03,303 - INFO - table_update route successfully send data with flag 1
2024-05-25 23:04:05,630 - INFO - SocketIO Eda_Process Question received.
2024-05-25 23:04:19,441 - INFO - SocketIO Eda_Process output received.
2024-05-25 23:04:45,283 - INFO - SocketIO Eda_Process Question received.
2024-05-25 23:04:58,933 - INFO - SocketIO Eda_Process output received.
2024-05-25 23:05:21,356 - INFO - Function update_bar_chart_from_blob successfully Return blob_list with flag 1
2024-05-25 23:05:23,171 - INFO - table_update route successfully send data with flag 1
2024-05-25 23:05:28,092 - INFO - table_update route successfully send data with flag 1
2024-05-25 23:05:33,095 - INFO - table_update route successfully send data with flag 1
2024-05-25 23:05:38,094 - INFO - table_update route successfully send data with flag 1
2024-05-25 23:05:44,153 - INFO - table_update route successfully send data with flag 1
2024-05-25 23:05:48,068 - INFO - table_update route successfully send data with flag 1
2024-05-25 23:05:51,134 - INFO - Function upload_to_blob successfully created blob_client.url
2024-05-25 23:05:51,134 - INFO - User documents uploded successfully.
2024-05-25 23:05:51,683 - INFO - Function update_bar_chart_from_blob successfully Return blob_list with flag 1
2024-05-25 23:05:51,683 - INFO - Popup_form route succeeded with flag 1
2024-05-25 23:05:53,117 - INFO - table_update route successfully send data with flag 1
2024-05-25 23:05:58,131 - INFO - table_update route successfully send data with flag 1
2024-05-25 23:06:09,446 - INFO - table_update route successfully send data with flag 1
2024-05-25 23:06:13,581 - INFO - SocketIO Eda_Process File name received
2024-05-25 23:06:22,031 - INFO - SocketIO Eda_Process Data Loaded Successfully.
2024-05-25 23:06:25,245 - INFO - SocketIO Eda_Process Question received.
2024-05-25 23:06:30,970 - INFO - SocketIO Eda_Process output received.
2024-05-25 23:06:44,379 - INFO - SocketIO Eda_Process Question received.
2024-05-25 23:06:55,361 - INFO - SocketIO Eda_Process output received.
2024-05-25 23:11:08,699 - INFO - SocketIO Eda_Process Question received.
2024-05-25 23:11:14,588 - INFO - SocketIO Eda_Process output received.
2024-05-25 23:11:40,590 - INFO - SocketIO Eda_Process Question received.
2024-05-25 23:11:49,383 - INFO - SocketIO Eda_Process output received.
