2024-05-25 22:42:22,368 - INFO - Function create_or_pass_folder error with flag 0 -- Function create_or_pass_folder error is::Value for one of the query parameters specified in the request URI is invalid.
RequestId:1631c948-901e-005a-28c6-ae7387000000
Time:2024-05-25T17:12:22.6751657Z
ErrorCode:InvalidQueryParameterValue
queryparametername:snapshot
queryparametervalue:asif24
Content: <?xml version="1.0" encoding="utf-8"?>
<Error><Code>InvalidQueryParameterValue</Code><Message>Value for one of the query parameters specified in the request URI is invalid.
RequestId:1631c948-901e-005a-28c6-ae7387000000
Time:2024-05-25T17:12:22.6751657Z</Message><QueryParameterName>snapshot</QueryParameterName><QueryParameterValue>asif24</QueryParameterValue></Error>
2024-05-25 22:42:22,368 - INFO - Function create_or_pass_folder Error creating folder'asif24': Value for one of the query parameters specified in the request URI is invalid.
RequestId:1631c948-901e-005a-28c6-ae7387000000
Time:2024-05-25T17:12:22.6751657Z
ErrorCode:InvalidQueryParameterValue
queryparametername:snapshot
queryparametervalue:asif24
Content: <?xml version="1.0" encoding="utf-8"?>
<Error><Code>InvalidQueryParameterValue</Code><Message>Value for one of the query parameters specified in the request URI is invalid.
RequestId:1631c948-901e-005a-28c6-ae7387000000
Time:2024-05-25T17:12:22.6751657Z</Message><QueryParameterName>snapshot</QueryParameterName><QueryParameterValue>asif24</QueryParameterValue></Error> 
2024-05-25 22:42:22,917 - INFO - Function update_bar_chart_from_blob successfully Return blob_list with flag 1
2024-05-25 22:42:22,917 - INFO - User asif24 logged in successfully with flag 1
2024-05-25 22:42:23,554 - INFO - Function update_bar_chart_from_blob successfully Return blob_list with flag 1
2024-05-25 22:42:30,029 - INFO - SocketIO table_update event successfully sent data with flag 1
