2024-05-23 15:58:24,946 - INFO - Function create_or_pass_folder error with flag 0 -- Function create_or_pass_folder error is::Value for one of the query parameters specified in the request URI is invalid.
RequestId:f7d3fa19-f01e-0041-09fb-ac5d15000000
Time:2024-05-23T10:28:25.5615357Z
ErrorCode:InvalidQueryParameterValue
queryparametername:snapshot
queryparametervalue:san123
Content: <?xml version="1.0" encoding="utf-8"?>
<Error><Code>InvalidQueryParameterValue</Code><Message>Value for one of the query parameters specified in the request URI is invalid.
RequestId:f7d3fa19-f01e-0041-09fb-ac5d15000000
Time:2024-05-23T10:28:25.5615357Z</Message><QueryParameterName>snapshot</QueryParameterName><QueryParameterValue>san123</QueryParameterValue></Error>
2024-05-23 15:58:24,946 - INFO - Function create_or_pass_folder Error creating folder'san123': Value for one of the query parameters specified in the request URI is invalid.
RequestId:f7d3fa19-f01e-0041-09fb-ac5d15000000
Time:2024-05-23T10:28:25.5615357Z
ErrorCode:InvalidQueryParameterValue
queryparametername:snapshot
queryparametervalue:san123
Content: <?xml version="1.0" encoding="utf-8"?>
<Error><Code>InvalidQueryParameterValue</Code><Message>Value for one of the query parameters specified in the request URI is invalid.
RequestId:f7d3fa19-f01e-0041-09fb-ac5d15000000
Time:2024-05-23T10:28:25.5615357Z</Message><QueryParameterName>snapshot</QueryParameterName><QueryParameterValue>san123</QueryParameterValue></Error> 
2024-05-23 15:58:25,553 - INFO - Function update_bar_chart_from_blob successfully Return blob_list with flag 1
2024-05-23 15:58:25,554 - INFO - User san123 logged in successfully with flag 1
2024-05-23 15:58:27,093 - INFO - Function update_bar_chart_from_blob successfully Return blob_list with flag 1
2024-05-23 15:58:28,734 - INFO - Function update_bar_chart_from_blob successfully Return blob_list with flag 1
2024-05-23 15:58:29,969 - INFO - table_update route successfully send data with flag 1
2024-05-23 15:58:30,362 - INFO - Route download_progress success
2024-05-23 15:58:31,459 - INFO - Route download_progress success
