2024-05-23 15:33:30,797 - INFO - Function create_or_pass_folder error with flag 0 -- Function create_or_pass_folder error is::Value for one of the query parameters specified in the request URI is invalid.
RequestId:82d8c2ff-001e-0010-7df8-ac43e0000000
Time:2024-05-23T10:03:31.4052486Z
ErrorCode:InvalidQueryParameterValue
queryparametername:snapshot
queryparametervalue:san123
Content: <?xml version="1.0" encoding="utf-8"?>
<Error><Code>InvalidQueryParameterValue</Code><Message>Value for one of the query parameters specified in the request URI is invalid.
RequestId:82d8c2ff-001e-0010-7df8-ac43e0000000
Time:2024-05-23T10:03:31.4052486Z</Message><QueryParameterName>snapshot</QueryParameterName><QueryParameterValue>san123</QueryParameterValue></Error>
2024-05-23 15:33:30,798 - INFO - Function create_or_pass_folder Error creating folder'san123': Value for one of the query parameters specified in the request URI is invalid.
RequestId:82d8c2ff-001e-0010-7df8-ac43e0000000
Time:2024-05-23T10:03:31.4052486Z
ErrorCode:InvalidQueryParameterValue
queryparametername:snapshot
queryparametervalue:san123
Content: <?xml version="1.0" encoding="utf-8"?>
<Error><Code>InvalidQueryParameterValue</Code><Message>Value for one of the query parameters specified in the request URI is invalid.
RequestId:82d8c2ff-001e-0010-7df8-ac43e0000000
Time:2024-05-23T10:03:31.4052486Z</Message><QueryParameterName>snapshot</QueryParameterName><QueryParameterValue>san123</QueryParameterValue></Error> 
2024-05-23 15:33:31,459 - INFO - Function update_bar_chart_from_blob successfully Return blob_list with flag 1
2024-05-23 15:33:31,459 - INFO - User san123 logged in successfully with flag 1
