2024-05-23 15:37:59,915 - INFO - Function create_or_pass_folder error with flag 0 -- Function create_or_pass_folder error is::Value for one of the query parameters specified in the request URI is invalid.
RequestId:8d77f22f-501e-0021-44f9-ac1837000000
Time:2024-05-23T10:08:00.5244511Z
ErrorCode:InvalidQueryParameterValue
queryparametername:snapshot
queryparametervalue:san123
Content: <?xml version="1.0" encoding="utf-8"?>
<Error><Code>InvalidQueryParameterValue</Code><Message>Value for one of the query parameters specified in the request URI is invalid.
RequestId:8d77f22f-501e-0021-44f9-ac1837000000
Time:2024-05-23T10:08:00.5244511Z</Message><QueryParameterName>snapshot</QueryParameterName><QueryParameterValue>san123</QueryParameterValue></Error>
2024-05-23 15:37:59,916 - INFO - Function create_or_pass_folder Error creating folder'san123': Value for one of the query parameters specified in the request URI is invalid.
RequestId:8d77f22f-501e-0021-44f9-ac1837000000
Time:2024-05-23T10:08:00.5244511Z
ErrorCode:InvalidQueryParameterValue
queryparametername:snapshot
queryparametervalue:san123
Content: <?xml version="1.0" encoding="utf-8"?>
<Error><Code>InvalidQueryParameterValue</Code><Message>Value for one of the query parameters specified in the request URI is invalid.
RequestId:8d77f22f-501e-0021-44f9-ac1837000000
Time:2024-05-23T10:08:00.5244511Z</Message><QueryParameterName>snapshot</QueryParameterName><QueryParameterValue>san123</QueryParameterValue></Error> 
2024-05-23 15:38:00,532 - INFO - Function update_bar_chart_from_blob successfully Return blob_list with flag 1
2024-05-23 15:38:00,532 - INFO - User san123 logged in successfully with flag 1
2024-05-23 15:38:01,241 - INFO - Function update_bar_chart_from_blob successfully Return blob_list with flag 1
2024-05-23 15:38:04,481 - INFO - Route download_progress success
2024-05-23 15:38:04,956 - INFO - table_update route successfully send data with flag 1
2024-05-23 15:38:05,333 - INFO - Route download_progress success
2024-05-23 15:38:06,144 - INFO - Route download_progress success
