2024-05-23 17:17:57,725 - INFO - Function create_or_pass_folder error with flag 0 -- Function create_or_pass_folder error is::Value for one of the query parameters specified in the request URI is invalid.
RequestId:485d1b99-201e-006a-2407-ad29ad000000
Time:2024-05-23T11:47:58.3386750Z
ErrorCode:InvalidQueryParameterValue
queryparametername:snapshot
queryparametervalue:san123
Content: <?xml version="1.0" encoding="utf-8"?>
<Error><Code>InvalidQueryParameterValue</Code><Message>Value for one of the query parameters specified in the request URI is invalid.
RequestId:485d1b99-201e-006a-2407-ad29ad000000
Time:2024-05-23T11:47:58.3386750Z</Message><QueryParameterName>snapshot</QueryParameterName><QueryParameterValue>san123</QueryParameterValue></Error>
2024-05-23 17:17:57,725 - INFO - Function create_or_pass_folder Error creating folder'san123': Value for one of the query parameters specified in the request URI is invalid.
RequestId:485d1b99-201e-006a-2407-ad29ad000000
Time:2024-05-23T11:47:58.3386750Z
ErrorCode:InvalidQueryParameterValue
queryparametername:snapshot
queryparametervalue:san123
Content: <?xml version="1.0" encoding="utf-8"?>
<Error><Code>InvalidQueryParameterValue</Code><Message>Value for one of the query parameters specified in the request URI is invalid.
RequestId:485d1b99-201e-006a-2407-ad29ad000000
Time:2024-05-23T11:47:58.3386750Z</Message><QueryParameterName>snapshot</QueryParameterName><QueryParameterValue>san123</QueryParameterValue></Error> 
2024-05-23 17:17:58,339 - INFO - Function update_bar_chart_from_blob successfully Return blob_list with flag 1
2024-05-23 17:17:58,340 - INFO - User san123 logged in successfully with flag 1
