2024-05-23 18:22:53,418 - INFO - Function create_or_pass_folder error with flag 0 -- Function create_or_pass_folder error is::Value for one of the query parameters specified in the request URI is invalid.
RequestId:8c4c5651-101e-0026-4610-adeeb2000000
Time:2024-05-23T12:52:54.0876707Z
ErrorCode:InvalidQueryParameterValue
queryparametername:snapshot
queryparametervalue:san123
Content: <?xml version="1.0" encoding="utf-8"?>
<Error><Code>InvalidQueryParameterValue</Code><Message>Value for one of the query parameters specified in the request URI is invalid.
RequestId:8c4c5651-101e-0026-4610-adeeb2000000
Time:2024-05-23T12:52:54.0876707Z</Message><QueryParameterName>snapshot</QueryParameterName><QueryParameterValue>san123</QueryParameterValue></Error>
2024-05-23 18:22:53,419 - INFO - Function create_or_pass_folder Error creating folder'san123': Value for one of the query parameters specified in the request URI is invalid.
RequestId:8c4c5651-101e-0026-4610-adeeb2000000
Time:2024-05-23T12:52:54.0876707Z
ErrorCode:InvalidQueryParameterValue
queryparametername:snapshot
queryparametervalue:san123
Content: <?xml version="1.0" encoding="utf-8"?>
<Error><Code>InvalidQueryParameterValue</Code><Message>Value for one of the query parameters specified in the request URI is invalid.
RequestId:8c4c5651-101e-0026-4610-adeeb2000000
Time:2024-05-23T12:52:54.0876707Z</Message><QueryParameterName>snapshot</QueryParameterName><QueryParameterValue>san123</QueryParameterValue></Error> 
2024-05-23 18:22:54,072 - INFO - Function update_bar_chart_from_blob successfully Return blob_list with flag 1
2024-05-23 18:22:54,076 - INFO - User san123 logged in successfully with flag 1
