2024-05-23 13:27:37,322 - INFO - Function create_or_pass_folder error with flag 0 -- Function create_or_pass_folder error is::Value for one of the query parameters specified in the request URI is invalid.
RequestId:5606afdb-401e-0058-2ce6-ac717d000000
Time:2024-05-23T07:57:37.9126632Z
ErrorCode:InvalidQueryParameterValue
queryparametername:snapshot
queryparametervalue:san123
Content: <?xml version="1.0" encoding="utf-8"?>
<Error><Code>InvalidQueryParameterValue</Code><Message>Value for one of the query parameters specified in the request URI is invalid.
RequestId:5606afdb-401e-0058-2ce6-ac717d000000
Time:2024-05-23T07:57:37.9126632Z</Message><QueryParameterName>snapshot</QueryParameterName><QueryParameterValue>san123</QueryParameterValue></Error>
2024-05-23 13:27:37,323 - INFO - Function create_or_pass_folder Error creating folder'san123': Value for one of the query parameters specified in the request URI is invalid.
RequestId:5606afdb-401e-0058-2ce6-ac717d000000
Time:2024-05-23T07:57:37.9126632Z
ErrorCode:InvalidQueryParameterValue
queryparametername:snapshot
queryparametervalue:san123
Content: <?xml version="1.0" encoding="utf-8"?>
<Error><Code>InvalidQueryParameterValue</Code><Message>Value for one of the query parameters specified in the request URI is invalid.
RequestId:5606afdb-401e-0058-2ce6-ac717d000000
Time:2024-05-23T07:57:37.9126632Z</Message><QueryParameterName>snapshot</QueryParameterName><QueryParameterValue>san123</QueryParameterValue></Error> 
2024-05-23 13:27:37,945 - INFO - Function update_bar_chart_from_blob successfully Return blob_list with flag 1
2024-05-23 13:27:37,945 - INFO - User san123 logged in successfully with flag 1
2024-05-23 13:27:39,688 - INFO - Function update_bar_chart_from_blob successfully Return blob_list with flag 1
2024-05-23 13:27:43,274 - INFO - Function update_bar_chart_from_blob successfully Return blob_list with flag 1
2024-05-23 13:27:47,074 - INFO - Route download_progress success
2024-05-23 13:27:47,154 - INFO - table_update route successfully send data with flag 1
