2024-05-23 18:36:41,830 - INFO - Function create_or_pass_folder error with flag 0 -- Function create_or_pass_folder error is::Value for one of the query parameters specified in the request URI is invalid.
RequestId:01580686-601e-0029-1312-ad0344000000
Time:2024-05-23T13:06:42.2899240Z
ErrorCode:InvalidQueryParameterValue
queryparametername:snapshot
queryparametervalue:san123
Content: <?xml version="1.0" encoding="utf-8"?>
<Error><Code>InvalidQueryParameterValue</Code><Message>Value for one of the query parameters specified in the request URI is invalid.
RequestId:01580686-601e-0029-1312-ad0344000000
Time:2024-05-23T13:06:42.2899240Z</Message><QueryParameterName>snapshot</QueryParameterName><QueryParameterValue>san123</QueryParameterValue></Error>
2024-05-23 18:36:41,830 - INFO - Function create_or_pass_folder Error creating folder'san123': Value for one of the query parameters specified in the request URI is invalid.
RequestId:01580686-601e-0029-1312-ad0344000000
Time:2024-05-23T13:06:42.2899240Z
ErrorCode:InvalidQueryParameterValue
queryparametername:snapshot
queryparametervalue:san123
Content: <?xml version="1.0" encoding="utf-8"?>
<Error><Code>InvalidQueryParameterValue</Code><Message>Value for one of the query parameters specified in the request URI is invalid.
RequestId:01580686-601e-0029-1312-ad0344000000
Time:2024-05-23T13:06:42.2899240Z</Message><QueryParameterName>snapshot</QueryParameterName><QueryParameterValue>san123</QueryParameterValue></Error> 
2024-05-23 18:36:42,629 - INFO - Function update_bar_chart_from_blob successfully Return blob_list with flag 1
2024-05-23 18:36:42,633 - INFO - User san123 logged in successfully with flag 1
