2024-05-23 19:27:54,484 - INFO - Function create_or_pass_folder error with flag 0 -- Function create_or_pass_folder error is::Value for one of the query parameters specified in the request URI is invalid.
RequestId:902799cb-f01e-0005-0319-ad8179000000
Time:2024-05-23T13:57:55.0589236Z
ErrorCode:InvalidQueryParameterValue
queryparametername:snapshot
queryparametervalue:san123
Content: <?xml version="1.0" encoding="utf-8"?>
<Error><Code>InvalidQueryParameterValue</Code><Message>Value for one of the query parameters specified in the request URI is invalid.
RequestId:902799cb-f01e-0005-0319-ad8179000000
Time:2024-05-23T13:57:55.0589236Z</Message><QueryParameterName>snapshot</QueryParameterName><QueryParameterValue>san123</QueryParameterValue></Error>
2024-05-23 19:27:54,486 - INFO - Function create_or_pass_folder Error creating folder'san123': Value for one of the query parameters specified in the request URI is invalid.
RequestId:902799cb-f01e-0005-0319-ad8179000000
Time:2024-05-23T13:57:55.0589236Z
ErrorCode:InvalidQueryParameterValue
queryparametername:snapshot
queryparametervalue:san123
Content: <?xml version="1.0" encoding="utf-8"?>
<Error><Code>InvalidQueryParameterValue</Code><Message>Value for one of the query parameters specified in the request URI is invalid.
RequestId:902799cb-f01e-0005-0319-ad8179000000
Time:2024-05-23T13:57:55.0589236Z</Message><QueryParameterName>snapshot</QueryParameterName><QueryParameterValue>san123</QueryParameterValue></Error> 
2024-05-23 19:27:54,873 - INFO - Function update_bar_chart_from_blob successfully Return blob_list with flag 1
2024-05-23 19:27:54,874 - INFO - User san123 logged in successfully with flag 1
2024-05-23 19:27:55,271 - INFO - Function update_bar_chart_from_blob successfully Return blob_list with flag 1
2024-05-23 19:27:56,434 - INFO - table_update route successfully send data with flag 1
2024-05-23 19:27:56,999 - INFO - Route download_progress success
2024-05-23 19:27:57,972 - INFO - Route download_progress success
2024-05-23 19:27:59,017 - INFO - Route download_progress success
2024-05-23 19:28:00,270 - INFO - Route download_progress success
2024-05-23 19:28:01,062 - INFO - Route download_progress success
2024-05-23 19:28:01,554 - INFO - table_update route successfully send data with flag 1
2024-05-23 19:28:02,084 - INFO - Route download_progress success
2024-05-23 19:28:03,065 - INFO - Route download_progress success
2024-05-23 19:28:04,243 - INFO - Route download_progress success
2024-05-23 19:28:05,058 - INFO - Route download_progress success
2024-05-23 19:28:08,592 - INFO - Route download_progress success
2024-05-23 19:28:08,926 - INFO - table_update route successfully send data with flag 1
2024-05-23 19:28:09,059 - INFO - Route download_progress success
2024-05-23 19:28:10,094 - INFO - Route download_progress success
2024-05-23 19:28:11,065 - INFO - Route download_progress success
2024-05-23 19:28:11,337 - INFO - table_update route successfully send data with flag 1
2024-05-23 19:28:12,108 - INFO - Route download_progress success
2024-05-23 19:28:13,093 - INFO - Route download_progress success
2024-05-23 19:28:14,071 - INFO - Route download_progress success
2024-05-23 19:28:15,073 - INFO - Route download_progress success
2024-05-23 19:28:16,111 - INFO - Route download_progress success
2024-05-23 19:28:16,512 - INFO - table_update route successfully send data with flag 1
2024-05-23 19:28:17,069 - INFO - Route download_progress success
2024-05-23 19:28:18,103 - INFO - Route download_progress success
2024-05-23 19:28:19,551 - INFO - Route download_progress success
2024-05-23 19:28:20,146 - INFO - Route download_progress success
2024-05-23 19:28:21,067 - INFO - Route download_progress success
2024-05-23 19:28:21,423 - INFO - table_update route successfully send data with flag 1
2024-05-23 19:28:22,076 - INFO - Route download_progress success
2024-05-23 19:28:23,074 - INFO - Route download_progress success
2024-05-23 19:28:24,069 - INFO - Route download_progress success
2024-05-23 19:28:25,083 - INFO - Route download_progress success
2024-05-23 19:28:26,136 - INFO - Route download_progress success
2024-05-23 19:28:26,513 - INFO - table_update route successfully send data with flag 1
2024-05-23 19:28:27,066 - INFO - Route download_progress success
2024-05-23 19:28:28,082 - INFO - Route download_progress success
2024-05-23 19:28:29,067 - INFO - Route download_progress success
2024-05-23 19:28:30,266 - INFO - Route download_progress success
2024-05-23 19:28:31,076 - INFO - Route download_progress success
2024-05-23 19:28:31,391 - INFO - table_update route successfully send data with flag 1
2024-05-23 19:28:32,086 - INFO - Route download_progress success
2024-05-23 19:28:33,074 - INFO - Route download_progress success
2024-05-23 19:28:34,125 - INFO - Route download_progress success
2024-05-23 19:28:35,469 - INFO - Route download_progress success
2024-05-23 19:28:36,105 - INFO - Route download_progress success
2024-05-23 19:28:36,395 - INFO - table_update route successfully send data with flag 1
2024-05-23 19:28:37,071 - INFO - Route download_progress success
2024-05-23 19:28:38,096 - INFO - Route download_progress success
2024-05-23 19:28:39,064 - INFO - Route download_progress success
2024-05-23 19:28:40,150 - INFO - Route download_progress success
2024-05-23 19:28:41,083 - INFO - Route download_progress success
2024-05-23 19:28:41,388 - INFO - table_update route successfully send data with flag 1
2024-05-23 19:28:42,068 - INFO - Route download_progress success
2024-05-23 19:28:43,138 - INFO - Route download_progress success
2024-05-23 19:28:44,077 - INFO - Route download_progress success
2024-05-23 19:28:45,075 - INFO - Route download_progress success
2024-05-23 19:28:46,091 - INFO - Route download_progress success
2024-05-23 19:28:46,400 - INFO - table_update route successfully send data with flag 1
2024-05-23 19:28:47,076 - INFO - Route download_progress success
2024-05-23 19:28:48,094 - INFO - Route download_progress success
2024-05-23 19:28:49,090 - INFO - Route download_progress success
2024-05-23 19:28:50,227 - INFO - Route download_progress success
2024-05-23 19:28:51,060 - INFO - Route download_progress success
2024-05-23 19:28:51,424 - INFO - table_update route successfully send data with flag 1
2024-05-23 19:28:52,075 - INFO - Route download_progress success
2024-05-23 19:28:53,063 - INFO - Route download_progress success
2024-05-23 19:28:54,080 - INFO - Route download_progress success
2024-05-23 19:28:55,228 - INFO - Route download_progress success
2024-05-23 19:28:56,078 - INFO - Route download_progress success
2024-05-23 19:28:56,550 - INFO - table_update route successfully send data with flag 1
2024-05-23 19:28:57,072 - INFO - Route download_progress success
2024-05-23 19:28:58,095 - INFO - Route download_progress success
2024-05-23 19:28:59,068 - INFO - Route download_progress success
2024-05-23 19:29:00,087 - INFO - Route download_progress success
2024-05-23 19:29:01,070 - INFO - Route download_progress success
2024-05-23 19:29:01,353 - INFO - table_update route successfully send data with flag 1
2024-05-23 19:29:02,087 - INFO - Route download_progress success
2024-05-23 19:29:03,070 - INFO - Route download_progress success
2024-05-23 19:29:28,111 - INFO - Route download_progress success
2024-05-23 19:29:28,388 - INFO - table_update route successfully send data with flag 1
