2024-05-23 19:37:11,553 - INFO - Function create_or_pass_folder error with flag 0 -- Function create_or_pass_folder error is::Value for one of the query parameters specified in the request URI is invalid.
RequestId:4f58cc56-301e-0031-741a-ad2ed1000000
Time:2024-05-23T14:07:12.1978299Z
ErrorCode:InvalidQueryParameterValue
queryparametername:snapshot
queryparametervalue:san123
Content: <?xml version="1.0" encoding="utf-8"?>
<Error><Code>InvalidQueryParameterValue</Code><Message>Value for one of the query parameters specified in the request URI is invalid.
RequestId:4f58cc56-301e-0031-741a-ad2ed1000000
Time:2024-05-23T14:07:12.1978299Z</Message><QueryParameterName>snapshot</QueryParameterName><QueryParameterValue>san123</QueryParameterValue></Error>
2024-05-23 19:37:11,553 - INFO - Function create_or_pass_folder Error creating folder'san123': Value for one of the query parameters specified in the request URI is invalid.
RequestId:4f58cc56-301e-0031-741a-ad2ed1000000
Time:2024-05-23T14:07:12.1978299Z
ErrorCode:InvalidQueryParameterValue
queryparametername:snapshot
queryparametervalue:san123
Content: <?xml version="1.0" encoding="utf-8"?>
<Error><Code>InvalidQueryParameterValue</Code><Message>Value for one of the query parameters specified in the request URI is invalid.
RequestId:4f58cc56-301e-0031-741a-ad2ed1000000
Time:2024-05-23T14:07:12.1978299Z</Message><QueryParameterName>snapshot</QueryParameterName><QueryParameterValue>san123</QueryParameterValue></Error> 
2024-05-23 19:37:11,867 - INFO - Function update_bar_chart_from_blob successfully Return blob_list with flag 1
2024-05-23 19:37:11,867 - INFO - User san123 logged in successfully with flag 1
2024-05-23 19:37:12,382 - INFO - Function update_bar_chart_from_blob successfully Return blob_list with flag 1
2024-05-23 19:37:15,563 - INFO - table_update route successfully send data with flag 1
2024-05-23 19:37:15,660 - INFO - Route download_progress success
2024-05-23 19:37:16,682 - INFO - Route download_progress success
2024-05-23 19:37:17,659 - INFO - Route download_progress success
2024-05-23 19:37:18,729 - INFO - Route download_progress success
2024-05-23 19:37:19,663 - INFO - Route download_progress success
2024-05-23 19:37:20,251 - INFO - table_update route successfully send data with flag 1
2024-05-23 19:37:20,670 - INFO - Route download_progress success
2024-05-23 19:37:21,677 - INFO - Route download_progress success
2024-05-23 19:37:22,666 - INFO - Route download_progress success
2024-05-23 19:37:23,682 - INFO - Route download_progress success
2024-05-23 19:37:24,887 - INFO - Route download_progress success
2024-05-23 19:37:25,379 - INFO - table_update route successfully send data with flag 1
2024-05-23 19:37:25,840 - INFO - Route download_progress success
2024-05-23 19:37:26,745 - INFO - Route download_progress success
2024-05-23 19:37:27,741 - INFO - Route download_progress success
2024-05-23 19:37:28,761 - INFO - Route download_progress success
2024-05-23 19:37:29,722 - INFO - Route download_progress success
2024-05-23 19:37:30,284 - INFO - table_update route successfully send data with flag 1
2024-05-23 19:37:30,672 - INFO - Route download_progress success
2024-05-23 19:37:31,658 - INFO - Route download_progress success
2024-05-23 19:37:32,665 - INFO - Route download_progress success
2024-05-23 19:37:33,667 - INFO - Route download_progress success
2024-05-23 19:37:34,663 - INFO - Route download_progress success
2024-05-23 19:37:35,194 - INFO - table_update route successfully send data with flag 1
2024-05-23 19:37:35,682 - INFO - Route download_progress success
2024-05-23 19:37:36,668 - INFO - Route download_progress success
2024-05-23 19:37:37,665 - INFO - Route download_progress success
2024-05-23 19:37:38,695 - INFO - Route download_progress success
2024-05-23 19:37:39,662 - INFO - Route download_progress success
2024-05-23 19:37:40,210 - INFO - table_update route successfully send data with flag 1
2024-05-23 19:37:40,662 - INFO - Route download_progress success
2024-05-23 19:37:41,663 - INFO - Route download_progress success
2024-05-23 19:37:42,684 - INFO - Route download_progress success
2024-05-23 19:37:43,663 - INFO - Route download_progress success
2024-05-23 19:37:44,697 - INFO - Route download_progress success
2024-05-23 19:37:45,226 - INFO - table_update route successfully send data with flag 1
2024-05-23 19:37:45,735 - INFO - Route download_progress success
2024-05-23 19:37:46,681 - INFO - Route download_progress success
2024-05-23 19:37:47,671 - INFO - Route download_progress success
2024-05-23 19:37:48,663 - INFO - Route download_progress success
2024-05-23 19:37:49,679 - INFO - Route download_progress success
2024-05-23 19:37:50,252 - INFO - table_update route successfully send data with flag 1
2024-05-23 19:37:50,665 - INFO - Route download_progress success
2024-05-23 19:37:51,663 - INFO - Route download_progress success
2024-05-23 19:37:52,713 - INFO - Route download_progress success
2024-05-23 19:37:53,663 - INFO - Route download_progress success
2024-05-23 19:37:54,662 - INFO - Route download_progress success
2024-05-23 19:37:55,344 - INFO - table_update route successfully send data with flag 1
2024-05-23 19:37:55,662 - INFO - Route download_progress success
2024-05-23 19:37:56,662 - INFO - Route download_progress success
2024-05-23 19:37:57,664 - INFO - Route download_progress success
2024-05-23 19:37:58,674 - INFO - Route download_progress success
2024-05-23 19:37:59,664 - INFO - Route download_progress success
2024-05-23 19:38:00,292 - INFO - table_update route successfully send data with flag 1
2024-05-23 19:38:00,674 - INFO - Route download_progress success
2024-05-23 19:38:01,668 - INFO - Route download_progress success
2024-05-23 19:38:02,694 - INFO - Route download_progress success
2024-05-23 19:38:03,661 - INFO - Route download_progress success
2024-05-23 19:38:04,694 - INFO - Route download_progress success
2024-05-23 19:38:05,200 - INFO - table_update route successfully send data with flag 1
2024-05-23 19:38:05,674 - INFO - Route download_progress success
2024-05-23 19:38:06,677 - INFO - Route download_progress success
2024-05-23 19:38:07,676 - INFO - Route download_progress success
2024-05-23 19:38:08,678 - INFO - Route download_progress success
2024-05-23 19:38:09,668 - INFO - Route download_progress success
2024-05-23 19:38:10,226 - INFO - table_update route successfully send data with flag 1
2024-05-23 19:38:10,663 - INFO - Route download_progress success
2024-05-23 19:38:11,667 - INFO - Route download_progress success
2024-05-23 19:38:12,665 - INFO - Route download_progress success
2024-05-23 19:38:13,667 - INFO - Route download_progress success
2024-05-23 19:38:14,691 - INFO - Route download_progress success
2024-05-23 19:38:15,238 - INFO - table_update route successfully send data with flag 1
2024-05-23 19:38:15,690 - INFO - Route download_progress success
2024-05-23 19:38:16,672 - INFO - Route download_progress success
2024-05-23 19:38:17,678 - INFO - Route download_progress success
2024-05-23 19:38:18,692 - INFO - Route download_progress success
2024-05-23 19:38:19,667 - INFO - Route download_progress success
2024-05-23 19:38:20,261 - INFO - table_update route successfully send data with flag 1
2024-05-23 19:38:20,664 - INFO - Route download_progress success
2024-05-23 19:38:21,667 - INFO - Route download_progress success
2024-05-23 19:38:22,699 - INFO - Route download_progress success
2024-05-23 19:38:23,667 - INFO - Route download_progress success
2024-05-23 19:38:24,659 - INFO - Route download_progress success
2024-05-23 19:38:25,276 - INFO - table_update route successfully send data with flag 1
2024-05-23 19:38:25,708 - INFO - Route download_progress success
2024-05-23 19:38:26,666 - INFO - Route download_progress success
2024-05-23 19:38:27,668 - INFO - Route download_progress success
2024-05-23 19:38:28,670 - INFO - Route download_progress success
2024-05-23 19:38:29,666 - INFO - Route download_progress success
2024-05-23 19:38:30,292 - INFO - table_update route successfully send data with flag 1
2024-05-23 19:38:30,660 - INFO - Route download_progress success
2024-05-23 19:38:31,666 - INFO - Route download_progress success
2024-05-23 19:38:32,706 - INFO - Route download_progress success
2024-05-23 19:38:33,670 - INFO - Route download_progress success
2024-05-23 19:38:34,691 - INFO - Route download_progress success
2024-05-23 19:38:35,308 - INFO - table_update route successfully send data with flag 1
2024-05-23 19:38:35,665 - INFO - Route download_progress success
2024-05-23 19:38:36,656 - INFO - Route download_progress success
2024-05-23 19:38:37,672 - INFO - Route download_progress success
2024-05-23 19:38:38,671 - INFO - Route download_progress success
2024-05-23 19:38:39,656 - INFO - Route download_progress success
2024-05-23 19:38:40,228 - INFO - table_update route successfully send data with flag 1
2024-05-23 19:38:40,658 - INFO - Route download_progress success
2024-05-23 19:38:41,660 - INFO - Route download_progress success
2024-05-23 19:38:42,681 - INFO - Route download_progress success
2024-05-23 19:38:43,660 - INFO - Route download_progress success
2024-05-23 19:38:44,692 - INFO - Route download_progress success
2024-05-23 19:38:45,247 - INFO - table_update route successfully send data with flag 1
2024-05-23 19:38:45,715 - INFO - Route download_progress success
2024-05-23 19:38:46,685 - INFO - Route download_progress success
2024-05-23 19:38:47,664 - INFO - Route download_progress success
2024-05-23 19:38:48,672 - INFO - Route download_progress success
2024-05-23 19:38:49,656 - INFO - Route download_progress success
2024-05-23 19:38:50,360 - INFO - table_update route successfully send data with flag 1
2024-05-23 19:38:50,666 - INFO - Route download_progress success
2024-05-23 19:38:51,678 - INFO - Route download_progress success
2024-05-23 19:38:52,664 - INFO - Route download_progress success
2024-05-23 19:38:53,680 - INFO - Route download_progress success
2024-05-23 19:38:54,666 - INFO - Route download_progress success
2024-05-23 19:38:55,277 - INFO - table_update route successfully send data with flag 1
2024-05-23 19:38:55,667 - INFO - Route download_progress success
2024-05-23 19:38:56,676 - INFO - Route download_progress success
2024-05-23 19:38:57,665 - INFO - Route download_progress success
2024-05-23 19:38:58,686 - INFO - Route download_progress success
2024-05-23 19:38:59,657 - INFO - Route download_progress success
2024-05-23 19:39:00,246 - INFO - table_update route successfully send data with flag 1
2024-05-23 19:39:00,667 - INFO - Route download_progress success
2024-05-23 19:39:01,657 - INFO - Route download_progress success
2024-05-23 19:39:02,686 - INFO - Route download_progress success
2024-05-23 19:39:03,665 - INFO - Route download_progress success
2024-05-23 19:39:04,661 - INFO - Route download_progress success
2024-05-23 19:39:05,313 - INFO - table_update route successfully send data with flag 1
2024-05-23 19:39:05,685 - INFO - Route download_progress success
2024-05-23 19:39:06,658 - INFO - Route download_progress success
2024-05-23 19:39:07,673 - INFO - Route download_progress success
2024-05-23 19:39:08,695 - INFO - Route download_progress success
2024-05-23 19:39:09,738 - INFO - Route download_progress success
2024-05-23 19:39:10,227 - INFO - table_update route successfully send data with flag 1
2024-05-23 19:39:10,659 - INFO - Route download_progress success
2024-05-23 19:39:11,662 - INFO - Route download_progress success
2024-05-23 19:39:12,676 - INFO - Route download_progress success
2024-05-23 19:39:13,671 - INFO - Route download_progress success
2024-05-23 19:39:14,691 - INFO - Route download_progress success
2024-05-23 19:39:15,248 - INFO - table_update route successfully send data with flag 1
2024-05-23 19:39:15,674 - INFO - Route download_progress success
2024-05-23 19:39:16,670 - INFO - Route download_progress success
2024-05-23 19:39:17,664 - INFO - Route download_progress success
2024-05-23 19:39:18,689 - INFO - Route download_progress success
2024-05-23 19:39:19,665 - INFO - Route download_progress success
2024-05-23 19:39:20,273 - INFO - table_update route successfully send data with flag 1
2024-05-23 19:39:20,667 - INFO - Route download_progress success
2024-05-23 19:39:21,657 - INFO - Route download_progress success
2024-05-23 19:39:22,681 - INFO - Route download_progress success
2024-05-23 19:39:23,664 - INFO - Route download_progress success
2024-05-23 19:39:24,664 - INFO - Route download_progress success
2024-05-23 19:39:25,227 - INFO - table_update route successfully send data with flag 1
2024-05-23 19:39:25,659 - INFO - Route download_progress success
2024-05-23 19:39:26,660 - INFO - Route download_progress success
2024-05-23 19:39:27,671 - INFO - Route download_progress success
2024-05-23 19:39:28,691 - INFO - Route download_progress success
2024-05-23 19:39:29,661 - INFO - Route download_progress success
2024-05-23 19:39:30,340 - INFO - table_update route successfully send data with flag 1
2024-05-23 19:39:30,658 - INFO - Route download_progress success
2024-05-23 19:39:31,660 - INFO - Route download_progress success
2024-05-23 19:39:32,703 - INFO - Route download_progress success
2024-05-23 19:39:33,661 - INFO - Route download_progress success
2024-05-23 19:39:34,680 - INFO - Route download_progress success
2024-05-23 19:39:35,203 - INFO - table_update route successfully send data with flag 1
2024-05-23 19:39:35,669 - INFO - Route download_progress success
2024-05-23 19:39:36,686 - INFO - Route download_progress success
2024-05-23 19:39:37,672 - INFO - Route download_progress success
2024-05-23 19:39:38,659 - INFO - Route download_progress success
2024-05-23 19:39:39,664 - INFO - Route download_progress success
2024-05-23 19:39:40,230 - INFO - table_update route successfully send data with flag 1
2024-05-23 19:39:40,662 - INFO - Route download_progress success
2024-05-23 19:39:41,664 - INFO - Route download_progress success
2024-05-23 19:39:42,689 - INFO - Route download_progress success
2024-05-23 19:39:43,667 - INFO - Route download_progress success
2024-05-23 19:39:44,669 - INFO - Route download_progress success
2024-05-23 19:39:45,207 - INFO - table_update route successfully send data with flag 1
2024-05-23 19:39:45,686 - INFO - Route download_progress success
2024-05-23 19:39:46,689 - INFO - Route download_progress success
2024-05-23 19:39:47,660 - INFO - Route download_progress success
2024-05-23 19:39:48,678 - INFO - Route download_progress success
2024-05-23 19:39:49,664 - INFO - Route download_progress success
2024-05-23 19:39:50,259 - INFO - table_update route successfully send data with flag 1
2024-05-23 19:39:50,666 - INFO - Route download_progress success
2024-05-23 19:39:51,662 - INFO - Route download_progress success
2024-05-23 19:39:52,692 - INFO - Route download_progress success
2024-05-23 19:39:53,678 - INFO - Route download_progress success
2024-05-23 19:39:54,655 - INFO - Route download_progress success
2024-05-23 19:39:55,242 - INFO - table_update route successfully send data with flag 1
2024-05-23 19:39:55,667 - INFO - Route download_progress success
2024-05-23 19:39:56,669 - INFO - Route download_progress success
2024-05-23 19:39:57,658 - INFO - Route download_progress success
2024-05-23 19:39:58,656 - INFO - Route download_progress success
2024-05-23 19:39:59,665 - INFO - Route download_progress success
2024-05-23 19:40:00,198 - INFO - table_update route successfully send data with flag 1
2024-05-23 19:40:00,678 - INFO - Route download_progress success
2024-05-23 19:40:01,680 - INFO - Route download_progress success
2024-05-23 19:40:02,666 - INFO - Route download_progress success
2024-05-23 19:40:03,671 - INFO - Route download_progress success
2024-05-23 19:40:04,696 - INFO - Route download_progress success
2024-05-23 19:40:05,206 - INFO - table_update route successfully send data with flag 1
2024-05-23 19:40:05,654 - INFO - Route download_progress success
2024-05-23 19:40:06,690 - INFO - Route download_progress success
2024-05-23 19:40:07,669 - INFO - Route download_progress success
2024-05-23 19:40:08,689 - INFO - Route download_progress success
2024-05-23 19:40:09,665 - INFO - Route download_progress success
2024-05-23 19:40:10,333 - INFO - table_update route successfully send data with flag 1
2024-05-23 19:40:10,668 - INFO - Route download_progress success
2024-05-23 19:40:11,670 - INFO - Route download_progress success
2024-05-23 19:40:12,703 - INFO - Route download_progress success
2024-05-23 19:40:13,674 - INFO - Route download_progress success
2024-05-23 19:40:14,691 - INFO - Route download_progress success
2024-05-23 19:40:15,324 - INFO - table_update route successfully send data with flag 1
2024-05-23 19:40:15,678 - INFO - Route download_progress success
2024-05-23 19:40:16,664 - INFO - Route download_progress success
2024-05-23 19:40:17,666 - INFO - Route download_progress success
2024-05-23 19:40:18,684 - INFO - Route download_progress success
2024-05-23 19:40:19,670 - INFO - Route download_progress success
2024-05-23 19:40:20,371 - INFO - table_update route successfully send data with flag 1
2024-05-23 19:40:20,672 - INFO - Route download_progress success
2024-05-23 19:40:21,668 - INFO - Route download_progress success
2024-05-23 19:40:22,697 - INFO - Route download_progress success
2024-05-23 19:40:23,662 - INFO - Route download_progress success
2024-05-23 19:40:24,665 - INFO - Route download_progress success
2024-05-23 19:40:25,280 - INFO - table_update route successfully send data with flag 1
2024-05-23 19:40:25,664 - INFO - Route download_progress success
2024-05-23 19:40:26,686 - INFO - Route download_progress success
2024-05-23 19:40:27,667 - INFO - Route download_progress success
2024-05-23 19:40:28,678 - INFO - Route download_progress success
2024-05-23 19:40:29,664 - INFO - Route download_progress success
2024-05-23 19:40:30,427 - INFO - table_update route successfully send data with flag 1
2024-05-23 19:40:30,691 - INFO - Route download_progress success
2024-05-23 19:40:31,667 - INFO - Route download_progress success
2024-05-23 19:40:32,683 - INFO - Route download_progress success
2024-05-23 19:40:33,672 - INFO - Route download_progress success
2024-05-23 19:40:34,664 - INFO - Route download_progress success
2024-05-23 19:40:35,212 - INFO - table_update route successfully send data with flag 1
2024-05-23 19:40:35,663 - INFO - Route download_progress success
2024-05-23 19:40:36,659 - INFO - Route download_progress success
2024-05-23 19:40:37,661 - INFO - Route download_progress success
2024-05-23 19:40:38,663 - INFO - Route download_progress success
2024-05-23 19:40:39,689 - INFO - Route download_progress success
2024-05-23 19:40:40,345 - INFO - table_update route successfully send data with flag 1
2024-05-23 19:40:40,657 - INFO - Route download_progress success
2024-05-23 19:40:41,664 - INFO - Route download_progress success
2024-05-23 19:40:42,278 - INFO - Function upload_to_blob successfully created blob_client.url
2024-05-23 19:40:42,278 - INFO - User documents uploded successfully.
2024-05-23 19:40:42,665 - INFO - Route download_progress success
2024-05-23 19:40:42,897 - INFO - Function update_bar_chart_from_blob successfully Return blob_list with flag 1
2024-05-23 19:40:42,897 - INFO - Popup_form route succeeded with flag 1
2024-05-23 19:40:43,698 - INFO - Route download_progress success
2024-05-23 19:40:44,653 - INFO - Route download_progress success
2024-05-23 19:40:45,663 - INFO - table_update route successfully send data with flag 1
2024-05-23 19:40:45,665 - INFO - Route download_progress success
2024-05-23 19:40:46,663 - INFO - Route download_progress success
2024-05-23 19:40:47,662 - INFO - Route download_progress success
2024-05-23 19:40:48,698 - INFO - Route download_progress success
2024-05-23 19:40:49,679 - INFO - Route download_progress success
2024-05-23 19:40:50,582 - INFO - table_update route successfully send data with flag 1
2024-05-23 19:40:50,658 - INFO - Route download_progress success
2024-05-23 19:40:51,653 - INFO - Route download_progress success
2024-05-23 19:40:52,687 - INFO - Route download_progress success
2024-05-23 19:40:53,663 - INFO - Route download_progress success
2024-05-23 19:40:54,835 - INFO - Route download_progress success
2024-05-23 19:40:55,700 - INFO - table_update route successfully send data with flag 1
2024-05-23 19:40:55,712 - INFO - Route download_progress success
2024-05-23 19:40:56,653 - INFO - Route download_progress success
2024-05-23 19:40:57,675 - INFO - Route download_progress success
2024-05-23 19:40:58,672 - INFO - Route download_progress success
2024-05-23 19:40:59,666 - INFO - Route download_progress success
2024-05-23 19:41:00,512 - INFO - table_update route successfully send data with flag 1
2024-05-23 19:41:00,652 - INFO - Route download_progress success
2024-05-23 19:41:01,653 - INFO - Route download_progress success
2024-05-23 19:41:02,686 - INFO - Route download_progress success
2024-05-23 19:41:03,657 - INFO - Route download_progress success
2024-05-23 19:41:04,693 - INFO - Route download_progress success
2024-05-23 19:41:05,523 - INFO - table_update route successfully send data with flag 1
2024-05-23 19:41:05,677 - INFO - Route download_progress success
2024-05-23 19:41:06,663 - INFO - Route download_progress success
2024-05-23 19:41:07,665 - INFO - Route download_progress success
2024-05-23 19:41:08,667 - INFO - Route download_progress success
2024-05-23 19:41:09,660 - INFO - Route download_progress success
2024-05-23 19:41:10,529 - INFO - table_update route successfully send data with flag 1
2024-05-23 19:41:10,661 - INFO - Route download_progress success
2024-05-23 19:41:11,669 - INFO - Route download_progress success
2024-05-23 19:41:12,679 - INFO - Route download_progress success
2024-05-23 19:41:13,656 - INFO - Route download_progress success
2024-05-23 19:41:14,666 - INFO - Route download_progress success
2024-05-23 19:41:15,534 - INFO - table_update route successfully send data with flag 1
2024-05-23 19:41:15,684 - INFO - Route download_progress success
2024-05-23 19:41:16,667 - INFO - Route download_progress success
2024-05-23 19:41:17,662 - INFO - Route download_progress success
2024-05-23 19:41:18,671 - INFO - Route download_progress success
2024-05-23 19:41:19,674 - INFO - Route download_progress success
2024-05-23 19:41:20,259 - INFO - table_update route successfully send data with flag 1
2024-05-23 19:41:20,675 - INFO - Route download_progress success
2024-05-23 19:41:21,959 - INFO - Route download_progress success
2024-05-23 19:41:22,659 - INFO - Route download_progress success
2024-05-23 19:41:23,655 - INFO - Route download_progress success
2024-05-23 19:41:24,587 - INFO - Function update_bar_chart_from_blob successfully Return blob_list with flag 1
2024-05-23 19:41:25,152 - INFO - Route download_progress success
2024-05-23 19:41:26,222 - INFO - table_update route successfully send data with flag 1
2024-05-23 19:41:26,644 - INFO - Function update_bar_chart_from_blob successfully Return blob_list with flag 1
2024-05-23 19:41:26,820 - INFO - Function update_when_file_delete Data Loaded Successfully with flag 1
2024-05-23 19:41:27,181 - INFO - Function update_bar_chart_from_blob successfully Return blob_list with flag 1
2024-05-23 19:41:27,181 - INFO - delete for delete/<file_name> route deleted successfully with flag 1
2024-05-23 19:41:27,672 - INFO - Route download_progress success
2024-05-23 19:41:28,294 - INFO - Route download_progress success
2024-05-23 19:41:28,574 - INFO - table_update route successfully send data with flag 1
2024-05-23 19:41:28,639 - INFO - Route download_progress success
2024-05-23 19:41:29,132 - INFO - Route download_progress success
2024-05-23 19:41:29,835 - INFO - Route download_progress success
2024-05-23 19:41:30,309 - INFO - table_update route successfully send data with flag 1
2024-05-23 19:41:30,833 - INFO - Route download_progress success
2024-05-23 19:41:31,801 - INFO - Route download_progress success
2024-05-23 19:41:32,704 - INFO - Route download_progress success
2024-05-23 19:41:33,694 - INFO - Route download_progress success
2024-05-23 19:41:34,674 - INFO - Route download_progress success
2024-05-23 19:41:35,401 - INFO - table_update route successfully send data with flag 1
2024-05-23 19:41:35,673 - INFO - Route download_progress success
2024-05-23 19:41:36,671 - INFO - Route download_progress success
2024-05-23 19:41:37,668 - INFO - Route download_progress success
2024-05-23 19:41:38,664 - INFO - Route download_progress success
2024-05-23 19:41:39,734 - INFO - Route download_progress success
2024-05-23 19:41:40,451 - INFO - table_update route successfully send data with flag 1
2024-05-23 19:41:40,733 - INFO - Route download_progress success
2024-05-23 19:41:41,715 - INFO - Route download_progress success
2024-05-23 19:41:42,671 - INFO - Route download_progress success
2024-05-23 19:41:43,213 - INFO - Function update_bar_chart_from_blob successfully Return blob_list with flag 1
2024-05-23 19:41:45,810 - INFO - table_update route successfully send data with flag 1
2024-05-23 19:41:46,120 - INFO - Route download_progress success
2024-05-23 19:41:46,986 - INFO - Route download_progress success
2024-05-23 19:41:47,988 - INFO - Route download_progress success
2024-05-23 19:41:49,004 - INFO - Route download_progress success
2024-05-23 19:41:49,984 - INFO - Route download_progress success
2024-05-23 19:41:50,554 - INFO - table_update route successfully send data with flag 1
2024-05-23 19:41:51,005 - INFO - Route download_progress success
2024-05-23 19:41:51,991 - INFO - Route download_progress success
2024-05-23 19:41:53,001 - INFO - Route download_progress success
2024-05-23 19:41:54,011 - INFO - Route download_progress success
2024-05-23 19:41:54,989 - INFO - Route download_progress success
2024-05-23 19:41:55,603 - INFO - table_update route successfully send data with flag 1
2024-05-23 19:41:56,208 - INFO - Route download_progress success
2024-05-23 19:41:57,103 - INFO - Route download_progress success
2024-05-23 19:41:58,077 - INFO - Route download_progress success
2024-05-23 19:41:59,093 - INFO - Route download_progress success
2024-05-23 19:42:00,064 - INFO - Route download_progress success
2024-05-23 19:42:01,074 - INFO - Route download_progress success
2024-05-23 19:42:01,482 - INFO - table_update route successfully send data with flag 1
2024-05-23 19:42:02,067 - INFO - Route download_progress success
2024-05-23 19:42:03,086 - INFO - Route download_progress success
2024-05-23 19:42:04,072 - INFO - Route download_progress success
2024-05-23 19:42:05,053 - INFO - Route download_progress success
2024-05-23 19:42:06,055 - INFO - Route download_progress success
2024-05-23 19:42:06,340 - INFO - table_update route successfully send data with flag 1
2024-05-23 19:42:07,073 - INFO - Route download_progress success
2024-05-23 19:42:08,091 - INFO - Route download_progress success
2024-05-23 19:42:09,062 - INFO - Route download_progress success
2024-05-23 19:42:10,079 - INFO - Route download_progress success
2024-05-23 19:42:11,081 - INFO - Route download_progress success
2024-05-23 19:42:11,467 - INFO - table_update route successfully send data with flag 1
2024-05-23 19:42:12,083 - INFO - Route download_progress success
2024-05-23 19:42:13,070 - INFO - Route download_progress success
2024-05-23 19:42:14,103 - INFO - Route download_progress success
2024-05-23 19:42:15,105 - INFO - Route download_progress success
2024-05-23 19:42:16,061 - INFO - Route download_progress success
2024-05-23 19:42:16,577 - INFO - table_update route successfully send data with flag 1
2024-05-23 19:42:17,097 - INFO - Route download_progress success
2024-05-23 19:42:18,064 - INFO - Route download_progress success
2024-05-23 19:42:19,098 - INFO - Route download_progress success
2024-05-23 19:42:20,070 - INFO - Route download_progress success
2024-05-23 19:42:21,088 - INFO - Route download_progress success
2024-05-23 19:42:21,404 - INFO - table_update route successfully send data with flag 1
2024-05-23 19:42:22,074 - INFO - Route download_progress success
2024-05-23 19:42:23,054 - INFO - Route download_progress success
2024-05-23 19:42:24,094 - INFO - Route download_progress success
2024-05-23 19:42:25,096 - INFO - Route download_progress success
2024-05-23 19:42:26,083 - INFO - Route download_progress success
2024-05-23 19:42:26,383 - INFO - table_update route successfully send data with flag 1
2024-05-23 19:42:27,062 - INFO - Route download_progress success
2024-05-23 19:42:28,064 - INFO - Route download_progress success
2024-05-23 19:42:29,119 - INFO - Route download_progress success
2024-05-23 19:42:30,052 - INFO - Route download_progress success
2024-05-23 19:42:31,070 - INFO - Route download_progress success
2024-05-23 19:42:31,409 - INFO - table_update route successfully send data with flag 1
2024-05-23 19:42:32,073 - INFO - Route download_progress success
2024-05-23 19:42:33,098 - INFO - Route download_progress success
2024-05-23 19:42:34,062 - INFO - Route download_progress success
2024-05-23 19:42:35,064 - INFO - Route download_progress success
2024-05-23 19:42:36,071 - INFO - Route download_progress success
2024-05-23 19:42:36,472 - INFO - table_update route successfully send data with flag 1
2024-05-23 19:42:37,073 - INFO - Route download_progress success
2024-05-23 19:42:38,089 - INFO - Route download_progress success
2024-05-23 19:42:39,092 - INFO - Route download_progress success
2024-05-23 19:42:40,110 - INFO - Route download_progress success
2024-05-23 19:42:41,065 - INFO - Route download_progress success
2024-05-23 19:42:41,465 - INFO - table_update route successfully send data with flag 1
2024-05-23 19:42:42,098 - INFO - Route download_progress success
2024-05-23 19:42:43,085 - INFO - Route download_progress success
2024-05-23 19:42:44,056 - INFO - Route download_progress success
2024-05-23 19:42:45,105 - INFO - Route download_progress success
2024-05-23 19:42:46,092 - INFO - Route download_progress success
2024-05-23 19:42:46,493 - INFO - table_update route successfully send data with flag 1
2024-05-23 19:42:47,080 - INFO - Route download_progress success
2024-05-23 19:42:48,065 - INFO - Route download_progress success
2024-05-23 19:42:49,198 - INFO - Route download_progress success
2024-05-23 19:42:50,063 - INFO - Route download_progress success
2024-05-23 19:42:51,104 - INFO - Route download_progress success
2024-05-23 19:42:51,525 - INFO - table_update route successfully send data with flag 1
2024-05-23 19:42:52,067 - INFO - Route download_progress success
2024-05-23 19:42:53,069 - INFO - Route download_progress success
2024-05-23 19:42:53,994 - INFO - Route download_progress success
2024-05-23 19:42:54,883 - INFO - Function update_bar_chart_from_blob successfully Return blob_list with flag 1
2024-05-23 19:42:55,917 - INFO - table_update route successfully send data with flag 1
2024-05-23 19:42:56,360 - INFO - Route download_progress success
2024-05-23 19:42:57,376 - INFO - Route download_progress success
2024-05-23 19:42:58,381 - INFO - Route download_progress success
2024-05-23 19:42:59,384 - INFO - Route download_progress success
2024-05-23 19:43:00,368 - INFO - Route download_progress success
2024-05-23 19:43:00,932 - INFO - table_update route successfully send data with flag 1
2024-05-23 19:43:01,378 - INFO - Route download_progress success
2024-05-23 19:43:02,383 - INFO - Route download_progress success
2024-05-23 19:43:03,401 - INFO - Route download_progress success
2024-05-23 19:43:04,366 - INFO - Route download_progress success
2024-05-23 19:43:04,515 - INFO - Function update_bar_chart_from_blob successfully Return blob_list with flag 1
2024-05-23 19:43:04,515 - INFO - Function update_when_file_delete Data Loaded Successfully with flag 1
2024-05-23 19:43:04,818 - INFO - Function update_bar_chart_from_blob successfully Return blob_list with flag 1
2024-05-23 19:43:04,818 - INFO - delete for delete/<file_name> route deleted successfully with flag 1
2024-05-23 19:43:05,236 - INFO - table_update route successfully send data with flag 1
2024-05-23 19:43:05,361 - INFO - Route download_progress success
2024-05-23 19:43:05,834 - INFO - table_update route successfully send data with flag 1
2024-05-23 19:43:06,370 - INFO - Route download_progress success
2024-05-23 19:43:07,367 - INFO - Route download_progress success
2024-05-23 19:43:08,363 - INFO - Route download_progress success
2024-05-23 19:43:09,525 - INFO - Route download_progress success
2024-05-23 19:43:10,482 - INFO - Route download_progress success
2024-05-23 19:43:11,347 - INFO - table_update route successfully send data with flag 1
2024-05-23 19:43:11,796 - INFO - Route download_progress success
2024-05-23 19:43:13,055 - INFO - Route download_progress success
2024-05-23 19:43:14,074 - INFO - Route download_progress success
2024-05-23 19:43:15,207 - INFO - Route download_progress success
2024-05-23 19:43:15,653 - INFO - Route download_progress success
2024-05-23 19:43:15,946 - INFO - table_update route successfully send data with flag 1
2024-05-23 19:43:17,221 - INFO - Route download_progress success
2024-05-23 19:43:18,460 - INFO - Route download_progress success
2024-05-23 19:43:20,071 - INFO - Route download_progress success
2024-05-23 19:43:21,069 - INFO - Route download_progress success
2024-05-23 19:43:21,422 - INFO - table_update route successfully send data with flag 1
2024-05-23 19:43:22,106 - INFO - Route download_progress success
2024-05-23 19:43:23,222 - INFO - Route download_progress success
2024-05-23 19:43:24,054 - INFO - Route download_progress success
2024-05-23 19:43:25,047 - INFO - Route download_progress success
2024-05-23 19:43:26,064 - INFO - Route download_progress success
2024-05-23 19:43:26,427 - INFO - table_update route successfully send data with flag 1
2024-05-23 19:43:27,073 - INFO - Route download_progress success
2024-05-23 19:43:28,091 - INFO - Route download_progress success
2024-05-23 19:43:29,067 - INFO - Route download_progress success
2024-05-23 19:43:30,131 - INFO - Route download_progress success
2024-05-23 19:43:31,086 - INFO - Route download_progress success
2024-05-23 19:43:31,449 - INFO - table_update route successfully send data with flag 1
2024-05-23 19:43:32,073 - INFO - Route download_progress success
2024-05-23 19:43:33,059 - INFO - Route download_progress success
2024-05-23 19:43:34,124 - INFO - Route download_progress success
2024-05-23 19:43:35,095 - INFO - Route download_progress success
2024-05-23 19:43:36,066 - INFO - Route download_progress success
2024-05-23 19:43:36,366 - INFO - table_update route successfully send data with flag 1
2024-05-23 19:43:37,068 - INFO - Route download_progress success
2024-05-23 19:43:38,116 - INFO - Route download_progress success
2024-05-23 19:43:39,091 - INFO - Route download_progress success
2024-05-23 19:43:40,063 - INFO - Route download_progress success
2024-05-23 19:43:41,096 - INFO - Route download_progress success
2024-05-23 19:43:41,366 - INFO - table_update route successfully send data with flag 1
2024-05-23 19:43:42,083 - INFO - Route download_progress success
2024-05-23 19:43:43,101 - INFO - Route download_progress success
2024-05-23 19:43:44,072 - INFO - Route download_progress success
2024-05-23 19:43:45,058 - INFO - Route download_progress success
2024-05-23 19:43:46,076 - INFO - Route download_progress success
2024-05-23 19:43:46,392 - INFO - table_update route successfully send data with flag 1
2024-05-23 19:43:47,062 - INFO - Route download_progress success
2024-05-23 19:43:48,111 - INFO - Route download_progress success
2024-05-23 19:43:49,082 - INFO - Route download_progress success
2024-05-23 19:43:50,069 - INFO - Route download_progress success
2024-05-23 19:43:51,070 - INFO - Route download_progress success
2024-05-23 19:43:51,416 - INFO - table_update route successfully send data with flag 1
2024-05-23 19:43:52,072 - INFO - Route download_progress success
2024-05-23 19:43:53,052 - INFO - Route download_progress success
2024-05-23 19:43:54,077 - INFO - Route download_progress success
2024-05-23 19:43:55,058 - INFO - Route download_progress success
2024-05-23 19:43:56,074 - INFO - Route download_progress success
2024-05-23 19:43:56,429 - INFO - table_update route successfully send data with flag 1
2024-05-23 19:43:57,061 - INFO - Route download_progress success
2024-05-23 19:43:58,078 - INFO - Route download_progress success
2024-05-23 19:43:59,162 - INFO - Route download_progress success
2024-05-23 19:44:00,065 - INFO - Route download_progress success
2024-05-23 19:44:01,067 - INFO - Route download_progress success
2024-05-23 19:44:01,421 - INFO - table_update route successfully send data with flag 1
2024-05-23 19:44:02,086 - INFO - Route download_progress success
2024-05-23 19:44:03,056 - INFO - Route download_progress success
2024-05-23 19:44:04,073 - INFO - Route download_progress success
2024-05-23 19:44:05,075 - INFO - Route download_progress success
2024-05-23 19:44:06,061 - INFO - Route download_progress success
2024-05-23 19:44:06,362 - INFO - table_update route successfully send data with flag 1
2024-05-23 19:44:07,063 - INFO - Route download_progress success
2024-05-23 19:44:08,065 - INFO - Route download_progress success
2024-05-23 19:44:09,052 - INFO - Route download_progress success
2024-05-23 19:44:10,085 - INFO - Route download_progress success
2024-05-23 19:44:11,087 - INFO - Route download_progress success
2024-05-23 19:44:11,372 - INFO - table_update route successfully send data with flag 1
2024-05-23 19:44:12,073 - INFO - Route download_progress success
2024-05-23 19:44:13,059 - INFO - Route download_progress success
2024-05-23 19:44:14,093 - INFO - Route download_progress success
2024-05-23 19:44:15,095 - INFO - Route download_progress success
2024-05-23 19:44:16,098 - INFO - Route download_progress success
2024-05-23 19:44:16,398 - INFO - table_update route successfully send data with flag 1
2024-05-23 19:44:28,060 - INFO - Route download_progress success
2024-05-23 19:44:28,394 - INFO - table_update route successfully send data with flag 1
