2024-05-23 13:09:42,016 - INFO - Function create_or_pass_folder error with flag 0 -- Function create_or_pass_folder error is::Value for one of the query parameters specified in the request URI is invalid.
RequestId:55f8b2bf-401e-0058-0ae4-ac717d000000
Time:2024-05-23T07:39:42.4793737Z
ErrorCode:InvalidQueryParameterValue
queryparametername:snapshot
queryparametervalue:san123
Content: <?xml version="1.0" encoding="utf-8"?>
<Error><Code>InvalidQueryParameterValue</Code><Message>Value for one of the query parameters specified in the request URI is invalid.
RequestId:55f8b2bf-401e-0058-0ae4-ac717d000000
Time:2024-05-23T07:39:42.4793737Z</Message><QueryParameterName>snapshot</QueryParameterName><QueryParameterValue>san123</QueryParameterValue></Error>
2024-05-23 13:09:42,018 - INFO - Function create_or_pass_folder Error creating folder'san123': Value for one of the query parameters specified in the request URI is invalid.
RequestId:55f8b2bf-401e-0058-0ae4-ac717d000000
Time:2024-05-23T07:39:42.4793737Z
ErrorCode:InvalidQueryParameterValue
queryparametername:snapshot
queryparametervalue:san123
Content: <?xml version="1.0" encoding="utf-8"?>
<Error><Code>InvalidQueryParameterValue</Code><Message>Value for one of the query parameters specified in the request URI is invalid.
RequestId:55f8b2bf-401e-0058-0ae4-ac717d000000
Time:2024-05-23T07:39:42.4793737Z</Message><QueryParameterName>snapshot</QueryParameterName><QueryParameterValue>san123</QueryParameterValue></Error> 
2024-05-23 13:09:42,866 - INFO - Function update_bar_chart_from_blob successfully Return blob_list with flag 1
2024-05-23 13:09:42,866 - INFO - User san123 logged in successfully with flag 1
2024-05-23 13:09:45,082 - INFO - Function update_bar_chart_from_blob successfully Return blob_list with flag 1
2024-05-23 13:09:48,119 - INFO - Route download_progress success
2024-05-23 13:09:48,465 - INFO - table_update route successfully send data with flag 1
2024-05-23 13:09:48,895 - INFO - Route download_progress success
2024-05-23 13:09:49,912 - INFO - Route download_progress success
2024-05-23 13:09:50,980 - INFO - Route download_progress success
2024-05-23 13:09:51,899 - INFO - Route download_progress success
2024-05-23 13:09:53,138 - INFO - Route download_progress success
2024-05-23 13:09:53,383 - INFO - table_update route successfully send data with flag 1
2024-05-23 13:09:53,941 - INFO - Route download_progress success
2024-05-23 13:09:54,912 - INFO - Route download_progress success
2024-05-23 13:09:55,911 - INFO - Route download_progress success
2024-05-23 13:09:56,897 - INFO - Route download_progress success
2024-05-23 13:09:58,030 - INFO - Route download_progress success
2024-05-23 13:09:58,698 - INFO - table_update route successfully send data with flag 1
2024-05-23 13:09:59,157 - INFO - Route download_progress success
2024-05-23 13:10:00,038 - INFO - Route download_progress success
2024-05-23 13:10:00,939 - INFO - Route download_progress success
2024-05-23 13:10:01,910 - INFO - Route download_progress success
2024-05-23 13:10:02,890 - INFO - Route download_progress success
2024-05-23 13:10:03,200 - INFO - table_update route successfully send data with flag 1
2024-05-23 13:10:03,906 - INFO - Route download_progress success
2024-05-23 13:10:04,922 - INFO - Route download_progress success
2024-05-23 13:10:05,898 - INFO - Route download_progress success
2024-05-23 13:10:06,899 - INFO - Route download_progress success
2024-05-23 13:10:07,895 - INFO - Route download_progress success
2024-05-23 13:10:08,228 - INFO - table_update route successfully send data with flag 1
2024-05-23 13:10:08,896 - INFO - Route download_progress success
2024-05-23 13:10:09,918 - INFO - Route download_progress success
2024-05-23 13:10:10,933 - INFO - Route download_progress success
2024-05-23 13:10:11,903 - INFO - Route download_progress success
2024-05-23 13:10:13,083 - INFO - Route download_progress success
2024-05-23 13:10:13,451 - INFO - table_update route successfully send data with flag 1
2024-05-23 13:10:14,060 - INFO - Route download_progress success
2024-05-23 13:10:14,991 - INFO - Route download_progress success
2024-05-23 13:10:15,926 - INFO - Route download_progress success
2024-05-23 13:10:16,903 - INFO - Route download_progress success
2024-05-23 13:10:17,897 - INFO - Route download_progress success
2024-05-23 13:10:18,295 - INFO - table_update route successfully send data with flag 1
2024-05-23 13:10:18,895 - INFO - Route download_progress success
2024-05-23 13:10:20,042 - INFO - Route download_progress success
2024-05-23 13:10:20,900 - INFO - Route download_progress success
2024-05-23 13:10:21,905 - INFO - Route download_progress success
2024-05-23 13:10:22,921 - INFO - Route download_progress success
2024-05-23 13:10:23,181 - INFO - table_update route successfully send data with flag 1
2024-05-23 13:10:23,904 - INFO - Route download_progress success
2024-05-23 13:10:24,915 - INFO - Route download_progress success
2024-05-23 13:10:25,927 - INFO - Route download_progress success
2024-05-23 13:10:26,893 - INFO - Route download_progress success
2024-05-23 13:10:27,941 - INFO - Route download_progress success
2024-05-23 13:10:28,397 - INFO - table_update route successfully send data with flag 1
2024-05-23 13:10:29,086 - INFO - Route download_progress success
2024-05-23 13:10:30,126 - INFO - Route download_progress success
2024-05-23 13:10:30,895 - INFO - Route download_progress success
2024-05-23 13:10:31,900 - INFO - Route download_progress success
2024-05-23 13:10:32,907 - INFO - Route download_progress success
2024-05-23 13:10:33,307 - INFO - table_update route successfully send data with flag 1
2024-05-23 13:10:33,918 - INFO - Route download_progress success
2024-05-23 13:10:34,991 - INFO - Route download_progress success
2024-05-23 13:10:35,918 - INFO - Route download_progress success
2024-05-23 13:10:36,894 - INFO - Route download_progress success
2024-05-23 13:10:37,892 - INFO - Route download_progress success
2024-05-23 13:10:38,209 - INFO - table_update route successfully send data with flag 1
2024-05-23 13:10:38,903 - INFO - Route download_progress success
2024-05-23 13:10:39,897 - INFO - Route download_progress success
2024-05-23 13:10:40,913 - INFO - Route download_progress success
2024-05-23 13:10:41,917 - INFO - Route download_progress success
2024-05-23 13:10:42,958 - INFO - Route download_progress success
2024-05-23 13:10:43,356 - INFO - table_update route successfully send data with flag 1
2024-05-23 13:10:44,016 - INFO - Route download_progress success
2024-05-23 13:10:44,961 - INFO - Route download_progress success
2024-05-23 13:10:46,090 - INFO - Route download_progress success
2024-05-23 13:10:46,896 - INFO - Route download_progress success
2024-05-23 13:10:47,961 - INFO - Route download_progress success
2024-05-23 13:10:48,358 - INFO - table_update route successfully send data with flag 1
2024-05-23 13:10:48,928 - INFO - Route download_progress success
2024-05-23 13:10:49,910 - INFO - Route download_progress success
2024-05-23 13:10:50,902 - INFO - Route download_progress success
2024-05-23 13:10:51,915 - INFO - Route download_progress success
2024-05-23 13:10:52,897 - INFO - Route download_progress success
2024-05-23 13:10:53,174 - INFO - table_update route successfully send data with flag 1
2024-05-23 13:10:53,917 - INFO - Route download_progress success
2024-05-23 13:10:54,909 - INFO - Route download_progress success
2024-05-23 13:10:55,898 - INFO - Route download_progress success
2024-05-23 13:10:56,925 - INFO - Route download_progress success
2024-05-23 13:10:58,051 - INFO - Route download_progress success
2024-05-23 13:10:58,398 - INFO - table_update route successfully send data with flag 1
2024-05-23 13:10:59,079 - INFO - Route download_progress success
2024-05-23 13:11:00,045 - INFO - Route download_progress success
2024-05-23 13:11:00,922 - INFO - Route download_progress success
2024-05-23 13:11:01,946 - INFO - Route download_progress success
2024-05-23 13:11:02,902 - INFO - Route download_progress success
2024-05-23 13:11:03,519 - INFO - table_update route successfully send data with flag 1
2024-05-23 13:11:04,048 - INFO - Route download_progress success
2024-05-23 13:11:04,893 - INFO - Route download_progress success
2024-05-23 13:11:05,964 - INFO - Route download_progress success
2024-05-23 13:11:06,928 - INFO - Route download_progress success
2024-05-23 13:11:07,897 - INFO - Route download_progress success
2024-05-23 13:11:08,228 - INFO - table_update route successfully send data with flag 1
2024-05-23 13:11:08,901 - INFO - Route download_progress success
2024-05-23 13:11:09,907 - INFO - Route download_progress success
2024-05-23 13:11:10,906 - INFO - Route download_progress success
2024-05-23 13:11:11,931 - INFO - Route download_progress success
2024-05-23 13:11:13,168 - INFO - Route download_progress success
2024-05-23 13:11:13,461 - INFO - table_update route successfully send data with flag 1
2024-05-23 13:11:13,949 - INFO - Route download_progress success
2024-05-23 13:11:15,094 - INFO - Route download_progress success
2024-05-23 13:11:15,929 - INFO - Route download_progress success
2024-05-23 13:11:16,921 - INFO - Route download_progress success
2024-05-23 13:11:17,895 - INFO - Route download_progress success
2024-05-23 13:11:18,262 - INFO - table_update route successfully send data with flag 1
2024-05-23 13:11:18,892 - INFO - Route download_progress success
2024-05-23 13:11:19,901 - INFO - Route download_progress success
2024-05-23 13:11:20,896 - INFO - Route download_progress success
2024-05-23 13:11:21,911 - INFO - Route download_progress success
2024-05-23 13:11:22,907 - INFO - Route download_progress success
2024-05-23 13:11:23,166 - INFO - table_update route successfully send data with flag 1
2024-05-23 13:11:23,908 - INFO - Route download_progress success
2024-05-23 13:11:24,910 - INFO - Route download_progress success
2024-05-23 13:11:25,892 - INFO - Route download_progress success
2024-05-23 13:11:26,896 - INFO - Route download_progress success
2024-05-23 13:11:28,116 - INFO - Route download_progress success
2024-05-23 13:11:28,401 - INFO - table_update route successfully send data with flag 1
2024-05-23 13:11:29,048 - INFO - Route download_progress success
2024-05-23 13:11:30,093 - INFO - Route download_progress success
2024-05-23 13:11:30,906 - INFO - Route download_progress success
2024-05-23 13:11:31,913 - INFO - Route download_progress success
2024-05-23 13:11:32,910 - INFO - Route download_progress success
2024-05-23 13:11:33,213 - INFO - table_update route successfully send data with flag 1
2024-05-23 13:11:34,015 - INFO - Route download_progress success
2024-05-23 13:11:34,899 - INFO - Route download_progress success
2024-05-23 13:11:36,024 - INFO - Route download_progress success
2024-05-23 13:11:36,914 - INFO - Route download_progress success
2024-05-23 13:11:37,888 - INFO - Route download_progress success
2024-05-23 13:11:38,236 - INFO - table_update route successfully send data with flag 1
2024-05-23 13:11:38,890 - INFO - Route download_progress success
2024-05-23 13:11:39,922 - INFO - Route download_progress success
2024-05-23 13:11:40,899 - INFO - Route download_progress success
2024-05-23 13:11:41,899 - INFO - Route download_progress success
2024-05-23 13:11:43,226 - INFO - Route download_progress success
2024-05-23 13:11:43,664 - INFO - table_update route successfully send data with flag 1
2024-05-23 13:11:43,972 - INFO - Route download_progress success
2024-05-23 13:11:45,057 - INFO - Route download_progress success
2024-05-23 13:11:45,944 - INFO - Route download_progress success
2024-05-23 13:11:46,922 - INFO - Route download_progress success
2024-05-23 13:11:47,904 - INFO - Route download_progress success
2024-05-23 13:11:48,326 - INFO - table_update route successfully send data with flag 1
2024-05-23 13:11:48,906 - INFO - Route download_progress success
2024-05-23 13:11:49,906 - INFO - Route download_progress success
2024-05-23 13:11:50,968 - INFO - Route download_progress success
2024-05-23 13:11:51,904 - INFO - Route download_progress success
2024-05-23 13:11:52,906 - INFO - Route download_progress success
2024-05-23 13:11:53,281 - INFO - table_update route successfully send data with flag 1
2024-05-23 13:11:53,922 - INFO - Route download_progress success
2024-05-23 13:11:54,917 - INFO - Route download_progress success
2024-05-23 13:11:55,935 - INFO - Route download_progress success
2024-05-23 13:11:56,918 - INFO - Route download_progress success
2024-05-23 13:11:57,985 - INFO - Route download_progress success
2024-05-23 13:11:58,405 - INFO - table_update route successfully send data with flag 1
2024-05-23 13:11:59,076 - INFO - Route download_progress success
2024-05-23 13:12:00,766 - INFO - Route download_progress success
2024-05-23 13:12:01,141 - INFO - Route download_progress success
2024-05-23 13:12:02,079 - INFO - Route download_progress success
2024-05-23 13:12:03,095 - INFO - Route download_progress success
2024-05-23 13:12:03,736 - INFO - table_update route successfully send data with flag 1
2024-05-23 13:12:04,089 - INFO - Route download_progress success
2024-05-23 13:12:05,135 - INFO - Route download_progress success
2024-05-23 13:12:06,092 - INFO - Route download_progress success
2024-05-23 13:12:07,085 - INFO - Route download_progress success
2024-05-23 13:12:08,109 - INFO - Route download_progress success
2024-05-23 13:12:08,723 - INFO - table_update route successfully send data with flag 1
2024-05-23 13:12:09,289 - INFO - Route download_progress success
2024-05-23 13:12:11,244 - INFO - Route download_progress success
2024-05-23 13:12:11,598 - INFO - Route download_progress success
2024-05-23 13:12:12,070 - INFO - Route download_progress success
2024-05-23 13:12:13,534 - INFO - Route download_progress success
