2024-05-23 18:16:14,091 - INFO - Function create_or_pass_folder error with flag 0 -- Function create_or_pass_folder error is::Value for one of the query parameters specified in the request URI is invalid.
RequestId:263377fd-e01e-005e-1e0f-ad8605000000
Time:2024-05-23T12:46:14.7524300Z
ErrorCode:InvalidQueryParameterValue
queryparametername:snapshot
queryparametervalue:san123
Content: <?xml version="1.0" encoding="utf-8"?>
<Error><Code>InvalidQueryParameterValue</Code><Message>Value for one of the query parameters specified in the request URI is invalid.
RequestId:263377fd-e01e-005e-1e0f-ad8605000000
Time:2024-05-23T12:46:14.7524300Z</Message><QueryParameterName>snapshot</QueryParameterName><QueryParameterValue>san123</QueryParameterValue></Error>
2024-05-23 18:16:14,091 - INFO - Function create_or_pass_folder Error creating folder'san123': Value for one of the query parameters specified in the request URI is invalid.
RequestId:263377fd-e01e-005e-1e0f-ad8605000000
Time:2024-05-23T12:46:14.7524300Z
ErrorCode:InvalidQueryParameterValue
queryparametername:snapshot
queryparametervalue:san123
Content: <?xml version="1.0" encoding="utf-8"?>
<Error><Code>InvalidQueryParameterValue</Code><Message>Value for one of the query parameters specified in the request URI is invalid.
RequestId:263377fd-e01e-005e-1e0f-ad8605000000
Time:2024-05-23T12:46:14.7524300Z</Message><QueryParameterName>snapshot</QueryParameterName><QueryParameterValue>san123</QueryParameterValue></Error> 
2024-05-23 18:16:14,638 - INFO - Function update_bar_chart_from_blob successfully Return blob_list with flag 1
2024-05-23 18:16:14,638 - INFO - User san123 logged in successfully with flag 1
2024-05-23 18:16:21,862 - INFO - Function update_bar_chart_from_blob successfully Return blob_list with flag 1
2024-05-23 18:16:23,817 - INFO - Route download_progress success
2024-05-23 18:16:23,856 - INFO - table_update route successfully send data with flag 1
2024-05-23 18:16:24,746 - INFO - Route download_progress success
2024-05-23 18:16:25,720 - INFO - Route download_progress success
2024-05-23 18:16:26,742 - INFO - Route download_progress success
2024-05-23 18:16:27,740 - INFO - Route download_progress success
2024-05-23 18:16:28,334 - INFO - table_update route successfully send data with flag 1
2024-05-23 18:16:28,712 - INFO - Route download_progress success
2024-05-23 18:16:29,738 - INFO - Route download_progress success
2024-05-23 18:16:30,720 - INFO - Route download_progress success
