2024-05-25 19:12:07,908 - INFO - Function create_or_pass_folder error with flag 0 -- Function create_or_pass_folder error is::Value for one of the query parameters specified in the request URI is invalid.
RequestId:0ac5d161-201e-0048-51a9-ae479b000000
Time:2024-05-25T13:42:09.5317675Z
ErrorCode:InvalidQueryParameterValue
queryparametername:snapshot
queryparametervalue:san123
Content: <?xml version="1.0" encoding="utf-8"?>
<Error><Code>InvalidQueryParameterValue</Code><Message>Value for one of the query parameters specified in the request URI is invalid.
RequestId:0ac5d161-201e-0048-51a9-ae479b000000
Time:2024-05-25T13:42:09.5317675Z</Message><QueryParameterName>snapshot</QueryParameterName><QueryParameterValue>san123</QueryParameterValue></Error>
2024-05-25 19:12:07,908 - INFO - Function create_or_pass_folder Error creating folder'san123': Value for one of the query parameters specified in the request URI is invalid.
RequestId:0ac5d161-201e-0048-51a9-ae479b000000
Time:2024-05-25T13:42:09.5317675Z
ErrorCode:InvalidQueryParameterValue
queryparametername:snapshot
queryparametervalue:san123
Content: <?xml version="1.0" encoding="utf-8"?>
<Error><Code>InvalidQueryParameterValue</Code><Message>Value for one of the query parameters specified in the request URI is invalid.
RequestId:0ac5d161-201e-0048-51a9-ae479b000000
Time:2024-05-25T13:42:09.5317675Z</Message><QueryParameterName>snapshot</QueryParameterName><QueryParameterValue>san123</QueryParameterValue></Error> 
2024-05-25 19:12:08,209 - INFO - Function update_bar_chart_from_blob successfully Return blob_list with flag 1
2024-05-25 19:12:08,209 - INFO - User san123 logged in successfully with flag 1
2024-05-25 19:12:08,627 - INFO - Function update_bar_chart_from_blob successfully Return blob_list with flag 1
2024-05-25 19:12:09,792 - INFO - table_update route successfully send data with flag 1
2024-05-25 19:12:10,273 - INFO - Route download_progress success
2024-05-25 19:12:11,274 - INFO - Route download_progress success
2024-05-25 19:12:12,294 - INFO - Route download_progress success
2024-05-25 19:12:13,319 - INFO - Route download_progress success
2024-05-25 19:12:14,361 - INFO - Route download_progress success
2024-05-25 19:12:14,792 - INFO - table_update route successfully send data with flag 1
2024-05-25 19:12:15,448 - INFO - Route download_progress success
2024-05-25 19:12:16,315 - INFO - Route download_progress success
2024-05-25 19:12:17,329 - INFO - Route download_progress success
2024-05-25 19:12:18,284 - INFO - Route download_progress success
2024-05-25 19:12:19,307 - INFO - Route download_progress success
2024-05-25 19:12:19,870 - INFO - table_update route successfully send data with flag 1
2024-05-25 19:12:20,306 - INFO - Route download_progress success
2024-05-25 19:12:21,288 - INFO - Route download_progress success
2024-05-25 19:12:22,306 - INFO - Route download_progress success
2024-05-25 19:12:23,278 - INFO - Route download_progress success
2024-05-25 19:12:24,282 - INFO - Route download_progress success
2024-05-25 19:12:24,689 - INFO - table_update route successfully send data with flag 1
2024-05-25 19:12:25,296 - INFO - Route download_progress success
2024-05-25 19:12:26,321 - INFO - Route download_progress success
2024-05-25 19:12:27,299 - INFO - Route download_progress success
2024-05-25 19:12:28,288 - INFO - Route download_progress success
2024-05-25 19:12:29,372 - INFO - Route download_progress success
2024-05-25 19:12:29,813 - INFO - table_update route successfully send data with flag 1
2024-05-25 19:12:30,347 - INFO - Route download_progress success
2024-05-25 19:12:31,310 - INFO - Route download_progress success
2024-05-25 19:12:32,841 - INFO - Route download_progress success
2024-05-25 19:12:34,014 - INFO - Route download_progress success
2024-05-25 19:12:35,033 - INFO - Route download_progress success
2024-05-25 19:12:35,404 - INFO - table_update route successfully send data with flag 1
2024-05-25 19:12:36,015 - INFO - Route download_progress success
2024-05-25 19:12:37,015 - INFO - Route download_progress success
2024-05-25 19:12:38,018 - INFO - Route download_progress success
2024-05-25 19:12:39,039 - INFO - Route download_progress success
2024-05-25 19:12:40,009 - INFO - Route download_progress success
2024-05-25 19:12:40,314 - INFO - table_update route successfully send data with flag 1
2024-05-25 19:12:41,035 - INFO - Route download_progress success
2024-05-25 19:12:42,079 - INFO - Route download_progress success
2024-05-25 19:12:43,019 - INFO - Route download_progress success
2024-05-25 19:12:43,576 - INFO - Route download_progress success
2024-05-25 19:12:44,495 - INFO - Route download_progress success
2024-05-25 19:12:44,822 - INFO - table_update route successfully send data with flag 1
2024-05-25 19:12:45,588 - INFO - Route download_progress success
2024-05-25 19:12:46,477 - INFO - Route download_progress success
2024-05-25 19:12:47,369 - INFO - Route download_progress success
2024-05-25 19:12:47,880 - INFO - Function update_bar_chart_from_blob successfully Return blob_list with flag 1
2024-05-25 19:12:49,098 - INFO - table_update route successfully send data with flag 1
2024-05-25 19:12:49,573 - INFO - Route download_progress success
2024-05-25 19:12:50,537 - INFO - Route download_progress success
2024-05-25 19:12:51,669 - INFO - Route download_progress success
2024-05-25 19:12:52,535 - INFO - Route download_progress success
2024-05-25 19:12:53,559 - INFO - Route download_progress success
2024-05-25 19:12:53,976 - INFO - table_update route successfully send data with flag 1
2024-05-25 19:12:54,561 - INFO - Route download_progress success
2024-05-25 19:12:55,548 - INFO - Route download_progress success
2024-05-25 19:12:56,549 - INFO - Route download_progress success
2024-05-25 19:12:57,551 - INFO - Route download_progress success
2024-05-25 19:12:58,539 - INFO - Route download_progress success
2024-05-25 19:12:59,008 - INFO - table_update route successfully send data with flag 1
2024-05-25 19:12:59,846 - INFO - Route download_progress success
2024-05-25 19:13:00,602 - INFO - Route download_progress success
2024-05-25 19:13:01,608 - INFO - Route download_progress success
2024-05-25 19:13:02,554 - INFO - Route download_progress success
2024-05-25 19:13:03,641 - INFO - Route download_progress success
2024-05-25 19:13:03,919 - INFO - table_update route successfully send data with flag 1
2024-05-25 19:13:04,536 - INFO - Route download_progress success
2024-05-25 19:13:05,536 - INFO - Route download_progress success
2024-05-25 19:13:06,541 - INFO - Route download_progress success
2024-05-25 19:13:07,579 - INFO - Route download_progress success
2024-05-25 19:13:08,565 - INFO - Route download_progress success
2024-05-25 19:13:08,901 - INFO - table_update route successfully send data with flag 1
2024-05-25 19:13:09,537 - INFO - Route download_progress success
2024-05-25 19:13:10,551 - INFO - Route download_progress success
2024-05-25 19:13:11,572 - INFO - Route download_progress success
2024-05-25 19:13:12,535 - INFO - Route download_progress success
2024-05-25 19:13:13,558 - INFO - Route download_progress success
2024-05-25 19:13:13,901 - INFO - table_update route successfully send data with flag 1
2024-05-25 19:13:14,588 - INFO - Route download_progress success
2024-05-25 19:13:15,634 - INFO - Route download_progress success
2024-05-25 19:13:17,384 - INFO - Route download_progress success
2024-05-25 19:13:18,016 - INFO - Route download_progress success
2024-05-25 19:13:19,031 - INFO - Route download_progress success
2024-05-25 19:13:19,333 - INFO - table_update route successfully send data with flag 1
2024-05-25 19:13:20,034 - INFO - Route download_progress success
2024-05-25 19:13:21,019 - INFO - Route download_progress success
2024-05-25 19:13:22,029 - INFO - Route download_progress success
2024-05-25 19:13:23,015 - INFO - Route download_progress success
2024-05-25 19:13:24,016 - INFO - Route download_progress success
2024-05-25 19:13:24,295 - INFO - table_update route successfully send data with flag 1
2024-05-25 19:13:25,034 - INFO - Route download_progress success
2024-05-25 19:13:26,037 - INFO - Route download_progress success
2024-05-25 19:13:27,024 - INFO - Route download_progress success
2024-05-25 19:13:28,042 - INFO - Route download_progress success
2024-05-25 19:13:29,029 - INFO - Route download_progress success
2024-05-25 19:13:29,302 - INFO - table_update route successfully send data with flag 1
2024-05-25 19:13:31,117 - INFO - Route download_progress success
2024-05-25 19:13:32,021 - INFO - Route download_progress success
2024-05-25 19:13:33,010 - INFO - Route download_progress success
2024-05-25 19:13:34,013 - INFO - Route download_progress success
2024-05-25 19:13:34,314 - INFO - table_update route successfully send data with flag 1
2024-05-25 19:13:35,031 - INFO - Route download_progress success
2024-05-25 19:13:36,019 - INFO - Route download_progress success
2024-05-25 19:13:37,032 - INFO - Route download_progress success
2024-05-25 19:13:37,534 - INFO - Route download_progress success
2024-05-25 19:13:38,535 - INFO - Route download_progress success
2024-05-25 19:13:38,908 - INFO - table_update route successfully send data with flag 1
2024-05-25 19:13:39,554 - INFO - Route download_progress success
2024-05-25 19:13:40,533 - INFO - Route download_progress success
2024-05-25 19:13:41,534 - INFO - Route download_progress success
2024-05-25 19:13:42,551 - INFO - Route download_progress success
2024-05-25 19:13:43,533 - INFO - Route download_progress success
2024-05-25 19:13:43,955 - INFO - table_update route successfully send data with flag 1
2024-05-25 19:13:44,713 - INFO - Route download_progress success
2024-05-25 19:13:45,610 - INFO - Route download_progress success
2024-05-25 19:13:46,758 - INFO - Route download_progress success
2024-05-25 19:13:47,550 - INFO - Route download_progress success
2024-05-25 19:13:48,549 - INFO - Route download_progress success
2024-05-25 19:13:48,966 - INFO - table_update route successfully send data with flag 1
2024-05-25 19:13:49,663 - INFO - Route download_progress success
2024-05-25 19:13:50,544 - INFO - Route download_progress success
2024-05-25 19:13:51,555 - INFO - Route download_progress success
2024-05-25 19:13:52,546 - INFO - Route download_progress success
2024-05-25 19:13:53,564 - INFO - Route download_progress success
2024-05-25 19:13:53,930 - INFO - table_update route successfully send data with flag 1
2024-05-25 19:13:54,554 - INFO - Route download_progress success
2024-05-25 19:13:55,540 - INFO - Route download_progress success
2024-05-25 19:13:56,563 - INFO - Route download_progress success
2024-05-25 19:13:57,549 - INFO - Route download_progress success
2024-05-25 19:13:58,566 - INFO - Route download_progress success
2024-05-25 19:13:58,898 - INFO - table_update route successfully send data with flag 1
2024-05-25 19:13:59,754 - INFO - Route download_progress success
2024-05-25 19:14:00,587 - INFO - Route download_progress success
2024-05-25 19:14:01,546 - INFO - Route download_progress success
2024-05-25 19:14:02,546 - INFO - Route download_progress success
2024-05-25 19:14:03,548 - INFO - Route download_progress success
2024-05-25 19:14:04,016 - INFO - table_update route successfully send data with flag 1
2024-05-25 19:14:04,564 - INFO - Route download_progress success
2024-05-25 19:14:05,542 - INFO - Route download_progress success
2024-05-25 19:14:06,567 - INFO - Route download_progress success
2024-05-25 19:14:07,552 - INFO - Route download_progress success
2024-05-25 19:14:08,530 - INFO - Route download_progress success
2024-05-25 19:14:08,914 - INFO - table_update route successfully send data with flag 1
2024-05-25 19:14:09,549 - INFO - Route download_progress success
2024-05-25 19:14:10,572 - INFO - Route download_progress success
2024-05-25 19:14:11,547 - INFO - Route download_progress success
2024-05-25 19:14:12,577 - INFO - Route download_progress success
2024-05-25 19:14:13,562 - INFO - Route download_progress success
2024-05-25 19:14:13,906 - INFO - table_update route successfully send data with flag 1
2024-05-25 19:14:14,632 - INFO - Route download_progress success
2024-05-25 19:14:15,619 - INFO - Route download_progress success
2024-05-25 19:14:16,837 - INFO - Route download_progress success
2024-05-25 19:14:17,551 - INFO - Route download_progress success
2024-05-25 19:14:18,545 - INFO - Route download_progress success
2024-05-25 19:14:18,947 - INFO - table_update route successfully send data with flag 1
2024-05-25 19:14:19,704 - INFO - Route download_progress success
2024-05-25 19:14:20,547 - INFO - Route download_progress success
2024-05-25 19:14:21,546 - INFO - Route download_progress success
2024-05-25 19:14:22,544 - INFO - Route download_progress success
2024-05-25 19:14:24,015 - INFO - Route download_progress success
2024-05-25 19:14:24,293 - INFO - table_update route successfully send data with flag 1
2024-05-25 19:14:25,064 - INFO - Route download_progress success
2024-05-25 19:14:26,051 - INFO - Route download_progress success
2024-05-25 19:14:27,206 - INFO - Route download_progress success
2024-05-25 19:14:28,014 - INFO - Route download_progress success
2024-05-25 19:14:29,179 - INFO - Route download_progress success
2024-05-25 19:14:32,749 - INFO - Route download_progress success
2024-05-25 19:14:33,111 - INFO - table_update route successfully send data with flag 1
2024-05-25 19:14:34,521 - INFO - Route download_progress success
2024-05-25 19:14:34,846 - INFO - table_update route successfully send data with flag 1
2024-05-25 19:14:36,049 - INFO - Route download_progress success
2024-05-25 19:14:37,662 - INFO - Route download_progress success
2024-05-25 19:14:39,007 - INFO - Route download_progress success
2024-05-25 19:14:39,359 - INFO - table_update route successfully send data with flag 1
2024-05-25 19:14:40,012 - INFO - Route download_progress success
2024-05-25 19:14:41,060 - INFO - Route download_progress success
2024-05-25 19:14:42,016 - INFO - Route download_progress success
2024-05-25 19:14:43,019 - INFO - Route download_progress success
2024-05-25 19:14:44,087 - INFO - Route download_progress success
2024-05-25 19:14:44,392 - INFO - table_update route successfully send data with flag 1
2024-05-25 19:14:49,370 - INFO - Route download_progress success
2024-05-25 19:14:49,690 - INFO - table_update route successfully send data with flag 1
2024-05-25 19:14:50,345 - INFO - Route download_progress success
2024-05-25 19:15:59,405 - INFO - Route download_progress success
2024-05-25 19:16:28,020 - INFO - Route download_progress success
2024-05-25 19:16:28,290 - INFO - table_update route successfully send data with flag 1
2024-05-25 19:16:47,303 - INFO - Route download_progress success
2024-05-25 19:16:47,534 - INFO - Route download_progress success
2024-05-25 19:16:47,602 - INFO - table_update route successfully send data with flag 1
2024-05-25 19:16:48,555 - INFO - Route download_progress success
2024-05-25 19:16:48,790 - INFO - Function update_bar_chart_from_blob successfully Return blob_list with flag 1
2024-05-25 19:16:50,009 - INFO - table_update route successfully send data with flag 1
2024-05-25 19:16:50,525 - INFO - Route download_progress success
2024-05-25 19:16:51,144 - INFO - table_update route successfully send data with flag 1
2024-05-25 19:16:51,518 - INFO - Route download_progress success
2024-05-25 19:16:52,517 - INFO - Route download_progress success
2024-05-25 19:16:53,523 - INFO - Route download_progress success
2024-05-25 19:16:54,520 - INFO - Route download_progress success
2024-05-25 19:16:54,930 - INFO - table_update route successfully send data with flag 1
2024-05-25 19:16:55,508 - INFO - Route download_progress success
2024-05-25 19:16:57,031 - INFO - Route download_progress success
2024-05-25 19:16:58,066 - INFO - Route download_progress success
2024-05-25 19:16:59,024 - INFO - Route download_progress success
2024-05-25 19:17:02,722 - INFO - Route download_progress success
2024-05-25 19:17:03,103 - INFO - table_update route successfully send data with flag 1
2024-05-25 19:17:04,092 - INFO - Route download_progress success
2024-05-25 19:17:04,634 - INFO - Route download_progress success
2024-05-25 19:17:04,941 - INFO - table_update route successfully send data with flag 1
2024-05-25 19:17:05,604 - INFO - Route download_progress success
2024-05-25 19:17:06,516 - INFO - Route download_progress success
2024-05-25 19:17:07,517 - INFO - Route download_progress success
2024-05-25 19:17:08,518 - INFO - Route download_progress success
2024-05-25 19:17:09,543 - INFO - Route download_progress success
2024-05-25 19:17:09,885 - INFO - table_update route successfully send data with flag 1
2024-05-25 19:17:10,513 - INFO - Route download_progress success
2024-05-25 19:17:11,541 - INFO - Route download_progress success
2024-05-25 19:17:12,513 - INFO - Route download_progress success
2024-05-25 19:17:13,541 - INFO - Route download_progress success
2024-05-25 19:17:14,590 - INFO - Route download_progress success
2024-05-25 19:17:14,955 - INFO - table_update route successfully send data with flag 1
2024-05-25 19:17:15,582 - INFO - Route download_progress success
2024-05-25 19:17:16,612 - INFO - Route download_progress success
2024-05-25 19:17:17,525 - INFO - Route download_progress success
2024-05-25 19:17:18,514 - INFO - Route download_progress success
2024-05-25 19:17:19,515 - INFO - Route download_progress success
2024-05-25 19:17:19,913 - INFO - table_update route successfully send data with flag 1
2024-05-25 19:17:20,515 - INFO - Route download_progress success
2024-05-25 19:17:21,525 - INFO - Route download_progress success
2024-05-25 19:17:22,527 - INFO - Route download_progress success
2024-05-25 19:17:23,544 - INFO - Route download_progress success
2024-05-25 19:17:24,531 - INFO - Route download_progress success
2024-05-25 19:17:24,932 - INFO - table_update route successfully send data with flag 1
2024-05-25 19:17:25,518 - INFO - Route download_progress success
2024-05-25 19:17:26,531 - INFO - Route download_progress success
2024-05-25 19:17:27,521 - INFO - Route download_progress success
2024-05-25 19:17:28,529 - INFO - Route download_progress success
2024-05-25 19:17:29,567 - INFO - Route download_progress success
2024-05-25 19:17:30,050 - INFO - table_update route successfully send data with flag 1
2024-05-25 19:17:30,597 - INFO - Route download_progress success
2024-05-25 19:17:31,712 - INFO - Route download_progress success
2024-05-25 19:17:32,515 - INFO - Route download_progress success
2024-05-25 19:17:33,515 - INFO - Route download_progress success
2024-05-25 19:17:34,516 - INFO - Route download_progress success
2024-05-25 19:17:35,063 - INFO - table_update route successfully send data with flag 1
2024-05-25 19:17:35,513 - INFO - Route download_progress success
2024-05-25 19:17:36,506 - INFO - Route download_progress success
2024-05-25 19:17:38,010 - INFO - Route download_progress success
2024-05-25 19:17:39,012 - INFO - Route download_progress success
2024-05-25 19:17:40,053 - INFO - Route download_progress success
2024-05-25 19:17:40,338 - INFO - table_update route successfully send data with flag 1
2024-05-25 19:17:41,040 - INFO - Route download_progress success
2024-05-25 19:17:42,020 - INFO - Route download_progress success
2024-05-25 19:17:43,040 - INFO - Route download_progress success
2024-05-25 19:17:44,009 - INFO - Route download_progress success
2024-05-25 19:17:46,684 - INFO - Route download_progress success
2024-05-25 19:17:47,063 - INFO - table_update route successfully send data with flag 1
2024-05-25 19:17:48,009 - INFO - Route download_progress success
2024-05-25 19:17:49,099 - INFO - Route download_progress success
2024-05-25 19:17:50,018 - INFO - Route download_progress success
2024-05-25 19:17:50,297 - INFO - table_update route successfully send data with flag 1
2024-05-25 19:17:51,036 - INFO - Route download_progress success
2024-05-25 19:17:52,020 - INFO - Route download_progress success
2024-05-25 19:17:53,022 - INFO - Route download_progress success
2024-05-25 19:17:54,040 - INFO - Route download_progress success
2024-05-25 19:17:55,042 - INFO - Route download_progress success
2024-05-25 19:17:55,344 - INFO - table_update route successfully send data with flag 1
2024-05-25 19:17:56,014 - INFO - Route download_progress success
2024-05-25 19:17:57,048 - INFO - Route download_progress success
2024-05-25 19:17:58,035 - INFO - Route download_progress success
2024-05-25 19:17:59,006 - INFO - Route download_progress success
2024-05-25 19:18:01,372 - INFO - Route download_progress success
2024-05-25 19:18:14,880 - INFO - Route download_progress success
2024-05-25 19:18:15,128 - INFO - table_update route successfully send data with flag 1
2024-05-25 19:18:15,770 - INFO - Route download_progress success
2024-05-25 19:18:16,615 - INFO - Route download_progress success
2024-05-25 19:18:17,595 - INFO - Route download_progress success
2024-05-25 19:18:18,520 - INFO - Route download_progress success
2024-05-25 19:18:19,534 - INFO - Route download_progress success
2024-05-25 19:18:19,908 - INFO - table_update route successfully send data with flag 1
2024-05-25 19:18:20,510 - INFO - Route download_progress success
2024-05-25 19:18:21,509 - INFO - Route download_progress success
2024-05-25 19:18:22,512 - INFO - Route download_progress success
2024-05-25 19:18:23,510 - INFO - Route download_progress success
2024-05-25 19:18:24,506 - INFO - Route download_progress success
2024-05-25 19:18:24,926 - INFO - table_update route successfully send data with flag 1
2024-05-25 19:18:25,511 - INFO - Route download_progress success
2024-05-25 19:18:26,509 - INFO - Route download_progress success
2024-05-25 19:18:27,516 - INFO - Route download_progress success
2024-05-25 19:18:29,024 - INFO - Route download_progress success
2024-05-25 19:18:30,925 - INFO - Route download_progress success
2024-05-25 19:18:31,091 - INFO - Route download_progress success
2024-05-25 19:18:31,293 - INFO - table_update route successfully send data with flag 1
2024-05-25 19:18:31,823 - INFO - Route download_progress success
2024-05-25 19:18:32,563 - INFO - Route download_progress success
2024-05-25 19:18:33,670 - INFO - Route download_progress success
2024-05-25 19:18:34,609 - INFO - Route download_progress success
2024-05-25 19:18:34,984 - INFO - table_update route successfully send data with flag 1
2024-05-25 19:18:35,599 - INFO - Route download_progress success
2024-05-25 19:18:36,577 - INFO - Route download_progress success
2024-05-25 19:18:37,820 - INFO - Route download_progress success
2024-05-25 19:18:38,670 - INFO - Route download_progress success
2024-05-25 19:18:39,568 - INFO - Route download_progress success
2024-05-25 19:18:39,952 - INFO - table_update route successfully send data with flag 1
2024-05-25 19:18:40,506 - INFO - Route download_progress success
2024-05-25 19:18:41,513 - INFO - Route download_progress success
2024-05-25 19:18:42,528 - INFO - Route download_progress success
2024-05-25 19:18:43,516 - INFO - Route download_progress success
2024-05-25 19:18:44,544 - INFO - Route download_progress success
2024-05-25 19:18:44,974 - INFO - table_update route successfully send data with flag 1
2024-05-25 19:18:45,506 - INFO - Route download_progress success
2024-05-25 19:18:46,611 - INFO - Route download_progress success
2024-05-25 19:18:47,575 - INFO - Route download_progress success
2024-05-25 19:18:48,553 - INFO - Route download_progress success
2024-05-25 19:18:49,554 - INFO - Route download_progress success
2024-05-25 19:18:50,034 - INFO - table_update route successfully send data with flag 1
2024-05-25 19:18:50,515 - INFO - Route download_progress success
2024-05-25 19:18:51,513 - INFO - Route download_progress success
2024-05-25 19:18:52,578 - INFO - Route download_progress success
2024-05-25 19:18:53,505 - INFO - Route download_progress success
2024-05-25 19:18:54,505 - INFO - Route download_progress success
2024-05-25 19:18:54,906 - INFO - table_update route successfully send data with flag 1
2024-05-25 19:18:56,024 - INFO - Route download_progress success
2024-05-25 19:18:57,026 - INFO - Route download_progress success
2024-05-25 19:18:58,043 - INFO - Route download_progress success
2024-05-25 19:18:59,031 - INFO - Route download_progress success
2024-05-25 19:19:00,024 - INFO - Route download_progress success
2024-05-25 19:19:00,387 - INFO - table_update route successfully send data with flag 1
2024-05-25 19:19:01,096 - INFO - Route download_progress success
2024-05-25 19:19:02,336 - INFO - Route download_progress success
2024-05-25 19:19:03,539 - INFO - Route download_progress success
