2024-05-25 18:48:32,015 - INFO - Function create_or_pass_folder error with flag 0 -- Function create_or_pass_folder error is::Value for one of the query parameters specified in the request URI is invalid.
RequestId:7a51b17a-d01e-0019-79a6-ae596e000000
Time:2024-05-25T13:18:33.6093799Z
ErrorCode:InvalidQueryParameterValue
queryparametername:snapshot
queryparametervalue:san123
Content: <?xml version="1.0" encoding="utf-8"?>
<Error><Code>InvalidQueryParameterValue</Code><Message>Value for one of the query parameters specified in the request URI is invalid.
RequestId:7a51b17a-d01e-0019-79a6-ae596e000000
Time:2024-05-25T13:18:33.6093799Z</Message><QueryParameterName>snapshot</QueryParameterName><QueryParameterValue>san123</QueryParameterValue></Error>
2024-05-25 18:48:32,015 - INFO - Function create_or_pass_folder Error creating folder'san123': Value for one of the query parameters specified in the request URI is invalid.
RequestId:7a51b17a-d01e-0019-79a6-ae596e000000
Time:2024-05-25T13:18:33.6093799Z
ErrorCode:InvalidQueryParameterValue
queryparametername:snapshot
queryparametervalue:san123
Content: <?xml version="1.0" encoding="utf-8"?>
<Error><Code>InvalidQueryParameterValue</Code><Message>Value for one of the query parameters specified in the request URI is invalid.
RequestId:7a51b17a-d01e-0019-79a6-ae596e000000
Time:2024-05-25T13:18:33.6093799Z</Message><QueryParameterName>snapshot</QueryParameterName><QueryParameterValue>san123</QueryParameterValue></Error> 
2024-05-25 18:48:32,284 - INFO - Function update_bar_chart_from_blob successfully Return blob_list with flag 1
2024-05-25 18:48:32,284 - INFO - User san123 logged in successfully with flag 1
2024-05-25 18:48:32,629 - INFO - Function update_bar_chart_from_blob successfully Return blob_list with flag 1
2024-05-25 18:48:34,166 - INFO - table_update route successfully send data with flag 1
2024-05-25 18:48:34,596 - INFO - Route download_progress success
2024-05-25 18:48:35,574 - INFO - Route download_progress success
2024-05-25 18:48:36,576 - INFO - Route download_progress success
2024-05-25 18:48:37,579 - INFO - Route download_progress success
2024-05-25 18:48:38,577 - INFO - Route download_progress success
2024-05-25 18:48:39,204 - INFO - table_update route successfully send data with flag 1
2024-05-25 18:48:39,584 - INFO - Route download_progress success
2024-05-25 18:48:40,583 - INFO - Route download_progress success
2024-05-25 18:48:41,613 - INFO - Route download_progress success
2024-05-25 18:48:42,591 - INFO - Route download_progress success
2024-05-25 18:48:43,690 - INFO - Route download_progress success
2024-05-25 18:48:44,215 - INFO - table_update route successfully send data with flag 1
2024-05-25 18:48:44,677 - INFO - Route download_progress success
2024-05-25 18:48:45,573 - INFO - Route download_progress success
2024-05-25 18:48:46,591 - INFO - Route download_progress success
2024-05-25 18:48:47,578 - INFO - Route download_progress success
2024-05-25 18:48:48,576 - INFO - Route download_progress success
2024-05-25 18:48:49,066 - INFO - table_update route successfully send data with flag 1
2024-05-25 18:48:49,583 - INFO - Route download_progress success
2024-05-25 18:48:50,577 - INFO - Route download_progress success
2024-05-25 18:48:52,027 - INFO - Route download_progress success
2024-05-25 18:48:53,235 - INFO - Route download_progress success
2024-05-25 18:48:53,595 - INFO - Route download_progress success
2024-05-25 18:48:54,339 - INFO - table_update route successfully send data with flag 1
2024-05-25 18:48:54,786 - INFO - Route download_progress success
2024-05-25 18:48:55,743 - INFO - Route download_progress success
2024-05-25 18:48:57,089 - INFO - Route download_progress success
2024-05-25 18:48:58,962 - INFO - Route download_progress success
2024-05-25 18:48:59,609 - INFO - table_update route successfully send data with flag 1
2024-05-25 18:48:59,790 - INFO - Route download_progress success
2024-05-25 18:49:00,585 - INFO - Route download_progress success
2024-05-25 18:49:01,669 - INFO - Route download_progress success
2024-05-25 18:49:02,592 - INFO - Route download_progress success
2024-05-25 18:49:03,637 - INFO - Route download_progress success
2024-05-25 18:49:04,068 - INFO - table_update route successfully send data with flag 1
2024-05-25 18:49:04,585 - INFO - Route download_progress success
2024-05-25 18:49:05,582 - INFO - Route download_progress success
2024-05-25 18:49:06,578 - INFO - Route download_progress success
2024-05-25 18:49:07,587 - INFO - Route download_progress success
2024-05-25 18:49:08,660 - INFO - Route download_progress success
2024-05-25 18:49:09,150 - INFO - table_update route successfully send data with flag 1
2024-05-25 18:49:09,715 - INFO - Route download_progress success
2024-05-25 18:49:10,610 - INFO - Route download_progress success
2024-05-25 18:49:11,587 - INFO - Route download_progress success
2024-05-25 18:49:12,576 - INFO - Route download_progress success
2024-05-25 18:49:13,588 - INFO - Route download_progress success
2024-05-25 18:49:14,108 - INFO - table_update route successfully send data with flag 1
2024-05-25 18:49:14,598 - INFO - Route download_progress success
2024-05-25 18:49:15,574 - INFO - Route download_progress success
2024-05-25 18:49:16,574 - INFO - Route download_progress success
2024-05-25 18:49:17,580 - INFO - Route download_progress success
2024-05-25 18:49:18,580 - INFO - Route download_progress success
2024-05-25 18:49:19,215 - INFO - table_update route successfully send data with flag 1
2024-05-25 18:49:19,576 - INFO - Route download_progress success
2024-05-25 18:49:20,593 - INFO - Route download_progress success
2024-05-25 18:49:21,586 - INFO - Route download_progress success
2024-05-25 18:49:22,586 - INFO - Route download_progress success
2024-05-25 18:49:23,672 - INFO - Route download_progress success
2024-05-25 18:49:24,260 - INFO - table_update route successfully send data with flag 1
2024-05-25 18:49:24,617 - INFO - Route download_progress success
2024-05-25 18:49:25,806 - INFO - Route download_progress success
2024-05-25 18:49:26,578 - INFO - Route download_progress success
2024-05-25 18:49:27,586 - INFO - Route download_progress success
2024-05-25 18:49:28,577 - INFO - Route download_progress success
2024-05-25 18:49:29,153 - INFO - table_update route successfully send data with flag 1
2024-05-25 18:49:29,575 - INFO - Route download_progress success
2024-05-25 18:49:30,572 - INFO - Route download_progress success
2024-05-25 18:49:31,578 - INFO - Route download_progress success
2024-05-25 18:49:32,592 - INFO - Route download_progress success
2024-05-25 18:49:33,578 - INFO - Route download_progress success
2024-05-25 18:49:34,077 - INFO - table_update route successfully send data with flag 1
2024-05-25 18:49:34,575 - INFO - Route download_progress success
2024-05-25 18:49:35,593 - INFO - Route download_progress success
2024-05-25 18:49:36,591 - INFO - Route download_progress success
2024-05-25 18:49:37,599 - INFO - Route download_progress success
2024-05-25 18:49:38,676 - INFO - Route download_progress success
2024-05-25 18:49:39,197 - INFO - table_update route successfully send data with flag 1
2024-05-25 18:49:39,648 - INFO - Route download_progress success
2024-05-25 18:49:40,613 - INFO - Route download_progress success
2024-05-25 18:49:41,582 - INFO - Route download_progress success
2024-05-25 18:49:42,571 - INFO - Route download_progress success
2024-05-25 18:49:43,669 - INFO - Route download_progress success
2024-05-25 18:49:44,168 - INFO - table_update route successfully send data with flag 1
2024-05-25 18:49:44,611 - INFO - Route download_progress success
2024-05-25 18:49:45,596 - INFO - Route download_progress success
2024-05-25 18:49:46,587 - INFO - Route download_progress success
2024-05-25 18:49:47,598 - INFO - Route download_progress success
2024-05-25 18:49:48,595 - INFO - Route download_progress success
2024-05-25 18:49:49,082 - INFO - table_update route successfully send data with flag 1
2024-05-25 18:49:49,602 - INFO - Route download_progress success
2024-05-25 18:49:50,580 - INFO - Route download_progress success
2024-05-25 18:49:51,605 - INFO - Route download_progress success
2024-05-25 18:49:52,605 - INFO - Route download_progress success
2024-05-25 18:49:53,765 - INFO - Route download_progress success
2024-05-25 18:49:54,155 - INFO - table_update route successfully send data with flag 1
2024-05-25 18:49:54,621 - INFO - Route download_progress success
2024-05-25 18:49:55,620 - INFO - Route download_progress success
2024-05-25 18:49:56,580 - INFO - Route download_progress success
2024-05-25 18:49:57,584 - INFO - Route download_progress success
2024-05-25 18:49:58,581 - INFO - Route download_progress success
2024-05-25 18:49:59,160 - INFO - table_update route successfully send data with flag 1
2024-05-25 18:49:59,568 - INFO - Route download_progress success
2024-05-25 18:50:00,576 - INFO - Route download_progress success
2024-05-25 18:50:01,578 - INFO - Route download_progress success
2024-05-25 18:50:02,576 - INFO - Route download_progress success
2024-05-25 18:50:03,608 - INFO - Route download_progress success
2024-05-25 18:50:04,072 - INFO - table_update route successfully send data with flag 1
2024-05-25 18:50:04,611 - INFO - Route download_progress success
2024-05-25 18:50:05,732 - INFO - Route download_progress success
2024-05-25 18:50:06,714 - INFO - Route download_progress success
2024-05-25 18:50:07,699 - INFO - Route download_progress success
2024-05-25 18:50:09,208 - INFO - Route download_progress success
2024-05-25 18:50:09,649 - INFO - table_update route successfully send data with flag 1
2024-05-25 18:50:09,768 - INFO - Route download_progress success
2024-05-25 18:50:11,962 - INFO - Route download_progress success
2024-05-25 18:50:12,390 - INFO - Route download_progress success
2024-05-25 18:50:12,781 - INFO - Route download_progress success
2024-05-25 18:50:13,801 - INFO - Route download_progress success
2024-05-25 18:50:14,520 - INFO - table_update route successfully send data with flag 1
2024-05-25 18:50:14,587 - INFO - Route download_progress success
2024-05-25 18:50:15,579 - INFO - Route download_progress success
2024-05-25 18:50:16,575 - INFO - Route download_progress success
2024-05-25 18:50:17,603 - INFO - Route download_progress success
2024-05-25 18:50:18,571 - INFO - Route download_progress success
2024-05-25 18:50:19,077 - INFO - table_update route successfully send data with flag 1
2024-05-25 18:50:19,435 - INFO - Function update_bar_chart_from_blob successfully Return blob_list with flag 1
2024-05-25 18:50:19,578 - INFO - Route download_progress success
2024-05-25 18:50:19,740 - INFO - Function update_bar_chart_from_blob successfully Return blob_list with flag 1
2024-05-25 18:50:19,741 - INFO - delete for delete/<file_name> route deleted successfully with flag 1
2024-05-25 18:50:20,151 - INFO - table_update route successfully send data with flag 1
2024-05-25 18:50:20,578 - INFO - Route download_progress success
2024-05-25 18:50:21,571 - INFO - Route download_progress success
2024-05-25 18:50:22,572 - INFO - Route download_progress success
2024-05-25 18:50:23,768 - INFO - Route download_progress success
2024-05-25 18:50:24,252 - INFO - table_update route successfully send data with flag 1
2024-05-25 18:50:24,889 - INFO - Route download_progress success
2024-05-25 18:50:25,715 - INFO - Route download_progress success
2024-05-25 18:50:26,675 - INFO - Route download_progress success
2024-05-25 18:50:27,633 - INFO - Route download_progress success
2024-05-25 18:50:28,570 - INFO - Route download_progress success
2024-05-25 18:50:29,059 - INFO - table_update route successfully send data with flag 1
2024-05-25 18:50:29,680 - INFO - Route download_progress success
2024-05-25 18:50:30,574 - INFO - Route download_progress success
2024-05-25 18:50:31,577 - INFO - Route download_progress success
2024-05-25 18:50:32,581 - INFO - Route download_progress success
2024-05-25 18:50:33,614 - INFO - Route download_progress success
2024-05-25 18:50:34,182 - INFO - table_update route successfully send data with flag 1
2024-05-25 18:50:34,621 - INFO - Route download_progress success
2024-05-25 18:50:35,571 - INFO - Route download_progress success
2024-05-25 18:50:36,585 - INFO - Route download_progress success
2024-05-25 18:50:37,615 - INFO - Route download_progress success
2024-05-25 18:50:38,678 - INFO - Route download_progress success
2024-05-25 18:50:39,197 - INFO - table_update route successfully send data with flag 1
2024-05-25 18:50:39,650 - INFO - Route download_progress success
2024-05-25 18:50:40,590 - INFO - Route download_progress success
2024-05-25 18:50:41,679 - INFO - Route download_progress success
2024-05-25 18:50:42,590 - INFO - Route download_progress success
2024-05-25 18:50:43,584 - INFO - Route download_progress success
2024-05-25 18:50:44,118 - INFO - table_update route successfully send data with flag 1
2024-05-25 18:50:44,571 - INFO - Route download_progress success
2024-05-25 18:50:45,579 - INFO - Route download_progress success
2024-05-25 18:50:46,598 - INFO - Route download_progress success
2024-05-25 18:50:47,617 - INFO - Route download_progress success
2024-05-25 18:50:48,583 - INFO - Route download_progress success
2024-05-25 18:50:49,136 - INFO - table_update route successfully send data with flag 1
2024-05-25 18:50:49,609 - INFO - Route download_progress success
2024-05-25 18:50:50,583 - INFO - Route download_progress success
2024-05-25 18:50:51,580 - INFO - Route download_progress success
2024-05-25 18:50:52,590 - INFO - Route download_progress success
2024-05-25 18:50:53,664 - INFO - Route download_progress success
2024-05-25 18:50:54,156 - INFO - table_update route successfully send data with flag 1
2024-05-25 18:50:54,719 - INFO - Route download_progress success
2024-05-25 18:50:55,573 - INFO - Route download_progress success
2024-05-25 18:50:56,572 - INFO - Route download_progress success
2024-05-25 18:50:57,568 - INFO - Route download_progress success
2024-05-25 18:50:58,577 - INFO - Route download_progress success
2024-05-25 18:50:59,063 - INFO - table_update route successfully send data with flag 1
2024-05-25 18:50:59,584 - INFO - Route download_progress success
2024-05-25 18:51:00,573 - INFO - Route download_progress success
2024-05-25 18:51:01,575 - INFO - Route download_progress success
2024-05-25 18:51:02,581 - INFO - Route download_progress success
2024-05-25 18:51:03,618 - INFO - Route download_progress success
2024-05-25 18:51:04,044 - INFO - table_update route successfully send data with flag 1
2024-05-25 18:51:04,573 - INFO - Route download_progress success
2024-05-25 18:51:05,595 - INFO - Route download_progress success
2024-05-25 18:51:06,587 - INFO - Route download_progress success
2024-05-25 18:51:07,586 - INFO - Route download_progress success
2024-05-25 18:51:08,690 - INFO - Route download_progress success
2024-05-25 18:51:09,309 - INFO - table_update route successfully send data with flag 1
2024-05-25 18:51:10,265 - INFO - Route download_progress success
2024-05-25 18:51:11,038 - INFO - Route download_progress success
2024-05-25 18:51:12,335 - INFO - Route download_progress success
2024-05-25 18:51:13,089 - INFO - Route download_progress success
2024-05-25 18:51:14,800 - INFO - Route download_progress success
2024-05-25 18:51:15,228 - INFO - table_update route successfully send data with flag 1
2024-05-25 18:51:16,041 - INFO - Route download_progress success
2024-05-25 18:51:17,025 - INFO - Route download_progress success
2024-05-25 18:51:18,041 - INFO - Route download_progress success
2024-05-25 18:51:19,026 - INFO - Route download_progress success
2024-05-25 18:51:19,340 - INFO - table_update route successfully send data with flag 1
2024-05-25 18:51:20,053 - INFO - Route download_progress success
2024-05-25 18:51:21,023 - INFO - Route download_progress success
2024-05-25 18:51:22,034 - INFO - Route download_progress success
2024-05-25 18:51:23,024 - INFO - Route download_progress success
2024-05-25 18:51:24,051 - INFO - Route download_progress success
2024-05-25 18:51:24,354 - INFO - table_update route successfully send data with flag 1
2024-05-25 18:51:25,042 - INFO - Route download_progress success
2024-05-25 18:51:26,017 - INFO - Route download_progress success
2024-05-25 18:51:27,049 - INFO - Route download_progress success
2024-05-25 18:51:28,054 - INFO - Route download_progress success
2024-05-25 18:51:29,059 - INFO - Route download_progress success
2024-05-25 18:51:29,373 - INFO - table_update route successfully send data with flag 1
2024-05-25 18:51:30,028 - INFO - Route download_progress success
2024-05-25 18:51:31,046 - INFO - Route download_progress success
2024-05-25 18:51:32,034 - INFO - Route download_progress success
2024-05-25 18:51:33,037 - INFO - Route download_progress success
2024-05-25 18:51:34,031 - INFO - Route download_progress success
2024-05-25 18:51:34,300 - INFO - table_update route successfully send data with flag 1
2024-05-25 18:51:35,029 - INFO - Route download_progress success
2024-05-25 18:51:36,061 - INFO - Route download_progress success
2024-05-25 18:51:37,025 - INFO - Route download_progress success
2024-05-25 18:51:38,031 - INFO - Route download_progress success
2024-05-25 18:51:39,045 - INFO - Route download_progress success
2024-05-25 18:51:39,325 - INFO - table_update route successfully send data with flag 1
2024-05-25 18:51:41,869 - INFO - Route download_progress success
2024-05-25 18:51:43,877 - INFO - Route download_progress success
2024-05-25 18:51:44,225 - INFO - table_update route successfully send data with flag 1
2024-05-25 18:51:45,643 - INFO - Route download_progress success
2024-05-25 18:51:47,024 - INFO - Route download_progress success
2024-05-25 18:51:48,270 - INFO - Route download_progress success
2024-05-25 18:51:49,024 - INFO - Route download_progress success
2024-05-25 18:51:49,443 - INFO - table_update route successfully send data with flag 1
2024-05-25 18:51:50,044 - INFO - Route download_progress success
2024-05-25 18:51:51,422 - INFO - Route download_progress success
2024-05-25 18:51:52,591 - INFO - Route download_progress success
2024-05-25 18:51:53,529 - INFO - Route download_progress success
2024-05-25 18:51:54,015 - INFO - Route download_progress success
2024-05-25 18:51:54,360 - INFO - table_update route successfully send data with flag 1
2024-05-25 18:51:55,018 - INFO - Route download_progress success
2024-05-25 18:51:56,025 - INFO - Route download_progress success
