2024-05-25 20:01:54,919 - INFO - Function create_or_pass_folder error with flag 0 -- Function create_or_pass_folder error is::Value for one of the query parameters specified in the request URI is invalid.
RequestId:459fa3aa-d01e-0074-73b0-aef340000000
Time:2024-05-25T14:31:56.5188270Z
ErrorCode:InvalidQueryParameterValue
queryparametername:snapshot
queryparametervalue:san123
Content: <?xml version="1.0" encoding="utf-8"?>
<Error><Code>InvalidQueryParameterValue</Code><Message>Value for one of the query parameters specified in the request URI is invalid.
RequestId:459fa3aa-d01e-0074-73b0-aef340000000
Time:2024-05-25T14:31:56.5188270Z</Message><QueryParameterName>snapshot</QueryParameterName><QueryParameterValue>san123</QueryParameterValue></Error>
2024-05-25 20:01:54,919 - INFO - Function create_or_pass_folder Error creating folder'san123': Value for one of the query parameters specified in the request URI is invalid.
RequestId:459fa3aa-d01e-0074-73b0-aef340000000
Time:2024-05-25T14:31:56.5188270Z
ErrorCode:InvalidQueryParameterValue
queryparametername:snapshot
queryparametervalue:san123
Content: <?xml version="1.0" encoding="utf-8"?>
<Error><Code>InvalidQueryParameterValue</Code><Message>Value for one of the query parameters specified in the request URI is invalid.
RequestId:459fa3aa-d01e-0074-73b0-aef340000000
Time:2024-05-25T14:31:56.5188270Z</Message><QueryParameterName>snapshot</QueryParameterName><QueryParameterValue>san123</QueryParameterValue></Error> 
2024-05-25 20:01:55,332 - INFO - Function update_bar_chart_from_blob successfully Return blob_list with flag 1
2024-05-25 20:01:55,332 - INFO - User san123 logged in successfully with flag 1
2024-05-25 20:01:55,639 - INFO - Function update_bar_chart_from_blob successfully Return blob_list with flag 1
2024-05-25 20:01:56,663 - INFO - table_update route successfully send data with flag 1
2024-05-25 20:01:57,150 - INFO - Route download_progress success
2024-05-25 20:01:58,158 - INFO - Route download_progress success
2024-05-25 20:01:59,148 - INFO - Route download_progress success
2024-05-25 20:02:00,151 - INFO - Route download_progress success
2024-05-25 20:02:01,150 - INFO - Route download_progress success
2024-05-25 20:02:01,615 - INFO - table_update route successfully send data with flag 1
2024-05-25 20:02:02,252 - INFO - Route download_progress success
2024-05-25 20:02:03,203 - INFO - Route download_progress success
2024-05-25 20:02:04,152 - INFO - Route download_progress success
2024-05-25 20:02:05,276 - INFO - Route download_progress success
2024-05-25 20:02:06,175 - INFO - Route download_progress success
2024-05-25 20:02:06,602 - INFO - table_update route successfully send data with flag 1
2024-05-25 20:02:07,150 - INFO - Route download_progress success
2024-05-25 20:02:08,152 - INFO - Route download_progress success
2024-05-25 20:02:09,153 - INFO - Route download_progress success
2024-05-25 20:02:10,152 - INFO - Route download_progress success
2024-05-25 20:02:11,148 - INFO - Route download_progress success
2024-05-25 20:02:11,601 - INFO - table_update route successfully send data with flag 1
2024-05-25 20:02:12,150 - INFO - Route download_progress success
2024-05-25 20:02:13,152 - INFO - Route download_progress success
2024-05-25 20:02:14,155 - INFO - Route download_progress success
2024-05-25 20:02:15,150 - INFO - Route download_progress success
2024-05-25 20:02:16,151 - INFO - Route download_progress success
2024-05-25 20:02:16,632 - INFO - table_update route successfully send data with flag 1
2024-05-25 20:02:17,171 - INFO - Route download_progress success
2024-05-25 20:02:18,242 - INFO - Route download_progress success
2024-05-25 20:02:19,398 - INFO - Route download_progress success
2024-05-25 20:02:20,317 - INFO - Route download_progress success
2024-05-25 20:02:21,354 - INFO - Route download_progress success
2024-05-25 20:02:21,889 - INFO - table_update route successfully send data with flag 1
2024-05-25 20:02:22,564 - INFO - Route download_progress success
2024-05-25 20:02:23,252 - INFO - Route download_progress success
2024-05-25 20:02:24,228 - INFO - Route download_progress success
2024-05-25 20:02:25,161 - INFO - Route download_progress success
2024-05-25 20:02:26,149 - INFO - Route download_progress success
2024-05-25 20:02:26,581 - INFO - table_update route successfully send data with flag 1
2024-05-25 20:02:27,136 - INFO - Route download_progress success
2024-05-25 20:02:28,154 - INFO - Route download_progress success
2024-05-25 20:02:29,141 - INFO - Route download_progress success
2024-05-25 20:02:30,166 - INFO - Route download_progress success
2024-05-25 20:02:30,550 - INFO - Function update_bar_chart_from_blob successfully Return blob_list with flag 1
2024-05-25 20:02:30,868 - INFO - Function update_bar_chart_from_blob successfully Return blob_list with flag 1
2024-05-25 20:02:30,868 - INFO - delete for delete/<file_name> route deleted successfully with flag 1
2024-05-25 20:02:31,147 - INFO - Route download_progress success
2024-05-25 20:02:31,216 - INFO - table_update route successfully send data with flag 1
2024-05-25 20:02:31,570 - INFO - table_update route successfully send data with flag 1
2024-05-25 20:02:32,175 - INFO - Route download_progress success
2024-05-25 20:02:35,817 - INFO - Route download_progress success
2024-05-25 20:02:37,023 - INFO - Route download_progress success
2024-05-25 20:02:37,414 - INFO - table_update route successfully send data with flag 1
2024-05-25 20:02:38,024 - INFO - Route download_progress success
2024-05-25 20:02:39,016 - INFO - Route download_progress success
2024-05-25 20:02:40,023 - INFO - Route download_progress success
2024-05-25 20:02:41,023 - INFO - Route download_progress success
2024-05-25 20:02:42,041 - INFO - Route download_progress success
2024-05-25 20:02:42,325 - INFO - table_update route successfully send data with flag 1
2024-05-25 20:02:43,042 - INFO - Route download_progress success
2024-05-25 20:02:44,014 - INFO - Route download_progress success
2024-05-25 20:02:45,053 - INFO - Route download_progress success
2024-05-25 20:02:46,044 - INFO - Route download_progress success
2024-05-25 20:02:48,668 - INFO - Route download_progress success
2024-05-25 20:02:48,998 - INFO - table_update route successfully send data with flag 1
2024-05-25 20:02:49,345 - INFO - Route download_progress success
2024-05-25 20:03:02,223 - INFO - Route download_progress success
2024-05-25 20:04:12,788 - INFO - Route download_progress success
2024-05-25 20:04:13,171 - INFO - table_update route successfully send data with flag 1
2024-05-25 20:04:13,186 - INFO - Route download_progress success
2024-05-25 20:04:13,572 - INFO - Function update_bar_chart_from_blob successfully Return blob_list with flag 1
2024-05-25 20:04:14,698 - INFO - table_update route successfully send data with flag 1
2024-05-25 20:04:15,113 - INFO - Route download_progress success
2024-05-25 20:04:16,176 - INFO - Route download_progress success
2024-05-25 20:04:17,306 - INFO - Route download_progress success
2024-05-25 20:04:18,196 - INFO - Route download_progress success
2024-05-25 20:04:19,260 - INFO - Route download_progress success
2024-05-25 20:04:19,719 - INFO - table_update route successfully send data with flag 1
2024-05-25 20:04:20,136 - INFO - Route download_progress success
2024-05-25 20:04:21,121 - INFO - Route download_progress success
2024-05-25 20:04:22,260 - INFO - Route download_progress success
2024-05-25 20:04:23,123 - INFO - Route download_progress success
2024-05-25 20:04:24,117 - INFO - Route download_progress success
2024-05-25 20:04:24,518 - INFO - table_update route successfully send data with flag 1
2024-05-25 20:04:25,127 - INFO - Route download_progress success
2024-05-25 20:04:26,161 - INFO - Route download_progress success
2024-05-25 20:04:27,124 - INFO - Route download_progress success
2024-05-25 20:04:28,121 - INFO - Route download_progress success
2024-05-25 20:04:29,143 - INFO - Route download_progress success
2024-05-25 20:04:29,660 - INFO - table_update route successfully send data with flag 1
2024-05-25 20:04:30,123 - INFO - Route download_progress success
2024-05-25 20:04:31,122 - INFO - Route download_progress success
2024-05-25 20:04:32,141 - INFO - Route download_progress success
2024-05-25 20:04:35,471 - INFO - Route download_progress success
2024-05-25 20:04:35,853 - INFO - table_update route successfully send data with flag 1
2024-05-25 20:04:37,025 - INFO - Route download_progress success
2024-05-25 20:04:38,022 - INFO - Route download_progress success
2024-05-25 20:04:39,010 - INFO - Route download_progress success
2024-05-25 20:04:40,046 - INFO - Route download_progress success
2024-05-25 20:04:40,386 - INFO - table_update route successfully send data with flag 1
2024-05-25 20:04:41,017 - INFO - Route download_progress success
2024-05-25 20:04:42,042 - INFO - Route download_progress success
2024-05-25 20:04:58,073 - INFO - Route download_progress success
2024-05-25 20:04:58,119 - INFO - Route download_progress success
2024-05-25 20:04:58,445 - INFO - table_update route successfully send data with flag 1
2024-05-25 20:04:58,729 - INFO - Function update_bar_chart_from_blob successfully Return blob_list with flag 1
2024-05-25 20:04:59,652 - INFO - table_update route successfully send data with flag 1
2024-05-25 20:05:00,157 - INFO - Route download_progress success
2024-05-25 20:05:01,217 - INFO - Route download_progress success
2024-05-25 20:05:02,292 - INFO - Route download_progress success
2024-05-25 20:05:03,304 - INFO - Route download_progress success
2024-05-25 20:05:04,246 - INFO - Route download_progress success
2024-05-25 20:05:04,774 - INFO - table_update route successfully send data with flag 1
2024-05-25 20:05:05,154 - INFO - Route download_progress success
2024-05-25 20:05:06,188 - INFO - Route download_progress success
2024-05-25 20:05:07,152 - INFO - Route download_progress success
2024-05-25 20:05:08,153 - INFO - Route download_progress success
2024-05-25 20:05:09,172 - INFO - Route download_progress success
2024-05-25 20:05:09,536 - INFO - table_update route successfully send data with flag 1
2024-05-25 20:05:10,153 - INFO - Route download_progress success
2024-05-25 20:05:11,176 - INFO - Route download_progress success
2024-05-25 20:05:12,222 - INFO - Route download_progress success
2024-05-25 20:05:14,057 - INFO - Route download_progress success
2024-05-25 20:05:15,028 - INFO - Route download_progress success
2024-05-25 20:05:15,320 - INFO - table_update route successfully send data with flag 1
2024-05-25 20:05:16,015 - INFO - Route download_progress success
2024-05-25 20:05:19,780 - INFO - Route download_progress success
2024-05-25 20:05:20,134 - INFO - table_update route successfully send data with flag 1
2024-05-25 20:05:21,171 - INFO - Route download_progress success
2024-05-25 20:05:28,125 - INFO - Route download_progress success
2024-05-25 20:05:28,149 - INFO - Route download_progress success
2024-05-25 20:05:28,416 - INFO - table_update route successfully send data with flag 1
2024-05-25 20:05:28,931 - INFO - Function update_bar_chart_from_blob successfully Return blob_list with flag 1
2024-05-25 20:05:29,851 - INFO - table_update route successfully send data with flag 1
2024-05-25 20:05:30,349 - INFO - Route download_progress success
2024-05-25 20:05:31,353 - INFO - Route download_progress success
2024-05-25 20:05:32,451 - INFO - Route download_progress success
2024-05-25 20:05:33,420 - INFO - Route download_progress success
2024-05-25 20:05:34,832 - INFO - Route download_progress success
2024-05-25 20:05:35,185 - INFO - table_update route successfully send data with flag 1
2024-05-25 20:05:35,353 - INFO - Route download_progress success
2024-05-25 20:05:36,351 - INFO - Route download_progress success
2024-05-25 20:05:37,381 - INFO - Route download_progress success
2024-05-25 20:05:38,384 - INFO - Route download_progress success
2024-05-25 20:05:39,387 - INFO - Route download_progress success
2024-05-25 20:05:39,683 - INFO - table_update route successfully send data with flag 1
2024-05-25 20:05:40,350 - INFO - Route download_progress success
2024-05-25 20:05:41,367 - INFO - Route download_progress success
2024-05-25 20:05:42,349 - INFO - Route download_progress success
2024-05-25 20:05:43,349 - INFO - Route download_progress success
2024-05-25 20:05:44,352 - INFO - Route download_progress success
2024-05-25 20:05:44,717 - INFO - table_update route successfully send data with flag 1
2024-05-25 20:05:45,350 - INFO - Route download_progress success
2024-05-25 20:05:46,352 - INFO - Route download_progress success
2024-05-25 20:05:47,479 - INFO - Route download_progress success
2024-05-25 20:05:48,455 - INFO - Route download_progress success
2024-05-25 20:05:49,550 - INFO - Route download_progress success
2024-05-25 20:05:50,032 - INFO - table_update route successfully send data with flag 1
2024-05-25 20:05:52,101 - INFO - Route download_progress success
2024-05-25 20:05:53,023 - INFO - Route download_progress success
2024-05-25 20:05:54,031 - INFO - Route download_progress success
2024-05-25 20:05:55,027 - INFO - Route download_progress success
2024-05-25 20:05:55,349 - INFO - table_update route successfully send data with flag 1
2024-05-25 20:05:56,008 - INFO - Route download_progress success
2024-05-25 20:05:57,027 - INFO - Route download_progress success
2024-05-25 20:05:58,049 - INFO - Route download_progress success
2024-05-25 20:05:59,020 - INFO - Route download_progress success
2024-05-25 20:06:00,053 - INFO - Route download_progress success
2024-05-25 20:06:00,379 - INFO - table_update route successfully send data with flag 1
2024-05-25 20:06:01,065 - INFO - Route download_progress success
2024-05-25 20:06:14,079 - INFO - Route download_progress success
2024-05-25 20:06:14,356 - INFO - Route download_progress success
2024-05-25 20:06:14,396 - INFO - table_update route successfully send data with flag 1
2024-05-25 20:06:14,713 - INFO - table_update route successfully send data with flag 1
2024-05-25 20:06:15,350 - INFO - Route download_progress success
2024-05-25 20:06:16,361 - INFO - Route download_progress success
2024-05-25 20:06:16,866 - INFO - Function update_bar_chart_from_blob successfully Return blob_list with flag 1
2024-05-25 20:06:18,854 - INFO - table_update route successfully send data with flag 1
2024-05-25 20:06:19,461 - INFO - Route download_progress success
2024-05-25 20:06:20,297 - INFO - Route download_progress success
2024-05-25 20:06:21,234 - INFO - Route download_progress success
2024-05-25 20:06:22,217 - INFO - Route download_progress success
2024-05-25 20:06:23,211 - INFO - Route download_progress success
2024-05-25 20:06:23,723 - INFO - table_update route successfully send data with flag 1
2024-05-25 20:06:24,278 - INFO - Route download_progress success
2024-05-25 20:06:25,211 - INFO - Route download_progress success
2024-05-25 20:06:26,212 - INFO - Route download_progress success
2024-05-25 20:06:27,208 - INFO - Route download_progress success
2024-05-25 20:06:28,214 - INFO - Route download_progress success
2024-05-25 20:06:28,740 - INFO - table_update route successfully send data with flag 1
2024-05-25 20:06:29,200 - INFO - Route download_progress success
2024-05-25 20:06:30,249 - INFO - Route download_progress success
2024-05-25 20:06:31,215 - INFO - Route download_progress success
2024-05-25 20:06:32,306 - INFO - Route download_progress success
2024-05-25 20:06:33,357 - INFO - Route download_progress success
2024-05-25 20:06:33,763 - INFO - table_update route successfully send data with flag 1
2024-05-25 20:06:34,226 - INFO - Route download_progress success
2024-05-25 20:06:35,210 - INFO - Route download_progress success
2024-05-25 20:06:36,254 - INFO - Route download_progress success
2024-05-25 20:06:37,216 - INFO - Route download_progress success
2024-05-25 20:06:38,228 - INFO - Route download_progress success
2024-05-25 20:06:38,706 - INFO - table_update route successfully send data with flag 1
2024-05-25 20:06:39,212 - INFO - Route download_progress success
2024-05-25 20:06:40,245 - INFO - Route download_progress success
2024-05-25 20:06:41,230 - INFO - Route download_progress success
2024-05-25 20:06:42,217 - INFO - Route download_progress success
2024-05-25 20:06:43,220 - INFO - Route download_progress success
2024-05-25 20:06:43,759 - INFO - table_update route successfully send data with flag 1
2024-05-25 20:06:44,213 - INFO - Route download_progress success
2024-05-25 20:06:45,212 - INFO - Route download_progress success
2024-05-25 20:06:46,211 - INFO - Route download_progress success
2024-05-25 20:06:47,351 - INFO - Route download_progress success
2024-05-25 20:06:48,308 - INFO - Route download_progress success
2024-05-25 20:06:48,916 - INFO - table_update route successfully send data with flag 1
2024-05-25 20:06:49,220 - INFO - Route download_progress success
2024-05-25 20:06:50,766 - INFO - Route download_progress success
2024-05-25 20:06:52,013 - INFO - Route download_progress success
2024-05-25 20:06:53,574 - INFO - Route download_progress success
2024-05-25 20:06:54,036 - INFO - table_update route successfully send data with flag 1
2024-05-25 20:06:55,048 - INFO - Route download_progress success
2024-05-25 20:06:56,008 - INFO - Route download_progress success
2024-05-25 20:06:57,017 - INFO - Route download_progress success
2024-05-25 20:06:58,017 - INFO - Route download_progress success
2024-05-25 20:06:59,045 - INFO - Route download_progress success
2024-05-25 20:06:59,362 - INFO - table_update route successfully send data with flag 1
2024-05-25 20:07:00,048 - INFO - Route download_progress success
2024-05-25 20:07:03,974 - INFO - Route download_progress success
2024-05-25 20:07:04,253 - INFO - Route download_progress success
2024-05-25 20:07:04,321 - INFO - table_update route successfully send data with flag 1
2024-05-25 20:07:04,579 - INFO - Function update_bar_chart_from_blob successfully Return blob_list with flag 1
2024-05-25 20:07:06,579 - INFO - table_update route successfully send data with flag 1
2024-05-25 20:07:06,664 - INFO - Route download_progress success
2024-05-25 20:07:07,658 - INFO - Route download_progress success
2024-05-25 20:07:08,661 - INFO - Route download_progress success
2024-05-25 20:07:09,659 - INFO - Route download_progress success
2024-05-25 20:07:10,659 - INFO - Route download_progress success
2024-05-25 20:07:11,237 - INFO - table_update route successfully send data with flag 1
2024-05-25 20:07:11,659 - INFO - Route download_progress success
2024-05-25 20:07:12,661 - INFO - Route download_progress success
2024-05-25 20:07:13,856 - INFO - Route download_progress success
2024-05-25 20:07:14,790 - INFO - Route download_progress success
2024-05-25 20:07:15,761 - INFO - Route download_progress success
2024-05-25 20:07:16,460 - INFO - table_update route successfully send data with flag 1
2024-05-25 20:07:16,784 - INFO - Route download_progress success
2024-05-25 20:07:18,008 - INFO - Route download_progress success
2024-05-25 20:07:18,783 - INFO - Route download_progress success
2024-05-25 20:07:19,697 - INFO - Route download_progress success
2024-05-25 20:07:20,668 - INFO - Route download_progress success
2024-05-25 20:07:21,314 - INFO - table_update route successfully send data with flag 1
2024-05-25 20:07:21,725 - INFO - Route download_progress success
2024-05-25 20:07:22,671 - INFO - Route download_progress success
2024-05-25 20:07:23,373 - INFO - Function update_bar_chart_from_blob successfully Return blob_list with flag 1
2024-05-25 20:07:23,656 - INFO - Route download_progress success
2024-05-25 20:07:23,758 - INFO - Function update_bar_chart_from_blob successfully Return blob_list with flag 1
2024-05-25 20:07:23,758 - INFO - delete for delete/<file_name> route deleted successfully with flag 1
2024-05-25 20:07:24,139 - INFO - table_update route successfully send data with flag 1
2024-05-25 20:07:24,671 - INFO - Route download_progress success
2024-05-25 20:07:25,656 - INFO - Route download_progress success
2024-05-25 20:07:26,188 - INFO - table_update route successfully send data with flag 1
2024-05-25 20:07:26,675 - INFO - Route download_progress success
2024-05-25 20:07:27,677 - INFO - Route download_progress success
2024-05-25 20:07:28,663 - INFO - Route download_progress success
2024-05-25 20:07:29,696 - INFO - Route download_progress success
2024-05-25 20:07:30,667 - INFO - Route download_progress success
2024-05-25 20:07:31,254 - INFO - table_update route successfully send data with flag 1
2024-05-25 20:07:31,654 - INFO - Route download_progress success
2024-05-25 20:07:32,845 - INFO - Route download_progress success
2024-05-25 20:07:33,742 - INFO - Route download_progress success
2024-05-25 20:07:34,710 - INFO - Route download_progress success
2024-05-25 20:07:35,663 - INFO - Route download_progress success
2024-05-25 20:07:36,328 - INFO - table_update route successfully send data with flag 1
2024-05-25 20:07:36,664 - INFO - Route download_progress success
2024-05-25 20:07:37,655 - INFO - Route download_progress success
2024-05-25 20:07:38,658 - INFO - Route download_progress success
2024-05-25 20:07:39,662 - INFO - Route download_progress success
2024-05-25 20:07:40,659 - INFO - Route download_progress success
2024-05-25 20:07:41,341 - INFO - table_update route successfully send data with flag 1
2024-05-25 20:07:41,672 - INFO - Route download_progress success
2024-05-25 20:07:42,656 - INFO - Route download_progress success
2024-05-25 20:07:44,005 - INFO - Route download_progress success
2024-05-25 20:07:45,043 - INFO - Route download_progress success
2024-05-25 20:07:46,012 - INFO - Route download_progress success
2024-05-25 20:07:46,462 - INFO - table_update route successfully send data with flag 1
2024-05-25 20:07:47,021 - INFO - Route download_progress success
2024-05-25 20:07:48,031 - INFO - Route download_progress success
2024-05-25 20:07:50,228 - INFO - Route download_progress success
2024-05-25 20:07:51,004 - INFO - Route download_progress success
2024-05-25 20:07:51,295 - INFO - table_update route successfully send data with flag 1
2024-05-25 20:07:53,297 - INFO - Route download_progress success
