2024-05-23 14:13:27,926 - INFO - Function create_or_pass_folder error with flag 0 -- Function create_or_pass_folder error is::Value for one of the query parameters specified in the request URI is invalid.
RequestId:20d89465-401e-0053-5eed-ac6909000000
Time:2024-05-23T08:43:28.4719578Z
ErrorCode:InvalidQueryParameterValue
queryparametername:snapshot
queryparametervalue:san123
Content: <?xml version="1.0" encoding="utf-8"?>
<Error><Code>InvalidQueryParameterValue</Code><Message>Value for one of the query parameters specified in the request URI is invalid.
RequestId:20d89465-401e-0053-5eed-ac6909000000
Time:2024-05-23T08:43:28.4719578Z</Message><QueryParameterName>snapshot</QueryParameterName><QueryParameterValue>san123</QueryParameterValue></Error>
2024-05-23 14:13:27,927 - INFO - Function create_or_pass_folder Error creating folder'san123': Value for one of the query parameters specified in the request URI is invalid.
RequestId:20d89465-401e-0053-5eed-ac6909000000
Time:2024-05-23T08:43:28.4719578Z
ErrorCode:InvalidQueryParameterValue
queryparametername:snapshot
queryparametervalue:san123
Content: <?xml version="1.0" encoding="utf-8"?>
<Error><Code>InvalidQueryParameterValue</Code><Message>Value for one of the query parameters specified in the request URI is invalid.
RequestId:20d89465-401e-0053-5eed-ac6909000000
Time:2024-05-23T08:43:28.4719578Z</Message><QueryParameterName>snapshot</QueryParameterName><QueryParameterValue>san123</QueryParameterValue></Error> 
2024-05-23 14:13:28,737 - INFO - Function update_bar_chart_from_blob successfully Return blob_list with flag 1
2024-05-23 14:13:28,737 - INFO - User san123 logged in successfully with flag 1
2024-05-23 14:13:30,686 - INFO - Function update_bar_chart_from_blob successfully Return blob_list with flag 1
2024-05-23 14:13:33,044 - INFO - Function update_bar_chart_from_blob successfully Return blob_list with flag 1
2024-05-23 14:13:34,370 - INFO - table_update route successfully send data with flag 1
2024-05-23 14:13:34,523 - INFO - Route download_progress success
2024-05-23 14:13:35,539 - INFO - Route download_progress success
2024-05-23 14:13:36,551 - INFO - Route download_progress success
2024-05-23 14:13:37,732 - INFO - Route download_progress success
2024-05-23 14:13:38,769 - INFO - Route download_progress success
2024-05-23 14:13:39,619 - INFO - Route download_progress success
2024-05-23 14:13:40,003 - INFO - table_update route successfully send data with flag 1
2024-05-23 14:13:40,631 - INFO - Route download_progress success
2024-05-23 14:13:41,525 - INFO - Route download_progress success
2024-05-23 14:13:42,524 - INFO - Route download_progress success
2024-05-23 14:13:44,635 - INFO - Route download_progress success
2024-05-23 14:13:45,544 - INFO - table_update route successfully send data with flag 1
2024-05-23 14:13:46,070 - INFO - Route download_progress success
2024-05-23 14:13:47,085 - INFO - Route download_progress success
2024-05-23 14:13:48,078 - INFO - Route download_progress success
2024-05-23 14:13:49,068 - INFO - Route download_progress success
2024-05-23 14:13:49,760 - INFO - table_update route successfully send data with flag 1
2024-05-23 14:13:50,069 - INFO - Route download_progress success
2024-05-23 14:13:51,094 - INFO - Route download_progress success
2024-05-23 14:13:52,098 - INFO - Route download_progress success
2024-05-23 14:13:53,076 - INFO - Route download_progress success
2024-05-23 14:13:54,085 - INFO - Route download_progress success
2024-05-23 14:13:54,840 - INFO - table_update route successfully send data with flag 1
2024-05-23 14:13:55,078 - INFO - Route download_progress success
2024-05-23 14:13:56,064 - INFO - Route download_progress success
2024-05-23 14:13:57,112 - INFO - Route download_progress success
2024-05-23 14:13:58,109 - INFO - Route download_progress success
2024-05-23 14:13:59,072 - INFO - Route download_progress success
2024-05-23 14:13:59,719 - INFO - table_update route successfully send data with flag 1
2024-05-23 14:14:00,102 - INFO - Route download_progress success
2024-05-23 14:14:01,090 - INFO - Route download_progress success
2024-05-23 14:14:02,090 - INFO - Route download_progress success
2024-05-23 14:14:03,106 - INFO - Route download_progress success
2024-05-23 14:14:04,106 - INFO - Route download_progress success
2024-05-23 14:14:04,887 - INFO - table_update route successfully send data with flag 1
2024-05-23 14:14:05,077 - INFO - Route download_progress success
2024-05-23 14:14:06,112 - INFO - Route download_progress success
2024-05-23 14:14:07,082 - INFO - Route download_progress success
2024-05-23 14:14:08,097 - INFO - Route download_progress success
2024-05-23 14:14:09,083 - INFO - Route download_progress success
2024-05-23 14:14:09,802 - INFO - table_update route successfully send data with flag 1
2024-05-23 14:14:10,097 - INFO - Route download_progress success
2024-05-23 14:14:11,084 - INFO - Route download_progress success
2024-05-23 14:14:12,141 - INFO - Route download_progress success
2024-05-23 14:14:13,080 - INFO - Route download_progress success
2024-05-23 14:14:14,073 - INFO - Route download_progress success
2024-05-23 14:14:14,818 - INFO - table_update route successfully send data with flag 1
2024-05-23 14:14:15,099 - INFO - Route download_progress success
2024-05-23 14:14:16,073 - INFO - Route download_progress success
2024-05-23 14:14:17,090 - INFO - Route download_progress success
2024-05-23 14:14:18,067 - INFO - Route download_progress success
2024-05-23 14:14:19,100 - INFO - Route download_progress success
2024-05-23 14:14:19,734 - INFO - table_update route successfully send data with flag 1
2024-05-23 14:14:20,101 - INFO - Route download_progress success
2024-05-23 14:14:21,067 - INFO - Route download_progress success
2024-05-23 14:14:22,080 - INFO - Route download_progress success
2024-05-23 14:14:23,145 - INFO - Route download_progress success
2024-05-23 14:14:24,069 - INFO - Route download_progress success
2024-05-23 14:14:25,065 - INFO - Route download_progress success
2024-05-23 14:14:25,163 - INFO - table_update route successfully send data with flag 1
2024-05-23 14:14:26,069 - INFO - Route download_progress success
2024-05-23 14:14:27,083 - INFO - Route download_progress success
2024-05-23 14:14:28,087 - INFO - Route download_progress success
2024-05-23 14:14:29,085 - INFO - Route download_progress success
2024-05-23 14:14:29,787 - INFO - table_update route successfully send data with flag 1
2024-05-23 14:14:30,063 - INFO - Route download_progress success
2024-05-23 14:14:31,059 - INFO - Route download_progress success
2024-05-23 14:14:32,107 - INFO - Route download_progress success
2024-05-23 14:14:33,094 - INFO - Route download_progress success
2024-05-23 14:14:34,072 - INFO - Route download_progress success
2024-05-23 14:14:34,817 - INFO - table_update route successfully send data with flag 1
2024-05-23 14:14:35,102 - INFO - Route download_progress success
2024-05-23 14:14:36,064 - INFO - Route download_progress success
2024-05-23 14:14:37,097 - INFO - Route download_progress success
2024-05-23 14:14:38,287 - INFO - Route download_progress success
2024-05-23 14:14:39,060 - INFO - Route download_progress success
2024-05-23 14:14:39,906 - INFO - table_update route successfully send data with flag 1
2024-05-23 14:14:40,079 - INFO - Route download_progress success
2024-05-23 14:14:41,068 - INFO - Route download_progress success
2024-05-23 14:14:42,087 - INFO - Route download_progress success
2024-05-23 14:15:28,076 - INFO - Route download_progress success
2024-05-23 14:15:28,771 - INFO - table_update route successfully send data with flag 1
2024-05-23 14:16:28,108 - INFO - Route download_progress success
2024-05-23 14:16:28,689 - INFO - table_update route successfully send data with flag 1
2024-05-23 14:16:29,431 - INFO - Route download_progress success
2024-05-23 14:16:29,536 - INFO - Route download_progress success
2024-05-23 14:16:29,996 - INFO - table_update route successfully send data with flag 1
2024-05-23 14:16:30,359 - INFO - Function update_bar_chart_from_blob successfully Return blob_list with flag 1
2024-05-23 14:16:31,529 - INFO - table_update route successfully send data with flag 1
2024-05-23 14:16:34,497 - INFO - Route download_progress success
2024-05-23 14:16:34,803 - INFO - Route download_progress success
2024-05-23 14:16:35,795 - INFO - Route download_progress success
2024-05-23 14:16:36,488 - INFO - table_update route successfully send data with flag 1
2024-05-23 14:16:36,804 - INFO - Route download_progress success
2024-05-23 14:16:38,065 - INFO - Route download_progress success
2024-05-23 14:16:39,072 - INFO - Route download_progress success
2024-05-23 14:16:40,067 - INFO - Route download_progress success
2024-05-23 14:16:41,082 - INFO - Route download_progress success
2024-05-23 14:16:41,801 - INFO - table_update route successfully send data with flag 1
2024-05-23 14:16:42,096 - INFO - Route download_progress success
2024-05-23 14:16:43,064 - INFO - Route download_progress success
2024-05-23 14:16:44,085 - INFO - Route download_progress success
2024-05-23 14:16:45,095 - INFO - Route download_progress success
2024-05-23 14:16:46,073 - INFO - Route download_progress success
2024-05-23 14:16:46,645 - INFO - table_update route successfully send data with flag 1
2024-05-23 14:16:47,072 - INFO - Route download_progress success
2024-05-23 14:16:48,065 - INFO - Route download_progress success
2024-05-23 14:16:49,064 - INFO - Route download_progress success
2024-05-23 14:16:50,093 - INFO - Route download_progress success
2024-05-23 14:16:51,092 - INFO - Route download_progress success
2024-05-23 14:16:51,743 - INFO - table_update route successfully send data with flag 1
2024-05-23 14:16:51,790 - INFO - Route download_progress success
2024-05-23 14:16:52,789 - INFO - Route download_progress success
2024-05-23 14:16:53,809 - INFO - Route download_progress success
2024-05-23 14:16:54,795 - INFO - Route download_progress success
2024-05-23 14:16:55,798 - INFO - Route download_progress success
2024-05-23 14:16:56,603 - INFO - table_update route successfully send data with flag 1
2024-05-23 14:16:57,861 - INFO - Route download_progress success
2024-05-23 14:16:58,829 - INFO - Route download_progress success
2024-05-23 14:16:59,804 - INFO - Route download_progress success
2024-05-23 14:17:02,107 - INFO - Route download_progress success
2024-05-23 14:17:02,797 - INFO - Route download_progress success
2024-05-23 14:17:02,818 - INFO - table_update route successfully send data with flag 1
2024-05-23 14:17:03,792 - INFO - Route download_progress success
2024-05-23 14:17:04,797 - INFO - Route download_progress success
2024-05-23 14:17:06,059 - INFO - Route download_progress success
2024-05-23 14:17:06,766 - INFO - table_update route successfully send data with flag 1
2024-05-23 14:17:07,084 - INFO - Route download_progress success
2024-05-23 14:17:08,087 - INFO - Route download_progress success
2024-05-23 14:17:09,081 - INFO - Route download_progress success
2024-05-23 14:17:10,134 - INFO - Route download_progress success
2024-05-23 14:17:11,077 - INFO - Route download_progress success
2024-05-23 14:17:11,985 - INFO - table_update route successfully send data with flag 1
2024-05-23 14:17:12,072 - INFO - Route download_progress success
2024-05-23 14:17:13,090 - INFO - Route download_progress success
2024-05-23 14:17:14,302 - INFO - Route download_progress success
2024-05-23 14:17:14,793 - INFO - Route download_progress success
2024-05-23 14:17:15,788 - INFO - Route download_progress success
2024-05-23 14:17:16,529 - INFO - table_update route successfully send data with flag 1
2024-05-23 14:17:17,102 - INFO - Route download_progress success
2024-05-23 14:17:17,790 - INFO - Route download_progress success
2024-05-23 14:17:18,789 - INFO - Route download_progress success
2024-05-23 14:17:19,787 - INFO - Route download_progress success
2024-05-23 14:17:20,797 - INFO - Route download_progress success
2024-05-23 14:17:21,510 - INFO - table_update route successfully send data with flag 1
2024-05-23 14:17:21,799 - INFO - Route download_progress success
2024-05-23 14:17:22,812 - INFO - Route download_progress success
2024-05-23 14:17:24,182 - INFO - Route download_progress success
2024-05-23 14:17:24,789 - INFO - Route download_progress success
2024-05-23 14:17:25,790 - INFO - Route download_progress success
2024-05-23 14:17:26,720 - INFO - table_update route successfully send data with flag 1
2024-05-23 14:17:26,806 - INFO - Route download_progress success
2024-05-23 14:17:27,787 - INFO - Route download_progress success
2024-05-23 14:17:28,874 - INFO - Route download_progress success
2024-05-23 14:17:29,787 - INFO - Route download_progress success
2024-05-23 14:17:30,796 - INFO - Route download_progress success
2024-05-23 14:17:31,532 - INFO - table_update route successfully send data with flag 1
2024-05-23 14:17:32,307 - INFO - Route download_progress success
2024-05-23 14:17:33,078 - INFO - Route download_progress success
2024-05-23 14:17:34,108 - INFO - Route download_progress success
2024-05-23 14:17:35,068 - INFO - Route download_progress success
2024-05-23 14:17:36,085 - INFO - Route download_progress success
2024-05-23 14:17:36,853 - INFO - table_update route successfully send data with flag 1
2024-05-23 14:17:37,110 - INFO - Route download_progress success
2024-05-23 14:17:38,070 - INFO - Route download_progress success
2024-05-23 14:17:39,122 - INFO - Route download_progress success
2024-05-23 14:17:40,109 - INFO - Route download_progress success
2024-05-23 14:17:41,087 - INFO - Route download_progress success
2024-05-23 14:17:41,872 - INFO - table_update route successfully send data with flag 1
2024-05-23 14:17:42,081 - INFO - Route download_progress success
2024-05-23 14:17:43,082 - INFO - Route download_progress success
2024-05-23 14:17:44,095 - INFO - Route download_progress success
2024-05-23 14:17:45,105 - INFO - Route download_progress success
2024-05-23 14:17:46,084 - INFO - Route download_progress success
2024-05-23 14:17:46,789 - INFO - table_update route successfully send data with flag 1
2024-05-23 14:17:47,080 - INFO - Route download_progress success
2024-05-23 14:17:48,074 - INFO - Route download_progress success
2024-05-23 14:17:49,116 - INFO - Route download_progress success
2024-05-23 14:17:50,099 - INFO - Route download_progress success
2024-05-23 14:17:51,102 - INFO - Route download_progress success
2024-05-23 14:17:51,908 - INFO - table_update route successfully send data with flag 1
2024-05-23 14:17:52,115 - INFO - Route download_progress success
2024-05-23 14:17:53,088 - INFO - Route download_progress success
2024-05-23 14:17:54,082 - INFO - Route download_progress success
2024-05-23 14:17:55,093 - INFO - Route download_progress success
2024-05-23 14:17:56,082 - INFO - Route download_progress success
2024-05-23 14:17:56,930 - INFO - table_update route successfully send data with flag 1
2024-05-23 14:17:57,099 - INFO - Route download_progress success
2024-05-23 14:17:58,080 - INFO - Route download_progress success
2024-05-23 14:17:59,105 - INFO - Route download_progress success
2024-05-23 14:18:00,133 - INFO - Route download_progress success
2024-05-23 14:18:24,186 - INFO - Route download_progress success
2024-05-23 14:18:24,822 - INFO - Route download_progress success
2024-05-23 14:18:24,884 - INFO - table_update route successfully send data with flag 1
2024-05-23 14:18:25,782 - INFO - Route download_progress success
2024-05-23 14:18:26,222 - INFO - Function update_bar_chart_from_blob successfully Return blob_list with flag 1
2024-05-23 14:18:26,506 - INFO - table_update route successfully send data with flag 1
2024-05-23 14:18:27,451 - INFO - table_update route successfully send data with flag 1
2024-05-23 14:18:27,814 - INFO - Route download_progress success
2024-05-23 14:18:28,815 - INFO - Route download_progress success
2024-05-23 14:18:29,930 - INFO - Route download_progress success
2024-05-23 14:18:30,900 - INFO - Route download_progress success
2024-05-23 14:18:31,931 - INFO - Route download_progress success
2024-05-23 14:18:32,676 - INFO - table_update route successfully send data with flag 1
2024-05-23 14:18:32,918 - INFO - Route download_progress success
2024-05-23 14:18:33,769 - INFO - Route download_progress success
2024-05-23 14:18:34,769 - INFO - Route download_progress success
2024-05-23 14:18:35,763 - INFO - Route download_progress success
2024-05-23 14:18:36,773 - INFO - Route download_progress success
2024-05-23 14:18:37,482 - INFO - table_update route successfully send data with flag 1
2024-05-23 14:18:37,764 - INFO - Route download_progress success
2024-05-23 14:18:38,762 - INFO - Route download_progress success
2024-05-23 14:18:39,765 - INFO - Route download_progress success
2024-05-23 14:18:42,101 - INFO - Route download_progress success
2024-05-23 14:18:42,783 - INFO - Route download_progress success
2024-05-23 14:18:43,009 - INFO - table_update route successfully send data with flag 1
2024-05-23 14:18:43,763 - INFO - Route download_progress success
2024-05-23 14:18:44,868 - INFO - Route download_progress success
2024-05-23 14:18:45,763 - INFO - Route download_progress success
2024-05-23 14:18:46,777 - INFO - Route download_progress success
2024-05-23 14:18:47,618 - INFO - table_update route successfully send data with flag 1
2024-05-23 14:18:47,792 - INFO - Route download_progress success
2024-05-23 14:18:48,776 - INFO - Route download_progress success
2024-05-23 14:18:49,765 - INFO - Route download_progress success
2024-05-23 14:18:50,759 - INFO - Route download_progress success
2024-05-23 14:18:51,774 - INFO - Route download_progress success
2024-05-23 14:18:52,735 - INFO - table_update route successfully send data with flag 1
2024-05-23 14:18:52,768 - INFO - Route download_progress success
2024-05-23 14:18:53,770 - INFO - Route download_progress success
2024-05-23 14:18:54,765 - INFO - Route download_progress success
2024-05-23 14:18:55,776 - INFO - Route download_progress success
2024-05-23 14:18:56,762 - INFO - Route download_progress success
2024-05-23 14:18:57,491 - INFO - table_update route successfully send data with flag 1
2024-05-23 14:18:57,817 - INFO - Route download_progress success
2024-05-23 14:18:58,787 - INFO - Route download_progress success
2024-05-23 14:18:59,820 - INFO - Route download_progress success
2024-05-23 14:19:00,766 - INFO - Route download_progress success
2024-05-23 14:19:01,762 - INFO - Route download_progress success
2024-05-23 14:19:02,682 - INFO - table_update route successfully send data with flag 1
2024-05-23 14:19:02,769 - INFO - Route download_progress success
2024-05-23 14:19:03,766 - INFO - Route download_progress success
2024-05-23 14:19:04,779 - INFO - Route download_progress success
2024-05-23 14:19:05,787 - INFO - Route download_progress success
2024-05-23 14:19:06,759 - INFO - Route download_progress success
2024-05-23 14:19:07,575 - INFO - table_update route successfully send data with flag 1
2024-05-23 14:19:07,830 - INFO - Route download_progress success
2024-05-23 14:19:08,776 - INFO - Route download_progress success
2024-05-23 14:19:09,769 - INFO - Route download_progress success
2024-05-23 14:19:10,789 - INFO - Route download_progress success
2024-05-23 14:19:11,760 - INFO - Route download_progress success
2024-05-23 14:19:12,517 - INFO - table_update route successfully send data with flag 1
2024-05-23 14:19:12,782 - INFO - Route download_progress success
2024-05-23 14:19:14,033 - INFO - Route download_progress success
2024-05-23 14:19:15,108 - INFO - Route download_progress success
2024-05-23 14:19:16,064 - INFO - Route download_progress success
2024-05-23 14:19:17,072 - INFO - Route download_progress success
2024-05-23 14:19:17,827 - INFO - table_update route successfully send data with flag 1
2024-05-23 14:19:18,066 - INFO - Route download_progress success
2024-05-23 14:19:19,071 - INFO - Route download_progress success
2024-05-23 14:19:20,118 - INFO - Route download_progress success
2024-05-23 14:19:21,093 - INFO - Route download_progress success
2024-05-23 14:19:22,062 - INFO - Route download_progress success
2024-05-23 14:19:22,808 - INFO - table_update route successfully send data with flag 1
2024-05-23 14:19:23,090 - INFO - Route download_progress success
2024-05-23 14:19:24,063 - INFO - Route download_progress success
2024-05-23 14:19:30,546 - INFO - Route download_progress success
2024-05-23 14:19:31,111 - INFO - Route download_progress success
2024-05-23 14:19:31,552 - INFO - table_update route successfully send data with flag 1
2024-05-23 14:19:31,829 - INFO - Route download_progress success
2024-05-23 14:19:32,571 - INFO - table_update route successfully send data with flag 1
2024-05-23 14:19:32,885 - INFO - Route download_progress success
2024-05-23 14:19:33,810 - INFO - Route download_progress success
2024-05-23 14:19:34,850 - INFO - Route download_progress success
2024-05-23 14:19:35,773 - INFO - Route download_progress success
2024-05-23 14:19:36,841 - INFO - Route download_progress success
2024-05-23 14:19:37,509 - INFO - table_update route successfully send data with flag 1
2024-05-23 14:19:37,773 - INFO - Route download_progress success
2024-05-23 14:19:38,811 - INFO - Route download_progress success
2024-05-23 14:19:40,068 - INFO - Route download_progress success
2024-05-23 14:19:41,097 - INFO - Route download_progress success
2024-05-23 14:19:42,074 - INFO - Route download_progress success
2024-05-23 14:19:42,812 - INFO - table_update route successfully send data with flag 1
2024-05-23 14:19:43,128 - INFO - Route download_progress success
2024-05-23 14:19:44,117 - INFO - Route download_progress success
2024-05-23 14:19:45,069 - INFO - Route download_progress success
2024-05-23 14:19:46,107 - INFO - Route download_progress success
2024-05-23 14:19:47,148 - INFO - Route download_progress success
2024-05-23 14:19:47,819 - INFO - table_update route successfully send data with flag 1
2024-05-23 14:19:48,073 - INFO - Route download_progress success
2024-05-23 14:19:49,111 - INFO - Route download_progress success
