2024-05-23 20:14:53,236 - INFO - Function create_or_pass_folder error with flag 0 -- Function create_or_pass_folder error is::Value for one of the query parameters specified in the request URI is invalid.
RequestId:fe8f9067-d01e-003b-2a1f-ad3758000000
Time:2024-05-23T14:44:53.9396679Z
ErrorCode:InvalidQueryParameterValue
queryparametername:snapshot
queryparametervalue:san123
Content: <?xml version="1.0" encoding="utf-8"?>
<Error><Code>InvalidQueryParameterValue</Code><Message>Value for one of the query parameters specified in the request URI is invalid.
RequestId:fe8f9067-d01e-003b-2a1f-ad3758000000
Time:2024-05-23T14:44:53.9396679Z</Message><QueryParameterName>snapshot</QueryParameterName><QueryParameterValue>san123</QueryParameterValue></Error>
2024-05-23 20:14:53,238 - INFO - Function create_or_pass_folder Error creating folder'san123': Value for one of the query parameters specified in the request URI is invalid.
RequestId:fe8f9067-d01e-003b-2a1f-ad3758000000
Time:2024-05-23T14:44:53.9396679Z
ErrorCode:InvalidQueryParameterValue
queryparametername:snapshot
queryparametervalue:san123
Content: <?xml version="1.0" encoding="utf-8"?>
<Error><Code>InvalidQueryParameterValue</Code><Message>Value for one of the query parameters specified in the request URI is invalid.
RequestId:fe8f9067-d01e-003b-2a1f-ad3758000000
Time:2024-05-23T14:44:53.9396679Z</Message><QueryParameterName>snapshot</QueryParameterName><QueryParameterValue>san123</QueryParameterValue></Error> 
2024-05-23 20:14:53,571 - INFO - Function update_bar_chart_from_blob successfully Return blob_list with flag 1
2024-05-23 20:14:53,571 - INFO - User san123 logged in successfully with flag 1
2024-05-23 20:14:53,979 - INFO - Function update_bar_chart_from_blob successfully Return blob_list with flag 1
2024-05-23 20:14:55,101 - INFO - table_update route successfully send data with flag 1
2024-05-23 20:14:55,619 - INFO - Route download_progress success
2024-05-23 20:14:56,619 - INFO - Route download_progress success
2024-05-23 20:14:57,619 - INFO - Route download_progress success
2024-05-23 20:14:58,625 - INFO - Route download_progress success
2024-05-23 20:14:59,641 - INFO - Route download_progress success
2024-05-23 20:15:00,019 - INFO - table_update route successfully send data with flag 1
2024-05-23 20:15:00,621 - INFO - Route download_progress success
2024-05-23 20:15:01,452 - INFO - Cogni_button route succeeded with flag 1
2024-05-23 20:15:01,647 - INFO - Route download_progress success
2024-05-23 20:15:02,635 - INFO - Route download_progress success
2024-05-23 20:15:04,058 - INFO - Route download_progress success
2024-05-23 20:15:06,335 - INFO - Route download_progress success
2024-05-23 20:15:06,850 - INFO - table_update route successfully send data with flag 1
2024-05-23 20:15:07,907 - INFO - Route download_progress success
2024-05-23 20:15:08,646 - INFO - Route download_progress success
2024-05-23 20:15:09,684 - INFO - Route download_progress success
2024-05-23 20:15:10,067 - INFO - table_update route successfully send data with flag 1
2024-05-23 20:15:10,982 - INFO - Route download_progress success
2024-05-23 20:15:13,253 - INFO - Route download_progress success
2024-05-23 20:15:13,734 - INFO - Route download_progress success
2024-05-23 20:15:14,762 - INFO - Route download_progress success
2024-05-23 20:15:15,256 - INFO - table_update route successfully send data with flag 1
2024-05-23 20:15:15,629 - INFO - Route download_progress success
2024-05-23 20:15:16,636 - INFO - Route download_progress success
2024-05-23 20:15:17,858 - INFO - Route download_progress success
2024-05-23 20:15:18,710 - INFO - Route download_progress success
2024-05-23 20:15:19,620 - INFO - Route download_progress success
2024-05-23 20:15:20,085 - INFO - table_update route successfully send data with flag 1
2024-05-23 20:15:20,639 - INFO - Route download_progress success
2024-05-23 20:15:21,619 - INFO - Route download_progress success
2024-05-23 20:15:22,630 - INFO - Route download_progress success
2024-05-23 20:15:23,639 - INFO - Route download_progress success
2024-05-23 20:15:24,658 - INFO - Route download_progress success
2024-05-23 20:15:25,003 - INFO - table_update route successfully send data with flag 1
2024-05-23 20:15:25,628 - INFO - Route download_progress success
2024-05-23 20:15:26,633 - INFO - Route download_progress success
2024-05-23 20:15:27,617 - INFO - Route download_progress success
2024-05-23 20:15:28,620 - INFO - Route download_progress success
2024-05-23 20:15:29,636 - INFO - Route download_progress success
2024-05-23 20:15:30,115 - INFO - table_update route successfully send data with flag 1
2024-05-23 20:15:30,630 - INFO - Route download_progress success
2024-05-23 20:15:31,627 - INFO - Route download_progress success
2024-05-23 20:15:32,617 - INFO - Route download_progress success
2024-05-23 20:15:33,618 - INFO - Route download_progress success
2024-05-23 20:15:34,644 - INFO - Route download_progress success
2024-05-23 20:15:35,036 - INFO - table_update route successfully send data with flag 1
2024-05-23 20:15:35,615 - INFO - Route download_progress success
2024-05-23 20:15:36,631 - INFO - Route download_progress success
2024-05-23 20:15:37,630 - INFO - Route download_progress success
2024-05-23 20:15:38,635 - INFO - Route download_progress success
2024-05-23 20:15:39,626 - INFO - Route download_progress success
2024-05-23 20:15:40,049 - INFO - table_update route successfully send data with flag 1
2024-05-23 20:15:40,628 - INFO - Route download_progress success
2024-05-23 20:15:42,070 - INFO - Route download_progress success
2024-05-23 20:15:43,094 - INFO - Route download_progress success
2024-05-23 20:15:44,061 - INFO - Route download_progress success
2024-05-23 20:15:45,079 - INFO - Route download_progress success
2024-05-23 20:15:45,595 - INFO - table_update route successfully send data with flag 1
2024-05-23 20:15:46,065 - INFO - Route download_progress success
2024-05-23 20:15:47,084 - INFO - Route download_progress success
2024-05-23 20:15:48,056 - INFO - Route download_progress success
2024-05-23 20:15:49,090 - INFO - Route download_progress success
2024-05-23 20:15:50,093 - INFO - Route download_progress success
2024-05-23 20:15:50,494 - INFO - table_update route successfully send data with flag 1
2024-05-23 20:15:51,096 - INFO - Route download_progress success
2024-05-23 20:15:52,060 - INFO - Route download_progress success
2024-05-23 20:15:53,062 - INFO - Route download_progress success
2024-05-23 20:15:54,102 - INFO - Route download_progress success
2024-05-23 20:15:55,082 - INFO - Route download_progress success
2024-05-23 20:15:55,420 - INFO - table_update route successfully send data with flag 1
2024-05-23 20:15:56,054 - INFO - Route download_progress success
2024-05-23 20:15:57,055 - INFO - Route download_progress success
2024-05-23 20:15:58,088 - INFO - Route download_progress success
2024-05-23 20:15:59,106 - INFO - Route download_progress success
2024-05-23 20:16:00,061 - INFO - Route download_progress success
2024-05-23 20:16:00,631 - INFO - table_update route successfully send data with flag 1
2024-05-23 20:16:01,116 - INFO - Route download_progress success
2024-05-23 20:16:02,097 - INFO - Route download_progress success
2024-05-23 20:16:03,058 - INFO - Route download_progress success
2024-05-23 20:16:04,055 - INFO - Route download_progress success
2024-05-23 20:16:05,072 - INFO - Route download_progress success
2024-05-23 20:16:05,541 - INFO - table_update route successfully send data with flag 1
2024-05-23 20:16:06,090 - INFO - Route download_progress success
2024-05-23 20:16:07,108 - INFO - Route download_progress success
2024-05-23 20:16:08,063 - INFO - Route download_progress success
2024-05-23 20:16:09,080 - INFO - Route download_progress success
2024-05-23 20:16:10,097 - INFO - Route download_progress success
2024-05-23 20:16:10,467 - INFO - table_update route successfully send data with flag 1
2024-05-23 20:16:11,068 - INFO - Route download_progress success
2024-05-23 20:16:12,054 - INFO - Route download_progress success
2024-05-23 20:16:13,119 - INFO - Route download_progress success
2024-05-23 20:16:14,089 - INFO - Route download_progress success
2024-05-23 20:16:15,076 - INFO - Route download_progress success
2024-05-23 20:16:15,492 - INFO - table_update route successfully send data with flag 1
2024-05-23 20:16:16,109 - INFO - Route download_progress success
2024-05-23 20:16:17,096 - INFO - Route download_progress success
2024-05-23 20:16:18,098 - INFO - Route download_progress success
2024-05-23 20:16:19,069 - INFO - Route download_progress success
2024-05-23 20:16:20,102 - INFO - Route download_progress success
2024-05-23 20:16:20,402 - INFO - table_update route successfully send data with flag 1
2024-05-23 20:16:21,089 - INFO - Route download_progress success
2024-05-23 20:16:22,053 - INFO - Route download_progress success
2024-05-23 20:16:23,100 - INFO - Route download_progress success
2024-05-23 20:16:24,078 - INFO - Route download_progress success
2024-05-23 20:16:24,935 - INFO - Route download_progress success
2024-05-23 20:16:25,312 - INFO - table_update route successfully send data with flag 1
2024-05-23 20:16:25,612 - INFO - Route download_progress success
2024-05-23 20:16:26,675 - INFO - Route download_progress success
2024-05-23 20:16:27,611 - INFO - Route download_progress success
2024-05-23 20:16:28,617 - INFO - Route download_progress success
2024-05-23 20:16:29,610 - INFO - Route download_progress success
2024-05-23 20:16:30,031 - INFO - table_update route successfully send data with flag 1
2024-05-23 20:16:30,631 - INFO - Route download_progress success
2024-05-23 20:16:31,616 - INFO - Route download_progress success
2024-05-23 20:16:32,635 - INFO - Route download_progress success
2024-05-23 20:16:33,629 - INFO - Route download_progress success
2024-05-23 20:16:34,628 - INFO - Route download_progress success
2024-05-23 20:16:35,375 - INFO - table_update route successfully send data with flag 1
2024-05-23 20:16:35,629 - INFO - Route download_progress success
2024-05-23 20:16:36,646 - INFO - Route download_progress success
2024-05-23 20:16:37,610 - INFO - Route download_progress success
2024-05-23 20:16:38,629 - INFO - Route download_progress success
2024-05-23 20:16:39,621 - INFO - Route download_progress success
2024-05-23 20:16:40,010 - INFO - Function update_bar_chart_from_blob successfully Return blob_list with flag 1
2024-05-23 20:16:40,010 - INFO - Function upload_to_blob successfully created blob_client.url
2024-05-23 20:16:40,010 - INFO - User documents uploded successfully.
2024-05-23 20:16:40,677 - INFO - Function update_bar_chart_from_blob successfully Return blob_list with flag 1
2024-05-23 20:16:40,677 - INFO - Popup_form route succeeded with flag 1
2024-05-23 20:16:40,689 - INFO - Route download_progress success
2024-05-23 20:16:41,611 - INFO - Route download_progress success
2024-05-23 20:16:42,225 - INFO - table_update route successfully send data with flag 1
2024-05-23 20:16:42,628 - INFO - Route download_progress success
2024-05-23 20:16:43,628 - INFO - Route download_progress success
2024-05-23 20:16:44,631 - INFO - Route download_progress success
2024-05-23 20:16:45,243 - INFO - table_update route successfully send data with flag 1
2024-05-23 20:16:45,661 - INFO - Route download_progress success
2024-05-23 20:16:46,626 - INFO - Route download_progress success
2024-05-23 20:16:47,626 - INFO - Route download_progress success
2024-05-23 20:16:48,628 - INFO - Route download_progress success
2024-05-23 20:16:49,725 - INFO - Route download_progress success
2024-05-23 20:16:50,360 - INFO - table_update route successfully send data with flag 1
2024-05-23 20:16:50,629 - INFO - Route download_progress success
2024-05-23 20:16:51,626 - INFO - Route download_progress success
2024-05-23 20:16:52,645 - INFO - Route download_progress success
2024-05-23 20:16:52,859 - INFO - Function update_bar_chart_from_blob successfully Return blob_list with flag 1
2024-05-23 20:16:53,619 - INFO - Route download_progress success
2024-05-23 20:16:54,615 - INFO - Function update_bar_chart_from_blob successfully Return blob_list with flag 1
2024-05-23 20:16:54,642 - INFO - Route download_progress success
2024-05-23 20:16:55,282 - INFO - table_update route successfully send data with flag 1
2024-05-23 20:16:55,659 - INFO - Route download_progress success
2024-05-23 20:16:56,027 - INFO - Function update_bar_chart_from_blob successfully Return blob_list with flag 1
2024-05-23 20:16:56,027 - INFO - Cogni_button route succeeded with flag 1
2024-05-23 20:16:59,109 - INFO - Route download_progress success
2024-05-23 20:16:59,210 - INFO - Route download_progress success
2024-05-23 20:17:00,075 - INFO - Route download_progress success
2024-05-23 20:17:01,048 - INFO - table_update route successfully send data with flag 1
2024-05-23 20:17:01,080 - INFO - Route download_progress success
2024-05-23 20:17:02,069 - INFO - Route download_progress success
2024-05-23 20:17:03,054 - INFO - Route download_progress success
2024-05-23 20:17:04,072 - INFO - Route download_progress success
2024-05-23 20:17:05,089 - INFO - Route download_progress success
2024-05-23 20:17:05,620 - INFO - Route download_progress success
2024-05-23 20:17:05,647 - INFO - table_update route successfully send data with flag 1
2024-05-23 20:17:06,621 - INFO - Route download_progress success
2024-05-23 20:17:07,624 - INFO - Route download_progress success
2024-05-23 20:17:08,627 - INFO - Route download_progress success
2024-05-23 20:17:10,093 - INFO - Route download_progress success
2024-05-23 20:17:10,748 - INFO - table_update route successfully send data with flag 1
2024-05-23 20:17:11,118 - INFO - Route download_progress success
2024-05-23 20:17:12,090 - INFO - Route download_progress success
2024-05-23 20:17:13,054 - INFO - Route download_progress success
2024-05-23 20:17:14,079 - INFO - Route download_progress success
2024-05-23 20:17:14,627 - INFO - Route download_progress success
2024-05-23 20:17:15,497 - INFO - table_update route successfully send data with flag 1
2024-05-23 20:17:15,629 - INFO - Route download_progress success
2024-05-23 20:17:16,650 - INFO - Route download_progress success
2024-05-23 20:17:17,620 - INFO - Route download_progress success
2024-05-23 20:17:18,629 - INFO - Route download_progress success
2024-05-23 20:17:19,628 - INFO - Route download_progress success
2024-05-23 20:17:20,373 - INFO - table_update route successfully send data with flag 1
2024-05-23 20:17:20,630 - INFO - Route download_progress success
2024-05-23 20:17:21,634 - INFO - Route download_progress success
2024-05-23 20:17:22,659 - INFO - Route download_progress success
2024-05-23 20:17:24,082 - INFO - Route download_progress success
2024-05-23 20:17:25,088 - INFO - Route download_progress success
2024-05-23 20:17:25,796 - INFO - table_update route successfully send data with flag 1
2024-05-23 20:17:26,075 - INFO - Route download_progress success
2024-05-23 20:17:26,445 - INFO - Function update_bar_chart_from_blob successfully Return blob_list with flag 1
2024-05-23 20:17:27,062 - INFO - Route download_progress success
2024-05-23 20:17:28,095 - INFO - Route download_progress success
2024-05-23 20:17:28,302 - INFO - Function update_bar_chart_from_blob successfully Return blob_list with flag 1
2024-05-23 20:17:29,098 - INFO - Route download_progress success
2024-05-23 20:17:29,736 - INFO - Function update_bar_chart_from_blob successfully Return blob_list with flag 1
2024-05-23 20:17:29,736 - INFO - Cogni_button route succeeded with flag 1
2024-05-23 20:17:30,053 - INFO - Route download_progress success
2024-05-23 20:17:30,639 - INFO - table_update route successfully send data with flag 1
2024-05-23 20:17:31,070 - INFO - Route download_progress success
2024-05-23 20:17:31,625 - INFO - Route download_progress success
2024-05-23 20:17:32,643 - INFO - Route download_progress success
2024-05-23 20:17:33,632 - INFO - Route download_progress success
2024-05-23 20:17:34,632 - INFO - Route download_progress success
2024-05-23 20:17:35,361 - INFO - table_update route successfully send data with flag 1
2024-05-23 20:17:35,626 - INFO - Route download_progress success
2024-05-23 20:17:36,635 - INFO - Route download_progress success
2024-05-23 20:17:37,626 - INFO - Route download_progress success
2024-05-23 20:17:38,625 - INFO - Route download_progress success
2024-05-23 20:17:39,624 - INFO - Route download_progress success
2024-05-23 20:17:40,366 - INFO - table_update route successfully send data with flag 1
2024-05-23 20:17:40,625 - INFO - Route download_progress success
2024-05-23 20:17:41,626 - INFO - Route download_progress success
2024-05-23 20:17:42,626 - INFO - Route download_progress success
2024-05-23 20:17:43,626 - INFO - Route download_progress success
2024-05-23 20:17:44,647 - INFO - Route download_progress success
2024-05-23 20:17:45,400 - INFO - table_update route successfully send data with flag 1
2024-05-23 20:17:45,640 - INFO - Route download_progress success
2024-05-23 20:17:46,628 - INFO - Route download_progress success
2024-05-23 20:17:47,744 - INFO - Route download_progress success
2024-05-23 20:17:48,862 - INFO - Route download_progress success
2024-05-23 20:17:49,780 - INFO - Route download_progress success
2024-05-23 20:17:50,512 - INFO - table_update route successfully send data with flag 1
2024-05-23 20:17:50,718 - INFO - Route download_progress success
2024-05-23 20:17:51,689 - INFO - Route download_progress success
2024-05-23 20:17:52,706 - INFO - Route download_progress success
2024-05-23 20:17:53,663 - INFO - Route download_progress success
2024-05-23 20:17:54,640 - INFO - Route download_progress success
2024-05-23 20:17:55,523 - INFO - table_update route successfully send data with flag 1
2024-05-23 20:17:55,632 - INFO - Route download_progress success
2024-05-23 20:17:56,643 - INFO - Route download_progress success
2024-05-23 20:17:57,623 - INFO - Route download_progress success
2024-05-23 20:17:58,624 - INFO - Route download_progress success
2024-05-23 20:17:59,627 - INFO - Route download_progress success
2024-05-23 20:18:00,339 - INFO - table_update route successfully send data with flag 1
2024-05-23 20:18:00,646 - INFO - Route download_progress success
2024-05-23 20:18:01,631 - INFO - Route download_progress success
2024-05-23 20:18:02,637 - INFO - Route download_progress success
2024-05-23 20:18:03,621 - INFO - Route download_progress success
2024-05-23 20:18:04,634 - INFO - Route download_progress success
2024-05-23 20:18:05,367 - INFO - table_update route successfully send data with flag 1
2024-05-23 20:18:05,632 - INFO - Route download_progress success
2024-05-23 20:18:06,700 - INFO - Route download_progress success
2024-05-23 20:18:08,065 - INFO - Route download_progress success
2024-05-23 20:18:09,137 - INFO - Route download_progress success
2024-05-23 20:18:10,080 - INFO - Route download_progress success
2024-05-23 20:18:10,783 - INFO - table_update route successfully send data with flag 1
2024-05-23 20:18:11,057 - INFO - Route download_progress success
2024-05-23 20:18:12,082 - INFO - Route download_progress success
2024-05-23 20:18:13,111 - INFO - Route download_progress success
2024-05-23 20:18:14,057 - INFO - Route download_progress success
2024-05-23 20:18:15,089 - INFO - Route download_progress success
2024-05-23 20:18:15,800 - INFO - table_update route successfully send data with flag 1
2024-05-23 20:18:16,082 - INFO - Route download_progress success
2024-05-23 20:18:17,073 - INFO - Route download_progress success
2024-05-23 20:18:18,069 - INFO - Route download_progress success
2024-05-23 20:18:19,085 - INFO - Route download_progress success
2024-05-23 20:18:20,085 - INFO - Route download_progress success
2024-05-23 20:18:20,716 - INFO - table_update route successfully send data with flag 1
2024-05-23 20:18:21,080 - INFO - Route download_progress success
2024-05-23 20:18:22,075 - INFO - Route download_progress success
2024-05-23 20:18:23,064 - INFO - Route download_progress success
2024-05-23 20:18:24,118 - INFO - Route download_progress success
2024-05-23 20:18:25,080 - INFO - Route download_progress success
2024-05-23 20:18:25,835 - INFO - table_update route successfully send data with flag 1
2024-05-23 20:18:26,085 - INFO - Route download_progress success
2024-05-23 20:18:27,117 - INFO - Route download_progress success
2024-05-23 20:18:28,085 - INFO - Route download_progress success
2024-05-23 20:18:29,100 - INFO - Route download_progress success
2024-05-23 20:18:30,080 - INFO - Route download_progress success
2024-05-23 20:18:30,712 - INFO - table_update route successfully send data with flag 1
2024-05-23 20:18:31,072 - INFO - Route download_progress success
2024-05-23 20:18:32,066 - INFO - Route download_progress success
2024-05-23 20:18:33,071 - INFO - Route download_progress success
2024-05-23 20:18:34,084 - INFO - Route download_progress success
2024-05-23 20:18:35,072 - INFO - Route download_progress success
2024-05-23 20:18:35,775 - INFO - table_update route successfully send data with flag 1
2024-05-23 20:18:36,073 - INFO - Route download_progress success
2024-05-23 20:18:37,082 - INFO - Route download_progress success
2024-05-23 20:18:38,056 - INFO - Route download_progress success
2024-05-23 20:18:39,082 - INFO - Route download_progress success
2024-05-23 20:18:40,114 - INFO - Route download_progress success
2024-05-23 20:18:40,802 - INFO - table_update route successfully send data with flag 1
2024-05-23 20:18:41,069 - INFO - Route download_progress success
2024-05-23 20:18:42,064 - INFO - Route download_progress success
2024-05-23 20:18:43,104 - INFO - Route download_progress success
2024-05-23 20:18:44,099 - INFO - Route download_progress success
2024-05-23 20:18:45,070 - INFO - Route download_progress success
2024-05-23 20:18:45,709 - INFO - table_update route successfully send data with flag 1
2024-05-23 20:18:46,097 - INFO - Route download_progress success
2024-05-23 20:18:47,059 - INFO - Route download_progress success
2024-05-23 20:18:48,073 - INFO - Route download_progress success
2024-05-23 20:18:49,068 - INFO - Route download_progress success
2024-05-23 20:18:50,077 - INFO - Route download_progress success
2024-05-23 20:18:50,830 - INFO - table_update route successfully send data with flag 1
2024-05-23 20:18:51,077 - INFO - Route download_progress success
2024-05-23 20:18:52,074 - INFO - Route download_progress success
2024-05-23 20:18:53,096 - INFO - Route download_progress success
2024-05-23 20:18:54,090 - INFO - Route download_progress success
2024-05-23 20:18:55,092 - INFO - Route download_progress success
2024-05-23 20:18:55,751 - INFO - table_update route successfully send data with flag 1
2024-05-23 20:18:56,066 - INFO - Route download_progress success
2024-05-23 20:18:57,113 - INFO - Route download_progress success
2024-05-23 20:18:58,084 - INFO - Route download_progress success
2024-05-23 20:18:59,091 - INFO - Route download_progress success
2024-05-23 20:19:00,068 - INFO - Route download_progress success
2024-05-23 20:19:00,762 - INFO - table_update route successfully send data with flag 1
2024-05-23 20:19:01,100 - INFO - Route download_progress success
2024-05-23 20:19:02,064 - INFO - Route download_progress success
2024-05-23 20:19:03,081 - INFO - Route download_progress success
2024-05-23 20:19:03,685 - INFO - Route download_progress success
2024-05-23 20:19:04,637 - INFO - Route download_progress success
2024-05-23 20:19:04,663 - INFO - Function update_bar_chart_from_blob successfully Return blob_list with flag 1
2024-05-23 20:19:05,463 - INFO - table_update route successfully send data with flag 1
2024-05-23 20:19:07,097 - INFO - table_update route successfully send data with flag 1
2024-05-23 20:19:07,131 - INFO - Route download_progress success
2024-05-23 20:19:08,141 - INFO - Route download_progress success
2024-05-23 20:19:09,115 - INFO - Route download_progress success
2024-05-23 20:19:10,141 - INFO - Route download_progress success
2024-05-23 20:19:11,119 - INFO - Route download_progress success
2024-05-23 20:19:11,889 - INFO - table_update route successfully send data with flag 1
2024-05-23 20:19:12,119 - INFO - Route download_progress success
2024-05-23 20:19:13,114 - INFO - Route download_progress success
2024-05-23 20:19:15,071 - INFO - Route download_progress success
2024-05-23 20:19:17,102 - INFO - Route download_progress success
2024-05-23 20:19:17,864 - INFO - table_update route successfully send data with flag 1
2024-05-23 20:19:19,137 - INFO - Route download_progress success
2024-05-23 20:19:21,065 - INFO - Route download_progress success
2024-05-23 20:19:22,675 - INFO - table_update route successfully send data with flag 1
2024-05-23 20:19:23,064 - INFO - Route download_progress success
2024-05-23 20:19:25,090 - INFO - Route download_progress success
2024-05-23 20:19:27,110 - INFO - Route download_progress success
2024-05-23 20:19:27,810 - INFO - table_update route successfully send data with flag 1
2024-05-23 20:19:29,069 - INFO - Route download_progress success
2024-05-23 20:19:31,086 - INFO - Route download_progress success
2024-05-23 20:19:32,722 - INFO - table_update route successfully send data with flag 1
2024-05-23 20:19:33,075 - INFO - Route download_progress success
2024-05-23 20:19:35,106 - INFO - Route download_progress success
2024-05-23 20:19:37,079 - INFO - Route download_progress success
2024-05-23 20:19:37,832 - INFO - table_update route successfully send data with flag 1
2024-05-23 20:19:39,071 - INFO - Route download_progress success
2024-05-23 20:19:41,075 - INFO - Route download_progress success
2024-05-23 20:19:42,753 - INFO - table_update route successfully send data with flag 1
2024-05-23 20:19:43,072 - INFO - Route download_progress success
2024-05-23 20:19:45,085 - INFO - Route download_progress success
2024-05-23 20:19:47,497 - INFO - Route download_progress success
2024-05-23 20:19:48,275 - INFO - table_update route successfully send data with flag 1
2024-05-23 20:19:49,073 - INFO - Route download_progress success
2024-05-23 20:19:51,070 - INFO - Route download_progress success
2024-05-23 20:19:52,875 - INFO - table_update route successfully send data with flag 1
2024-05-23 20:19:53,076 - INFO - Route download_progress success
2024-05-23 20:19:55,083 - INFO - Route download_progress success
2024-05-23 20:19:57,117 - INFO - Route download_progress success
2024-05-23 20:19:57,796 - INFO - table_update route successfully send data with flag 1
2024-05-23 20:19:59,080 - INFO - Route download_progress success
2024-05-23 20:20:01,076 - INFO - Route download_progress success
2024-05-23 20:20:02,279 - INFO - table_update route successfully send data with flag 1
2024-05-23 20:20:02,313 - INFO - Route download_progress success
2024-05-23 20:20:02,894 - INFO - Function update_bar_chart_from_blob successfully Return blob_list with flag 1
2024-05-23 20:20:05,525 - INFO - Route download_progress success
2024-05-23 20:20:05,581 - INFO - table_update route successfully send data with flag 1
2024-05-23 20:20:06,570 - INFO - Route download_progress success
2024-05-23 20:20:07,530 - INFO - Route download_progress success
2024-05-23 20:20:08,510 - INFO - Route download_progress success
2024-05-23 20:20:09,525 - INFO - Route download_progress success
2024-05-23 20:20:10,392 - INFO - table_update route successfully send data with flag 1
2024-05-23 20:20:10,526 - INFO - Route download_progress success
2024-05-23 20:20:11,525 - INFO - Route download_progress success
2024-05-23 20:20:12,525 - INFO - Route download_progress success
2024-05-23 20:20:13,525 - INFO - Route download_progress success
2024-05-23 20:20:14,642 - INFO - Route download_progress success
2024-05-23 20:20:15,295 - INFO - table_update route successfully send data with flag 1
2024-05-23 20:20:15,537 - INFO - Route download_progress success
2024-05-23 20:20:16,527 - INFO - Route download_progress success
2024-05-23 20:20:17,165 - INFO - Function update_bar_chart_from_blob successfully Return blob_list with flag 1
2024-05-23 20:20:18,191 - INFO - Route download_progress success
2024-05-23 20:20:18,993 - INFO - Route download_progress success
2024-05-23 20:20:19,662 - INFO - Route download_progress success
2024-05-23 20:20:20,327 - INFO - Function update_bar_chart_from_blob successfully Return blob_list with flag 1
2024-05-23 20:20:20,391 - INFO - table_update route successfully send data with flag 1
2024-05-23 20:20:20,616 - INFO - Route download_progress success
2024-05-23 20:20:21,687 - INFO - Route download_progress success
2024-05-23 20:20:22,171 - INFO - Function update_bar_chart_from_blob successfully Return blob_list with flag 1
2024-05-23 20:20:22,179 - INFO - Cogni_button route succeeded with flag 1
2024-05-23 20:20:22,536 - INFO - Route download_progress success
2024-05-23 20:20:23,533 - INFO - Route download_progress success
2024-05-23 20:20:24,864 - INFO - Route download_progress success
2024-05-23 20:20:25,590 - INFO - table_update route successfully send data with flag 1
2024-05-23 20:20:26,457 - INFO - Route download_progress success
2024-05-23 20:20:27,212 - INFO - Route download_progress success
2024-05-23 20:20:28,096 - INFO - Route download_progress success
2024-05-23 20:20:29,146 - INFO - Route download_progress success
2024-05-23 20:20:30,165 - INFO - Route download_progress success
2024-05-23 20:20:30,870 - INFO - table_update route successfully send data with flag 1
2024-05-23 20:20:31,101 - INFO - Route download_progress success
2024-05-23 20:20:32,118 - INFO - Route download_progress success
2024-05-23 20:20:33,075 - INFO - Route download_progress success
2024-05-23 20:20:34,078 - INFO - Route download_progress success
2024-05-23 20:20:35,073 - INFO - Route download_progress success
2024-05-23 20:20:35,781 - INFO - table_update route successfully send data with flag 1
2024-05-23 20:20:36,075 - INFO - Route download_progress success
2024-05-23 20:20:37,087 - INFO - Route download_progress success
2024-05-23 20:20:38,053 - INFO - Route download_progress success
2024-05-23 20:20:39,108 - INFO - Route download_progress success
2024-05-23 20:20:40,095 - INFO - Route download_progress success
2024-05-23 20:20:40,812 - INFO - table_update route successfully send data with flag 1
2024-05-23 20:20:41,097 - INFO - Route download_progress success
2024-05-23 20:20:42,061 - INFO - Route download_progress success
2024-05-23 20:20:43,104 - INFO - Route download_progress success
2024-05-23 20:20:45,912 - INFO - Route download_progress success
2024-05-23 20:20:47,083 - INFO - Route download_progress success
2024-05-23 20:20:47,295 - INFO - table_update route successfully send data with flag 1
2024-05-23 20:20:48,341 - INFO - Route download_progress success
2024-05-23 20:20:49,175 - INFO - Route download_progress success
2024-05-23 20:20:50,367 - INFO - Route download_progress success
2024-05-23 20:20:51,616 - INFO - table_update route successfully send data with flag 1
2024-05-23 20:20:51,625 - INFO - Route download_progress success
