2024-05-23 20:30:45,688 - INFO - Function create_or_pass_folder error with flag 0 -- Function create_or_pass_folder error is::Value for one of the query parameters specified in the request URI is invalid.
RequestId:7da42650-401e-0035-1221-addb53000000
Time:2024-05-23T15:00:46.3639834Z
ErrorCode:InvalidQueryParameterValue
queryparametername:snapshot
queryparametervalue:san123
Content: <?xml version="1.0" encoding="utf-8"?>
<Error><Code>InvalidQueryParameterValue</Code><Message>Value for one of the query parameters specified in the request URI is invalid.
RequestId:7da42650-401e-0035-1221-addb53000000
Time:2024-05-23T15:00:46.3639834Z</Message><QueryParameterName>snapshot</QueryParameterName><QueryParameterValue>san123</QueryParameterValue></Error>
2024-05-23 20:30:45,689 - INFO - Function create_or_pass_folder Error creating folder'san123': Value for one of the query parameters specified in the request URI is invalid.
RequestId:7da42650-401e-0035-1221-addb53000000
Time:2024-05-23T15:00:46.3639834Z
ErrorCode:InvalidQueryParameterValue
queryparametername:snapshot
queryparametervalue:san123
Content: <?xml version="1.0" encoding="utf-8"?>
<Error><Code>InvalidQueryParameterValue</Code><Message>Value for one of the query parameters specified in the request URI is invalid.
RequestId:7da42650-401e-0035-1221-addb53000000
Time:2024-05-23T15:00:46.3639834Z</Message><QueryParameterName>snapshot</QueryParameterName><QueryParameterValue>san123</QueryParameterValue></Error> 
2024-05-23 20:30:46,303 - INFO - Function update_bar_chart_from_blob successfully Return blob_list with flag 1
2024-05-23 20:30:46,303 - INFO - User san123 logged in successfully with flag 1
2024-05-23 20:30:47,004 - INFO - Function update_bar_chart_from_blob successfully Return blob_list with flag 1
2024-05-23 20:30:48,341 - INFO - table_update route successfully send data with flag 1
2024-05-23 20:30:48,588 - INFO - Route download_progress success
2024-05-23 20:30:49,574 - INFO - Route download_progress success
2024-05-23 20:30:50,571 - INFO - Route download_progress success
2024-05-23 20:30:51,572 - INFO - Route download_progress success
2024-05-23 20:30:52,571 - INFO - Route download_progress success
2024-05-23 20:30:53,254 - INFO - table_update route successfully send data with flag 1
2024-05-23 20:30:53,818 - INFO - Route download_progress success
2024-05-23 20:30:55,235 - INFO - Route download_progress success
2024-05-23 20:30:56,468 - INFO - Route download_progress success
2024-05-23 20:30:56,608 - INFO - Route download_progress success
2024-05-23 20:30:57,805 - INFO - Route download_progress success
2024-05-23 20:30:58,486 - INFO - table_update route successfully send data with flag 1
2024-05-23 20:30:58,576 - INFO - Route download_progress success
2024-05-23 20:30:59,593 - INFO - Route download_progress success
2024-05-23 20:31:00,606 - INFO - Route download_progress success
2024-05-23 20:31:00,937 - INFO - Function update_bar_chart_from_blob successfully Return blob_list with flag 1
2024-05-23 20:31:01,736 - INFO - Route download_progress success
2024-05-23 20:31:02,571 - INFO - Route download_progress success
2024-05-23 20:31:02,993 - INFO - Function update_bar_chart_from_blob successfully Return blob_list with flag 1
2024-05-23 20:31:03,254 - INFO - table_update route successfully send data with flag 1
2024-05-23 20:31:03,569 - INFO - Route download_progress success
2024-05-23 20:31:04,438 - INFO - Function update_bar_chart_from_blob successfully Return blob_list with flag 1
2024-05-23 20:31:04,443 - INFO - Cogni_button route succeeded with flag 1
2024-05-23 20:31:04,573 - INFO - Route download_progress success
2024-05-23 20:31:05,571 - INFO - Route download_progress success
2024-05-23 20:31:06,574 - INFO - Route download_progress success
2024-05-23 20:31:07,578 - INFO - Route download_progress success
2024-05-23 20:31:08,442 - INFO - table_update route successfully send data with flag 1
2024-05-23 20:31:08,849 - INFO - Route download_progress success
2024-05-23 20:31:09,708 - INFO - Route download_progress success
2024-05-23 20:31:10,640 - INFO - Route download_progress success
2024-05-23 20:31:11,615 - INFO - Route download_progress success
2024-05-23 20:31:12,566 - INFO - Route download_progress success
2024-05-23 20:31:13,031 - INFO - table_update route successfully send data with flag 1
2024-05-23 20:31:13,678 - INFO - Route download_progress success
2024-05-23 20:31:14,585 - INFO - Route download_progress success
2024-05-23 20:31:15,470 - INFO - Function update_bar_chart_from_blob successfully Return blob_list with flag 1
2024-05-23 20:31:15,574 - INFO - Route download_progress success
2024-05-23 20:31:16,507 - INFO - Function update_bar_chart_from_blob successfully Return blob_list with flag 1
2024-05-23 20:31:16,589 - INFO - Route download_progress success
2024-05-23 20:31:16,922 - INFO - Function update_bar_chart_from_blob successfully Return blob_list with flag 1
2024-05-23 20:31:16,922 - INFO - delete for delete/<file_name> route deleted successfully with flag 1
2024-05-23 20:31:17,533 - INFO - table_update route successfully send data with flag 1
2024-05-23 20:31:17,573 - INFO - Route download_progress success
2024-05-23 20:31:17,944 - INFO - table_update route successfully send data with flag 1
2024-05-23 20:31:18,572 - INFO - Route download_progress success
2024-05-23 20:31:19,574 - INFO - Route download_progress success
2024-05-23 20:31:20,570 - INFO - Route download_progress success
2024-05-23 20:31:21,566 - INFO - Route download_progress success
2024-05-23 20:31:22,568 - INFO - Route download_progress success
2024-05-23 20:31:23,007 - INFO - table_update route successfully send data with flag 1
2024-05-23 20:31:23,848 - INFO - Route download_progress success
2024-05-23 20:31:24,680 - INFO - Route download_progress success
2024-05-23 20:31:25,748 - INFO - Route download_progress success
2024-05-23 20:31:26,570 - INFO - Route download_progress success
2024-05-23 20:31:27,059 - INFO - Function update_bar_chart_from_blob successfully Return blob_list with flag 1
2024-05-23 20:31:27,059 - INFO - Function upload_to_blob successfully created blob_client.url
2024-05-23 20:31:27,060 - INFO - User documents uploded successfully.
2024-05-23 20:31:27,603 - INFO - Route download_progress success
2024-05-23 20:31:27,669 - INFO - Function update_bar_chart_from_blob successfully Return blob_list with flag 1
2024-05-23 20:31:27,669 - INFO - Popup_form route succeeded with flag 1
2024-05-23 20:31:28,283 - INFO - table_update route successfully send data with flag 1
2024-05-23 20:31:28,568 - INFO - Route download_progress success
2024-05-23 20:31:29,681 - INFO - Route download_progress success
2024-05-23 20:31:30,569 - INFO - Route download_progress success
2024-05-23 20:31:31,674 - INFO - Route download_progress success
2024-05-23 20:31:32,562 - INFO - Route download_progress success
2024-05-23 20:31:33,302 - INFO - table_update route successfully send data with flag 1
2024-05-23 20:31:33,568 - INFO - Route download_progress success
2024-05-23 20:31:34,578 - INFO - Route download_progress success
2024-05-23 20:31:35,582 - INFO - Route download_progress success
2024-05-23 20:31:36,566 - INFO - Route download_progress success
2024-05-23 20:31:37,188 - INFO - Function update_bar_chart_from_blob successfully Return blob_list with flag 1
2024-05-23 20:31:37,795 - INFO - Route download_progress success
2024-05-23 20:31:38,417 - INFO - table_update route successfully send data with flag 1
2024-05-23 20:31:38,702 - INFO - Route download_progress success
2024-05-23 20:31:39,134 - INFO - Function update_bar_chart_from_blob successfully Return blob_list with flag 1
2024-05-23 20:31:39,847 - INFO - Route download_progress success
2024-05-23 20:31:40,672 - INFO - Route download_progress success
2024-05-23 20:31:40,886 - INFO - Function update_bar_chart_from_blob successfully Return blob_list with flag 1
2024-05-23 20:31:40,886 - INFO - Cogni_button route succeeded with flag 1
2024-05-23 20:31:41,600 - INFO - Route download_progress success
2024-05-23 20:31:42,567 - INFO - Route download_progress success
2024-05-23 20:31:43,338 - INFO - table_update route successfully send data with flag 1
2024-05-23 20:31:43,579 - INFO - Route download_progress success
2024-05-23 20:31:44,574 - INFO - Route download_progress success
2024-05-23 20:31:45,589 - INFO - Route download_progress success
2024-05-23 20:31:46,001 - INFO - Function update_bar_chart_from_blob successfully Return blob_list with flag 1
2024-05-23 20:31:47,116 - INFO - table_update route successfully send data with flag 1
2024-05-23 20:31:47,416 - INFO - Route download_progress success
2024-05-23 20:31:48,403 - INFO - Route download_progress success
2024-05-23 20:31:49,409 - INFO - Route download_progress success
2024-05-23 20:31:50,403 - INFO - Route download_progress success
2024-05-23 20:31:51,414 - INFO - Route download_progress success
2024-05-23 20:31:52,247 - INFO - table_update route successfully send data with flag 1
2024-05-23 20:31:52,416 - INFO - Route download_progress success
2024-05-23 20:31:53,518 - INFO - Route download_progress success
2024-05-23 20:31:54,583 - INFO - Route download_progress success
2024-05-23 20:31:55,432 - INFO - Route download_progress success
2024-05-23 20:31:56,421 - INFO - Route download_progress success
2024-05-23 20:31:57,154 - INFO - table_update route successfully send data with flag 1
2024-05-23 20:31:57,408 - INFO - Route download_progress success
2024-05-23 20:31:58,446 - INFO - Route download_progress success
2024-05-23 20:31:59,401 - INFO - Route download_progress success
2024-05-23 20:32:00,427 - INFO - Route download_progress success
2024-05-23 20:32:01,406 - INFO - Route download_progress success
2024-05-23 20:32:02,064 - INFO - table_update route successfully send data with flag 1
2024-05-23 20:32:02,418 - INFO - Route download_progress success
2024-05-23 20:32:03,397 - INFO - Route download_progress success
2024-05-23 20:32:04,423 - INFO - Route download_progress success
2024-05-23 20:32:05,403 - INFO - Route download_progress success
2024-05-23 20:32:06,421 - INFO - Route download_progress success
2024-05-23 20:32:07,091 - INFO - table_update route successfully send data with flag 1
2024-05-23 20:32:07,408 - INFO - Route download_progress success
2024-05-23 20:32:08,495 - INFO - Route download_progress success
2024-05-23 20:32:09,398 - INFO - Route download_progress success
2024-05-23 20:32:10,397 - INFO - Route download_progress success
2024-05-23 20:32:12,080 - INFO - Route download_progress success
2024-05-23 20:32:12,880 - INFO - table_update route successfully send data with flag 1
2024-05-23 20:32:13,115 - INFO - Route download_progress success
2024-05-23 20:32:14,053 - INFO - Route download_progress success
2024-05-23 20:32:15,077 - INFO - Route download_progress success
2024-05-23 20:32:16,080 - INFO - Route download_progress success
2024-05-23 20:32:17,110 - INFO - Route download_progress success
2024-05-23 20:32:17,742 - INFO - table_update route successfully send data with flag 1
2024-05-23 20:32:18,058 - INFO - Route download_progress success
2024-05-23 20:32:19,106 - INFO - Route download_progress success
2024-05-23 20:32:20,062 - INFO - Route download_progress success
2024-05-23 20:32:21,096 - INFO - Route download_progress success
2024-05-23 20:32:22,064 - INFO - Route download_progress success
2024-05-23 20:32:22,620 - INFO - table_update route successfully send data with flag 1
2024-05-23 20:32:23,109 - INFO - Route download_progress success
2024-05-23 20:32:24,062 - INFO - Route download_progress success
2024-05-23 20:32:25,063 - INFO - Route download_progress success
2024-05-23 20:32:26,085 - INFO - Route download_progress success
2024-05-23 20:32:27,078 - INFO - Route download_progress success
2024-05-23 20:32:27,738 - INFO - table_update route successfully send data with flag 1
2024-05-23 20:32:28,067 - INFO - Route download_progress success
2024-05-23 20:32:29,086 - INFO - Route download_progress success
2024-05-23 20:32:30,076 - INFO - Route download_progress success
2024-05-23 20:32:31,073 - INFO - Route download_progress success
2024-05-23 20:32:32,075 - INFO - Route download_progress success
2024-05-23 20:32:32,693 - INFO - table_update route successfully send data with flag 1
2024-05-23 20:32:33,089 - INFO - Route download_progress success
2024-05-23 20:32:34,067 - INFO - Route download_progress success
2024-05-23 20:32:35,082 - INFO - Route download_progress success
2024-05-23 20:32:36,064 - INFO - Route download_progress success
2024-05-23 20:32:37,068 - INFO - Route download_progress success
2024-05-23 20:32:37,813 - INFO - table_update route successfully send data with flag 1
2024-05-23 20:32:38,069 - INFO - Route download_progress success
2024-05-23 20:32:39,077 - INFO - Route download_progress success
2024-05-23 20:32:40,182 - INFO - Route download_progress success
2024-05-23 20:32:41,079 - INFO - Route download_progress success
2024-05-23 20:32:42,061 - INFO - Route download_progress success
2024-05-23 20:32:42,729 - INFO - table_update route successfully send data with flag 1
2024-05-23 20:32:43,072 - INFO - Route download_progress success
2024-05-23 20:32:44,071 - INFO - Route download_progress success
2024-05-23 20:32:45,070 - INFO - Route download_progress success
2024-05-23 20:32:46,075 - INFO - Route download_progress success
2024-05-23 20:32:47,093 - INFO - Route download_progress success
2024-05-23 20:32:47,708 - INFO - table_update route successfully send data with flag 1
2024-05-23 20:32:48,065 - INFO - Route download_progress success
2024-05-23 20:32:49,071 - INFO - Route download_progress success
2024-05-23 20:32:50,061 - INFO - Route download_progress success
2024-05-23 20:32:51,121 - INFO - Route download_progress success
2024-05-23 20:32:52,090 - INFO - Route download_progress success
2024-05-23 20:32:52,770 - INFO - table_update route successfully send data with flag 1
2024-05-23 20:32:53,058 - INFO - Route download_progress success
2024-05-23 20:32:54,065 - INFO - Route download_progress success
2024-05-23 20:32:55,077 - INFO - Route download_progress success
2024-05-23 20:32:56,066 - INFO - Route download_progress success
2024-05-23 20:32:57,092 - INFO - Route download_progress success
2024-05-23 20:32:57,792 - INFO - table_update route successfully send data with flag 1
2024-05-23 20:32:58,087 - INFO - Route download_progress success
2024-05-23 20:32:59,071 - INFO - Route download_progress success
2024-05-23 20:33:00,063 - INFO - Route download_progress success
2024-05-23 20:33:01,074 - INFO - Route download_progress success
2024-05-23 20:33:02,068 - INFO - Route download_progress success
2024-05-23 20:33:02,804 - INFO - table_update route successfully send data with flag 1
2024-05-23 20:33:03,058 - INFO - Route download_progress success
2024-05-23 20:33:04,096 - INFO - Route download_progress success
2024-05-23 20:33:05,087 - INFO - Route download_progress success
2024-05-23 20:33:06,068 - INFO - Route download_progress success
2024-05-23 20:33:07,092 - INFO - Route download_progress success
2024-05-23 20:33:07,714 - INFO - table_update route successfully send data with flag 1
2024-05-23 20:33:08,059 - INFO - Route download_progress success
2024-05-23 20:33:09,081 - INFO - Route download_progress success
2024-05-23 20:33:10,067 - INFO - Route download_progress success
2024-05-23 20:33:28,076 - INFO - Route download_progress success
2024-05-23 20:33:28,908 - INFO - table_update route successfully send data with flag 1
2024-05-23 20:33:34,370 - INFO - Route download_progress success
2024-05-23 20:33:34,391 - INFO - Route download_progress success
2024-05-23 20:33:35,026 - INFO - table_update route successfully send data with flag 1
2024-05-23 20:33:35,362 - INFO - Function update_bar_chart_from_blob successfully Return blob_list with flag 1
2024-05-23 20:33:36,440 - INFO - table_update route successfully send data with flag 1
2024-05-23 20:33:36,723 - INFO - Route download_progress success
2024-05-23 20:33:37,753 - INFO - Route download_progress success
2024-05-23 20:33:38,724 - INFO - Route download_progress success
2024-05-23 20:33:39,723 - INFO - Route download_progress success
2024-05-23 20:33:40,724 - INFO - Route download_progress success
2024-05-23 20:33:41,392 - INFO - table_update route successfully send data with flag 1
2024-05-23 20:33:41,758 - INFO - Route download_progress success
2024-05-23 20:33:42,741 - INFO - Route download_progress success
2024-05-23 20:33:44,075 - INFO - Route download_progress success
2024-05-23 20:33:45,084 - INFO - Route download_progress success
2024-05-23 20:33:46,076 - INFO - Route download_progress success
2024-05-23 20:33:46,832 - INFO - table_update route successfully send data with flag 1
2024-05-23 20:33:47,070 - INFO - Route download_progress success
2024-05-23 20:33:48,102 - INFO - Route download_progress success
2024-05-23 20:33:49,063 - INFO - Route download_progress success
2024-05-23 20:33:50,112 - INFO - Route download_progress success
2024-05-23 20:33:51,078 - INFO - Route download_progress success
2024-05-23 20:33:51,747 - INFO - table_update route successfully send data with flag 1
2024-05-23 20:33:52,085 - INFO - Route download_progress success
2024-05-23 20:33:53,103 - INFO - Route download_progress success
2024-05-23 20:33:54,122 - INFO - Route download_progress success
2024-05-23 20:33:55,058 - INFO - Route download_progress success
2024-05-23 20:33:56,095 - INFO - Route download_progress success
2024-05-23 20:33:56,770 - INFO - table_update route successfully send data with flag 1
2024-05-23 20:33:57,066 - INFO - Route download_progress success
2024-05-23 20:33:58,103 - INFO - Route download_progress success
2024-05-23 20:33:59,078 - INFO - Route download_progress success
2024-05-23 20:34:00,071 - INFO - Route download_progress success
2024-05-23 20:34:01,071 - INFO - Route download_progress success
2024-05-23 20:34:01,680 - INFO - table_update route successfully send data with flag 1
2024-05-23 20:34:02,073 - INFO - Route download_progress success
2024-05-23 20:34:03,072 - INFO - Route download_progress success
2024-05-23 20:34:04,099 - INFO - Route download_progress success
2024-05-23 20:34:05,074 - INFO - Route download_progress success
2024-05-23 20:34:06,103 - INFO - Route download_progress success
2024-05-23 20:34:06,698 - INFO - table_update route successfully send data with flag 1
2024-05-23 20:34:07,062 - INFO - Route download_progress success
2024-05-23 20:34:08,071 - INFO - Route download_progress success
2024-05-23 20:34:09,053 - INFO - Route download_progress success
2024-05-23 20:34:10,074 - INFO - Route download_progress success
2024-05-23 20:34:11,073 - INFO - Route download_progress success
2024-05-23 20:34:11,793 - INFO - table_update route successfully send data with flag 1
2024-05-23 20:34:12,063 - INFO - Route download_progress success
2024-05-23 20:34:13,065 - INFO - Route download_progress success
2024-05-23 20:34:14,098 - INFO - Route download_progress success
2024-05-23 20:34:15,073 - INFO - Route download_progress success
2024-05-23 20:34:16,071 - INFO - Route download_progress success
2024-05-23 20:34:16,735 - INFO - table_update route successfully send data with flag 1
2024-05-23 20:34:17,073 - INFO - Route download_progress success
2024-05-23 20:34:18,076 - INFO - Route download_progress success
2024-05-23 20:34:19,071 - INFO - Route download_progress success
2024-05-23 20:34:20,063 - INFO - Route download_progress success
2024-05-23 20:34:21,753 - INFO - Route download_progress success
2024-05-23 20:34:22,355 - INFO - table_update route successfully send data with flag 1
2024-05-23 20:34:23,490 - INFO - Route download_progress success
