2024-05-23 16:02:25,828 - INFO - Function create_or_pass_folder error with flag 0 -- Function create_or_pass_folder error is::Value for one of the query parameters specified in the request URI is invalid.
RequestId:93cd39ce-501e-0003-3dfc-ac7601000000
Time:2024-05-23T10:32:26.4217357Z
ErrorCode:InvalidQueryParameterValue
queryparametername:snapshot
queryparametervalue:san123
Content: <?xml version="1.0" encoding="utf-8"?>
<Error><Code>InvalidQueryParameterValue</Code><Message>Value for one of the query parameters specified in the request URI is invalid.
RequestId:93cd39ce-501e-0003-3dfc-ac7601000000
Time:2024-05-23T10:32:26.4217357Z</Message><QueryParameterName>snapshot</QueryParameterName><QueryParameterValue>san123</QueryParameterValue></Error>
2024-05-23 16:02:25,828 - INFO - Function create_or_pass_folder Error creating folder'san123': Value for one of the query parameters specified in the request URI is invalid.
RequestId:93cd39ce-501e-0003-3dfc-ac7601000000
Time:2024-05-23T10:32:26.4217357Z
ErrorCode:InvalidQueryParameterValue
queryparametername:snapshot
queryparametervalue:san123
Content: <?xml version="1.0" encoding="utf-8"?>
<Error><Code>InvalidQueryParameterValue</Code><Message>Value for one of the query parameters specified in the request URI is invalid.
RequestId:93cd39ce-501e-0003-3dfc-ac7601000000
Time:2024-05-23T10:32:26.4217357Z</Message><QueryParameterName>snapshot</QueryParameterName><QueryParameterValue>san123</QueryParameterValue></Error> 
2024-05-23 16:02:26,507 - INFO - Function update_bar_chart_from_blob successfully Return blob_list with flag 1
2024-05-23 16:02:26,508 - INFO - User san123 logged in successfully with flag 1
2024-05-23 16:02:27,515 - INFO - Function update_bar_chart_from_blob successfully Return blob_list with flag 1
2024-05-23 16:02:30,482 - INFO - table_update route successfully send data with flag 1
2024-05-23 16:02:30,923 - INFO - Route download_progress success
2024-05-23 16:02:31,712 - INFO - Route download_progress success
2024-05-23 16:02:32,625 - INFO - Route download_progress success
2024-05-23 16:02:33,614 - INFO - Route download_progress success
2024-05-23 16:02:34,551 - INFO - Route download_progress success
2024-05-23 16:02:35,362 - INFO - table_update route successfully send data with flag 1
2024-05-23 16:02:35,567 - INFO - Route download_progress success
2024-05-23 16:02:36,549 - INFO - Route download_progress success
2024-05-23 16:02:37,566 - INFO - Route download_progress success
2024-05-23 16:02:38,548 - INFO - Route download_progress success
2024-05-23 16:02:39,604 - INFO - Route download_progress success
2024-05-23 16:02:40,225 - INFO - table_update route successfully send data with flag 1
2024-05-23 16:02:40,555 - INFO - Route download_progress success
2024-05-23 16:02:42,025 - INFO - Route download_progress success
2024-05-23 16:02:43,020 - INFO - Route download_progress success
2024-05-23 16:02:43,717 - INFO - Route download_progress success
2024-05-23 16:02:44,746 - INFO - Route download_progress success
2024-05-23 16:02:45,527 - INFO - table_update route successfully send data with flag 1
2024-05-23 16:02:45,626 - INFO - Route download_progress success
2024-05-23 16:02:46,753 - INFO - Route download_progress success
2024-05-23 16:02:47,780 - INFO - Route download_progress success
2024-05-23 16:02:48,645 - INFO - Route download_progress success
2024-05-23 16:02:49,899 - INFO - Route download_progress success
2024-05-23 16:02:50,535 - INFO - table_update route successfully send data with flag 1
2024-05-23 16:02:50,572 - INFO - Route download_progress success
2024-05-23 16:02:51,644 - INFO - Route download_progress success
2024-05-23 16:02:52,549 - INFO - Route download_progress success
2024-05-23 16:02:53,561 - INFO - Route download_progress success
2024-05-23 16:02:54,549 - INFO - Route download_progress success
2024-05-23 16:02:55,281 - INFO - table_update route successfully send data with flag 1
2024-05-23 16:02:55,553 - INFO - Route download_progress success
2024-05-23 16:02:56,613 - INFO - Route download_progress success
2024-05-23 16:02:57,578 - INFO - Route download_progress success
2024-05-23 16:02:58,549 - INFO - Route download_progress success
2024-05-23 16:02:59,559 - INFO - Route download_progress success
2024-05-23 16:03:00,286 - INFO - table_update route successfully send data with flag 1
2024-05-23 16:03:00,555 - INFO - Route download_progress success
2024-05-23 16:03:01,556 - INFO - Route download_progress success
2024-05-23 16:03:02,550 - INFO - Route download_progress success
2024-05-23 16:03:03,565 - INFO - Route download_progress success
2024-05-23 16:03:04,554 - INFO - Route download_progress success
2024-05-23 16:03:05,299 - INFO - table_update route successfully send data with flag 1
2024-05-23 16:03:05,560 - INFO - Route download_progress success
2024-05-23 16:03:06,552 - INFO - Route download_progress success
2024-05-23 16:03:07,582 - INFO - Route download_progress success
2024-05-23 16:03:08,549 - INFO - Route download_progress success
2024-05-23 16:03:09,565 - INFO - Route download_progress success
2024-05-23 16:03:10,311 - INFO - table_update route successfully send data with flag 1
2024-05-23 16:03:10,559 - INFO - Route download_progress success
2024-05-23 16:03:11,619 - INFO - Route download_progress success
2024-05-23 16:03:12,548 - INFO - Route download_progress success
2024-05-23 16:03:13,562 - INFO - Route download_progress success
2024-05-23 16:03:14,549 - INFO - Route download_progress success
2024-05-23 16:03:15,296 - INFO - table_update route successfully send data with flag 1
2024-05-23 16:03:15,554 - INFO - Route download_progress success
2024-05-23 16:03:16,554 - INFO - Route download_progress success
2024-05-23 16:03:17,563 - INFO - Route download_progress success
2024-05-23 16:03:18,549 - INFO - Route download_progress success
2024-05-23 16:03:19,561 - INFO - Route download_progress success
2024-05-23 16:03:20,261 - INFO - table_update route successfully send data with flag 1
2024-05-23 16:03:20,558 - INFO - Route download_progress success
2024-05-23 16:03:21,560 - INFO - Route download_progress success
2024-05-23 16:03:22,549 - INFO - Route download_progress success
2024-05-23 16:03:23,555 - INFO - Route download_progress success
2024-05-23 16:03:24,548 - INFO - Route download_progress success
2024-05-23 16:03:25,261 - INFO - table_update route successfully send data with flag 1
2024-05-23 16:03:25,558 - INFO - Route download_progress success
2024-05-23 16:03:27,060 - INFO - Route download_progress success
2024-05-23 16:03:28,097 - INFO - Route download_progress success
2024-05-23 16:03:29,062 - INFO - Route download_progress success
2024-05-23 16:03:30,075 - INFO - Route download_progress success
2024-05-23 16:03:30,653 - INFO - table_update route successfully send data with flag 1
2024-05-23 16:03:31,066 - INFO - Route download_progress success
2024-05-23 16:03:32,064 - INFO - Route download_progress success
2024-05-23 16:03:33,061 - INFO - Route download_progress success
2024-05-23 16:03:34,067 - INFO - Route download_progress success
2024-05-23 16:03:35,068 - INFO - Route download_progress success
2024-05-23 16:03:35,650 - INFO - table_update route successfully send data with flag 1
2024-05-23 16:03:36,062 - INFO - Route download_progress success
2024-05-23 16:03:37,062 - INFO - Route download_progress success
2024-05-23 16:03:38,083 - INFO - Route download_progress success
2024-05-23 16:03:39,066 - INFO - Route download_progress success
2024-05-23 16:03:40,076 - INFO - Route download_progress success
2024-05-23 16:03:40,684 - INFO - table_update route successfully send data with flag 1
2024-05-23 16:03:41,062 - INFO - Route download_progress success
2024-05-23 16:03:42,069 - INFO - Route download_progress success
2024-05-23 16:03:43,065 - INFO - Route download_progress success
2024-05-23 16:03:44,064 - INFO - Route download_progress success
2024-05-23 16:03:45,063 - INFO - Route download_progress success
2024-05-23 16:03:45,647 - INFO - table_update route successfully send data with flag 1
2024-05-23 16:03:46,064 - INFO - Route download_progress success
2024-05-23 16:03:47,063 - INFO - Route download_progress success
2024-05-23 16:03:48,065 - INFO - Route download_progress success
2024-05-23 16:03:49,061 - INFO - Route download_progress success
2024-05-23 16:03:50,068 - INFO - Route download_progress success
2024-05-23 16:03:50,656 - INFO - table_update route successfully send data with flag 1
2024-05-23 16:03:51,062 - INFO - Route download_progress success
2024-05-23 16:03:52,064 - INFO - Route download_progress success
2024-05-23 16:03:53,063 - INFO - Route download_progress success
2024-05-23 16:03:54,062 - INFO - Route download_progress success
2024-05-23 16:03:55,062 - INFO - Route download_progress success
2024-05-23 16:03:55,644 - INFO - table_update route successfully send data with flag 1
2024-05-23 16:03:56,071 - INFO - Route download_progress success
2024-05-23 16:03:57,064 - INFO - Route download_progress success
2024-05-23 16:03:58,069 - INFO - Route download_progress success
2024-05-23 16:03:59,064 - INFO - Route download_progress success
2024-05-23 16:04:00,072 - INFO - Route download_progress success
2024-05-23 16:04:00,715 - INFO - table_update route successfully send data with flag 1
2024-05-23 16:04:01,062 - INFO - Route download_progress success
2024-05-23 16:04:02,065 - INFO - Route download_progress success
2024-05-23 16:04:03,062 - INFO - Route download_progress success
2024-05-23 16:04:04,065 - INFO - Route download_progress success
2024-05-23 16:04:05,065 - INFO - Route download_progress success
2024-05-23 16:04:05,646 - INFO - table_update route successfully send data with flag 1
2024-05-23 16:04:06,074 - INFO - Route download_progress success
2024-05-23 16:04:07,063 - INFO - Route download_progress success
2024-05-23 16:04:08,078 - INFO - Route download_progress success
2024-05-23 16:04:09,062 - INFO - Route download_progress success
2024-05-23 16:04:10,068 - INFO - Route download_progress success
2024-05-23 16:04:10,649 - INFO - table_update route successfully send data with flag 1
2024-05-23 16:04:11,064 - INFO - Route download_progress success
2024-05-23 16:04:12,098 - INFO - Route download_progress success
2024-05-23 16:04:13,067 - INFO - Route download_progress success
2024-05-23 16:04:14,067 - INFO - Route download_progress success
2024-05-23 16:04:15,062 - INFO - Route download_progress success
2024-05-23 16:04:15,666 - INFO - table_update route successfully send data with flag 1
2024-05-23 16:04:16,078 - INFO - Route download_progress success
2024-05-23 16:04:17,063 - INFO - Route download_progress success
2024-05-23 16:04:18,063 - INFO - Route download_progress success
2024-05-23 16:04:19,063 - INFO - Route download_progress success
2024-05-23 16:04:20,081 - INFO - Route download_progress success
2024-05-23 16:04:20,641 - INFO - table_update route successfully send data with flag 1
2024-05-23 16:04:21,062 - INFO - Route download_progress success
2024-05-23 16:04:22,068 - INFO - Route download_progress success
2024-05-23 16:04:23,065 - INFO - Route download_progress success
2024-05-23 16:04:24,067 - INFO - Route download_progress success
2024-05-23 16:04:25,062 - INFO - Route download_progress success
2024-05-23 16:04:25,654 - INFO - table_update route successfully send data with flag 1
2024-05-23 16:04:28,385 - INFO - Route download_progress success
2024-05-23 16:05:28,069 - INFO - Route download_progress success
2024-05-23 16:05:28,657 - INFO - table_update route successfully send data with flag 1
2024-05-23 16:06:28,070 - INFO - Route download_progress success
2024-05-23 16:06:28,636 - INFO - table_update route successfully send data with flag 1
2024-05-23 16:07:28,079 - INFO - Route download_progress success
2024-05-23 16:07:28,685 - INFO - table_update route successfully send data with flag 1
2024-05-23 16:08:28,074 - INFO - Route download_progress success
2024-05-23 16:08:28,670 - INFO - table_update route successfully send data with flag 1
2024-05-23 16:09:28,079 - INFO - Route download_progress success
2024-05-23 16:09:28,688 - INFO - table_update route successfully send data with flag 1
2024-05-23 16:10:28,074 - INFO - Route download_progress success
2024-05-23 16:10:28,697 - INFO - table_update route successfully send data with flag 1
2024-05-23 16:11:28,073 - INFO - Route download_progress success
2024-05-23 16:11:28,706 - INFO - table_update route successfully send data with flag 1
2024-05-23 16:12:28,072 - INFO - Route download_progress success
2024-05-23 16:12:28,721 - INFO - table_update route successfully send data with flag 1
2024-05-23 16:13:28,082 - INFO - Route download_progress success
2024-05-23 16:13:28,650 - INFO - table_update route successfully send data with flag 1
2024-05-23 16:14:28,088 - INFO - Route download_progress success
2024-05-23 16:14:28,690 - INFO - table_update route successfully send data with flag 1
2024-05-23 16:15:28,100 - INFO - Route download_progress success
2024-05-23 16:15:28,661 - INFO - table_update route successfully send data with flag 1
2024-05-23 16:16:28,073 - INFO - Route download_progress success
2024-05-23 16:16:28,635 - INFO - table_update route successfully send data with flag 1
2024-05-23 16:17:28,073 - INFO - Route download_progress success
2024-05-23 16:17:28,674 - INFO - table_update route successfully send data with flag 1
2024-05-23 16:18:28,074 - INFO - Route download_progress success
2024-05-23 16:18:28,722 - INFO - table_update route successfully send data with flag 1
2024-05-23 16:19:28,078 - INFO - Route download_progress success
2024-05-23 16:19:28,683 - INFO - table_update route successfully send data with flag 1
2024-05-23 16:20:28,073 - INFO - Route download_progress success
2024-05-23 16:20:28,654 - INFO - table_update route successfully send data with flag 1
2024-05-23 16:21:28,084 - INFO - Route download_progress success
2024-05-23 16:21:28,751 - INFO - table_update route successfully send data with flag 1
2024-05-23 16:22:28,064 - INFO - Route download_progress success
2024-05-23 16:22:28,671 - INFO - table_update route successfully send data with flag 1
2024-05-23 16:23:28,078 - INFO - Route download_progress success
2024-05-23 16:23:28,688 - INFO - table_update route successfully send data with flag 1
2024-05-23 16:24:28,093 - INFO - Route download_progress success
2024-05-23 16:24:28,669 - INFO - table_update route successfully send data with flag 1
2024-05-23 16:25:28,079 - INFO - Route download_progress success
2024-05-23 16:25:28,698 - INFO - table_update route successfully send data with flag 1
2024-05-23 16:26:28,074 - INFO - Route download_progress success
2024-05-23 16:26:28,636 - INFO - table_update route successfully send data with flag 1
2024-05-23 16:27:28,087 - INFO - Route download_progress success
2024-05-23 16:27:28,666 - INFO - table_update route successfully send data with flag 1
2024-05-23 16:28:28,076 - INFO - Route download_progress success
2024-05-23 16:28:28,684 - INFO - table_update route successfully send data with flag 1
2024-05-23 16:29:28,083 - INFO - Route download_progress success
2024-05-23 16:29:28,630 - INFO - table_update route successfully send data with flag 1
2024-05-23 16:30:28,079 - INFO - Route download_progress success
2024-05-23 16:30:28,697 - INFO - table_update route successfully send data with flag 1
2024-05-23 16:31:28,080 - INFO - Route download_progress success
2024-05-23 16:31:28,713 - INFO - table_update route successfully send data with flag 1
2024-05-23 16:32:28,078 - INFO - Route download_progress success
2024-05-23 16:32:28,684 - INFO - table_update route successfully send data with flag 1
2024-05-23 16:33:28,079 - INFO - Route download_progress success
2024-05-23 16:33:28,654 - INFO - table_update route successfully send data with flag 1
2024-05-23 16:34:28,077 - INFO - Route download_progress success
2024-05-23 16:34:28,735 - INFO - table_update route successfully send data with flag 1
2024-05-23 16:35:28,103 - INFO - Route download_progress success
2024-05-23 16:35:28,738 - INFO - table_update route successfully send data with flag 1
2024-05-23 16:36:28,083 - INFO - Route download_progress success
2024-05-23 16:36:28,703 - INFO - table_update route successfully send data with flag 1
2024-05-23 16:37:28,070 - INFO - Route download_progress success
2024-05-23 16:37:28,675 - INFO - table_update route successfully send data with flag 1
2024-05-23 16:38:28,076 - INFO - Route download_progress success
2024-05-23 16:38:28,681 - INFO - table_update route successfully send data with flag 1
2024-05-23 16:39:28,095 - INFO - Route download_progress success
2024-05-23 16:39:28,695 - INFO - table_update route successfully send data with flag 1
2024-05-23 16:40:28,078 - INFO - Route download_progress success
2024-05-23 16:40:28,703 - INFO - table_update route successfully send data with flag 1
2024-05-23 16:41:28,073 - INFO - Route download_progress success
2024-05-23 16:41:28,684 - INFO - table_update route successfully send data with flag 1
2024-05-23 16:42:28,077 - INFO - Route download_progress success
2024-05-23 16:42:28,706 - INFO - table_update route successfully send data with flag 1
2024-05-23 16:43:28,070 - INFO - Route download_progress success
2024-05-23 16:43:28,644 - INFO - table_update route successfully send data with flag 1
2024-05-23 16:43:42,664 - INFO - Route download_progress success
2024-05-23 16:43:43,334 - INFO - table_update route successfully send data with flag 1
2024-05-23 16:43:43,554 - INFO - Route download_progress success
2024-05-23 16:43:45,058 - INFO - Route download_progress success
2024-05-23 16:43:45,669 - INFO - table_update route successfully send data with flag 1
2024-05-23 16:43:46,066 - INFO - Route download_progress success
2024-05-23 16:43:47,086 - INFO - Route download_progress success
2024-05-23 16:43:48,064 - INFO - Route download_progress success
2024-05-23 16:43:49,063 - INFO - Route download_progress success
2024-05-23 16:43:50,082 - INFO - Route download_progress success
2024-05-23 16:43:50,705 - INFO - table_update route successfully send data with flag 1
2024-05-23 16:43:51,062 - INFO - Route download_progress success
2024-05-23 16:43:52,075 - INFO - Route download_progress success
2024-05-23 16:43:53,063 - INFO - Route download_progress success
2024-05-23 16:43:54,073 - INFO - Route download_progress success
2024-05-23 16:43:55,069 - INFO - Route download_progress success
2024-05-23 16:43:55,674 - INFO - table_update route successfully send data with flag 1
2024-05-23 16:43:56,075 - INFO - Route download_progress success
2024-05-23 16:43:57,114 - INFO - Route download_progress success
2024-05-23 16:43:58,076 - INFO - Route download_progress success
2024-05-23 16:43:59,062 - INFO - Route download_progress success
2024-05-23 16:44:00,066 - INFO - Route download_progress success
2024-05-23 16:44:00,700 - INFO - table_update route successfully send data with flag 1
2024-05-23 16:44:01,062 - INFO - Route download_progress success
2024-05-23 16:44:02,069 - INFO - Route download_progress success
2024-05-23 16:44:03,063 - INFO - Route download_progress success
2024-05-23 16:44:04,075 - INFO - Route download_progress success
2024-05-23 16:44:05,063 - INFO - Route download_progress success
2024-05-23 16:44:05,659 - INFO - table_update route successfully send data with flag 1
2024-05-23 16:44:06,076 - INFO - Route download_progress success
2024-05-23 16:44:07,061 - INFO - Route download_progress success
2024-05-23 16:44:08,062 - INFO - Route download_progress success
2024-05-23 16:44:09,062 - INFO - Route download_progress success
2024-05-23 16:44:10,077 - INFO - Route download_progress success
2024-05-23 16:44:10,703 - INFO - table_update route successfully send data with flag 1
2024-05-23 16:44:11,068 - INFO - Route download_progress success
2024-05-23 16:44:12,448 - INFO - Route download_progress success
2024-05-23 16:44:13,059 - INFO - Route download_progress success
2024-05-23 16:44:14,072 - INFO - Route download_progress success
2024-05-23 16:44:15,073 - INFO - Route download_progress success
2024-05-23 16:44:15,715 - INFO - table_update route successfully send data with flag 1
2024-05-23 16:44:16,067 - INFO - Route download_progress success
2024-05-23 16:44:17,061 - INFO - Route download_progress success
2024-05-23 16:44:18,068 - INFO - Route download_progress success
2024-05-23 16:44:19,062 - INFO - Route download_progress success
2024-05-23 16:44:20,076 - INFO - Route download_progress success
2024-05-23 16:44:20,676 - INFO - table_update route successfully send data with flag 1
2024-05-23 16:44:21,065 - INFO - Route download_progress success
2024-05-23 16:44:22,075 - INFO - Route download_progress success
2024-05-23 16:44:23,064 - INFO - Route download_progress success
2024-05-23 16:44:24,066 - INFO - Route download_progress success
2024-05-23 16:44:25,083 - INFO - Route download_progress success
2024-05-23 16:44:25,664 - INFO - table_update route successfully send data with flag 1
2024-05-23 16:44:26,067 - INFO - Route download_progress success
2024-05-23 16:44:27,093 - INFO - Route download_progress success
2024-05-23 16:44:28,079 - INFO - Route download_progress success
2024-05-23 16:44:29,065 - INFO - Route download_progress success
2024-05-23 16:44:30,071 - INFO - Route download_progress success
2024-05-23 16:44:30,668 - INFO - table_update route successfully send data with flag 1
2024-05-23 16:44:31,066 - INFO - Route download_progress success
2024-05-23 16:44:32,067 - INFO - Route download_progress success
2024-05-23 16:44:33,063 - INFO - Route download_progress success
2024-05-23 16:44:34,069 - INFO - Route download_progress success
2024-05-23 16:44:35,061 - INFO - Route download_progress success
2024-05-23 16:44:35,627 - INFO - table_update route successfully send data with flag 1
2024-05-23 16:44:36,068 - INFO - Route download_progress success
2024-05-23 16:44:37,065 - INFO - Route download_progress success
2024-05-23 16:44:38,069 - INFO - Route download_progress success
2024-05-23 16:44:39,064 - INFO - Route download_progress success
2024-05-23 16:44:40,070 - INFO - Route download_progress success
2024-05-23 16:44:40,701 - INFO - table_update route successfully send data with flag 1
2024-05-23 16:44:41,063 - INFO - Route download_progress success
2024-05-23 16:44:42,139 - INFO - Route download_progress success
2024-05-23 16:44:43,057 - INFO - Route download_progress success
2024-05-23 16:45:28,069 - INFO - Route download_progress success
2024-05-23 16:45:28,698 - INFO - table_update route successfully send data with flag 1
2024-05-23 16:46:28,086 - INFO - Route download_progress success
2024-05-23 16:46:28,686 - INFO - table_update route successfully send data with flag 1
2024-05-23 16:46:50,040 - INFO - Route download_progress success
2024-05-23 16:46:50,548 - INFO - Route download_progress success
2024-05-23 16:46:50,721 - INFO - table_update route successfully send data with flag 1
2024-05-23 16:46:51,559 - INFO - Route download_progress success
2024-05-23 16:46:53,058 - INFO - Route download_progress success
2024-05-23 16:46:54,085 - INFO - Route download_progress success
2024-05-23 16:46:55,058 - INFO - Route download_progress success
2024-05-23 16:46:55,663 - INFO - table_update route successfully send data with flag 1
2024-05-23 16:46:56,071 - INFO - Route download_progress success
2024-05-23 16:46:57,094 - INFO - Route download_progress success
2024-05-23 16:46:58,065 - INFO - Route download_progress success
2024-05-23 16:46:59,071 - INFO - Route download_progress success
2024-05-23 16:47:00,066 - INFO - Route download_progress success
2024-05-23 16:47:00,672 - INFO - table_update route successfully send data with flag 1
2024-05-23 16:47:01,408 - INFO - Route download_progress success
2024-05-23 16:47:02,071 - INFO - Route download_progress success
2024-05-23 16:47:03,063 - INFO - Route download_progress success
2024-05-23 16:47:04,076 - INFO - Route download_progress success
2024-05-23 16:47:05,069 - INFO - Route download_progress success
2024-05-23 16:47:05,622 - INFO - table_update route successfully send data with flag 1
2024-05-23 16:47:06,066 - INFO - Route download_progress success
2024-05-23 16:47:07,062 - INFO - Route download_progress success
2024-05-23 16:47:08,067 - INFO - Route download_progress success
2024-05-23 16:47:09,062 - INFO - Route download_progress success
2024-05-23 16:47:10,074 - INFO - Route download_progress success
2024-05-23 16:47:10,685 - INFO - table_update route successfully send data with flag 1
2024-05-23 16:47:11,062 - INFO - Route download_progress success
2024-05-23 16:47:12,084 - INFO - Route download_progress success
2024-05-23 16:47:13,057 - INFO - Route download_progress success
2024-05-23 16:47:14,065 - INFO - Route download_progress success
2024-05-23 16:47:15,061 - INFO - Route download_progress success
2024-05-23 16:47:15,699 - INFO - table_update route successfully send data with flag 1
2024-05-23 16:47:16,066 - INFO - Route download_progress success
2024-05-23 16:47:17,061 - INFO - Route download_progress success
2024-05-23 16:47:18,069 - INFO - Route download_progress success
2024-05-23 16:47:19,061 - INFO - Route download_progress success
2024-05-23 16:47:20,072 - INFO - Route download_progress success
2024-05-23 16:47:20,635 - INFO - table_update route successfully send data with flag 1
2024-05-23 16:47:21,065 - INFO - Route download_progress success
2024-05-23 16:47:22,066 - INFO - Route download_progress success
2024-05-23 16:47:23,063 - INFO - Route download_progress success
2024-05-23 16:47:24,064 - INFO - Route download_progress success
2024-05-23 16:47:25,063 - INFO - Route download_progress success
2024-05-23 16:47:25,650 - INFO - table_update route successfully send data with flag 1
2024-05-23 16:47:26,063 - INFO - Route download_progress success
2024-05-23 16:47:27,080 - INFO - Route download_progress success
2024-05-23 16:47:28,097 - INFO - Route download_progress success
2024-05-23 16:47:29,111 - INFO - Route download_progress success
2024-05-23 16:47:30,071 - INFO - Route download_progress success
2024-05-23 16:47:30,651 - INFO - table_update route successfully send data with flag 1
2024-05-23 16:47:31,062 - INFO - Route download_progress success
2024-05-23 16:47:32,072 - INFO - Route download_progress success
2024-05-23 16:47:33,076 - INFO - Route download_progress success
2024-05-23 16:47:34,065 - INFO - Route download_progress success
2024-05-23 16:47:35,068 - INFO - Route download_progress success
2024-05-23 16:47:35,683 - INFO - table_update route successfully send data with flag 1
2024-05-23 16:47:36,073 - INFO - Route download_progress success
2024-05-23 16:47:37,065 - INFO - Route download_progress success
2024-05-23 16:47:38,074 - INFO - Route download_progress success
2024-05-23 16:47:39,062 - INFO - Route download_progress success
2024-05-23 16:47:40,079 - INFO - Route download_progress success
2024-05-23 16:47:40,702 - INFO - table_update route successfully send data with flag 1
2024-05-23 16:47:41,067 - INFO - Route download_progress success
2024-05-23 16:47:42,144 - INFO - Route download_progress success
2024-05-23 16:47:43,057 - INFO - Route download_progress success
2024-05-23 16:47:44,086 - INFO - Route download_progress success
2024-05-23 16:47:45,067 - INFO - Route download_progress success
2024-05-23 16:47:45,643 - INFO - table_update route successfully send data with flag 1
2024-05-23 16:47:46,071 - INFO - Route download_progress success
2024-05-23 16:47:47,063 - INFO - Route download_progress success
2024-05-23 16:47:48,063 - INFO - Route download_progress success
2024-05-23 16:47:49,063 - INFO - Route download_progress success
2024-05-23 16:47:50,063 - INFO - Route download_progress success
2024-05-23 16:47:50,629 - INFO - table_update route successfully send data with flag 1
2024-05-23 16:47:51,071 - INFO - Route download_progress success
2024-05-23 16:48:28,069 - INFO - Route download_progress success
2024-05-23 16:48:28,634 - INFO - table_update route successfully send data with flag 1
2024-05-23 16:49:28,072 - INFO - Route download_progress success
2024-05-23 16:49:28,740 - INFO - table_update route successfully send data with flag 1
2024-05-23 16:50:28,075 - INFO - Route download_progress success
2024-05-23 16:50:28,705 - INFO - table_update route successfully send data with flag 1
2024-05-23 16:51:28,072 - INFO - Route download_progress success
2024-05-23 16:51:28,685 - INFO - table_update route successfully send data with flag 1
2024-05-23 16:52:28,074 - INFO - Route download_progress success
2024-05-23 16:52:28,720 - INFO - table_update route successfully send data with flag 1
2024-05-23 16:53:28,070 - INFO - Route download_progress success
2024-05-23 16:53:28,643 - INFO - table_update route successfully send data with flag 1
2024-05-23 16:54:28,074 - INFO - Route download_progress success
2024-05-23 16:54:28,662 - INFO - table_update route successfully send data with flag 1
2024-05-23 16:55:28,090 - INFO - Route download_progress success
2024-05-23 16:55:28,655 - INFO - table_update route successfully send data with flag 1
2024-05-23 16:56:28,077 - INFO - Route download_progress success
2024-05-23 16:56:28,666 - INFO - table_update route successfully send data with flag 1
2024-05-23 16:57:28,076 - INFO - Route download_progress success
2024-05-23 16:57:28,710 - INFO - table_update route successfully send data with flag 1
2024-05-23 16:58:28,088 - INFO - Route download_progress success
2024-05-23 16:58:28,694 - INFO - table_update route successfully send data with flag 1
2024-05-23 16:59:28,078 - INFO - Route download_progress success
2024-05-23 16:59:28,655 - INFO - table_update route successfully send data with flag 1
2024-05-23 17:00:28,075 - INFO - Route download_progress success
2024-05-23 17:00:28,710 - INFO - table_update route successfully send data with flag 1
2024-05-23 17:01:28,069 - INFO - Route download_progress success
2024-05-23 17:01:28,680 - INFO - table_update route successfully send data with flag 1
2024-05-23 17:12:08,113 - INFO - Route download_progress success
2024-05-23 17:12:10,817 - INFO - table_update route successfully send data with flag 1
