2024-05-25 16:29:24,698 - INFO - Function create_or_pass_folder error with flag 0 -- Function create_or_pass_folder error is::Value for one of the query parameters specified in the request URI is invalid.
RequestId:9c58e67e-101e-0004-6392-ae8084000000
Time:2024-05-25T10:59:26.1690505Z
ErrorCode:InvalidQueryParameterValue
queryparametername:snapshot
queryparametervalue:san123
Content: <?xml version="1.0" encoding="utf-8"?>
<Error><Code>InvalidQueryParameterValue</Code><Message>Value for one of the query parameters specified in the request URI is invalid.
RequestId:9c58e67e-101e-0004-6392-ae8084000000
Time:2024-05-25T10:59:26.1690505Z</Message><QueryParameterName>snapshot</QueryParameterName><QueryParameterValue>san123</QueryParameterValue></Error>
2024-05-25 16:29:24,699 - INFO - Function create_or_pass_folder Error creating folder'san123': Value for one of the query parameters specified in the request URI is invalid.
RequestId:9c58e67e-101e-0004-6392-ae8084000000
Time:2024-05-25T10:59:26.1690505Z
ErrorCode:InvalidQueryParameterValue
queryparametername:snapshot
queryparametervalue:san123
Content: <?xml version="1.0" encoding="utf-8"?>
<Error><Code>InvalidQueryParameterValue</Code><Message>Value for one of the query parameters specified in the request URI is invalid.
RequestId:9c58e67e-101e-0004-6392-ae8084000000
Time:2024-05-25T10:59:26.1690505Z</Message><QueryParameterName>snapshot</QueryParameterName><QueryParameterValue>san123</QueryParameterValue></Error> 
2024-05-25 16:29:25,369 - INFO - Function update_bar_chart_from_blob successfully Return blob_list with flag 1
2024-05-25 16:29:25,370 - INFO - User san123 logged in successfully with flag 1
2024-05-25 16:29:26,078 - INFO - Function update_bar_chart_from_blob successfully Return blob_list with flag 1
2024-05-25 16:29:27,395 - INFO - table_update route successfully send data with flag 1
2024-05-25 16:29:27,588 - INFO - Route download_progress success
2024-05-25 16:29:28,604 - INFO - Route download_progress success
2024-05-25 16:29:29,709 - INFO - Route download_progress success
2024-05-25 16:29:30,789 - INFO - Route download_progress success
2024-05-25 16:29:31,645 - INFO - Route download_progress success
2024-05-25 16:29:32,509 - INFO - table_update route successfully send data with flag 1
2024-05-25 16:29:32,613 - INFO - Route download_progress success
2024-05-25 16:29:33,610 - INFO - Route download_progress success
2024-05-25 16:29:34,616 - INFO - Route download_progress success
2024-05-25 16:29:35,605 - INFO - Route download_progress success
2024-05-25 16:29:36,613 - INFO - Route download_progress success
2024-05-25 16:29:38,008 - INFO - Route download_progress success
2024-05-25 16:29:38,611 - INFO - Route download_progress success
2024-05-25 16:29:38,686 - INFO - table_update route successfully send data with flag 1
2024-05-25 16:29:39,603 - INFO - Route download_progress success
2024-05-25 16:29:40,606 - INFO - Route download_progress success
2024-05-25 16:29:41,628 - INFO - Route download_progress success
2024-05-25 16:29:42,339 - INFO - table_update route successfully send data with flag 1
2024-05-25 16:29:42,609 - INFO - Route download_progress success
2024-05-25 16:29:43,609 - INFO - Route download_progress success
2024-05-25 16:29:44,670 - INFO - Route download_progress success
2024-05-25 16:29:45,607 - INFO - Route download_progress success
2024-05-25 16:29:46,602 - INFO - Route download_progress success
2024-05-25 16:29:47,372 - INFO - table_update route successfully send data with flag 1
2024-05-25 16:29:47,604 - INFO - Route download_progress success
2024-05-25 16:29:48,606 - INFO - Route download_progress success
2024-05-25 16:29:49,592 - INFO - Route download_progress success
2024-05-25 16:29:50,594 - INFO - Route download_progress success
2024-05-25 16:29:51,596 - INFO - Route download_progress success
2024-05-25 16:29:52,385 - INFO - table_update route successfully send data with flag 1
2024-05-25 16:29:52,988 - INFO - Route download_progress success
2024-05-25 16:29:53,765 - INFO - Route download_progress success
2024-05-25 16:29:54,643 - INFO - Route download_progress success
2024-05-25 16:29:55,682 - INFO - Route download_progress success
2024-05-25 16:29:56,604 - INFO - Route download_progress success
2024-05-25 16:29:57,380 - INFO - table_update route successfully send data with flag 1
2024-05-25 16:29:57,596 - INFO - Route download_progress success
2024-05-25 16:29:58,595 - INFO - Route download_progress success
2024-05-25 16:29:59,607 - INFO - Route download_progress success
2024-05-25 16:30:00,611 - INFO - Route download_progress success
2024-05-25 16:30:01,597 - INFO - Route download_progress success
2024-05-25 16:30:02,428 - INFO - table_update route successfully send data with flag 1
2024-05-25 16:30:02,612 - INFO - Route download_progress success
2024-05-25 16:30:03,593 - INFO - Route download_progress success
2024-05-25 16:30:04,607 - INFO - Route download_progress success
2024-05-25 16:30:05,612 - INFO - Route download_progress success
2024-05-25 16:30:06,598 - INFO - Route download_progress success
2024-05-25 16:30:07,320 - INFO - table_update route successfully send data with flag 1
2024-05-25 16:30:07,619 - INFO - Route download_progress success
2024-05-25 16:30:08,757 - INFO - Route download_progress success
2024-05-25 16:30:12,950 - INFO - Route download_progress success
2024-05-25 16:30:13,591 - INFO - table_update route successfully send data with flag 1
2024-05-25 16:30:14,037 - INFO - Route download_progress success
2024-05-25 16:30:15,027 - INFO - Route download_progress success
2024-05-25 16:30:16,025 - INFO - Route download_progress success
2024-05-25 16:30:17,034 - INFO - Route download_progress success
2024-05-25 16:30:17,666 - INFO - table_update route successfully send data with flag 1
2024-05-25 16:30:18,037 - INFO - Route download_progress success
2024-05-25 16:30:19,033 - INFO - Route download_progress success
2024-05-25 16:30:19,829 - INFO - Route download_progress success
2024-05-25 16:30:20,605 - INFO - Route download_progress success
2024-05-25 16:30:21,105 - INFO - Function update_bar_chart_from_blob successfully Return blob_list with flag 1
2024-05-25 16:30:25,070 - INFO - table_update route successfully send data with flag 1
2024-05-25 16:30:25,767 - INFO - Route download_progress success
2024-05-25 16:30:26,463 - INFO - Route download_progress success
2024-05-25 16:30:26,690 - INFO - Route download_progress success
2024-05-25 16:30:27,635 - INFO - Route download_progress success
2024-05-25 16:30:28,635 - INFO - Route download_progress success
2024-05-25 16:30:29,465 - INFO - table_update route successfully send data with flag 1
2024-05-25 16:30:29,627 - INFO - Route download_progress success
2024-05-25 16:30:30,635 - INFO - Route download_progress success
2024-05-25 16:30:31,636 - INFO - Route download_progress success
2024-05-25 16:30:32,672 - INFO - Route download_progress success
2024-05-25 16:30:34,012 - INFO - Route download_progress success
2024-05-25 16:30:34,694 - INFO - table_update route successfully send data with flag 1
2024-05-25 16:30:35,019 - INFO - Route download_progress success
2024-05-25 16:30:36,036 - INFO - Route download_progress success
2024-05-25 16:30:37,017 - INFO - Route download_progress success
2024-05-25 16:30:38,019 - INFO - Route download_progress success
2024-05-25 16:30:40,376 - INFO - Route download_progress success
2024-05-25 16:30:41,142 - INFO - table_update route successfully send data with flag 1
2024-05-25 16:30:41,345 - INFO - Route download_progress success
2024-05-25 16:30:42,194 - INFO - Route download_progress success
2024-05-25 16:30:42,620 - INFO - Route download_progress success
2024-05-25 16:30:43,619 - INFO - Route download_progress success
2024-05-25 16:30:44,623 - INFO - table_update route successfully send data with flag 1
2024-05-25 16:30:44,647 - INFO - Route download_progress success
2024-05-25 16:30:45,621 - INFO - Route download_progress success
2024-05-25 16:30:46,620 - INFO - Route download_progress success
2024-05-25 16:30:47,636 - INFO - Route download_progress success
2024-05-25 16:30:49,019 - INFO - Route download_progress success
2024-05-25 16:30:49,738 - INFO - table_update route successfully send data with flag 1
2024-05-25 16:30:50,039 - INFO - Route download_progress success
2024-05-25 16:30:51,018 - INFO - Route download_progress success
2024-05-25 16:30:52,027 - INFO - Route download_progress success
2024-05-25 16:30:53,025 - INFO - Route download_progress success
2024-05-25 16:30:53,788 - INFO - Route download_progress success
2024-05-25 16:30:54,483 - INFO - table_update route successfully send data with flag 1
2024-05-25 16:30:55,454 - INFO - Route download_progress success
2024-05-25 16:30:56,029 - INFO - Route download_progress success
2024-05-25 16:30:57,286 - INFO - Route download_progress success
2024-05-25 16:30:58,022 - INFO - Route download_progress success
2024-05-25 16:30:59,205 - INFO - Route download_progress success
2024-05-25 16:30:59,856 - INFO - table_update route successfully send data with flag 1
2024-05-25 16:31:00,088 - INFO - Route download_progress success
2024-05-25 16:31:01,017 - INFO - Route download_progress success
2024-05-25 16:31:02,038 - INFO - Route download_progress success
2024-05-25 16:31:03,070 - INFO - Route download_progress success
2024-05-25 16:31:04,671 - INFO - Route download_progress success
2024-05-25 16:31:05,617 - INFO - table_update route successfully send data with flag 1
2024-05-25 16:31:06,031 - INFO - Route download_progress success
2024-05-25 16:31:07,049 - INFO - Route download_progress success
2024-05-25 16:31:07,639 - INFO - Route download_progress success
2024-05-25 16:31:09,019 - INFO - Route download_progress success
2024-05-25 16:31:09,768 - INFO - table_update route successfully send data with flag 1
2024-05-25 16:31:10,046 - INFO - Route download_progress success
2024-05-25 16:31:12,348 - INFO - Route download_progress success
2024-05-25 16:31:13,985 - INFO - Route download_progress success
2024-05-25 16:31:14,600 - INFO - table_update route successfully send data with flag 1
2024-05-25 16:31:15,138 - INFO - Route download_progress success
2024-05-25 16:31:16,374 - INFO - Route download_progress success
2024-05-25 16:31:17,051 - INFO - Route download_progress success
2024-05-25 16:31:18,022 - INFO - Route download_progress success
2024-05-25 16:31:19,026 - INFO - Route download_progress success
2024-05-25 16:31:19,666 - INFO - table_update route successfully send data with flag 1
2024-05-25 16:31:20,043 - INFO - Route download_progress success
2024-05-25 16:31:21,036 - INFO - Route download_progress success
2024-05-25 16:31:22,020 - INFO - Route download_progress success
2024-05-25 16:31:23,032 - INFO - Route download_progress success
2024-05-25 16:31:24,185 - INFO - Route download_progress success
2024-05-25 16:31:24,838 - INFO - table_update route successfully send data with flag 1
2024-05-25 16:31:27,683 - INFO - Route download_progress success
2024-05-25 16:31:29,601 - INFO - Route download_progress success
2024-05-25 16:31:30,272 - INFO - table_update route successfully send data with flag 1
2024-05-25 16:31:31,021 - INFO - Route download_progress success
2024-05-25 16:31:32,020 - INFO - Route download_progress success
2024-05-25 16:31:33,047 - INFO - Route download_progress success
2024-05-25 16:31:34,030 - INFO - Route download_progress success
2024-05-25 16:31:34,671 - INFO - table_update route successfully send data with flag 1
2024-05-25 16:31:35,022 - INFO - Route download_progress success
2024-05-25 16:31:36,031 - INFO - Route download_progress success
2024-05-25 16:31:37,031 - INFO - Route download_progress success
2024-05-25 16:31:38,028 - INFO - Route download_progress success
2024-05-25 16:31:39,025 - INFO - Route download_progress success
2024-05-25 16:31:39,650 - INFO - table_update route successfully send data with flag 1
2024-05-25 16:31:44,321 - INFO - Route download_progress success
2024-05-25 16:32:14,489 - INFO - Route download_progress success
2024-05-25 16:32:14,635 - INFO - Route download_progress success
2024-05-25 16:32:15,119 - INFO - table_update route successfully send data with flag 1
2024-05-25 16:32:15,652 - INFO - Route download_progress success
2024-05-25 16:32:16,625 - INFO - Route download_progress success
2024-05-25 16:32:18,238 - INFO - Route download_progress success
2024-05-25 16:32:19,325 - INFO - Route download_progress success
2024-05-25 16:32:19,917 - INFO - table_update route successfully send data with flag 1
2024-05-25 16:32:20,526 - INFO - Route download_progress success
2024-05-25 16:32:20,731 - INFO - Route download_progress success
2024-05-25 16:32:22,999 - INFO - Route download_progress success
2024-05-25 16:32:24,019 - INFO - Route download_progress success
2024-05-25 16:32:24,657 - INFO - table_update route successfully send data with flag 1
2024-05-25 16:32:25,284 - INFO - Route download_progress success
2024-05-25 16:32:26,048 - INFO - Route download_progress success
2024-05-25 16:32:27,177 - INFO - Route download_progress success
2024-05-25 16:32:28,070 - INFO - Route download_progress success
2024-05-25 16:32:29,027 - INFO - Route download_progress success
2024-05-25 16:32:29,636 - INFO - table_update route successfully send data with flag 1
2024-05-25 16:32:30,134 - INFO - Route download_progress success
2024-05-25 16:32:31,021 - INFO - Route download_progress success
2024-05-25 16:32:32,050 - INFO - Route download_progress success
2024-05-25 16:33:45,250 - INFO - Route download_progress success
2024-05-25 16:33:45,642 - INFO - Route download_progress success
2024-05-25 16:33:45,868 - INFO - table_update route successfully send data with flag 1
2024-05-25 16:33:46,621 - INFO - Route download_progress success
2024-05-25 16:33:47,625 - INFO - Route download_progress success
2024-05-25 16:33:48,638 - INFO - Route download_progress success
2024-05-25 16:33:49,379 - INFO - table_update route successfully send data with flag 1
2024-05-25 16:33:49,633 - INFO - Route download_progress success
2024-05-25 16:33:50,658 - INFO - Route download_progress success
2024-05-25 16:33:51,800 - INFO - Route download_progress success
2024-05-25 16:33:53,129 - INFO - Route download_progress success
2024-05-25 16:33:54,701 - INFO - Route download_progress success
2024-05-25 16:33:55,374 - INFO - table_update route successfully send data with flag 1
2024-05-25 16:33:56,243 - INFO - Route download_progress success
2024-05-25 16:33:57,945 - INFO - Route download_progress success
2024-05-25 16:33:58,439 - INFO - Route download_progress success
2024-05-25 16:33:58,985 - INFO - Route download_progress success
2024-05-25 16:33:59,550 - INFO - table_update route successfully send data with flag 1
2024-05-25 16:33:59,655 - INFO - Route download_progress success
2024-05-25 16:34:00,633 - INFO - Route download_progress success
2024-05-25 16:34:01,628 - INFO - Route download_progress success
2024-05-25 16:34:02,655 - INFO - Route download_progress success
2024-05-25 16:34:03,634 - INFO - Route download_progress success
2024-05-25 16:34:04,359 - INFO - table_update route successfully send data with flag 1
2024-05-25 16:34:04,642 - INFO - Route download_progress success
2024-05-25 16:34:06,412 - INFO - Route download_progress success
2024-05-25 16:34:09,017 - INFO - Route download_progress success
2024-05-25 16:34:09,705 - INFO - table_update route successfully send data with flag 1
2024-05-25 16:34:10,515 - INFO - Route download_progress success
2024-05-25 16:34:11,014 - INFO - Route download_progress success
2024-05-25 16:34:12,031 - INFO - Route download_progress success
2024-05-25 16:34:12,941 - INFO - Route download_progress success
2024-05-25 16:34:13,618 - INFO - Route download_progress success
2024-05-25 16:34:14,316 - INFO - table_update route successfully send data with flag 1
2024-05-25 16:34:14,632 - INFO - Route download_progress success
2024-05-25 16:34:15,631 - INFO - Route download_progress success
2024-05-25 16:34:16,636 - INFO - Route download_progress success
2024-05-25 16:34:17,633 - INFO - Route download_progress success
2024-05-25 16:34:19,035 - INFO - Route download_progress success
2024-05-25 16:34:19,603 - INFO - table_update route successfully send data with flag 1
2024-05-25 16:34:20,024 - INFO - Route download_progress success
2024-05-25 16:34:24,351 - INFO - Route download_progress success
2024-05-25 16:34:24,627 - INFO - Route download_progress success
2024-05-25 16:34:24,942 - INFO - table_update route successfully send data with flag 1
2024-05-25 16:34:25,640 - INFO - Route download_progress success
2024-05-25 16:34:26,627 - INFO - Route download_progress success
2024-05-25 16:34:27,637 - INFO - Route download_progress success
2024-05-25 16:34:28,632 - INFO - Route download_progress success
2024-05-25 16:34:29,365 - INFO - table_update route successfully send data with flag 1
2024-05-25 16:34:29,630 - INFO - Route download_progress success
2024-05-25 16:34:30,623 - INFO - Route download_progress success
2024-05-25 16:34:31,627 - INFO - Route download_progress success
2024-05-25 16:34:32,631 - INFO - Route download_progress success
2024-05-25 16:34:33,627 - INFO - Route download_progress success
2024-05-25 16:34:34,343 - INFO - table_update route successfully send data with flag 1
2024-05-25 16:34:34,635 - INFO - Route download_progress success
2024-05-25 16:34:35,629 - INFO - Route download_progress success
2024-05-25 16:34:36,833 - INFO - Route download_progress success
2024-05-25 16:34:37,781 - INFO - Route download_progress success
2024-05-25 16:34:38,645 - INFO - Route download_progress success
2024-05-25 16:34:39,349 - INFO - table_update route successfully send data with flag 1
2024-05-25 16:34:39,641 - INFO - Route download_progress success
2024-05-25 16:34:40,628 - INFO - Route download_progress success
2024-05-25 16:34:41,630 - INFO - Route download_progress success
2024-05-25 16:34:42,618 - INFO - Route download_progress success
2024-05-25 16:34:43,640 - INFO - Route download_progress success
2024-05-25 16:34:44,338 - INFO - table_update route successfully send data with flag 1
2024-05-25 16:34:45,032 - INFO - Route download_progress success
2024-05-25 16:34:46,025 - INFO - Route download_progress success
2024-05-25 16:34:47,026 - INFO - Route download_progress success
2024-05-25 16:34:48,025 - INFO - Route download_progress success
2024-05-25 16:34:49,023 - INFO - Route download_progress success
2024-05-25 16:34:49,609 - INFO - table_update route successfully send data with flag 1
2024-05-25 16:34:49,634 - INFO - Route download_progress success
2024-05-25 16:34:50,620 - INFO - Route download_progress success
2024-05-25 16:34:52,016 - INFO - Route download_progress success
2024-05-25 16:34:52,715 - INFO - Route download_progress success
2024-05-25 16:34:53,709 - INFO - Route download_progress success
2024-05-25 16:34:54,477 - INFO - table_update route successfully send data with flag 1
2024-05-25 16:34:54,638 - INFO - Route download_progress success
2024-05-25 16:34:55,624 - INFO - Route download_progress success
2024-05-25 16:34:56,738 - INFO - Route download_progress success
2024-05-25 16:34:57,641 - INFO - Route download_progress success
2024-05-25 16:34:58,629 - INFO - Route download_progress success
2024-05-25 16:34:59,336 - INFO - table_update route successfully send data with flag 1
2024-05-25 16:34:59,626 - INFO - Route download_progress success
2024-05-25 16:35:00,634 - INFO - Route download_progress success
2024-05-25 16:35:01,640 - INFO - Route download_progress success
2024-05-25 16:35:02,646 - INFO - Route download_progress success
2024-05-25 16:35:03,628 - INFO - Route download_progress success
2024-05-25 16:35:04,348 - INFO - table_update route successfully send data with flag 1
2024-05-25 16:35:04,634 - INFO - Route download_progress success
2024-05-25 16:35:05,624 - INFO - Route download_progress success
2024-05-25 16:35:06,732 - INFO - Route download_progress success
2024-05-25 16:35:07,745 - INFO - Route download_progress success
2024-05-25 16:35:08,640 - INFO - Route download_progress success
2024-05-25 16:35:09,441 - INFO - table_update route successfully send data with flag 1
2024-05-25 16:35:09,640 - INFO - Route download_progress success
2024-05-25 16:35:10,628 - INFO - Route download_progress success
2024-05-25 16:35:11,652 - INFO - Route download_progress success
2024-05-25 16:35:12,646 - INFO - Route download_progress success
2024-05-25 16:35:13,670 - INFO - Route download_progress success
2024-05-25 16:35:14,357 - INFO - table_update route successfully send data with flag 1
2024-05-25 16:35:14,630 - INFO - Route download_progress success
2024-05-25 16:35:15,623 - INFO - Route download_progress success
2024-05-25 16:35:16,635 - INFO - Route download_progress success
2024-05-25 16:35:17,629 - INFO - Route download_progress success
2024-05-25 16:35:18,636 - INFO - Route download_progress success
2024-05-25 16:35:19,351 - INFO - table_update route successfully send data with flag 1
2024-05-25 16:35:19,637 - INFO - Route download_progress success
2024-05-25 16:35:20,636 - INFO - Route download_progress success
2024-05-25 16:35:21,803 - INFO - Route download_progress success
2024-05-25 16:35:23,036 - INFO - Route download_progress success
2024-05-25 16:35:23,639 - INFO - Route download_progress success
2024-05-25 16:35:24,354 - INFO - table_update route successfully send data with flag 1
2024-05-25 16:35:24,647 - INFO - Route download_progress success
2024-05-25 16:35:25,636 - INFO - Route download_progress success
2024-05-25 16:35:26,634 - INFO - Route download_progress success
2024-05-25 16:35:27,639 - INFO - Route download_progress success
2024-05-25 16:35:28,652 - INFO - Route download_progress success
2024-05-25 16:35:29,338 - INFO - table_update route successfully send data with flag 1
2024-05-25 16:35:29,636 - INFO - Route download_progress success
2024-05-25 16:35:30,634 - INFO - Route download_progress success
2024-05-25 16:35:31,641 - INFO - Route download_progress success
2024-05-25 16:35:32,641 - INFO - Route download_progress success
2024-05-25 16:35:33,638 - INFO - Route download_progress success
2024-05-25 16:35:34,350 - INFO - table_update route successfully send data with flag 1
2024-05-25 16:35:34,635 - INFO - Route download_progress success
2024-05-25 16:35:35,620 - INFO - Route download_progress success
2024-05-25 16:35:36,786 - INFO - Route download_progress success
2024-05-25 16:35:37,762 - INFO - Route download_progress success
2024-05-25 16:35:38,775 - INFO - Route download_progress success
2024-05-25 16:35:39,593 - INFO - table_update route successfully send data with flag 1
2024-05-25 16:35:39,998 - INFO - Route download_progress success
2024-05-25 16:35:41,242 - INFO - Route download_progress success
2024-05-25 16:35:41,963 - INFO - Route download_progress success
2024-05-25 16:35:42,723 - INFO - Route download_progress success
2024-05-25 16:35:43,641 - INFO - Route download_progress success
2024-05-25 16:35:44,354 - INFO - table_update route successfully send data with flag 1
2024-05-25 16:35:44,691 - INFO - Route download_progress success
2024-05-25 16:35:45,637 - INFO - Route download_progress success
2024-05-25 16:35:46,630 - INFO - Route download_progress success
2024-05-25 16:35:47,628 - INFO - Route download_progress success
2024-05-25 16:35:48,629 - INFO - Route download_progress success
2024-05-25 16:35:49,339 - INFO - table_update route successfully send data with flag 1
2024-05-25 16:35:49,628 - INFO - Route download_progress success
2024-05-25 16:35:50,634 - INFO - Route download_progress success
2024-05-25 16:35:51,853 - INFO - Route download_progress success
2024-05-25 16:35:53,010 - INFO - Route download_progress success
2024-05-25 16:35:53,671 - INFO - Route download_progress success
2024-05-25 16:35:54,433 - INFO - table_update route successfully send data with flag 1
2024-05-25 16:35:54,643 - INFO - Route download_progress success
2024-05-25 16:35:55,630 - INFO - Route download_progress success
2024-05-25 16:35:56,643 - INFO - Route download_progress success
2024-05-25 16:35:57,625 - INFO - Route download_progress success
2024-05-25 16:35:58,629 - INFO - Route download_progress success
2024-05-25 16:35:59,336 - INFO - table_update route successfully send data with flag 1
2024-05-25 16:35:59,629 - INFO - Route download_progress success
2024-05-25 16:36:00,633 - INFO - Route download_progress success
2024-05-25 16:36:01,639 - INFO - Route download_progress success
2024-05-25 16:36:02,640 - INFO - Route download_progress success
2024-05-25 16:36:03,635 - INFO - Route download_progress success
2024-05-25 16:36:04,358 - INFO - table_update route successfully send data with flag 1
2024-05-25 16:36:04,650 - INFO - Route download_progress success
2024-05-25 16:36:05,626 - INFO - Route download_progress success
2024-05-25 16:36:06,939 - INFO - Route download_progress success
2024-05-25 16:36:07,806 - INFO - Route download_progress success
2024-05-25 16:36:08,773 - INFO - Route download_progress success
2024-05-25 16:36:09,480 - INFO - table_update route successfully send data with flag 1
2024-05-25 16:36:09,657 - INFO - Route download_progress success
2024-05-25 16:36:10,637 - INFO - Route download_progress success
2024-05-25 16:36:12,479 - INFO - Route download_progress success
2024-05-25 16:36:13,180 - INFO - Route download_progress success
2024-05-25 16:36:13,888 - INFO - Route download_progress success
2024-05-25 16:36:14,481 - INFO - table_update route successfully send data with flag 1
2024-05-25 16:36:14,651 - INFO - Route download_progress success
2024-05-25 16:36:15,633 - INFO - Route download_progress success
2024-05-25 16:36:17,015 - INFO - Route download_progress success
2024-05-25 16:36:18,031 - INFO - Route download_progress success
2024-05-25 16:36:19,093 - INFO - Route download_progress success
2024-05-25 16:36:19,757 - INFO - table_update route successfully send data with flag 1
2024-05-25 16:36:20,012 - INFO - Route download_progress success
2024-05-25 16:36:23,632 - INFO - Route download_progress success
2024-05-25 16:36:25,047 - INFO - Route download_progress success
2024-05-25 16:36:25,613 - INFO - table_update route successfully send data with flag 1
2024-05-25 16:36:26,033 - INFO - Route download_progress success
2024-05-25 16:37:08,683 - INFO - Route download_progress success
2024-05-25 16:37:09,320 - INFO - table_update route successfully send data with flag 1
2024-05-25 16:37:09,663 - INFO - Route download_progress success
2024-05-25 16:37:10,627 - INFO - Route download_progress success
2024-05-25 16:37:11,690 - INFO - Route download_progress success
2024-05-25 16:37:13,026 - INFO - Route download_progress success
2024-05-25 16:37:14,022 - INFO - Route download_progress success
2024-05-25 16:37:14,594 - INFO - table_update route successfully send data with flag 1
2024-05-25 16:37:15,033 - INFO - Route download_progress success
2024-05-25 16:37:16,023 - INFO - Route download_progress success
2024-05-25 16:37:17,030 - INFO - Route download_progress success
2024-05-25 16:37:18,027 - INFO - Route download_progress success
2024-05-25 16:37:19,022 - INFO - Route download_progress success
2024-05-25 16:37:19,573 - INFO - table_update route successfully send data with flag 1
2024-05-25 16:37:20,018 - INFO - Route download_progress success
2024-05-25 16:37:21,423 - INFO - Route download_progress success
2024-05-25 16:38:21,817 - INFO - Route download_progress success
2024-05-25 16:38:22,399 - INFO - table_update route successfully send data with flag 1
2024-05-25 16:38:23,056 - INFO - Route download_progress success
2024-05-25 16:38:23,631 - INFO - Route download_progress success
2024-05-25 16:38:24,356 - INFO - table_update route successfully send data with flag 1
2024-05-25 16:38:24,623 - INFO - Route download_progress success
2024-05-25 16:38:25,628 - INFO - Route download_progress success
2024-05-25 16:38:26,631 - INFO - Route download_progress success
2024-05-25 16:38:27,635 - INFO - Route download_progress success
2024-05-25 16:38:28,646 - INFO - Route download_progress success
2024-05-25 16:38:29,378 - INFO - table_update route successfully send data with flag 1
2024-05-25 16:38:29,629 - INFO - Route download_progress success
2024-05-25 16:38:30,630 - INFO - Route download_progress success
2024-05-25 16:38:31,625 - INFO - Route download_progress success
2024-05-25 16:38:32,642 - INFO - Route download_progress success
2024-05-25 16:38:33,646 - INFO - Route download_progress success
2024-05-25 16:38:34,348 - INFO - table_update route successfully send data with flag 1
2024-05-25 16:38:34,634 - INFO - Route download_progress success
2024-05-25 16:38:35,632 - INFO - Route download_progress success
2024-05-25 16:38:36,685 - INFO - Route download_progress success
2024-05-25 16:38:37,724 - INFO - Route download_progress success
2024-05-25 16:38:38,641 - INFO - Route download_progress success
2024-05-25 16:38:39,433 - INFO - table_update route successfully send data with flag 1
2024-05-25 16:38:39,635 - INFO - Route download_progress success
2024-05-25 16:38:40,651 - INFO - Route download_progress success
2024-05-25 16:38:41,636 - INFO - Route download_progress success
2024-05-25 16:38:43,021 - INFO - Route download_progress success
2024-05-25 16:38:44,025 - INFO - Route download_progress success
2024-05-25 16:38:44,673 - INFO - table_update route successfully send data with flag 1
2024-05-25 16:38:45,031 - INFO - Route download_progress success
2024-05-25 16:38:46,518 - INFO - Route download_progress success
2024-05-25 16:38:47,021 - INFO - Route download_progress success
2024-05-25 16:38:48,020 - INFO - Route download_progress success
2024-05-25 16:38:49,031 - INFO - Route download_progress success
2024-05-25 16:38:49,588 - INFO - table_update route successfully send data with flag 1
2024-05-25 16:38:50,030 - INFO - Route download_progress success
2024-05-25 16:38:52,181 - INFO - Route download_progress success
2024-05-25 16:38:56,465 - INFO - Route download_progress success
2024-05-25 16:38:56,637 - INFO - Route download_progress success
2024-05-25 16:38:57,072 - INFO - table_update route successfully send data with flag 1
2024-05-25 16:38:57,768 - INFO - Route download_progress success
2024-05-25 16:38:58,704 - INFO - Route download_progress success
2024-05-25 16:38:59,594 - INFO - table_update route successfully send data with flag 1
2024-05-25 16:39:00,029 - INFO - Route download_progress success
2024-05-25 16:39:01,031 - INFO - Route download_progress success
2024-05-25 16:39:02,027 - INFO - Route download_progress success
2024-05-25 16:39:03,017 - INFO - Route download_progress success
2024-05-25 16:39:04,025 - INFO - Route download_progress success
2024-05-25 16:39:04,577 - INFO - table_update route successfully send data with flag 1
2024-05-25 16:39:05,018 - INFO - Route download_progress success
2024-05-25 16:39:09,163 - INFO - Route download_progress success
2024-05-25 16:39:09,631 - INFO - Route download_progress success
2024-05-25 16:39:09,845 - INFO - table_update route successfully send data with flag 1
2024-05-25 16:39:10,651 - INFO - Route download_progress success
2024-05-25 16:39:11,635 - INFO - Route download_progress success
2024-05-25 16:39:15,449 - INFO - Route download_progress success
2024-05-25 16:39:16,023 - INFO - Route download_progress success
2024-05-25 16:39:16,131 - INFO - table_update route successfully send data with flag 1
2024-05-25 16:39:17,036 - INFO - Route download_progress success
2024-05-25 16:39:18,029 - INFO - Route download_progress success
2024-05-25 16:39:19,038 - INFO - Route download_progress success
2024-05-25 16:39:19,594 - INFO - table_update route successfully send data with flag 1
2024-05-25 16:39:20,371 - INFO - Route download_progress success
2024-05-25 16:39:21,039 - INFO - Route download_progress success
2024-05-25 16:39:45,540 - INFO - Route download_progress success
2024-05-25 16:39:45,636 - INFO - Route download_progress success
2024-05-25 16:39:46,117 - INFO - table_update route successfully send data with flag 1
2024-05-25 16:39:46,694 - INFO - Route download_progress success
2024-05-25 16:39:48,024 - INFO - Route download_progress success
2024-05-25 16:39:49,017 - INFO - Route download_progress success
2024-05-25 16:39:49,599 - INFO - table_update route successfully send data with flag 1
2024-05-25 16:39:50,026 - INFO - Route download_progress success
2024-05-25 16:39:51,016 - INFO - Route download_progress success
2024-05-25 16:39:52,017 - INFO - Route download_progress success
2024-05-25 16:39:53,027 - INFO - Route download_progress success
2024-05-25 16:39:54,029 - INFO - Route download_progress success
2024-05-25 16:39:54,590 - INFO - table_update route successfully send data with flag 1
2024-05-25 16:39:55,030 - INFO - Route download_progress success
2024-05-25 16:39:56,031 - INFO - Route download_progress success
2024-05-25 16:40:35,260 - INFO - Route download_progress success
2024-05-25 16:40:35,627 - INFO - Route download_progress success
2024-05-25 16:40:35,835 - INFO - table_update route successfully send data with flag 1
2024-05-25 16:40:36,620 - INFO - Route download_progress success
2024-05-25 16:40:37,634 - INFO - Route download_progress success
2024-05-25 16:40:38,625 - INFO - Route download_progress success
2024-05-25 16:40:39,344 - INFO - table_update route successfully send data with flag 1
2024-05-25 16:40:39,639 - INFO - Route download_progress success
2024-05-25 16:40:40,628 - INFO - Route download_progress success
2024-05-25 16:40:41,624 - INFO - Route download_progress success
2024-05-25 16:40:42,623 - INFO - Route download_progress success
2024-05-25 16:40:43,618 - INFO - Route download_progress success
2024-05-25 16:40:44,353 - INFO - table_update route successfully send data with flag 1
2024-05-25 16:40:44,627 - INFO - Route download_progress success
2024-05-25 16:40:45,629 - INFO - Route download_progress success
2024-05-25 16:40:46,625 - INFO - Route download_progress success
2024-05-25 16:40:47,867 - INFO - Route download_progress success
2024-05-25 16:40:50,233 - INFO - Route download_progress success
2024-05-25 16:40:50,859 - INFO - table_update route successfully send data with flag 1
2024-05-25 16:40:51,463 - INFO - Route download_progress success
2024-05-25 16:40:52,039 - INFO - Route download_progress success
2024-05-25 16:40:53,017 - INFO - Route download_progress success
2024-05-25 16:40:54,033 - INFO - Route download_progress success
2024-05-25 16:40:54,691 - INFO - table_update route successfully send data with flag 1
2024-05-25 16:40:55,017 - INFO - Route download_progress success
2024-05-25 16:40:56,030 - INFO - Route download_progress success
2024-05-25 16:40:57,031 - INFO - Route download_progress success
2024-05-25 16:40:57,791 - INFO - Route download_progress success
2024-05-25 16:40:58,635 - INFO - Route download_progress success
2024-05-25 16:40:59,416 - INFO - table_update route successfully send data with flag 1
2024-05-25 16:41:00,034 - INFO - Route download_progress success
2024-05-25 16:41:01,022 - INFO - Route download_progress success
2024-05-25 16:41:02,024 - INFO - Route download_progress success
2024-05-25 16:41:03,025 - INFO - Route download_progress success
2024-05-25 16:41:04,018 - INFO - Route download_progress success
2024-05-25 16:41:04,585 - INFO - table_update route successfully send data with flag 1
2024-05-25 16:41:05,036 - INFO - Route download_progress success
2024-05-25 16:41:06,018 - INFO - Route download_progress success
2024-05-25 16:41:07,024 - INFO - Route download_progress success
2024-05-25 16:41:08,026 - INFO - Route download_progress success
2024-05-25 16:41:22,480 - INFO - Route download_progress success
2024-05-25 16:41:22,635 - INFO - Route download_progress success
2024-05-25 16:41:23,149 - INFO - table_update route successfully send data with flag 1
2024-05-25 16:41:23,690 - INFO - Route download_progress success
2024-05-25 16:41:24,388 - INFO - table_update route successfully send data with flag 1
2024-05-25 16:41:24,652 - INFO - Route download_progress success
2024-05-25 16:41:25,631 - INFO - Route download_progress success
2024-05-25 16:41:26,640 - INFO - Route download_progress success
2024-05-25 16:41:27,637 - INFO - Route download_progress success
2024-05-25 16:41:28,631 - INFO - Route download_progress success
2024-05-25 16:41:29,396 - INFO - table_update route successfully send data with flag 1
2024-05-25 16:41:29,703 - INFO - Route download_progress success
2024-05-25 16:41:30,705 - INFO - Route download_progress success
2024-05-25 16:41:31,938 - INFO - Route download_progress success
2024-05-25 16:41:32,706 - INFO - Route download_progress success
2024-05-25 16:41:33,650 - INFO - Route download_progress success
2024-05-25 16:41:34,453 - INFO - table_update route successfully send data with flag 1
2024-05-25 16:41:34,642 - INFO - Route download_progress success
2024-05-25 16:41:35,634 - INFO - Route download_progress success
2024-05-25 16:41:36,631 - INFO - Route download_progress success
2024-05-25 16:41:37,872 - INFO - Route download_progress success
2024-05-25 16:41:38,640 - INFO - Route download_progress success
2024-05-25 16:41:39,348 - INFO - table_update route successfully send data with flag 1
2024-05-25 16:41:39,634 - INFO - Route download_progress success
2024-05-25 16:41:40,645 - INFO - Route download_progress success
2024-05-25 16:41:41,621 - INFO - Route download_progress success
2024-05-25 16:41:42,638 - INFO - Route download_progress success
2024-05-25 16:41:43,636 - INFO - Route download_progress success
2024-05-25 16:41:44,395 - INFO - table_update route successfully send data with flag 1
2024-05-25 16:41:44,680 - INFO - Route download_progress success
2024-05-25 16:41:45,732 - INFO - Route download_progress success
2024-05-25 16:41:46,629 - INFO - Route download_progress success
2024-05-25 16:41:47,732 - INFO - Route download_progress success
2024-05-25 16:41:48,642 - INFO - Route download_progress success
2024-05-25 16:41:49,458 - INFO - table_update route successfully send data with flag 1
2024-05-25 16:41:49,637 - INFO - Route download_progress success
2024-05-25 16:41:51,309 - INFO - Route download_progress success
2024-05-25 16:41:52,026 - INFO - Route download_progress success
2024-05-25 16:41:53,027 - INFO - Route download_progress success
2024-05-25 16:41:54,034 - INFO - Route download_progress success
2024-05-25 16:41:54,601 - INFO - table_update route successfully send data with flag 1
2024-05-25 16:41:55,079 - INFO - Route download_progress success
2024-05-25 16:41:56,020 - INFO - Route download_progress success
2024-05-25 16:41:57,030 - INFO - Route download_progress success
2024-05-25 16:41:58,025 - INFO - Route download_progress success
2024-05-25 16:41:59,034 - INFO - Route download_progress success
2024-05-25 16:41:59,597 - INFO - table_update route successfully send data with flag 1
2024-05-25 16:42:14,862 - INFO - Route download_progress success
2024-05-25 16:42:15,628 - INFO - table_update route successfully send data with flag 1
2024-05-25 16:42:15,854 - INFO - Route download_progress success
2024-05-25 16:42:18,157 - INFO - Route download_progress success
2024-05-25 16:42:19,291 - INFO - Route download_progress success
2024-05-25 16:42:19,919 - INFO - table_update route successfully send data with flag 1
2024-05-25 16:42:20,030 - INFO - Route download_progress success
2024-05-25 16:42:21,035 - INFO - Route download_progress success
2024-05-25 16:42:22,028 - INFO - Route download_progress success
2024-05-25 16:42:23,025 - INFO - Route download_progress success
2024-05-25 16:42:24,022 - INFO - Route download_progress success
2024-05-25 16:42:24,609 - INFO - table_update route successfully send data with flag 1
2024-05-25 16:42:25,023 - INFO - Route download_progress success
2024-05-25 16:42:26,029 - INFO - Route download_progress success
2024-05-25 16:42:27,019 - INFO - Route download_progress success
2024-05-25 16:42:28,029 - INFO - Route download_progress success
2024-05-25 16:43:52,841 - INFO - Route download_progress success
2024-05-25 16:43:53,446 - INFO - table_update route successfully send data with flag 1
2024-05-25 16:43:53,629 - INFO - Route download_progress success
2024-05-25 16:43:54,435 - INFO - table_update route successfully send data with flag 1
2024-05-25 16:43:54,630 - INFO - Route download_progress success
2024-05-25 16:43:55,626 - INFO - Route download_progress success
2024-05-25 16:43:56,626 - INFO - Route download_progress success
2024-05-25 16:43:57,638 - INFO - Route download_progress success
2024-05-25 16:43:58,636 - INFO - Route download_progress success
2024-05-25 16:43:59,355 - INFO - table_update route successfully send data with flag 1
2024-05-25 16:43:59,757 - INFO - Route download_progress success
2024-05-25 16:44:00,688 - INFO - Route download_progress success
2024-05-25 16:44:01,643 - INFO - Route download_progress success
2024-05-25 16:44:02,641 - INFO - Route download_progress success
2024-05-25 16:44:03,634 - INFO - Route download_progress success
2024-05-25 16:44:04,361 - INFO - table_update route successfully send data with flag 1
2024-05-25 16:44:04,630 - INFO - Route download_progress success
2024-05-25 16:44:05,631 - INFO - Route download_progress success
2024-05-25 16:44:06,658 - INFO - Route download_progress success
2024-05-25 16:44:07,639 - INFO - Route download_progress success
2024-05-25 16:44:09,027 - INFO - Route download_progress success
2024-05-25 16:44:09,669 - INFO - table_update route successfully send data with flag 1
2024-05-25 16:44:10,028 - INFO - Route download_progress success
2024-05-25 16:44:11,036 - INFO - Route download_progress success
2024-05-25 16:44:12,024 - INFO - Route download_progress success
2024-05-25 16:44:13,019 - INFO - Route download_progress success
2024-05-25 16:44:14,031 - INFO - Route download_progress success
2024-05-25 16:44:14,622 - INFO - table_update route successfully send data with flag 1
2024-05-25 16:44:17,058 - INFO - Route download_progress success
2024-05-25 16:46:05,431 - INFO - Route download_progress success
2024-05-25 16:46:05,631 - INFO - Route download_progress success
2024-05-25 16:46:06,010 - INFO - table_update route successfully send data with flag 1
2024-05-25 16:46:06,634 - INFO - Route download_progress success
2024-05-25 16:46:07,627 - INFO - Route download_progress success
2024-05-25 16:46:08,626 - INFO - Route download_progress success
2024-05-25 16:46:09,337 - INFO - table_update route successfully send data with flag 1
2024-05-25 16:46:09,682 - INFO - Route download_progress success
2024-05-25 16:46:10,633 - INFO - Route download_progress success
2024-05-25 16:46:11,637 - INFO - Route download_progress success
2024-05-25 16:46:12,651 - INFO - Route download_progress success
2024-05-25 16:46:13,627 - INFO - Route download_progress success
2024-05-25 16:46:14,396 - INFO - table_update route successfully send data with flag 1
2024-05-25 16:46:16,869 - INFO - Route download_progress success
2024-05-25 16:46:18,022 - INFO - Route download_progress success
2024-05-25 16:46:19,031 - INFO - Route download_progress success
2024-05-25 16:46:19,646 - INFO - table_update route successfully send data with flag 1
2024-05-25 16:46:20,159 - INFO - Route download_progress success
2024-05-25 16:46:21,012 - INFO - Route download_progress success
2024-05-25 16:46:22,033 - INFO - Route download_progress success
2024-05-25 16:46:23,031 - INFO - Route download_progress success
2024-05-25 16:46:23,636 - INFO - Route download_progress success
2024-05-25 16:46:24,357 - INFO - table_update route successfully send data with flag 1
2024-05-25 16:46:24,631 - INFO - Route download_progress success
2024-05-25 16:46:25,629 - INFO - Route download_progress success
2024-05-25 16:46:27,032 - INFO - Route download_progress success
2024-05-25 16:46:28,035 - INFO - Route download_progress success
2024-05-25 16:46:29,021 - INFO - Route download_progress success
2024-05-25 16:46:29,677 - INFO - table_update route successfully send data with flag 1
2024-05-25 16:46:29,889 - INFO - Route download_progress success
2024-05-25 16:46:30,679 - INFO - Route download_progress success
2024-05-25 16:46:32,539 - INFO - Route download_progress success
2024-05-25 16:46:33,284 - INFO - Route download_progress success
2024-05-25 16:46:34,030 - INFO - Route download_progress success
2024-05-25 16:46:34,637 - INFO - table_update route successfully send data with flag 1
2024-05-25 16:46:35,020 - INFO - Route download_progress success
2024-05-25 16:46:36,029 - INFO - Route download_progress success
2024-05-25 16:46:37,026 - INFO - Route download_progress success
2024-05-25 16:46:38,029 - INFO - Route download_progress success
2024-05-25 16:46:38,627 - INFO - Route download_progress success
2024-05-25 16:46:39,338 - INFO - table_update route successfully send data with flag 1
2024-05-25 16:46:39,629 - INFO - Route download_progress success
2024-05-25 16:46:40,627 - INFO - Route download_progress success
2024-05-25 16:46:41,664 - INFO - Route download_progress success
2024-05-25 16:46:43,020 - INFO - Route download_progress success
2024-05-25 16:46:44,033 - INFO - Route download_progress success
2024-05-25 16:46:44,630 - INFO - table_update route successfully send data with flag 1
2024-05-25 16:46:46,608 - INFO - Route download_progress success
2024-05-25 16:46:46,792 - INFO - Route download_progress success
2024-05-25 16:46:48,030 - INFO - Route download_progress success
2024-05-25 16:46:49,090 - INFO - Route download_progress success
2024-05-25 16:46:49,699 - INFO - table_update route successfully send data with flag 1
2024-05-25 16:46:50,038 - INFO - Route download_progress success
2024-05-25 16:46:51,292 - INFO - Route download_progress success
2024-05-25 16:46:52,386 - INFO - Route download_progress success
2024-05-25 16:46:53,032 - INFO - Route download_progress success
2024-05-25 16:46:54,037 - INFO - Route download_progress success
2024-05-25 16:46:54,606 - INFO - table_update route successfully send data with flag 1
2024-05-25 16:46:55,027 - INFO - Route download_progress success
2024-05-25 16:46:56,022 - INFO - Route download_progress success
2024-05-25 16:46:57,030 - INFO - Route download_progress success
2024-05-25 16:52:13,155 - INFO - Route download_progress success
2024-05-25 16:52:15,901 - INFO - table_update route successfully send data with flag 1
2024-05-25 16:52:28,038 - INFO - Route download_progress success
2024-05-25 16:52:28,659 - INFO - table_update route successfully send data with flag 1
2024-05-25 16:53:28,028 - INFO - Route download_progress success
2024-05-25 16:53:28,602 - INFO - table_update route successfully send data with flag 1
2024-05-25 16:54:28,034 - INFO - Route download_progress success
2024-05-25 16:54:28,607 - INFO - table_update route successfully send data with flag 1
2024-05-25 16:55:28,044 - INFO - Route download_progress success
2024-05-25 16:55:28,602 - INFO - table_update route successfully send data with flag 1
2024-05-25 16:56:28,032 - INFO - Route download_progress success
2024-05-25 16:56:28,612 - INFO - table_update route successfully send data with flag 1
2024-05-25 16:57:28,092 - INFO - Route download_progress success
2024-05-25 16:57:28,722 - INFO - table_update route successfully send data with flag 1
2024-05-25 16:58:28,013 - INFO - Route download_progress success
2024-05-25 16:58:28,575 - INFO - table_update route successfully send data with flag 1
2024-05-25 16:59:28,033 - INFO - Route download_progress success
2024-05-25 16:59:28,635 - INFO - table_update route successfully send data with flag 1
2024-05-25 17:00:28,034 - INFO - Route download_progress success
2024-05-25 17:00:28,634 - INFO - table_update route successfully send data with flag 1
2024-05-25 17:01:28,034 - INFO - Route download_progress success
2024-05-25 17:01:28,646 - INFO - table_update route successfully send data with flag 1
2024-05-25 17:02:28,045 - INFO - Route download_progress success
2024-05-25 17:02:28,655 - INFO - table_update route successfully send data with flag 1
2024-05-25 17:03:28,025 - INFO - Route download_progress success
2024-05-25 17:03:28,620 - INFO - table_update route successfully send data with flag 1
2024-05-25 17:04:28,036 - INFO - Route download_progress success
2024-05-25 17:04:28,651 - INFO - table_update route successfully send data with flag 1
2024-05-25 17:05:28,025 - INFO - Route download_progress success
2024-05-25 17:05:28,633 - INFO - table_update route successfully send data with flag 1
2024-05-25 17:06:28,019 - INFO - Route download_progress success
2024-05-25 17:06:28,604 - INFO - table_update route successfully send data with flag 1
2024-05-25 17:07:28,025 - INFO - Route download_progress success
2024-05-25 17:07:28,634 - INFO - table_update route successfully send data with flag 1
2024-05-25 17:08:28,019 - INFO - Route download_progress success
2024-05-25 17:08:28,587 - INFO - table_update route successfully send data with flag 1
2024-05-25 17:09:28,021 - INFO - Route download_progress success
2024-05-25 17:09:28,639 - INFO - table_update route successfully send data with flag 1
2024-05-25 17:10:28,029 - INFO - Route download_progress success
2024-05-25 17:10:28,731 - INFO - table_update route successfully send data with flag 1
2024-05-25 17:11:28,030 - INFO - Route download_progress success
2024-05-25 17:11:28,592 - INFO - table_update route successfully send data with flag 1
2024-05-25 17:12:28,056 - INFO - Route download_progress success
2024-05-25 17:12:28,675 - INFO - table_update route successfully send data with flag 1
2024-05-25 17:13:29,997 - INFO - Route download_progress success
2024-05-25 17:13:30,673 - INFO - table_update route successfully send data with flag 1
