2024-05-23 18:12:57,341 - INFO - Function create_or_pass_folder error with flag 0 -- Function create_or_pass_folder error is::Value for one of the query parameters specified in the request URI is invalid.
RequestId:fec47a1c-001e-0054-370e-ad9f8c000000
Time:2024-05-23T12:42:57.9919798Z
ErrorCode:InvalidQueryParameterValue
queryparametername:snapshot
queryparametervalue:san123
Content: <?xml version="1.0" encoding="utf-8"?>
<Error><Code>InvalidQueryParameterValue</Code><Message>Value for one of the query parameters specified in the request URI is invalid.
RequestId:fec47a1c-001e-0054-370e-ad9f8c000000
Time:2024-05-23T12:42:57.9919798Z</Message><QueryParameterName>snapshot</QueryParameterName><QueryParameterValue>san123</QueryParameterValue></Error>
2024-05-23 18:12:57,342 - INFO - Function create_or_pass_folder Error creating folder'san123': Value for one of the query parameters specified in the request URI is invalid.
RequestId:fec47a1c-001e-0054-370e-ad9f8c000000
Time:2024-05-23T12:42:57.9919798Z
ErrorCode:InvalidQueryParameterValue
queryparametername:snapshot
queryparametervalue:san123
Content: <?xml version="1.0" encoding="utf-8"?>
<Error><Code>InvalidQueryParameterValue</Code><Message>Value for one of the query parameters specified in the request URI is invalid.
RequestId:fec47a1c-001e-0054-370e-ad9f8c000000
Time:2024-05-23T12:42:57.9919798Z</Message><QueryParameterName>snapshot</QueryParameterName><QueryParameterValue>san123</QueryParameterValue></Error> 
2024-05-23 18:12:57,916 - INFO - Function update_bar_chart_from_blob successfully Return blob_list with flag 1
2024-05-23 18:12:57,917 - INFO - User san123 logged in successfully with flag 1
