2024-05-23 13:32:23,229 - INFO - Function create_or_pass_folder error with flag 0 -- Function create_or_pass_folder error is::Value for one of the query parameters specified in the request URI is invalid.
RequestId:84cb5458-801e-0028-1be7-ac02b9000000
Time:2024-05-23T08:02:23.7711161Z
ErrorCode:InvalidQueryParameterValue
queryparametername:snapshot
queryparametervalue:san123
Content: <?xml version="1.0" encoding="utf-8"?>
<Error><Code>InvalidQueryParameterValue</Code><Message>Value for one of the query parameters specified in the request URI is invalid.
RequestId:84cb5458-801e-0028-1be7-ac02b9000000
Time:2024-05-23T08:02:23.7711161Z</Message><QueryParameterName>snapshot</QueryParameterName><QueryParameterValue>san123</QueryParameterValue></Error>
2024-05-23 13:32:23,231 - INFO - Function create_or_pass_folder Error creating folder'san123': Value for one of the query parameters specified in the request URI is invalid.
RequestId:84cb5458-801e-0028-1be7-ac02b9000000
Time:2024-05-23T08:02:23.7711161Z
ErrorCode:InvalidQueryParameterValue
queryparametername:snapshot
queryparametervalue:san123
Content: <?xml version="1.0" encoding="utf-8"?>
<Error><Code>InvalidQueryParameterValue</Code><Message>Value for one of the query parameters specified in the request URI is invalid.
RequestId:84cb5458-801e-0028-1be7-ac02b9000000
Time:2024-05-23T08:02:23.7711161Z</Message><QueryParameterName>snapshot</QueryParameterName><QueryParameterValue>san123</QueryParameterValue></Error> 
2024-05-23 13:32:23,835 - INFO - Function update_bar_chart_from_blob successfully Return blob_list with flag 1
2024-05-23 13:32:23,835 - INFO - User san123 logged in successfully with flag 1
2024-05-23 13:32:25,897 - INFO - Function update_bar_chart_from_blob successfully Return blob_list with flag 1
2024-05-23 13:32:28,196 - INFO - Function update_bar_chart_from_blob successfully Return blob_list with flag 1
2024-05-23 13:32:29,323 - INFO - table_update route successfully send data with flag 1
2024-05-23 13:32:29,582 - INFO - Route download_progress success
2024-05-23 13:32:30,654 - INFO - Route download_progress success
