2024-05-25 14:29:38,989 - INFO - Function create_or_pass_folder error with flag 0 -- Function create_or_pass_folder error is::Value for one of the query parameters specified in the request URI is invalid.
RequestId:9c05c50a-101e-0004-7c81-ae8084000000
Time:2024-05-25T08:59:40.5030079Z
ErrorCode:InvalidQueryParameterValue
queryparametername:snapshot
queryparametervalue:san123
Content: <?xml version="1.0" encoding="utf-8"?>
<Error><Code>InvalidQueryParameterValue</Code><Message>Value for one of the query parameters specified in the request URI is invalid.
RequestId:9c05c50a-101e-0004-7c81-ae8084000000
Time:2024-05-25T08:59:40.5030079Z</Message><QueryParameterName>snapshot</QueryParameterName><QueryParameterValue>san123</QueryParameterValue></Error>
2024-05-25 14:29:38,989 - INFO - Function create_or_pass_folder Error creating folder'san123': Value for one of the query parameters specified in the request URI is invalid.
RequestId:9c05c50a-101e-0004-7c81-ae8084000000
Time:2024-05-25T08:59:40.5030079Z
ErrorCode:InvalidQueryParameterValue
queryparametername:snapshot
queryparametervalue:san123
Content: <?xml version="1.0" encoding="utf-8"?>
<Error><Code>InvalidQueryParameterValue</Code><Message>Value for one of the query parameters specified in the request URI is invalid.
RequestId:9c05c50a-101e-0004-7c81-ae8084000000
Time:2024-05-25T08:59:40.5030079Z</Message><QueryParameterName>snapshot</QueryParameterName><QueryParameterValue>san123</QueryParameterValue></Error> 
2024-05-25 14:29:39,914 - INFO - Function update_bar_chart_from_blob successfully Return blob_list with flag 1
2024-05-25 14:29:39,915 - INFO - User san123 logged in successfully with flag 1
2024-05-25 14:29:40,629 - INFO - Function update_bar_chart_from_blob successfully Return blob_list with flag 1
2024-05-25 14:29:42,256 - INFO - Route download_progress success
2024-05-25 14:29:42,571 - INFO - table_update route successfully send data with flag 1
2024-05-25 14:29:43,267 - INFO - Route download_progress success
2024-05-25 14:29:44,256 - INFO - Route download_progress success
2024-05-25 14:29:45,272 - INFO - Route download_progress success
2024-05-25 14:29:46,282 - INFO - Route download_progress success
2024-05-25 14:29:47,382 - INFO - table_update route successfully send data with flag 1
2024-05-25 14:29:47,514 - INFO - Route download_progress success
2024-05-25 14:29:48,341 - INFO - Route download_progress success
2024-05-25 14:29:49,412 - INFO - Route download_progress success
2024-05-25 14:29:50,257 - INFO - Route download_progress success
2024-05-25 14:29:51,484 - INFO - Route download_progress success
2024-05-25 14:29:52,318 - INFO - Route download_progress success
2024-05-25 14:29:52,502 - INFO - table_update route successfully send data with flag 1
2024-05-25 14:29:53,406 - INFO - Route download_progress success
2024-05-25 14:29:54,257 - INFO - Route download_progress success
2024-05-25 14:29:55,425 - INFO - Route download_progress success
2024-05-25 14:29:56,414 - INFO - Route download_progress success
2024-05-25 14:29:57,456 - INFO - table_update route successfully send data with flag 1
2024-05-25 14:29:57,456 - INFO - Route download_progress success
2024-05-25 14:29:58,372 - INFO - Route download_progress success
2024-05-25 14:29:59,307 - INFO - Route download_progress success
2024-05-25 14:30:00,724 - INFO - Function update_bar_chart_from_blob successfully Return blob_list with flag 1
2024-05-25 14:30:01,275 - INFO - Route download_progress success
2024-05-25 14:30:01,757 - INFO - Route download_progress success
2024-05-25 14:30:02,408 - INFO - Route download_progress success
2024-05-25 14:30:02,840 - INFO - table_update route successfully send data with flag 1
2024-05-25 14:30:03,263 - INFO - Route download_progress success
2024-05-25 14:30:04,480 - INFO - Route download_progress success
2024-05-25 14:30:05,498 - INFO - Route download_progress success
2024-05-25 14:30:06,361 - INFO - Route download_progress success
2024-05-25 14:30:07,363 - INFO - table_update route successfully send data with flag 1
2024-05-25 14:30:07,442 - INFO - Route download_progress success
2024-05-25 14:30:08,261 - INFO - Route download_progress success
2024-05-25 14:30:09,277 - INFO - Route download_progress success
2024-05-25 14:30:10,260 - INFO - Route download_progress success
2024-05-25 14:30:11,265 - INFO - Route download_progress success
2024-05-25 14:30:11,749 - INFO - Function update_bar_chart_from_blob successfully Return blob_list with flag 1
2024-05-25 14:30:12,254 - INFO - Route download_progress success
2024-05-25 14:30:13,275 - INFO - Route download_progress success
2024-05-25 14:30:14,218 - INFO - Function update_bar_chart_from_blob successfully Return blob_list with flag 1
2024-05-25 14:30:14,243 - INFO - Cogni_button route succeeded with flag 1
2024-05-25 14:30:14,311 - INFO - Route download_progress success
2024-05-25 14:30:15,027 - INFO - table_update route successfully send data with flag 1
2024-05-25 14:30:15,265 - INFO - Route download_progress success
2024-05-25 14:30:16,334 - INFO - Route download_progress success
2024-05-25 14:30:17,453 - INFO - Route download_progress success
2024-05-25 14:30:17,499 - INFO - table_update route successfully send data with flag 1
2024-05-25 14:30:18,422 - INFO - Route download_progress success
2024-05-25 14:30:19,595 - INFO - Route download_progress success
2024-05-25 14:30:20,516 - INFO - Route download_progress success
2024-05-25 14:30:21,292 - INFO - Route download_progress success
2024-05-25 14:30:22,411 - INFO - table_update route successfully send data with flag 1
2024-05-25 14:30:23,422 - INFO - Route download_progress success
2024-05-25 14:30:24,868 - INFO - Route download_progress success
2024-05-25 14:30:25,965 - INFO - Route download_progress success
2024-05-25 14:30:26,267 - INFO - Route download_progress success
2024-05-25 14:30:27,020 - INFO - Route download_progress success
2024-05-25 14:30:27,726 - INFO - table_update route successfully send data with flag 1
2024-05-25 14:30:28,069 - INFO - Route download_progress success
2024-05-25 14:30:28,646 - INFO - Function update_bar_chart_from_blob successfully Return blob_list with flag 1
2024-05-25 14:30:29,036 - INFO - Route download_progress success
2024-05-25 14:30:29,469 - INFO - Route download_progress success
2024-05-25 14:30:30,382 - INFO - Route download_progress success
2024-05-25 14:30:31,559 - INFO - Route download_progress success
2024-05-25 14:30:32,409 - INFO - Route download_progress success
2024-05-25 14:30:32,445 - INFO - table_update route successfully send data with flag 1
2024-05-25 14:30:33,379 - INFO - Route download_progress success
2024-05-25 14:30:34,268 - INFO - Route download_progress success
2024-05-25 14:30:35,315 - INFO - Route download_progress success
2024-05-25 14:30:36,267 - INFO - Route download_progress success
2024-05-25 14:30:37,251 - INFO - Function update_bar_chart_from_blob successfully Return blob_list with flag 1
2024-05-25 14:30:37,269 - INFO - Route download_progress success
2024-05-25 14:30:37,347 - INFO - table_update route successfully send data with flag 1
2024-05-25 14:30:38,272 - INFO - Route download_progress success
2024-05-25 14:30:39,271 - INFO - Route download_progress success
2024-05-25 14:30:39,501 - INFO - Function update_bar_chart_from_blob successfully Return blob_list with flag 1
