2024-05-23 18:08:53,361 - INFO - Function create_or_pass_folder error with flag 0 -- Function create_or_pass_folder error is::Value for one of the query parameters specified in the request URI is invalid.
RequestId:fec10363-001e-0054-010e-ad9f8c000000
Time:2024-05-23T12:38:53.9501268Z
ErrorCode:InvalidQueryParameterValue
queryparametername:snapshot
queryparametervalue:san123
Content: <?xml version="1.0" encoding="utf-8"?>
<Error><Code>InvalidQueryParameterValue</Code><Message>Value for one of the query parameters specified in the request URI is invalid.
RequestId:fec10363-001e-0054-010e-ad9f8c000000
Time:2024-05-23T12:38:53.9501268Z</Message><QueryParameterName>snapshot</QueryParameterName><QueryParameterValue>san123</QueryParameterValue></Error>
2024-05-23 18:08:53,365 - INFO - Function create_or_pass_folder Error creating folder'san123': Value for one of the query parameters specified in the request URI is invalid.
RequestId:fec10363-001e-0054-010e-ad9f8c000000
Time:2024-05-23T12:38:53.9501268Z
ErrorCode:InvalidQueryParameterValue
queryparametername:snapshot
queryparametervalue:san123
Content: <?xml version="1.0" encoding="utf-8"?>
<Error><Code>InvalidQueryParameterValue</Code><Message>Value for one of the query parameters specified in the request URI is invalid.
RequestId:fec10363-001e-0054-010e-ad9f8c000000
Time:2024-05-23T12:38:53.9501268Z</Message><QueryParameterName>snapshot</QueryParameterName><QueryParameterValue>san123</QueryParameterValue></Error> 
2024-05-23 18:08:54,173 - INFO - Function update_bar_chart_from_blob successfully Return blob_list with flag 1
2024-05-23 18:08:54,174 - INFO - User san123 logged in successfully with flag 1
