2024-05-25 18:30:09,234 - INFO - Function create_or_pass_folder error with flag 0 -- Function create_or_pass_folder error is::Value for one of the query parameters specified in the request URI is invalid.
RequestId:ae1d93f9-501e-004c-69a3-aeb219000000
Time:2024-05-25T13:00:10.8377916Z
ErrorCode:InvalidQueryParameterValue
queryparametername:snapshot
queryparametervalue:san123
Content: <?xml version="1.0" encoding="utf-8"?>
<Error><Code>InvalidQueryParameterValue</Code><Message>Value for one of the query parameters specified in the request URI is invalid.
RequestId:ae1d93f9-501e-004c-69a3-aeb219000000
Time:2024-05-25T13:00:10.8377916Z</Message><QueryParameterName>snapshot</QueryParameterName><QueryParameterValue>san123</QueryParameterValue></Error>
2024-05-25 18:30:09,235 - INFO - Function create_or_pass_folder Error creating folder'san123': Value for one of the query parameters specified in the request URI is invalid.
RequestId:ae1d93f9-501e-004c-69a3-aeb219000000
Time:2024-05-25T13:00:10.8377916Z
ErrorCode:InvalidQueryParameterValue
queryparametername:snapshot
queryparametervalue:san123
Content: <?xml version="1.0" encoding="utf-8"?>
<Error><Code>InvalidQueryParameterValue</Code><Message>Value for one of the query parameters specified in the request URI is invalid.
RequestId:ae1d93f9-501e-004c-69a3-aeb219000000
Time:2024-05-25T13:00:10.8377916Z</Message><QueryParameterName>snapshot</QueryParameterName><QueryParameterValue>san123</QueryParameterValue></Error> 
2024-05-25 18:30:09,578 - INFO - Function update_bar_chart_from_blob successfully Return blob_list with flag 1
2024-05-25 18:30:09,579 - INFO - User san123 logged in successfully with flag 1
2024-05-25 18:30:09,944 - INFO - Function update_bar_chart_from_blob successfully Return blob_list with flag 1
2024-05-25 18:30:10,909 - INFO - table_update route successfully send data with flag 1
2024-05-25 18:30:11,474 - INFO - Route download_progress success
2024-05-25 18:30:12,477 - INFO - Route download_progress success
2024-05-25 18:30:13,483 - INFO - Route download_progress success
2024-05-25 18:30:14,515 - INFO - Route download_progress success
2024-05-25 18:30:15,481 - INFO - Route download_progress success
2024-05-25 18:30:15,923 - INFO - table_update route successfully send data with flag 1
2024-05-25 18:30:16,481 - INFO - Route download_progress success
2024-05-25 18:30:17,525 - INFO - Route download_progress success
2024-05-25 18:30:18,609 - INFO - Route download_progress success
2024-05-25 18:30:19,582 - INFO - Route download_progress success
2024-05-25 18:30:20,515 - INFO - Route download_progress success
2024-05-25 18:30:20,911 - INFO - table_update route successfully send data with flag 1
2024-05-25 18:30:21,471 - INFO - Route download_progress success
2024-05-25 18:30:22,497 - INFO - Route download_progress success
2024-05-25 18:30:23,466 - INFO - Route download_progress success
2024-05-25 18:30:24,501 - INFO - Route download_progress success
2024-05-25 18:30:25,477 - INFO - Route download_progress success
2024-05-25 18:30:25,873 - INFO - table_update route successfully send data with flag 1
2024-05-25 18:30:26,475 - INFO - Route download_progress success
2024-05-25 18:30:28,015 - INFO - Route download_progress success
2024-05-25 18:30:28,480 - INFO - Route download_progress success
2024-05-25 18:30:29,478 - INFO - Route download_progress success
2024-05-25 18:30:30,490 - INFO - Route download_progress success
2024-05-25 18:30:30,877 - INFO - table_update route successfully send data with flag 1
2024-05-25 18:30:31,474 - INFO - Route download_progress success
2024-05-25 18:30:32,479 - INFO - Route download_progress success
2024-05-25 18:30:33,529 - INFO - Route download_progress success
2024-05-25 18:30:34,530 - INFO - Route download_progress success
2024-05-25 18:30:35,592 - INFO - Route download_progress success
2024-05-25 18:30:35,926 - INFO - table_update route successfully send data with flag 1
2024-05-25 18:30:36,479 - INFO - Route download_progress success
2024-05-25 18:30:38,258 - INFO - Route download_progress success
2024-05-25 18:30:39,202 - INFO - Route download_progress success
2024-05-25 18:30:42,489 - INFO - Route download_progress success
2024-05-25 18:30:42,823 - INFO - table_update route successfully send data with flag 1
2024-05-25 18:30:43,024 - INFO - Route download_progress success
2024-05-25 18:30:44,022 - INFO - Route download_progress success
2024-05-25 18:30:45,018 - INFO - Route download_progress success
2024-05-25 18:30:46,041 - INFO - Route download_progress success
2024-05-25 18:30:46,335 - INFO - table_update route successfully send data with flag 1
2024-05-25 18:30:47,046 - INFO - Route download_progress success
2024-05-25 18:30:48,042 - INFO - Route download_progress success
2024-05-25 18:30:49,022 - INFO - Route download_progress success
2024-05-25 18:30:50,051 - INFO - Route download_progress success
2024-05-25 18:30:51,049 - INFO - Route download_progress success
2024-05-25 18:30:51,351 - INFO - table_update route successfully send data with flag 1
2024-05-25 18:30:52,041 - INFO - Route download_progress success
2024-05-25 18:30:53,030 - INFO - Route download_progress success
2024-05-25 18:30:54,017 - INFO - Route download_progress success
2024-05-25 18:30:56,469 - INFO - Route download_progress success
2024-05-25 18:30:56,801 - INFO - table_update route successfully send data with flag 1
2024-05-25 18:30:58,102 - INFO - Route download_progress success
2024-05-25 18:31:00,608 - INFO - Route download_progress success
2024-05-25 18:31:00,921 - INFO - table_update route successfully send data with flag 1
2024-05-25 18:31:02,033 - INFO - Route download_progress success
2024-05-25 18:31:03,025 - INFO - Route download_progress success
2024-05-25 18:31:04,032 - INFO - Route download_progress success
2024-05-25 18:31:05,050 - INFO - Route download_progress success
2024-05-25 18:31:06,031 - INFO - Route download_progress success
2024-05-25 18:31:06,370 - INFO - table_update route successfully send data with flag 1
2024-05-25 18:31:07,023 - INFO - Route download_progress success
2024-05-25 18:31:08,035 - INFO - Route download_progress success
2024-05-25 18:31:11,743 - INFO - Route download_progress success
2024-05-25 18:31:12,144 - INFO - table_update route successfully send data with flag 1
2024-05-25 18:31:13,030 - INFO - Route download_progress success
2024-05-25 18:31:14,022 - INFO - Route download_progress success
2024-05-25 18:31:15,045 - INFO - Route download_progress success
2024-05-25 18:31:16,027 - INFO - Route download_progress success
2024-05-25 18:31:16,305 - INFO - table_update route successfully send data with flag 1
2024-05-25 18:31:17,034 - INFO - Route download_progress success
2024-05-25 18:31:18,026 - INFO - Route download_progress success
2024-05-25 18:31:19,025 - INFO - Route download_progress success
2024-05-25 18:31:20,046 - INFO - Route download_progress success
2024-05-25 18:31:21,052 - INFO - Route download_progress success
2024-05-25 18:31:21,373 - INFO - table_update route successfully send data with flag 1
2024-05-25 18:31:22,031 - INFO - Route download_progress success
2024-05-25 18:31:23,041 - INFO - Route download_progress success
2024-05-25 18:31:24,122 - INFO - Route download_progress success
2024-05-25 18:31:25,952 - INFO - Route download_progress success
2024-05-25 18:31:26,369 - INFO - table_update route successfully send data with flag 1
2024-05-25 18:31:27,140 - INFO - Route download_progress success
2024-05-25 18:31:28,024 - INFO - Route download_progress success
2024-05-25 18:31:29,036 - INFO - Route download_progress success
2024-05-25 18:31:30,011 - INFO - Route download_progress success
2024-05-25 18:31:31,052 - INFO - Route download_progress success
2024-05-25 18:31:31,353 - INFO - table_update route successfully send data with flag 1
2024-05-25 18:31:32,016 - INFO - Route download_progress success
2024-05-25 18:31:33,032 - INFO - Route download_progress success
2024-05-25 18:31:34,017 - INFO - Route download_progress success
2024-05-25 18:31:35,028 - INFO - Route download_progress success
2024-05-25 18:31:36,042 - INFO - Route download_progress success
2024-05-25 18:31:36,368 - INFO - table_update route successfully send data with flag 1
2024-05-25 18:32:28,063 - INFO - Route download_progress success
2024-05-25 18:32:28,348 - INFO - table_update route successfully send data with flag 1
2024-05-25 18:33:28,041 - INFO - Route download_progress success
2024-05-25 18:33:28,335 - INFO - table_update route successfully send data with flag 1
2024-05-25 18:33:37,852 - INFO - Route download_progress success
2024-05-25 18:33:38,162 - INFO - table_update route successfully send data with flag 1
2024-05-25 18:33:38,585 - INFO - Route download_progress success
2024-05-25 18:33:39,045 - INFO - Function update_bar_chart_from_blob successfully Return blob_list with flag 1
2024-05-25 18:33:41,750 - INFO - table_update route successfully send data with flag 1
2024-05-25 18:33:41,793 - INFO - Route download_progress success
2024-05-25 18:33:42,382 - INFO - Route download_progress success
2024-05-25 18:33:43,330 - INFO - Route download_progress success
2024-05-25 18:33:44,344 - INFO - Route download_progress success
2024-05-25 18:33:45,338 - INFO - Route download_progress success
2024-05-25 18:33:46,046 - INFO - table_update route successfully send data with flag 1
2024-05-25 18:33:46,351 - INFO - Route download_progress success
2024-05-25 18:33:47,336 - INFO - Route download_progress success
2024-05-25 18:33:48,361 - INFO - Route download_progress success
2024-05-25 18:33:49,341 - INFO - Route download_progress success
2024-05-25 18:33:50,356 - INFO - Route download_progress success
2024-05-25 18:33:51,053 - INFO - table_update route successfully send data with flag 1
2024-05-25 18:33:51,347 - INFO - Route download_progress success
2024-05-25 18:33:52,351 - INFO - Route download_progress success
2024-05-25 18:33:53,419 - INFO - Route download_progress success
2024-05-25 18:33:54,457 - INFO - Route download_progress success
2024-05-25 18:33:55,392 - INFO - Route download_progress success
2024-05-25 18:33:56,202 - INFO - table_update route successfully send data with flag 1
2024-05-25 18:33:56,469 - INFO - Route download_progress success
2024-05-25 18:33:57,406 - INFO - Route download_progress success
2024-05-25 18:33:58,459 - INFO - Route download_progress success
2024-05-25 18:33:59,392 - INFO - Route download_progress success
2024-05-25 18:34:00,346 - INFO - Route download_progress success
2024-05-25 18:34:01,000 - INFO - table_update route successfully send data with flag 1
2024-05-25 18:34:01,347 - INFO - Route download_progress success
2024-05-25 18:34:02,345 - INFO - Route download_progress success
2024-05-25 18:34:03,349 - INFO - Route download_progress success
2024-05-25 18:34:04,338 - INFO - Route download_progress success
2024-05-25 18:34:05,344 - INFO - Route download_progress success
2024-05-25 18:34:06,102 - INFO - table_update route successfully send data with flag 1
2024-05-25 18:34:06,372 - INFO - Route download_progress success
2024-05-25 18:34:07,349 - INFO - Route download_progress success
2024-05-25 18:34:08,485 - INFO - Route download_progress success
2024-05-25 18:34:09,385 - INFO - Route download_progress success
2024-05-25 18:34:10,400 - INFO - Route download_progress success
2024-05-25 18:34:11,095 - INFO - table_update route successfully send data with flag 1
2024-05-25 18:34:11,334 - INFO - Route download_progress success
2024-05-25 18:34:12,333 - INFO - Route download_progress success
2024-05-25 18:34:13,336 - INFO - Route download_progress success
2024-05-25 18:34:14,359 - INFO - Route download_progress success
2024-05-25 18:34:15,334 - INFO - Route download_progress success
2024-05-25 18:34:16,065 - INFO - table_update route successfully send data with flag 1
2024-05-25 18:34:16,340 - INFO - Route download_progress success
2024-05-25 18:34:17,341 - INFO - Route download_progress success
2024-05-25 18:34:18,348 - INFO - Route download_progress success
2024-05-25 18:34:19,331 - INFO - Route download_progress success
2024-05-25 18:34:20,360 - INFO - Route download_progress success
2024-05-25 18:34:21,016 - INFO - table_update route successfully send data with flag 1
2024-05-25 18:34:21,371 - INFO - Route download_progress success
2024-05-25 18:34:22,336 - INFO - Route download_progress success
2024-05-25 18:34:23,476 - INFO - Route download_progress success
2024-05-25 18:34:24,352 - INFO - Route download_progress success
2024-05-25 18:34:25,392 - INFO - Route download_progress success
2024-05-25 18:34:26,088 - INFO - table_update route successfully send data with flag 1
2024-05-25 18:34:26,339 - INFO - Route download_progress success
2024-05-25 18:34:27,330 - INFO - Route download_progress success
2024-05-25 18:34:28,339 - INFO - Route download_progress success
2024-05-25 18:34:29,330 - INFO - Route download_progress success
2024-05-25 18:34:30,358 - INFO - Route download_progress success
2024-05-25 18:34:31,067 - INFO - table_update route successfully send data with flag 1
2024-05-25 18:34:31,687 - INFO - Route download_progress success
2024-05-25 18:34:32,346 - INFO - Route download_progress success
2024-05-25 18:34:33,703 - INFO - Route download_progress success
2024-05-25 18:34:34,349 - INFO - Route download_progress success
2024-05-25 18:34:35,334 - INFO - Route download_progress success
2024-05-25 18:34:36,019 - INFO - table_update route successfully send data with flag 1
2024-05-25 18:34:36,341 - INFO - Route download_progress success
2024-05-25 18:34:37,337 - INFO - Route download_progress success
2024-05-25 18:34:38,344 - INFO - Route download_progress success
2024-05-25 18:34:39,334 - INFO - Route download_progress success
2024-05-25 18:34:40,345 - INFO - Route download_progress success
2024-05-25 18:34:41,041 - INFO - table_update route successfully send data with flag 1
2024-05-25 18:34:41,344 - INFO - Route download_progress success
2024-05-25 18:34:42,346 - INFO - Route download_progress success
2024-05-25 18:34:43,335 - INFO - Route download_progress success
2024-05-25 18:34:44,365 - INFO - Route download_progress success
2024-05-25 18:34:45,336 - INFO - Route download_progress success
2024-05-25 18:34:46,054 - INFO - table_update route successfully send data with flag 1
2024-05-25 18:34:46,342 - INFO - Route download_progress success
2024-05-25 18:34:47,353 - INFO - Route download_progress success
2024-05-25 18:34:48,336 - INFO - Route download_progress success
2024-05-25 18:34:49,342 - INFO - Route download_progress success
2024-05-25 18:34:50,341 - INFO - Route download_progress success
2024-05-25 18:34:51,041 - INFO - table_update route successfully send data with flag 1
2024-05-25 18:34:51,499 - INFO - Route download_progress success
2024-05-25 18:34:52,486 - INFO - Route download_progress success
2024-05-25 18:34:53,384 - INFO - Route download_progress success
2024-05-25 18:34:54,349 - INFO - Route download_progress success
2024-05-25 18:34:54,964 - INFO - Function update_bar_chart_from_blob successfully Return blob_list with flag 1
2024-05-25 18:34:56,351 - INFO - table_update route successfully send data with flag 1
2024-05-25 18:34:56,520 - INFO - Route download_progress success
2024-05-25 18:34:57,516 - INFO - Route download_progress success
2024-05-25 18:34:58,516 - INFO - Route download_progress success
2024-05-25 18:34:59,522 - INFO - Route download_progress success
2024-05-25 18:35:00,515 - INFO - Route download_progress success
2024-05-25 18:35:01,225 - INFO - table_update route successfully send data with flag 1
2024-05-25 18:35:01,521 - INFO - Route download_progress success
2024-05-25 18:35:02,534 - INFO - Route download_progress success
2024-05-25 18:35:03,572 - INFO - Route download_progress success
2024-05-25 18:35:04,517 - INFO - Route download_progress success
2024-05-25 18:35:05,555 - INFO - Route download_progress success
2024-05-25 18:35:06,239 - INFO - table_update route successfully send data with flag 1
2024-05-25 18:35:06,594 - INFO - Route download_progress success
2024-05-25 18:35:07,705 - INFO - Route download_progress success
2024-05-25 18:35:08,532 - INFO - Route download_progress success
2024-05-25 18:35:09,538 - INFO - Route download_progress success
2024-05-25 18:35:10,530 - INFO - Route download_progress success
2024-05-25 18:35:11,155 - INFO - table_update route successfully send data with flag 1
2024-05-25 18:35:11,537 - INFO - Route download_progress success
2024-05-25 18:35:12,530 - INFO - Route download_progress success
2024-05-25 18:35:13,522 - INFO - Route download_progress success
2024-05-25 18:35:14,515 - INFO - Route download_progress success
2024-05-25 18:35:15,558 - INFO - Route download_progress success
2024-05-25 18:35:16,159 - INFO - table_update route successfully send data with flag 1
2024-05-25 18:35:16,545 - INFO - Route download_progress success
2024-05-25 18:35:17,516 - INFO - Route download_progress success
2024-05-25 18:35:18,537 - INFO - Route download_progress success
2024-05-25 18:35:19,530 - INFO - Route download_progress success
2024-05-25 18:35:20,523 - INFO - Route download_progress success
2024-05-25 18:35:21,229 - INFO - table_update route successfully send data with flag 1
2024-05-25 18:35:21,549 - INFO - Route download_progress success
2024-05-25 18:35:22,567 - INFO - Route download_progress success
2024-05-25 18:35:23,567 - INFO - Route download_progress success
2024-05-25 18:35:24,524 - INFO - Route download_progress success
2024-05-25 18:35:25,525 - INFO - Route download_progress success
2024-05-25 18:35:26,194 - INFO - table_update route successfully send data with flag 1
2024-05-25 18:35:26,525 - INFO - Route download_progress success
2024-05-25 18:35:27,535 - INFO - Route download_progress success
2024-05-25 18:35:28,542 - INFO - Route download_progress success
2024-05-25 18:35:29,557 - INFO - Route download_progress success
2024-05-25 18:35:30,518 - INFO - Route download_progress success
2024-05-25 18:35:31,181 - INFO - table_update route successfully send data with flag 1
2024-05-25 18:35:31,550 - INFO - Route download_progress success
2024-05-25 18:35:32,523 - INFO - Route download_progress success
2024-05-25 18:35:33,526 - INFO - Route download_progress success
2024-05-25 18:35:34,537 - INFO - Route download_progress success
2024-05-25 18:35:35,537 - INFO - Route download_progress success
2024-05-25 18:35:36,209 - INFO - table_update route successfully send data with flag 1
2024-05-25 18:35:36,704 - INFO - Route download_progress success
2024-05-25 18:35:37,582 - INFO - Route download_progress success
2024-05-25 18:35:38,526 - INFO - Route download_progress success
2024-05-25 18:35:39,537 - INFO - Route download_progress success
2024-05-25 18:35:40,516 - INFO - Route download_progress success
2024-05-25 18:35:41,238 - INFO - table_update route successfully send data with flag 1
2024-05-25 18:35:41,515 - INFO - Route download_progress success
2024-05-25 18:35:42,514 - INFO - Route download_progress success
2024-05-25 18:35:43,547 - INFO - Route download_progress success
2024-05-25 18:35:44,543 - INFO - Route download_progress success
2024-05-25 18:35:45,533 - INFO - Route download_progress success
2024-05-25 18:35:46,174 - INFO - table_update route successfully send data with flag 1
2024-05-25 18:35:46,535 - INFO - Route download_progress success
2024-05-25 18:35:47,552 - INFO - Route download_progress success
2024-05-25 18:35:48,516 - INFO - Route download_progress success
2024-05-25 18:35:49,539 - INFO - Route download_progress success
2024-05-25 18:35:50,525 - INFO - Route download_progress success
2024-05-25 18:35:51,391 - INFO - table_update route successfully send data with flag 1
2024-05-25 18:35:51,715 - INFO - Route download_progress success
2024-05-25 18:35:52,567 - INFO - Route download_progress success
2024-05-25 18:35:53,603 - INFO - Route download_progress success
2024-05-25 18:35:54,551 - INFO - Route download_progress success
2024-05-25 18:35:57,227 - INFO - Route download_progress success
2024-05-25 18:35:57,603 - INFO - table_update route successfully send data with flag 1
2024-05-25 18:35:57,640 - INFO - Route download_progress success
2024-05-25 18:35:58,521 - INFO - Route download_progress success
2024-05-25 18:35:59,532 - INFO - Route download_progress success
2024-05-25 18:36:00,520 - INFO - Route download_progress success
2024-05-25 18:36:01,220 - INFO - table_update route successfully send data with flag 1
2024-05-25 18:36:01,545 - INFO - Route download_progress success
2024-05-25 18:36:02,531 - INFO - Route download_progress success
2024-05-25 18:36:03,558 - INFO - Route download_progress success
2024-05-25 18:36:04,532 - INFO - Route download_progress success
2024-05-25 18:36:05,525 - INFO - Route download_progress success
2024-05-25 18:36:06,406 - INFO - table_update route successfully send data with flag 1
2024-05-25 18:36:06,672 - INFO - Route download_progress success
2024-05-25 18:36:07,619 - INFO - Route download_progress success
2024-05-25 18:36:08,604 - INFO - Route download_progress success
2024-05-25 18:36:09,544 - INFO - Route download_progress success
2024-05-25 18:36:10,527 - INFO - Route download_progress success
2024-05-25 18:36:11,254 - INFO - table_update route successfully send data with flag 1
2024-05-25 18:36:11,532 - INFO - Route download_progress success
2024-05-25 18:36:12,519 - INFO - Route download_progress success
2024-05-25 18:36:13,531 - INFO - Route download_progress success
2024-05-25 18:36:14,538 - INFO - Route download_progress success
2024-05-25 18:36:15,549 - INFO - Route download_progress success
2024-05-25 18:36:16,274 - INFO - table_update route successfully send data with flag 1
2024-05-25 18:36:16,532 - INFO - Route download_progress success
2024-05-25 18:36:17,542 - INFO - Route download_progress success
2024-05-25 18:36:18,529 - INFO - Route download_progress success
2024-05-25 18:36:19,546 - INFO - Route download_progress success
2024-05-25 18:36:20,516 - INFO - Route download_progress success
2024-05-25 18:36:21,296 - INFO - table_update route successfully send data with flag 1
2024-05-25 18:36:21,607 - INFO - Route download_progress success
2024-05-25 18:36:22,561 - INFO - Route download_progress success
2024-05-25 18:36:23,666 - INFO - Route download_progress success
2024-05-25 18:36:24,524 - INFO - Route download_progress success
2024-05-25 18:36:25,535 - INFO - Route download_progress success
2024-05-25 18:36:26,203 - INFO - table_update route successfully send data with flag 1
2024-05-25 18:36:26,527 - INFO - Route download_progress success
2024-05-25 18:36:27,515 - INFO - Route download_progress success
2024-05-25 18:36:28,521 - INFO - Route download_progress success
2024-05-25 18:36:29,533 - INFO - Route download_progress success
2024-05-25 18:36:30,515 - INFO - Route download_progress success
2024-05-25 18:36:31,180 - INFO - table_update route successfully send data with flag 1
2024-05-25 18:36:31,549 - INFO - Route download_progress success
2024-05-25 18:36:32,527 - INFO - Route download_progress success
2024-05-25 18:36:33,668 - INFO - Route download_progress success
2024-05-25 18:36:34,607 - INFO - Route download_progress success
2024-05-25 18:36:35,609 - INFO - Route download_progress success
2024-05-25 18:36:36,729 - INFO - table_update route successfully send data with flag 1
2024-05-25 18:36:36,836 - INFO - Route download_progress success
2024-05-25 18:36:37,780 - INFO - Route download_progress success
2024-05-25 18:36:38,724 - INFO - Route download_progress success
2024-05-25 18:36:39,857 - INFO - Route download_progress success
2024-05-25 18:36:40,847 - INFO - Route download_progress success
2024-05-25 18:36:41,493 - INFO - table_update route successfully send data with flag 1
2024-05-25 18:36:41,570 - INFO - Route download_progress success
2024-05-25 18:36:42,526 - INFO - Route download_progress success
2024-05-25 18:36:43,543 - INFO - Route download_progress success
2024-05-25 18:36:44,523 - INFO - Route download_progress success
2024-05-25 18:36:45,551 - INFO - Route download_progress success
2024-05-25 18:36:46,181 - INFO - table_update route successfully send data with flag 1
2024-05-25 18:36:46,523 - INFO - Route download_progress success
2024-05-25 18:36:47,501 - INFO - Function update_bar_chart_from_blob successfully Return blob_list with flag 1
2024-05-25 18:36:47,532 - INFO - Route download_progress success
2024-05-25 18:36:47,814 - INFO - Function update_bar_chart_from_blob successfully Return blob_list with flag 1
2024-05-25 18:36:47,814 - INFO - delete for delete/<file_name> route deleted successfully with flag 1
2024-05-25 18:36:48,218 - INFO - table_update route successfully send data with flag 1
2024-05-25 18:36:48,531 - INFO - Route download_progress success
2024-05-25 18:36:49,521 - INFO - Route download_progress success
2024-05-25 18:36:50,537 - INFO - Route download_progress success
2024-05-25 18:36:51,192 - INFO - table_update route successfully send data with flag 1
2024-05-25 18:36:51,878 - INFO - Route download_progress success
2024-05-25 18:36:52,835 - INFO - Route download_progress success
2024-05-25 18:36:53,803 - INFO - Route download_progress success
2024-05-25 18:36:54,629 - INFO - Route download_progress success
2024-05-25 18:36:55,583 - INFO - Route download_progress success
2024-05-25 18:36:56,157 - INFO - table_update route successfully send data with flag 1
2024-05-25 18:36:56,530 - INFO - Route download_progress success
2024-05-25 18:36:57,525 - INFO - Route download_progress success
2024-05-25 18:36:58,533 - INFO - Route download_progress success
2024-05-25 18:36:59,561 - INFO - Route download_progress success
2024-05-25 18:37:00,520 - INFO - Route download_progress success
2024-05-25 18:37:01,224 - INFO - table_update route successfully send data with flag 1
2024-05-25 18:37:01,514 - INFO - Route download_progress success
2024-05-25 18:37:02,540 - INFO - Route download_progress success
2024-05-25 18:37:03,564 - INFO - Route download_progress success
2024-05-25 18:37:04,531 - INFO - Route download_progress success
2024-05-25 18:37:05,561 - INFO - Route download_progress success
2024-05-25 18:37:06,152 - INFO - table_update route successfully send data with flag 1
2024-05-25 18:37:06,576 - INFO - Route download_progress success
2024-05-25 18:37:07,731 - INFO - Route download_progress success
2024-05-25 18:37:08,536 - INFO - Route download_progress success
2024-05-25 18:37:09,523 - INFO - Route download_progress success
2024-05-25 18:37:10,522 - INFO - Route download_progress success
2024-05-25 18:37:11,154 - INFO - table_update route successfully send data with flag 1
2024-05-25 18:37:11,542 - INFO - Route download_progress success
2024-05-25 18:37:12,527 - INFO - Route download_progress success
2024-05-25 18:37:13,545 - INFO - Route download_progress success
2024-05-25 18:37:14,530 - INFO - Route download_progress success
2024-05-25 18:37:15,532 - INFO - Route download_progress success
2024-05-25 18:37:16,176 - INFO - table_update route successfully send data with flag 1
2024-05-25 18:37:16,536 - INFO - Route download_progress success
2024-05-25 18:37:17,524 - INFO - Route download_progress success
2024-05-25 18:37:18,540 - INFO - Route download_progress success
2024-05-25 18:37:19,525 - INFO - Route download_progress success
2024-05-25 18:37:20,520 - INFO - Route download_progress success
2024-05-25 18:37:21,295 - INFO - table_update route successfully send data with flag 1
2024-05-25 18:37:21,557 - INFO - Route download_progress success
2024-05-25 18:37:22,643 - INFO - Route download_progress success
2024-05-25 18:37:23,570 - INFO - Route download_progress success
2024-05-25 18:37:24,597 - INFO - Route download_progress success
2024-05-25 18:37:25,674 - INFO - Route download_progress success
2024-05-25 18:37:26,320 - INFO - table_update route successfully send data with flag 1
2024-05-25 18:37:26,671 - INFO - Route download_progress success
2024-05-25 18:37:27,525 - INFO - Route download_progress success
2024-05-25 18:37:28,519 - INFO - Route download_progress success
2024-05-25 18:37:29,543 - INFO - Route download_progress success
2024-05-25 18:37:30,526 - INFO - Route download_progress success
2024-05-25 18:37:31,224 - INFO - table_update route successfully send data with flag 1
2024-05-25 18:37:31,538 - INFO - Route download_progress success
2024-05-25 18:37:32,519 - INFO - Route download_progress success
2024-05-25 18:37:33,549 - INFO - Route download_progress success
2024-05-25 18:37:34,516 - INFO - Route download_progress success
2024-05-25 18:37:35,535 - INFO - Route download_progress success
2024-05-25 18:37:36,243 - INFO - table_update route successfully send data with flag 1
2024-05-25 18:37:36,547 - INFO - Route download_progress success
2024-05-25 18:37:37,526 - INFO - Route download_progress success
2024-05-25 18:37:38,532 - INFO - Route download_progress success
2024-05-25 18:37:39,535 - INFO - Route download_progress success
2024-05-25 18:37:40,535 - INFO - Route download_progress success
2024-05-25 18:37:41,159 - INFO - table_update route successfully send data with flag 1
2024-05-25 18:37:41,541 - INFO - Route download_progress success
2024-05-25 18:37:42,521 - INFO - Route download_progress success
2024-05-25 18:37:43,557 - INFO - Route download_progress success
2024-05-25 18:37:44,535 - INFO - Route download_progress success
2024-05-25 18:37:45,529 - INFO - Route download_progress success
2024-05-25 18:37:46,183 - INFO - table_update route successfully send data with flag 1
2024-05-25 18:37:46,541 - INFO - Route download_progress success
2024-05-25 18:37:47,536 - INFO - Route download_progress success
2024-05-25 18:37:48,533 - INFO - Route download_progress success
2024-05-25 18:37:49,531 - INFO - Route download_progress success
2024-05-25 18:37:50,540 - INFO - Route download_progress success
2024-05-25 18:37:51,194 - INFO - table_update route successfully send data with flag 1
2024-05-25 18:37:51,534 - INFO - Route download_progress success
2024-05-25 18:37:52,512 - INFO - Route download_progress success
2024-05-25 18:37:53,531 - INFO - Route download_progress success
2024-05-25 18:37:54,534 - INFO - Route download_progress success
2024-05-25 18:37:55,526 - INFO - Route download_progress success
2024-05-25 18:37:56,210 - INFO - table_update route successfully send data with flag 1
2024-05-25 18:37:56,523 - INFO - Route download_progress success
2024-05-25 18:37:57,519 - INFO - Route download_progress success
2024-05-25 18:37:58,544 - INFO - Route download_progress success
2024-05-25 18:37:59,522 - INFO - Route download_progress success
2024-05-25 18:38:00,517 - INFO - Route download_progress success
2024-05-25 18:38:01,195 - INFO - table_update route successfully send data with flag 1
2024-05-25 18:38:01,549 - INFO - Route download_progress success
2024-05-25 18:38:02,529 - INFO - Route download_progress success
2024-05-25 18:38:03,548 - INFO - Route download_progress success
2024-05-25 18:38:04,676 - INFO - Route download_progress success
2024-05-25 18:38:05,535 - INFO - Route download_progress success
2024-05-25 18:38:06,247 - INFO - table_update route successfully send data with flag 1
2024-05-25 18:38:06,538 - INFO - Route download_progress success
2024-05-25 18:38:07,527 - INFO - Route download_progress success
2024-05-25 18:38:08,571 - INFO - Route download_progress success
2024-05-25 18:38:09,542 - INFO - Route download_progress success
2024-05-25 18:38:10,530 - INFO - Route download_progress success
2024-05-25 18:38:11,163 - INFO - table_update route successfully send data with flag 1
2024-05-25 18:38:11,537 - INFO - Route download_progress success
2024-05-25 18:38:12,535 - INFO - Route download_progress success
2024-05-25 18:38:13,525 - INFO - Route download_progress success
2024-05-25 18:38:14,521 - INFO - Route download_progress success
2024-05-25 18:38:15,526 - INFO - Route download_progress success
2024-05-25 18:38:16,180 - INFO - table_update route successfully send data with flag 1
2024-05-25 18:38:16,550 - INFO - Route download_progress success
2024-05-25 18:38:17,522 - INFO - Route download_progress success
2024-05-25 18:38:18,531 - INFO - Route download_progress success
2024-05-25 18:38:20,096 - INFO - Route download_progress success
2024-05-25 18:38:20,909 - INFO - Route download_progress success
2024-05-25 18:38:21,301 - INFO - table_update route successfully send data with flag 1
