2024-05-23 13:30:52,553 - INFO - Function create_or_pass_folder error with flag 0 -- Function create_or_pass_folder error is::Value for one of the query parameters specified in the request URI is invalid.
RequestId:84ca23aa-801e-0028-36e7-ac02b9000000
Time:2024-05-23T08:00:53.1339209Z
ErrorCode:InvalidQueryParameterValue
queryparametername:snapshot
queryparametervalue:san123
Content: <?xml version="1.0" encoding="utf-8"?>
<Error><Code>InvalidQueryParameterValue</Code><Message>Value for one of the query parameters specified in the request URI is invalid.
RequestId:84ca23aa-801e-0028-36e7-ac02b9000000
Time:2024-05-23T08:00:53.1339209Z</Message><QueryParameterName>snapshot</QueryParameterName><QueryParameterValue>san123</QueryParameterValue></Error>
2024-05-23 13:30:52,556 - INFO - Function create_or_pass_folder Error creating folder'san123': Value for one of the query parameters specified in the request URI is invalid.
RequestId:84ca23aa-801e-0028-36e7-ac02b9000000
Time:2024-05-23T08:00:53.1339209Z
ErrorCode:InvalidQueryParameterValue
queryparametername:snapshot
queryparametervalue:san123
Content: <?xml version="1.0" encoding="utf-8"?>
<Error><Code>InvalidQueryParameterValue</Code><Message>Value for one of the query parameters specified in the request URI is invalid.
RequestId:84ca23aa-801e-0028-36e7-ac02b9000000
Time:2024-05-23T08:00:53.1339209Z</Message><QueryParameterName>snapshot</QueryParameterName><QueryParameterValue>san123</QueryParameterValue></Error> 
2024-05-23 13:30:53,221 - INFO - Function update_bar_chart_from_blob successfully Return blob_list with flag 1
2024-05-23 13:30:53,221 - INFO - User san123 logged in successfully with flag 1
2024-05-23 13:30:55,363 - INFO - Function update_bar_chart_from_blob successfully Return blob_list with flag 1
2024-05-23 13:30:58,147 - INFO - Route download_progress success
2024-05-23 13:30:58,851 - INFO - table_update route successfully send data with flag 1
2024-05-23 13:30:59,006 - INFO - Route download_progress success
