2024-05-23 13:43:39,689 - INFO - Function create_or_pass_folder error with flag 0 -- Function create_or_pass_folder error is::Value for one of the query parameters specified in the request URI is invalid.
RequestId:8b683d96-101e-0026-27e9-aceeb2000000
Time:2024-05-23T08:13:40.2599492Z
ErrorCode:InvalidQueryParameterValue
queryparametername:snapshot
queryparametervalue:san123
Content: <?xml version="1.0" encoding="utf-8"?>
<Error><Code>InvalidQueryParameterValue</Code><Message>Value for one of the query parameters specified in the request URI is invalid.
RequestId:8b683d96-101e-0026-27e9-aceeb2000000
Time:2024-05-23T08:13:40.2599492Z</Message><QueryParameterName>snapshot</QueryParameterName><QueryParameterValue>san123</QueryParameterValue></Error>
2024-05-23 13:43:39,690 - INFO - Function create_or_pass_folder Error creating folder'san123': Value for one of the query parameters specified in the request URI is invalid.
RequestId:8b683d96-101e-0026-27e9-aceeb2000000
Time:2024-05-23T08:13:40.2599492Z
ErrorCode:InvalidQueryParameterValue
queryparametername:snapshot
queryparametervalue:san123
Content: <?xml version="1.0" encoding="utf-8"?>
<Error><Code>InvalidQueryParameterValue</Code><Message>Value for one of the query parameters specified in the request URI is invalid.
RequestId:8b683d96-101e-0026-27e9-aceeb2000000
Time:2024-05-23T08:13:40.2599492Z</Message><QueryParameterName>snapshot</QueryParameterName><QueryParameterValue>san123</QueryParameterValue></Error> 
2024-05-23 13:43:40,423 - INFO - Function update_bar_chart_from_blob successfully Return blob_list with flag 1
2024-05-23 13:43:40,423 - INFO - User san123 logged in successfully with flag 1
2024-05-23 13:43:42,149 - INFO - Function update_bar_chart_from_blob successfully Return blob_list with flag 1
2024-05-23 13:43:45,006 - INFO - Function update_bar_chart_from_blob successfully Return blob_list with flag 1
2024-05-23 13:43:46,571 - INFO - table_update route successfully send data with flag 1
2024-05-23 13:43:46,879 - INFO - Route download_progress success
2024-05-23 13:43:48,278 - INFO - Route download_progress success
2024-05-23 13:43:49,746 - INFO - Route download_progress success
2024-05-23 13:43:50,729 - INFO - Route download_progress success
2024-05-23 13:43:51,218 - INFO - Route download_progress success
2024-05-23 13:43:51,801 - INFO - table_update route successfully send data with flag 1
2024-05-23 13:43:51,912 - INFO - Route download_progress success
2024-05-23 13:43:52,988 - INFO - Route download_progress success
2024-05-23 13:43:53,934 - INFO - Route download_progress success
2024-05-23 13:43:54,772 - INFO - Route download_progress success
2024-05-23 13:43:55,767 - INFO - Route download_progress success
2024-05-23 13:43:56,490 - INFO - table_update route successfully send data with flag 1
2024-05-23 13:43:56,877 - INFO - Route download_progress success
2024-05-23 13:43:57,812 - INFO - Route download_progress success
2024-05-23 13:43:58,892 - INFO - Route download_progress success
2024-05-23 13:43:59,802 - INFO - Route download_progress success
2024-05-23 13:44:00,781 - INFO - Route download_progress success
2024-05-23 13:44:01,507 - INFO - table_update route successfully send data with flag 1
2024-05-23 13:44:01,980 - INFO - Route download_progress success
2024-05-23 13:44:02,876 - INFO - Route download_progress success
2024-05-23 13:44:03,901 - INFO - Route download_progress success
2024-05-23 13:44:04,808 - INFO - Route download_progress success
2024-05-23 13:44:05,906 - INFO - Route download_progress success
2024-05-23 13:44:06,620 - INFO - table_update route successfully send data with flag 1
2024-05-23 13:44:06,766 - INFO - Route download_progress success
2024-05-23 13:44:07,817 - INFO - Route download_progress success
2024-05-23 13:44:10,983 - INFO - Route download_progress success
2024-05-23 13:44:11,871 - INFO - table_update route successfully send data with flag 1
2024-05-23 13:44:12,093 - INFO - Route download_progress success
2024-05-23 13:44:13,065 - INFO - Route download_progress success
2024-05-23 13:44:14,130 - INFO - Route download_progress success
2024-05-23 13:44:15,108 - INFO - Route download_progress success
2024-05-23 13:44:16,809 - INFO - Route download_progress success
2024-05-23 13:44:20,640 - INFO - Route download_progress success
2024-05-23 13:44:21,105 - INFO - Route download_progress success
2024-05-23 13:44:21,471 - INFO - table_update route successfully send data with flag 1
2024-05-23 13:44:22,085 - INFO - Route download_progress success
2024-05-23 13:44:22,284 - INFO - table_update route successfully send data with flag 1
2024-05-23 13:44:23,075 - INFO - Route download_progress success
2024-05-23 13:44:24,126 - INFO - Route download_progress success
2024-05-23 13:44:25,094 - INFO - Route download_progress success
2024-05-23 13:44:26,086 - INFO - Route download_progress success
2024-05-23 13:44:26,893 - INFO - table_update route successfully send data with flag 1
2024-05-23 13:44:27,077 - INFO - Route download_progress success
2024-05-23 13:44:28,131 - INFO - Route download_progress success
2024-05-23 13:44:29,068 - INFO - Route download_progress success
2024-05-23 13:44:30,119 - INFO - Route download_progress success
2024-05-23 13:44:34,187 - INFO - Route download_progress success
2024-05-23 13:44:35,168 - INFO - table_update route successfully send data with flag 1
2024-05-23 13:44:35,609 - INFO - Route download_progress success
2024-05-23 13:44:36,084 - INFO - Route download_progress success
2024-05-23 13:44:36,773 - INFO - Route download_progress success
2024-05-23 13:44:36,837 - INFO - table_update route successfully send data with flag 1
2024-05-23 13:44:37,801 - INFO - Route download_progress success
2024-05-23 13:44:38,444 - INFO - Function update_bar_chart_from_blob successfully Return blob_list with flag 1
2024-05-23 13:44:41,073 - INFO - table_update route successfully send data with flag 1
2024-05-23 13:44:41,107 - INFO - Route download_progress success
2024-05-23 13:44:42,101 - INFO - Route download_progress success
2024-05-23 13:44:43,085 - INFO - Route download_progress success
2024-05-23 13:44:44,106 - INFO - Route download_progress success
2024-05-23 13:44:45,089 - INFO - Route download_progress success
2024-05-23 13:44:46,041 - INFO - table_update route successfully send data with flag 1
2024-05-23 13:44:46,297 - INFO - Route download_progress success
2024-05-23 13:44:47,154 - INFO - Route download_progress success
2024-05-23 13:44:48,212 - INFO - Route download_progress success
2024-05-23 13:44:49,176 - INFO - Route download_progress success
2024-05-23 13:44:50,086 - INFO - Route download_progress success
2024-05-23 13:44:51,084 - INFO - Route download_progress success
2024-05-23 13:44:51,168 - INFO - table_update route successfully send data with flag 1
2024-05-23 13:44:52,173 - INFO - Route download_progress success
2024-05-23 13:44:53,090 - INFO - Route download_progress success
2024-05-23 13:44:54,089 - INFO - Route download_progress success
2024-05-23 13:44:55,107 - INFO - Route download_progress success
2024-05-23 13:44:56,794 - INFO - table_update route successfully send data with flag 1
2024-05-23 13:44:57,076 - INFO - Route download_progress success
2024-05-23 13:44:59,069 - INFO - Route download_progress success
2024-05-23 13:45:01,725 - INFO - Route download_progress success
2024-05-23 13:45:02,535 - INFO - table_update route successfully send data with flag 1
2024-05-23 13:45:04,028 - INFO - Route download_progress success
2024-05-23 13:45:04,986 - INFO - Route download_progress success
2024-05-23 13:45:06,070 - INFO - Route download_progress success
2024-05-23 13:45:06,932 - INFO - table_update route successfully send data with flag 1
2024-05-23 13:45:07,121 - INFO - Route download_progress success
2024-05-23 13:45:08,121 - INFO - Route download_progress success
2024-05-23 13:45:09,084 - INFO - Route download_progress success
2024-05-23 13:45:10,227 - INFO - Route download_progress success
2024-05-23 13:45:11,025 - INFO - table_update route successfully send data with flag 1
2024-05-23 13:45:11,086 - INFO - Route download_progress success
2024-05-23 13:45:12,083 - INFO - Route download_progress success
2024-05-23 13:45:13,085 - INFO - Route download_progress success
2024-05-23 13:45:14,085 - INFO - Route download_progress success
2024-05-23 13:45:15,090 - INFO - Route download_progress success
2024-05-23 13:45:16,032 - INFO - table_update route successfully send data with flag 1
2024-05-23 13:45:16,334 - INFO - Route download_progress success
2024-05-23 13:45:17,216 - INFO - Route download_progress success
2024-05-23 13:45:18,168 - INFO - Route download_progress success
2024-05-23 13:45:19,249 - INFO - Route download_progress success
2024-05-23 13:45:20,086 - INFO - Route download_progress success
2024-05-23 13:45:20,966 - INFO - table_update route successfully send data with flag 1
2024-05-23 13:45:21,123 - INFO - Route download_progress success
2024-05-23 13:45:22,088 - INFO - Route download_progress success
2024-05-23 13:45:23,092 - INFO - Route download_progress success
2024-05-23 13:45:24,092 - INFO - Route download_progress success
2024-05-23 13:45:25,085 - INFO - Route download_progress success
2024-05-23 13:45:26,013 - INFO - table_update route successfully send data with flag 1
2024-05-23 13:45:26,084 - INFO - Route download_progress success
2024-05-23 13:45:27,100 - INFO - Route download_progress success
2024-05-23 13:45:28,084 - INFO - Route download_progress success
2024-05-23 13:45:29,084 - INFO - Route download_progress success
2024-05-23 13:45:30,099 - INFO - Route download_progress success
2024-05-23 13:45:31,097 - INFO - table_update route successfully send data with flag 1
2024-05-23 13:45:31,473 - INFO - Route download_progress success
2024-05-23 13:45:32,154 - INFO - Route download_progress success
2024-05-23 13:45:33,259 - INFO - Route download_progress success
2024-05-23 13:45:34,156 - INFO - Route download_progress success
2024-05-23 13:45:35,258 - INFO - Route download_progress success
2024-05-23 13:45:36,137 - INFO - table_update route successfully send data with flag 1
2024-05-23 13:45:36,150 - INFO - Route download_progress success
2024-05-23 13:45:37,082 - INFO - Route download_progress success
2024-05-23 13:45:38,086 - INFO - Route download_progress success
2024-05-23 13:45:39,170 - INFO - Route download_progress success
2024-05-23 13:45:40,083 - INFO - Route download_progress success
2024-05-23 13:45:41,034 - INFO - table_update route successfully send data with flag 1
2024-05-23 13:45:41,095 - INFO - Route download_progress success
2024-05-23 13:45:42,089 - INFO - Route download_progress success
2024-05-23 13:45:43,091 - INFO - Route download_progress success
2024-05-23 13:45:44,082 - INFO - Route download_progress success
2024-05-23 13:45:45,085 - INFO - Route download_progress success
2024-05-23 13:45:45,949 - INFO - table_update route successfully send data with flag 1
2024-05-23 13:45:46,081 - INFO - Route download_progress success
2024-05-23 13:45:47,194 - INFO - Route download_progress success
2024-05-23 13:45:48,331 - INFO - Route download_progress success
2024-05-23 13:45:49,163 - INFO - Route download_progress success
2024-05-23 13:45:50,137 - INFO - Route download_progress success
2024-05-23 13:45:51,086 - INFO - Route download_progress success
2024-05-23 13:45:51,174 - INFO - table_update route successfully send data with flag 1
2024-05-23 13:45:52,103 - INFO - Route download_progress success
2024-05-23 13:45:53,080 - INFO - Route download_progress success
2024-05-23 13:45:54,094 - INFO - Route download_progress success
2024-05-23 13:45:55,079 - INFO - Route download_progress success
2024-05-23 13:45:55,979 - INFO - table_update route successfully send data with flag 1
2024-05-23 13:45:56,096 - INFO - Route download_progress success
2024-05-23 13:45:57,101 - INFO - Route download_progress success
2024-05-23 13:45:58,095 - INFO - Route download_progress success
2024-05-23 13:45:59,105 - INFO - Route download_progress success
2024-05-23 13:46:00,081 - INFO - Route download_progress success
2024-05-23 13:46:01,092 - INFO - Route download_progress success
2024-05-23 13:46:01,211 - INFO - table_update route successfully send data with flag 1
2024-05-23 13:46:02,267 - INFO - Route download_progress success
2024-05-23 13:46:03,122 - INFO - Route download_progress success
2024-05-23 13:46:04,211 - INFO - Route download_progress success
2024-05-23 13:46:05,162 - INFO - Route download_progress success
2024-05-23 13:46:06,020 - INFO - table_update route successfully send data with flag 1
2024-05-23 13:46:06,094 - INFO - Route download_progress success
2024-05-23 13:46:07,099 - INFO - Route download_progress success
2024-05-23 13:46:08,126 - INFO - Route download_progress success
2024-05-23 13:46:09,088 - INFO - Route download_progress success
2024-05-23 13:46:10,090 - INFO - Route download_progress success
2024-05-23 13:46:10,935 - INFO - table_update route successfully send data with flag 1
2024-05-23 13:46:11,089 - INFO - Route download_progress success
2024-05-23 13:46:12,098 - INFO - Route download_progress success
2024-05-23 13:46:13,079 - INFO - Route download_progress success
2024-05-23 13:46:14,081 - INFO - Route download_progress success
2024-05-23 13:46:15,095 - INFO - Route download_progress success
2024-05-23 13:46:15,953 - INFO - table_update route successfully send data with flag 1
2024-05-23 13:46:16,083 - INFO - Route download_progress success
2024-05-23 13:46:17,132 - INFO - Route download_progress success
2024-05-23 13:46:18,204 - INFO - Route download_progress success
2024-05-23 13:46:19,205 - INFO - Route download_progress success
2024-05-23 13:46:20,176 - INFO - Route download_progress success
2024-05-23 13:46:21,059 - INFO - table_update route successfully send data with flag 1
2024-05-23 13:46:21,080 - INFO - Route download_progress success
2024-05-23 13:46:22,083 - INFO - Route download_progress success
2024-05-23 13:46:23,080 - INFO - Route download_progress success
2024-05-23 13:46:24,080 - INFO - Route download_progress success
2024-05-23 13:46:25,082 - INFO - Route download_progress success
2024-05-23 13:46:25,986 - INFO - table_update route successfully send data with flag 1
2024-05-23 13:46:26,080 - INFO - Route download_progress success
2024-05-23 13:46:27,088 - INFO - Route download_progress success
2024-05-23 13:46:28,099 - INFO - Route download_progress success
2024-05-23 13:46:29,115 - INFO - Route download_progress success
2024-05-23 13:46:30,087 - INFO - Route download_progress success
2024-05-23 13:46:31,003 - INFO - table_update route successfully send data with flag 1
2024-05-23 13:46:31,093 - INFO - Route download_progress success
2024-05-23 13:46:32,173 - INFO - Route download_progress success
2024-05-23 13:46:33,258 - INFO - Route download_progress success
2024-05-23 13:46:34,227 - INFO - Route download_progress success
2024-05-23 13:46:35,088 - INFO - Route download_progress success
2024-05-23 13:46:36,023 - INFO - table_update route successfully send data with flag 1
2024-05-23 13:46:36,109 - INFO - Route download_progress success
2024-05-23 13:46:37,090 - INFO - Route download_progress success
2024-05-23 13:46:38,100 - INFO - Route download_progress success
2024-05-23 13:46:39,079 - INFO - Route download_progress success
2024-05-23 13:46:40,095 - INFO - Route download_progress success
2024-05-23 13:46:40,947 - INFO - table_update route successfully send data with flag 1
2024-05-23 13:46:41,080 - INFO - Route download_progress success
2024-05-23 13:46:42,096 - INFO - Route download_progress success
2024-05-23 13:46:43,093 - INFO - Route download_progress success
2024-05-23 13:46:44,087 - INFO - Route download_progress success
2024-05-23 13:46:45,084 - INFO - Route download_progress success
2024-05-23 13:46:46,057 - INFO - table_update route successfully send data with flag 1
2024-05-23 13:46:46,102 - INFO - Route download_progress success
2024-05-23 13:46:47,288 - INFO - Route download_progress success
2024-05-23 13:46:48,148 - INFO - Route download_progress success
2024-05-23 13:46:49,241 - INFO - Route download_progress success
2024-05-23 13:46:50,096 - INFO - Route download_progress success
2024-05-23 13:46:51,084 - INFO - Route download_progress success
2024-05-23 13:46:51,172 - INFO - table_update route successfully send data with flag 1
2024-05-23 13:46:52,084 - INFO - Route download_progress success
2024-05-23 13:46:53,091 - INFO - Route download_progress success
2024-05-23 13:46:54,091 - INFO - Route download_progress success
2024-05-23 13:46:55,089 - INFO - Route download_progress success
2024-05-23 13:46:55,989 - INFO - table_update route successfully send data with flag 1
2024-05-23 13:46:56,104 - INFO - Route download_progress success
2024-05-23 13:46:57,094 - INFO - Route download_progress success
2024-05-23 13:46:58,093 - INFO - Route download_progress success
2024-05-23 13:46:59,097 - INFO - Route download_progress success
2024-05-23 13:47:00,091 - INFO - Route download_progress success
2024-05-23 13:47:01,007 - INFO - table_update route successfully send data with flag 1
2024-05-23 13:47:01,134 - INFO - Route download_progress success
2024-05-23 13:47:02,144 - INFO - Route download_progress success
2024-05-23 13:47:03,227 - INFO - Route download_progress success
2024-05-23 13:47:04,181 - INFO - Route download_progress success
2024-05-23 13:47:05,125 - INFO - Route download_progress success
2024-05-23 13:47:05,889 - INFO - table_update route successfully send data with flag 1
2024-05-23 13:47:06,095 - INFO - Route download_progress success
2024-05-23 13:47:07,087 - INFO - Route download_progress success
2024-05-23 13:47:08,083 - INFO - Route download_progress success
2024-05-23 13:47:09,080 - INFO - Route download_progress success
2024-05-23 13:47:10,144 - INFO - Route download_progress success
2024-05-23 13:47:11,109 - INFO - Route download_progress success
2024-05-23 13:47:11,153 - INFO - table_update route successfully send data with flag 1
2024-05-23 13:47:12,093 - INFO - Route download_progress success
2024-05-23 13:47:13,095 - INFO - Route download_progress success
2024-05-23 13:47:14,092 - INFO - Route download_progress success
2024-05-23 13:47:15,080 - INFO - Route download_progress success
2024-05-23 13:47:15,961 - INFO - table_update route successfully send data with flag 1
2024-05-23 13:47:16,096 - INFO - Route download_progress success
2024-05-23 13:47:17,185 - INFO - Route download_progress success
2024-05-23 13:47:18,184 - INFO - Route download_progress success
2024-05-23 13:47:19,175 - INFO - Route download_progress success
2024-05-23 13:47:20,087 - INFO - Route download_progress success
2024-05-23 13:47:21,086 - INFO - Route download_progress success
2024-05-23 13:47:21,198 - INFO - table_update route successfully send data with flag 1
2024-05-23 13:47:22,091 - INFO - Route download_progress success
2024-05-23 13:47:23,094 - INFO - Route download_progress success
2024-05-23 13:47:24,090 - INFO - Route download_progress success
2024-05-23 13:47:25,092 - INFO - Route download_progress success
2024-05-23 13:47:25,954 - INFO - table_update route successfully send data with flag 1
2024-05-23 13:47:26,090 - INFO - Route download_progress success
2024-05-23 13:47:27,089 - INFO - Route download_progress success
2024-05-23 13:47:28,082 - INFO - Route download_progress success
2024-05-23 13:47:29,088 - INFO - Route download_progress success
2024-05-23 13:47:30,091 - INFO - Route download_progress success
2024-05-23 13:47:31,009 - INFO - table_update route successfully send data with flag 1
2024-05-23 13:47:31,090 - INFO - Route download_progress success
2024-05-23 13:47:32,163 - INFO - Route download_progress success
2024-05-23 13:47:33,213 - INFO - Route download_progress success
2024-05-23 13:47:34,233 - INFO - Route download_progress success
2024-05-23 13:47:35,197 - INFO - Route download_progress success
2024-05-23 13:47:35,935 - INFO - table_update route successfully send data with flag 1
2024-05-23 13:47:36,088 - INFO - Route download_progress success
2024-05-23 13:47:37,081 - INFO - Route download_progress success
2024-05-23 13:47:38,263 - INFO - Route download_progress success
2024-05-23 13:47:39,106 - INFO - Route download_progress success
2024-05-23 13:47:40,102 - INFO - Route download_progress success
2024-05-23 13:47:41,088 - INFO - Route download_progress success
2024-05-23 13:47:41,145 - INFO - table_update route successfully send data with flag 1
2024-05-23 13:47:42,084 - INFO - Route download_progress success
2024-05-23 13:47:43,094 - INFO - Route download_progress success
2024-05-23 13:47:44,080 - INFO - Route download_progress success
2024-05-23 13:47:45,089 - INFO - Route download_progress success
2024-05-23 13:47:46,067 - INFO - table_update route successfully send data with flag 1
2024-05-23 13:47:46,101 - INFO - Route download_progress success
2024-05-23 13:47:47,208 - INFO - Route download_progress success
2024-05-23 13:47:48,134 - INFO - Route download_progress success
2024-05-23 13:47:49,154 - INFO - Route download_progress success
2024-05-23 13:47:50,091 - INFO - Route download_progress success
2024-05-23 13:47:50,986 - INFO - table_update route successfully send data with flag 1
2024-05-23 13:47:51,083 - INFO - Route download_progress success
2024-05-23 13:47:52,083 - INFO - Route download_progress success
2024-05-23 13:47:53,102 - INFO - Route download_progress success
2024-05-23 13:47:54,093 - INFO - Route download_progress success
2024-05-23 13:47:55,104 - INFO - Route download_progress success
2024-05-23 13:47:56,091 - INFO - Route download_progress success
2024-05-23 13:47:56,200 - INFO - table_update route successfully send data with flag 1
2024-05-23 13:47:57,102 - INFO - Route download_progress success
2024-05-23 13:47:58,092 - INFO - Route download_progress success
2024-05-23 13:47:59,084 - INFO - Route download_progress success
2024-05-23 13:48:00,087 - INFO - Route download_progress success
2024-05-23 13:48:01,001 - INFO - table_update route successfully send data with flag 1
2024-05-23 13:48:01,087 - INFO - Route download_progress success
2024-05-23 13:48:02,173 - INFO - Route download_progress success
2024-05-23 13:48:03,334 - INFO - Route download_progress success
2024-05-23 13:48:04,124 - INFO - Route download_progress success
2024-05-23 13:48:05,148 - INFO - Route download_progress success
2024-05-23 13:48:06,037 - INFO - table_update route successfully send data with flag 1
2024-05-23 13:48:06,095 - INFO - Route download_progress success
2024-05-23 13:48:07,091 - INFO - Route download_progress success
2024-05-23 13:48:08,087 - INFO - Route download_progress success
2024-05-23 13:48:09,083 - INFO - Route download_progress success
2024-05-23 13:48:10,082 - INFO - Route download_progress success
2024-05-23 13:48:11,079 - INFO - table_update route successfully send data with flag 1
2024-05-23 13:48:11,081 - INFO - Route download_progress success
2024-05-23 13:48:12,090 - INFO - Route download_progress success
2024-05-23 13:48:13,101 - INFO - Route download_progress success
2024-05-23 13:48:14,085 - INFO - Route download_progress success
2024-05-23 13:48:15,099 - INFO - Route download_progress success
2024-05-23 13:48:16,084 - INFO - table_update route successfully send data with flag 1
2024-05-23 13:48:16,090 - INFO - Route download_progress success
2024-05-23 13:48:17,209 - INFO - Route download_progress success
2024-05-23 13:48:18,171 - INFO - Route download_progress success
2024-05-23 13:48:19,165 - INFO - Route download_progress success
2024-05-23 13:48:20,086 - INFO - Route download_progress success
2024-05-23 13:48:20,986 - INFO - table_update route successfully send data with flag 1
2024-05-23 13:48:21,128 - INFO - Route download_progress success
2024-05-23 13:48:22,095 - INFO - Route download_progress success
2024-05-23 13:48:23,096 - INFO - Route download_progress success
2024-05-23 13:48:24,084 - INFO - Route download_progress success
2024-05-23 13:48:25,091 - INFO - Route download_progress success
2024-05-23 13:48:26,088 - INFO - Route download_progress success
2024-05-23 13:48:26,111 - INFO - table_update route successfully send data with flag 1
2024-05-23 13:48:27,085 - INFO - Route download_progress success
2024-05-23 13:48:28,084 - INFO - Route download_progress success
2024-05-23 13:48:29,092 - INFO - Route download_progress success
2024-05-23 13:48:30,090 - INFO - Route download_progress success
2024-05-23 13:48:31,023 - INFO - table_update route successfully send data with flag 1
2024-05-23 13:48:31,118 - INFO - Route download_progress success
2024-05-23 13:48:32,177 - INFO - Route download_progress success
2024-05-23 13:48:33,277 - INFO - Route download_progress success
2024-05-23 13:48:34,232 - INFO - Route download_progress success
2024-05-23 13:48:35,102 - INFO - Route download_progress success
2024-05-23 13:48:36,014 - INFO - table_update route successfully send data with flag 1
2024-05-23 13:48:36,164 - INFO - Route download_progress success
2024-05-23 13:48:37,087 - INFO - Route download_progress success
2024-05-23 13:48:38,153 - INFO - Route download_progress success
2024-05-23 13:48:39,083 - INFO - Route download_progress success
2024-05-23 13:48:40,085 - INFO - Route download_progress success
2024-05-23 13:48:40,957 - INFO - table_update route successfully send data with flag 1
2024-05-23 13:48:41,100 - INFO - Route download_progress success
2024-05-23 13:48:42,088 - INFO - Route download_progress success
2024-05-23 13:48:43,086 - INFO - Route download_progress success
2024-05-23 13:48:44,087 - INFO - Route download_progress success
2024-05-23 13:48:45,086 - INFO - Route download_progress success
2024-05-23 13:48:45,984 - INFO - table_update route successfully send data with flag 1
2024-05-23 13:48:46,088 - INFO - Route download_progress success
2024-05-23 13:48:47,168 - INFO - Route download_progress success
2024-05-23 13:48:48,212 - INFO - Route download_progress success
2024-05-23 13:48:49,195 - INFO - Route download_progress success
2024-05-23 13:48:50,133 - INFO - Route download_progress success
2024-05-23 13:48:51,030 - INFO - table_update route successfully send data with flag 1
2024-05-23 13:48:51,085 - INFO - Route download_progress success
2024-05-23 13:48:52,117 - INFO - Route download_progress success
2024-05-23 13:48:53,091 - INFO - Route download_progress success
2024-05-23 13:48:54,094 - INFO - Route download_progress success
2024-05-23 13:48:55,087 - INFO - Route download_progress success
2024-05-23 13:48:55,904 - INFO - table_update route successfully send data with flag 1
2024-05-23 13:48:56,088 - INFO - Route download_progress success
2024-05-23 13:48:57,083 - INFO - Route download_progress success
2024-05-23 13:48:58,098 - INFO - Route download_progress success
2024-05-23 13:48:59,088 - INFO - Route download_progress success
2024-05-23 13:49:00,081 - INFO - Route download_progress success
2024-05-23 13:49:01,027 - INFO - table_update route successfully send data with flag 1
2024-05-23 13:49:01,095 - INFO - Route download_progress success
2024-05-23 13:49:02,321 - INFO - Route download_progress success
2024-05-23 13:49:03,148 - INFO - Route download_progress success
2024-05-23 13:49:04,130 - INFO - Route download_progress success
2024-05-23 13:49:05,300 - INFO - Route download_progress success
2024-05-23 13:49:06,122 - INFO - Route download_progress success
2024-05-23 13:49:06,146 - INFO - table_update route successfully send data with flag 1
2024-05-23 13:49:07,088 - INFO - Route download_progress success
2024-05-23 13:49:08,091 - INFO - Route download_progress success
2024-05-23 13:49:09,090 - INFO - Route download_progress success
2024-05-23 13:49:10,087 - INFO - Route download_progress success
2024-05-23 13:49:10,971 - INFO - table_update route successfully send data with flag 1
2024-05-23 13:49:11,081 - INFO - Route download_progress success
2024-05-23 13:49:12,095 - INFO - Route download_progress success
2024-05-23 13:49:13,086 - INFO - Route download_progress success
2024-05-23 13:49:14,083 - INFO - Route download_progress success
2024-05-23 13:49:15,083 - INFO - Route download_progress success
2024-05-23 13:49:15,963 - INFO - table_update route successfully send data with flag 1
2024-05-23 13:49:16,085 - INFO - Route download_progress success
2024-05-23 13:49:17,275 - INFO - Route download_progress success
2024-05-23 13:49:18,281 - INFO - Route download_progress success
2024-05-23 13:49:19,222 - INFO - Route download_progress success
2024-05-23 13:49:20,267 - INFO - Route download_progress success
2024-05-23 13:49:21,160 - INFO - Route download_progress success
2024-05-23 13:49:21,228 - INFO - table_update route successfully send data with flag 1
2024-05-23 13:49:22,093 - INFO - Route download_progress success
2024-05-23 13:49:23,084 - INFO - Route download_progress success
2024-05-23 13:49:24,085 - INFO - Route download_progress success
2024-05-23 13:49:25,093 - INFO - Route download_progress success
2024-05-23 13:49:26,049 - INFO - table_update route successfully send data with flag 1
2024-05-23 13:49:26,096 - INFO - Route download_progress success
2024-05-23 13:49:27,080 - INFO - Route download_progress success
2024-05-23 13:49:28,096 - INFO - Route download_progress success
2024-05-23 13:49:29,087 - INFO - Route download_progress success
2024-05-23 13:49:30,079 - INFO - Route download_progress success
2024-05-23 13:49:31,071 - INFO - table_update route successfully send data with flag 1
2024-05-23 13:49:31,125 - INFO - Route download_progress success
2024-05-23 13:49:32,303 - INFO - Route download_progress success
2024-05-23 13:49:33,085 - INFO - Route download_progress success
2024-05-23 13:49:34,373 - INFO - Route download_progress success
2024-05-23 13:49:35,170 - INFO - Route download_progress success
2024-05-23 13:49:35,941 - INFO - table_update route successfully send data with flag 1
2024-05-23 13:49:36,098 - INFO - Route download_progress success
2024-05-23 13:49:37,095 - INFO - Route download_progress success
2024-05-23 13:49:38,084 - INFO - Route download_progress success
2024-05-23 13:49:39,117 - INFO - Route download_progress success
2024-05-23 13:49:40,082 - INFO - Route download_progress success
2024-05-23 13:49:41,082 - INFO - Route download_progress success
2024-05-23 13:49:41,208 - INFO - table_update route successfully send data with flag 1
2024-05-23 13:49:42,094 - INFO - Route download_progress success
2024-05-23 13:49:43,089 - INFO - Route download_progress success
2024-05-23 13:49:44,082 - INFO - Route download_progress success
2024-05-23 13:49:45,096 - INFO - Route download_progress success
2024-05-23 13:49:46,078 - INFO - table_update route successfully send data with flag 1
2024-05-23 13:49:46,115 - INFO - Route download_progress success
2024-05-23 13:49:47,432 - INFO - Route download_progress success
2024-05-23 13:49:48,200 - INFO - Route download_progress success
2024-05-23 13:49:49,139 - INFO - Route download_progress success
2024-05-23 13:49:50,198 - INFO - Route download_progress success
2024-05-23 13:49:51,034 - INFO - table_update route successfully send data with flag 1
2024-05-23 13:49:51,107 - INFO - Route download_progress success
2024-05-23 13:49:52,081 - INFO - Route download_progress success
2024-05-23 13:49:53,097 - INFO - Route download_progress success
2024-05-23 13:49:54,080 - INFO - Route download_progress success
2024-05-23 13:49:55,164 - INFO - Route download_progress success
2024-05-23 13:49:56,011 - INFO - table_update route successfully send data with flag 1
2024-05-23 13:49:56,093 - INFO - Route download_progress success
2024-05-23 13:49:57,093 - INFO - Route download_progress success
2024-05-23 13:49:58,106 - INFO - Route download_progress success
2024-05-23 13:49:59,083 - INFO - Route download_progress success
2024-05-23 13:50:00,095 - INFO - Route download_progress success
2024-05-23 13:50:01,030 - INFO - table_update route successfully send data with flag 1
2024-05-23 13:50:01,109 - INFO - Route download_progress success
2024-05-23 13:50:02,220 - INFO - Route download_progress success
2024-05-23 13:50:03,231 - INFO - Route download_progress success
2024-05-23 13:50:04,257 - INFO - Route download_progress success
2024-05-23 13:50:05,088 - INFO - Route download_progress success
2024-05-23 13:50:06,125 - INFO - Route download_progress success
2024-05-23 13:50:06,160 - INFO - table_update route successfully send data with flag 1
2024-05-23 13:50:07,083 - INFO - Route download_progress success
2024-05-23 13:50:08,093 - INFO - Route download_progress success
2024-05-23 13:50:09,083 - INFO - Route download_progress success
2024-05-23 13:50:10,094 - INFO - Route download_progress success
2024-05-23 13:50:11,057 - INFO - table_update route successfully send data with flag 1
2024-05-23 13:50:11,090 - INFO - Route download_progress success
2024-05-23 13:50:12,092 - INFO - Route download_progress success
2024-05-23 13:50:13,093 - INFO - Route download_progress success
2024-05-23 13:50:14,084 - INFO - Route download_progress success
2024-05-23 13:50:15,084 - INFO - Route download_progress success
2024-05-23 13:50:16,072 - INFO - table_update route successfully send data with flag 1
2024-05-23 13:50:16,125 - INFO - Route download_progress success
2024-05-23 13:50:17,229 - INFO - Route download_progress success
2024-05-23 13:50:18,149 - INFO - Route download_progress success
2024-05-23 13:50:19,262 - INFO - Route download_progress success
2024-05-23 13:50:20,108 - INFO - Route download_progress success
2024-05-23 13:50:21,089 - INFO - Route download_progress success
2024-05-23 13:50:21,100 - INFO - table_update route successfully send data with flag 1
2024-05-23 13:50:22,090 - INFO - Route download_progress success
2024-05-23 13:50:23,080 - INFO - Route download_progress success
2024-05-23 13:50:24,095 - INFO - Route download_progress success
2024-05-23 13:50:25,080 - INFO - Route download_progress success
2024-05-23 13:50:26,015 - INFO - table_update route successfully send data with flag 1
2024-05-23 13:50:26,092 - INFO - Route download_progress success
2024-05-23 13:50:27,092 - INFO - Route download_progress success
2024-05-23 13:50:28,086 - INFO - Route download_progress success
2024-05-23 13:50:29,103 - INFO - Route download_progress success
2024-05-23 13:50:30,091 - INFO - Route download_progress success
2024-05-23 13:50:31,086 - INFO - Route download_progress success
2024-05-23 13:50:31,111 - INFO - table_update route successfully send data with flag 1
2024-05-23 13:50:32,337 - INFO - Route download_progress success
2024-05-23 13:50:33,217 - INFO - Route download_progress success
2024-05-23 13:50:34,207 - INFO - Route download_progress success
2024-05-23 13:50:35,138 - INFO - Route download_progress success
2024-05-23 13:50:36,091 - INFO - Route download_progress success
2024-05-23 13:50:36,151 - INFO - table_update route successfully send data with flag 1
2024-05-23 13:50:37,086 - INFO - Route download_progress success
2024-05-23 13:50:38,090 - INFO - Route download_progress success
2024-05-23 13:50:39,096 - INFO - Route download_progress success
2024-05-23 13:50:40,090 - INFO - Route download_progress success
2024-05-23 13:50:40,968 - INFO - table_update route successfully send data with flag 1
2024-05-23 13:50:41,103 - INFO - Route download_progress success
2024-05-23 13:50:42,108 - INFO - Route download_progress success
2024-05-23 13:50:43,081 - INFO - Route download_progress success
2024-05-23 13:50:44,087 - INFO - Route download_progress success
2024-05-23 13:50:45,082 - INFO - Route download_progress success
2024-05-23 13:50:46,089 - INFO - table_update route successfully send data with flag 1
2024-05-23 13:50:46,107 - INFO - Route download_progress success
2024-05-23 13:50:47,337 - INFO - Route download_progress success
2024-05-23 13:50:48,153 - INFO - Route download_progress success
2024-05-23 13:50:49,145 - INFO - Route download_progress success
2024-05-23 13:50:50,209 - INFO - Route download_progress success
2024-05-23 13:50:51,082 - INFO - Route download_progress success
2024-05-23 13:50:51,112 - INFO - table_update route successfully send data with flag 1
2024-05-23 13:50:52,080 - INFO - Route download_progress success
2024-05-23 13:50:53,149 - INFO - Route download_progress success
2024-05-23 13:50:54,080 - INFO - Route download_progress success
2024-05-23 13:50:55,089 - INFO - Route download_progress success
2024-05-23 13:50:56,019 - INFO - table_update route successfully send data with flag 1
2024-05-23 13:50:56,089 - INFO - Route download_progress success
2024-05-23 13:50:57,090 - INFO - Route download_progress success
2024-05-23 13:50:58,096 - INFO - Route download_progress success
2024-05-23 13:50:59,095 - INFO - Route download_progress success
2024-05-23 13:51:00,082 - INFO - Route download_progress success
2024-05-23 13:51:01,042 - INFO - table_update route successfully send data with flag 1
2024-05-23 13:51:01,101 - INFO - Route download_progress success
2024-05-23 13:51:02,453 - INFO - Route download_progress success
2024-05-23 13:51:03,401 - INFO - Route download_progress success
2024-05-23 13:51:04,283 - INFO - Route download_progress success
2024-05-23 13:51:05,140 - INFO - Route download_progress success
2024-05-23 13:51:05,964 - INFO - table_update route successfully send data with flag 1
2024-05-23 13:51:06,087 - INFO - Route download_progress success
2024-05-23 13:51:07,220 - INFO - Route download_progress success
2024-05-23 13:51:08,090 - INFO - Route download_progress success
2024-05-23 13:51:09,167 - INFO - Route download_progress success
2024-05-23 13:51:10,105 - INFO - Route download_progress success
2024-05-23 13:51:11,083 - INFO - Route download_progress success
2024-05-23 13:51:11,182 - INFO - table_update route successfully send data with flag 1
2024-05-23 13:51:12,104 - INFO - Route download_progress success
2024-05-23 13:51:13,088 - INFO - Route download_progress success
2024-05-23 13:51:14,079 - INFO - Route download_progress success
2024-05-23 13:51:15,095 - INFO - Route download_progress success
2024-05-23 13:51:15,986 - INFO - table_update route successfully send data with flag 1
2024-05-23 13:51:16,085 - INFO - Route download_progress success
2024-05-23 13:51:17,154 - INFO - Route download_progress success
2024-05-23 13:51:18,138 - INFO - Route download_progress success
2024-05-23 13:51:19,182 - INFO - Route download_progress success
2024-05-23 13:51:20,206 - INFO - Route download_progress success
2024-05-23 13:51:21,024 - INFO - table_update route successfully send data with flag 1
2024-05-23 13:51:21,187 - INFO - Route download_progress success
2024-05-23 13:51:22,089 - INFO - Route download_progress success
2024-05-23 13:51:23,092 - INFO - Route download_progress success
2024-05-23 13:51:24,088 - INFO - Route download_progress success
2024-05-23 13:51:25,089 - INFO - Route download_progress success
2024-05-23 13:51:26,023 - INFO - table_update route successfully send data with flag 1
2024-05-23 13:51:26,106 - INFO - Route download_progress success
2024-05-23 13:51:27,089 - INFO - Route download_progress success
2024-05-23 13:51:28,087 - INFO - Route download_progress success
2024-05-23 13:51:29,094 - INFO - Route download_progress success
2024-05-23 13:51:30,078 - INFO - Route download_progress success
2024-05-23 13:51:31,086 - INFO - Route download_progress success
2024-05-23 13:51:31,138 - INFO - table_update route successfully send data with flag 1
2024-05-23 13:51:32,242 - INFO - Route download_progress success
2024-05-23 13:51:33,192 - INFO - Route download_progress success
2024-05-23 13:51:34,181 - INFO - Route download_progress success
2024-05-23 13:51:35,089 - INFO - Route download_progress success
2024-05-23 13:51:35,968 - INFO - table_update route successfully send data with flag 1
2024-05-23 13:51:36,089 - INFO - Route download_progress success
2024-05-23 13:51:37,091 - INFO - Route download_progress success
2024-05-23 13:51:38,091 - INFO - Route download_progress success
2024-05-23 13:51:39,090 - INFO - Route download_progress success
2024-05-23 13:51:40,081 - INFO - Route download_progress success
2024-05-23 13:51:41,083 - INFO - Route download_progress success
2024-05-23 13:51:41,165 - INFO - table_update route successfully send data with flag 1
2024-05-23 13:51:42,086 - INFO - Route download_progress success
2024-05-23 13:51:43,087 - INFO - Route download_progress success
2024-05-23 13:51:44,085 - INFO - Route download_progress success
2024-05-23 13:51:45,085 - INFO - Route download_progress success
2024-05-23 13:51:46,083 - INFO - table_update route successfully send data with flag 1
2024-05-23 13:51:46,097 - INFO - Route download_progress success
2024-05-23 13:51:47,177 - INFO - Route download_progress success
2024-05-23 13:51:48,196 - INFO - Route download_progress success
2024-05-23 13:51:49,137 - INFO - Route download_progress success
2024-05-23 13:51:50,150 - INFO - Route download_progress success
2024-05-23 13:51:51,008 - INFO - table_update route successfully send data with flag 1
2024-05-23 13:51:51,188 - INFO - Route download_progress success
2024-05-23 13:51:52,130 - INFO - Route download_progress success
2024-05-23 13:51:53,087 - INFO - Route download_progress success
2024-05-23 13:51:54,085 - INFO - Route download_progress success
2024-05-23 13:51:55,081 - INFO - Route download_progress success
2024-05-23 13:51:55,916 - INFO - table_update route successfully send data with flag 1
2024-05-23 13:51:56,084 - INFO - Route download_progress success
2024-05-23 13:51:57,090 - INFO - Route download_progress success
2024-05-23 13:51:58,083 - INFO - Route download_progress success
2024-05-23 13:51:59,083 - INFO - Route download_progress success
2024-05-23 13:52:00,093 - INFO - Route download_progress success
2024-05-23 13:52:01,087 - INFO - Route download_progress success
2024-05-23 13:52:01,148 - INFO - table_update route successfully send data with flag 1
2024-05-23 13:52:02,242 - INFO - Route download_progress success
2024-05-23 13:52:03,212 - INFO - Route download_progress success
2024-05-23 13:52:04,279 - INFO - Route download_progress success
2024-05-23 13:52:05,141 - INFO - Route download_progress success
2024-05-23 13:52:05,959 - INFO - table_update route successfully send data with flag 1
2024-05-23 13:52:06,153 - INFO - Route download_progress success
2024-05-23 13:52:07,087 - INFO - Route download_progress success
2024-05-23 13:52:08,083 - INFO - Route download_progress success
2024-05-23 13:52:09,090 - INFO - Route download_progress success
2024-05-23 13:52:10,087 - INFO - Route download_progress success
2024-05-23 13:52:10,974 - INFO - table_update route successfully send data with flag 1
2024-05-23 13:52:11,090 - INFO - Route download_progress success
2024-05-23 13:52:12,094 - INFO - Route download_progress success
2024-05-23 13:52:13,099 - INFO - Route download_progress success
2024-05-23 13:52:14,098 - INFO - Route download_progress success
2024-05-23 13:52:15,099 - INFO - Route download_progress success
2024-05-23 13:52:15,980 - INFO - table_update route successfully send data with flag 1
2024-05-23 13:52:16,084 - INFO - Route download_progress success
2024-05-23 13:52:17,154 - INFO - Route download_progress success
2024-05-23 13:52:18,168 - INFO - Route download_progress success
2024-05-23 13:52:19,132 - INFO - Route download_progress success
2024-05-23 13:52:20,184 - INFO - Route download_progress success
2024-05-23 13:52:21,015 - INFO - table_update route successfully send data with flag 1
2024-05-23 13:52:21,188 - INFO - Route download_progress success
2024-05-23 13:52:22,087 - INFO - Route download_progress success
2024-05-23 13:52:23,094 - INFO - Route download_progress success
2024-05-23 13:52:24,106 - INFO - Route download_progress success
2024-05-23 13:52:25,085 - INFO - Route download_progress success
2024-05-23 13:52:26,021 - INFO - table_update route successfully send data with flag 1
2024-05-23 13:52:26,094 - INFO - Route download_progress success
2024-05-23 13:52:27,086 - INFO - Route download_progress success
2024-05-23 13:52:28,140 - INFO - Route download_progress success
2024-05-23 13:52:29,083 - INFO - Route download_progress success
2024-05-23 13:52:30,081 - INFO - Route download_progress success
2024-05-23 13:52:30,944 - INFO - table_update route successfully send data with flag 1
2024-05-23 13:52:31,094 - INFO - Route download_progress success
2024-05-23 13:52:32,223 - INFO - Route download_progress success
2024-05-23 13:52:33,128 - INFO - Route download_progress success
2024-05-23 13:52:34,226 - INFO - Route download_progress success
2024-05-23 13:52:35,209 - INFO - Route download_progress success
2024-05-23 13:52:36,112 - INFO - Route download_progress success
2024-05-23 13:52:36,167 - INFO - table_update route successfully send data with flag 1
2024-05-23 13:52:37,082 - INFO - Route download_progress success
2024-05-23 13:52:38,137 - INFO - Route download_progress success
2024-05-23 13:52:39,160 - INFO - Route download_progress success
2024-05-23 13:52:40,145 - INFO - Route download_progress success
2024-05-23 13:52:40,981 - INFO - table_update route successfully send data with flag 1
2024-05-23 13:52:41,086 - INFO - Route download_progress success
2024-05-23 13:52:42,095 - INFO - Route download_progress success
2024-05-23 13:52:43,079 - INFO - Route download_progress success
2024-05-23 13:52:44,081 - INFO - Route download_progress success
2024-05-23 13:52:45,116 - INFO - Route download_progress success
2024-05-23 13:52:46,086 - INFO - Route download_progress success
2024-05-23 13:52:46,206 - INFO - table_update route successfully send data with flag 1
2024-05-23 13:52:47,158 - INFO - Route download_progress success
2024-05-23 13:52:48,279 - INFO - Route download_progress success
2024-05-23 13:52:49,215 - INFO - Route download_progress success
2024-05-23 13:52:50,098 - INFO - Route download_progress success
2024-05-23 13:52:51,097 - INFO - Route download_progress success
2024-05-23 13:52:51,125 - INFO - table_update route successfully send data with flag 1
2024-05-23 13:52:52,174 - INFO - Route download_progress success
2024-05-23 13:52:53,093 - INFO - Route download_progress success
2024-05-23 13:52:54,092 - INFO - Route download_progress success
2024-05-23 13:52:55,082 - INFO - Route download_progress success
2024-05-23 13:52:55,930 - INFO - table_update route successfully send data with flag 1
2024-05-23 13:52:56,079 - INFO - Route download_progress success
2024-05-23 13:52:57,087 - INFO - Route download_progress success
2024-05-23 13:52:58,097 - INFO - Route download_progress success
2024-05-23 13:52:59,093 - INFO - Route download_progress success
2024-05-23 13:53:00,096 - INFO - Route download_progress success
2024-05-23 13:53:00,941 - INFO - table_update route successfully send data with flag 1
2024-05-23 13:53:01,079 - INFO - Route download_progress success
2024-05-23 13:53:02,188 - INFO - Route download_progress success
2024-05-23 13:53:03,234 - INFO - Route download_progress success
2024-05-23 13:53:04,164 - INFO - Route download_progress success
2024-05-23 13:53:05,158 - INFO - Route download_progress success
2024-05-23 13:53:06,081 - INFO - Route download_progress success
2024-05-23 13:53:06,168 - INFO - table_update route successfully send data with flag 1
2024-05-23 13:53:07,085 - INFO - Route download_progress success
2024-05-23 13:53:08,088 - INFO - Route download_progress success
2024-05-23 13:53:09,097 - INFO - Route download_progress success
2024-05-23 13:53:10,080 - INFO - Route download_progress success
2024-05-23 13:53:10,986 - INFO - table_update route successfully send data with flag 1
2024-05-23 13:53:11,096 - INFO - Route download_progress success
2024-05-23 13:53:12,083 - INFO - Route download_progress success
2024-05-23 13:53:13,096 - INFO - Route download_progress success
2024-05-23 13:53:14,092 - INFO - Route download_progress success
2024-05-23 13:53:15,093 - INFO - Route download_progress success
2024-05-23 13:53:16,000 - INFO - table_update route successfully send data with flag 1
2024-05-23 13:53:16,093 - INFO - Route download_progress success
2024-05-23 13:53:17,257 - INFO - Route download_progress success
2024-05-23 13:53:18,230 - INFO - Route download_progress success
2024-05-23 13:53:19,215 - INFO - Route download_progress success
2024-05-23 13:53:20,108 - INFO - Route download_progress success
2024-05-23 13:53:21,116 - INFO - Route download_progress success
2024-05-23 13:53:21,122 - INFO - table_update route successfully send data with flag 1
2024-05-23 13:53:22,082 - INFO - Route download_progress success
2024-05-23 13:53:23,093 - INFO - Route download_progress success
2024-05-23 13:53:24,082 - INFO - Route download_progress success
2024-05-23 13:53:25,096 - INFO - Route download_progress success
2024-05-23 13:53:25,924 - INFO - table_update route successfully send data with flag 1
2024-05-23 13:53:26,090 - INFO - Route download_progress success
2024-05-23 13:53:27,081 - INFO - Route download_progress success
2024-05-23 13:53:28,085 - INFO - Route download_progress success
2024-05-23 13:53:29,087 - INFO - Route download_progress success
2024-05-23 13:53:30,085 - INFO - Route download_progress success
2024-05-23 13:53:31,090 - INFO - Route download_progress success
2024-05-23 13:53:31,156 - INFO - table_update route successfully send data with flag 1
2024-05-23 13:53:32,341 - INFO - Route download_progress success
2024-05-23 13:53:33,191 - INFO - Route download_progress success
2024-05-23 13:53:34,177 - INFO - Route download_progress success
2024-05-23 13:53:35,266 - INFO - Route download_progress success
2024-05-23 13:53:36,072 - INFO - table_update route successfully send data with flag 1
2024-05-23 13:53:36,093 - INFO - Route download_progress success
2024-05-23 13:53:37,157 - INFO - Route download_progress success
2024-05-23 13:53:38,081 - INFO - Route download_progress success
2024-05-23 13:53:39,133 - INFO - Route download_progress success
2024-05-23 13:53:40,081 - INFO - Route download_progress success
2024-05-23 13:53:41,148 - INFO - Route download_progress success
2024-05-23 13:53:41,198 - INFO - table_update route successfully send data with flag 1
2024-05-23 13:53:42,093 - INFO - Route download_progress success
2024-05-23 13:53:43,079 - INFO - Route download_progress success
2024-05-23 13:53:44,097 - INFO - Route download_progress success
2024-05-23 13:53:45,082 - INFO - Route download_progress success
2024-05-23 13:53:45,999 - INFO - table_update route successfully send data with flag 1
2024-05-23 13:53:46,106 - INFO - Route download_progress success
2024-05-23 13:53:47,169 - INFO - Route download_progress success
2024-05-23 13:53:48,188 - INFO - Route download_progress success
2024-05-23 13:53:49,199 - INFO - Route download_progress success
2024-05-23 13:53:50,089 - INFO - Route download_progress success
2024-05-23 13:53:50,927 - INFO - table_update route successfully send data with flag 1
2024-05-23 13:53:51,129 - INFO - Route download_progress success
2024-05-23 13:53:52,080 - INFO - Route download_progress success
2024-05-23 13:53:53,166 - INFO - Route download_progress success
2024-05-23 13:53:54,088 - INFO - Route download_progress success
2024-05-23 13:53:55,089 - INFO - Route download_progress success
2024-05-23 13:53:55,942 - INFO - table_update route successfully send data with flag 1
2024-05-23 13:53:56,090 - INFO - Route download_progress success
2024-05-23 13:53:57,081 - INFO - Route download_progress success
2024-05-23 13:53:58,093 - INFO - Route download_progress success
2024-05-23 13:53:59,088 - INFO - Route download_progress success
2024-05-23 13:54:00,089 - INFO - Route download_progress success
2024-05-23 13:54:00,957 - INFO - table_update route successfully send data with flag 1
2024-05-23 13:54:01,090 - INFO - Route download_progress success
2024-05-23 13:54:02,156 - INFO - Route download_progress success
2024-05-23 13:54:03,225 - INFO - Route download_progress success
2024-05-23 13:54:04,394 - INFO - Route download_progress success
2024-05-23 13:54:05,296 - INFO - Route download_progress success
2024-05-23 13:54:06,085 - INFO - table_update route successfully send data with flag 1
2024-05-23 13:54:06,112 - INFO - Route download_progress success
2024-05-23 13:54:07,101 - INFO - Route download_progress success
2024-05-23 13:54:08,109 - INFO - Route download_progress success
2024-05-23 13:54:09,162 - INFO - Route download_progress success
2024-05-23 13:54:10,096 - INFO - Route download_progress success
2024-05-23 13:54:11,020 - INFO - table_update route successfully send data with flag 1
2024-05-23 13:54:11,101 - INFO - Route download_progress success
2024-05-23 13:54:12,090 - INFO - Route download_progress success
2024-05-23 13:54:13,096 - INFO - Route download_progress success
2024-05-23 13:54:14,092 - INFO - Route download_progress success
2024-05-23 13:54:15,088 - INFO - Route download_progress success
2024-05-23 13:54:16,006 - INFO - table_update route successfully send data with flag 1
2024-05-23 13:54:16,089 - INFO - Route download_progress success
2024-05-23 13:54:17,246 - INFO - Route download_progress success
2024-05-23 13:54:18,179 - INFO - Route download_progress success
2024-05-23 13:54:19,141 - INFO - Route download_progress success
2024-05-23 13:54:20,181 - INFO - Route download_progress success
2024-05-23 13:54:21,028 - INFO - table_update route successfully send data with flag 1
2024-05-23 13:54:21,173 - INFO - Route download_progress success
2024-05-23 13:54:22,091 - INFO - Route download_progress success
2024-05-23 13:54:23,094 - INFO - Route download_progress success
2024-05-23 13:54:24,089 - INFO - Route download_progress success
2024-05-23 13:54:25,095 - INFO - Route download_progress success
2024-05-23 13:54:26,080 - INFO - Route download_progress success
2024-05-23 13:54:26,144 - INFO - table_update route successfully send data with flag 1
2024-05-23 13:54:27,137 - INFO - Route download_progress success
2024-05-23 13:54:28,086 - INFO - Route download_progress success
2024-05-23 13:54:29,089 - INFO - Route download_progress success
2024-05-23 13:54:30,098 - INFO - Route download_progress success
2024-05-23 13:54:31,086 - INFO - table_update route successfully send data with flag 1
2024-05-23 13:54:31,145 - INFO - Route download_progress success
2024-05-23 13:54:32,276 - INFO - Route download_progress success
2024-05-23 13:54:33,293 - INFO - Route download_progress success
2024-05-23 13:54:34,217 - INFO - Route download_progress success
2024-05-23 13:54:35,490 - INFO - Route download_progress success
2024-05-23 13:54:36,125 - INFO - Route download_progress success
2024-05-23 13:54:36,294 - INFO - table_update route successfully send data with flag 1
2024-05-23 13:54:37,208 - INFO - Route download_progress success
2024-05-23 13:54:38,125 - INFO - Route download_progress success
2024-05-23 13:54:39,089 - INFO - Route download_progress success
2024-05-23 13:54:40,250 - INFO - Route download_progress success
2024-05-23 13:54:41,102 - INFO - table_update route successfully send data with flag 1
2024-05-23 13:54:41,186 - INFO - Route download_progress success
2024-05-23 13:54:42,088 - INFO - Route download_progress success
2024-05-23 13:54:43,092 - INFO - Route download_progress success
2024-05-23 13:54:44,087 - INFO - Route download_progress success
2024-05-23 13:54:45,096 - INFO - Route download_progress success
2024-05-23 13:54:46,089 - INFO - Route download_progress success
2024-05-23 13:54:46,110 - INFO - table_update route successfully send data with flag 1
2024-05-23 13:54:47,198 - INFO - Route download_progress success
2024-05-23 13:54:48,249 - INFO - Route download_progress success
2024-05-23 13:54:49,240 - INFO - Route download_progress success
2024-05-23 13:54:50,233 - INFO - Route download_progress success
2024-05-23 13:54:51,088 - INFO - Route download_progress success
2024-05-23 13:54:51,135 - INFO - table_update route successfully send data with flag 1
2024-05-23 13:54:52,136 - INFO - Route download_progress success
2024-05-23 13:54:53,082 - INFO - Route download_progress success
2024-05-23 13:54:54,140 - INFO - Route download_progress success
2024-05-23 13:54:55,084 - INFO - Route download_progress success
2024-05-23 13:54:56,100 - INFO - Route download_progress success
2024-05-23 13:54:56,151 - INFO - table_update route successfully send data with flag 1
2024-05-23 13:54:57,092 - INFO - Route download_progress success
2024-05-23 13:55:01,830 - INFO - Route download_progress success
2024-05-23 13:55:02,604 - INFO - table_update route successfully send data with flag 1
2024-05-23 13:55:03,067 - INFO - Route download_progress success
2024-05-23 13:55:05,074 - INFO - Route download_progress success
2024-05-23 13:55:06,907 - INFO - table_update route successfully send data with flag 1
2024-05-23 13:55:07,101 - INFO - Route download_progress success
2024-05-23 13:55:09,106 - INFO - Route download_progress success
2024-05-23 13:55:11,107 - INFO - Route download_progress success
2024-05-23 13:55:12,325 - INFO - table_update route successfully send data with flag 1
2024-05-23 13:55:13,106 - INFO - Route download_progress success
2024-05-23 13:55:15,088 - INFO - Route download_progress success
2024-05-23 13:55:16,880 - INFO - table_update route successfully send data with flag 1
2024-05-23 13:55:17,092 - INFO - Route download_progress success
2024-05-23 13:55:19,120 - INFO - Route download_progress success
2024-05-23 13:55:21,100 - INFO - Route download_progress success
2024-05-23 13:55:21,870 - INFO - table_update route successfully send data with flag 1
