2024-05-23 17:16:26,084 - INFO - Function create_or_pass_folder error with flag 0 -- Function create_or_pass_folder error is::Value for one of the query parameters specified in the request URI is invalid.
RequestId:485bfa64-201e-006a-4206-ad29ad000000
Time:2024-05-23T11:46:26.6888170Z
ErrorCode:InvalidQueryParameterValue
queryparametername:snapshot
queryparametervalue:san123
Content: <?xml version="1.0" encoding="utf-8"?>
<Error><Code>InvalidQueryParameterValue</Code><Message>Value for one of the query parameters specified in the request URI is invalid.
RequestId:485bfa64-201e-006a-4206-ad29ad000000
Time:2024-05-23T11:46:26.6888170Z</Message><QueryParameterName>snapshot</QueryParameterName><QueryParameterValue>san123</QueryParameterValue></Error>
2024-05-23 17:16:26,085 - INFO - Function create_or_pass_folder Error creating folder'san123': Value for one of the query parameters specified in the request URI is invalid.
RequestId:485bfa64-201e-006a-4206-ad29ad000000
Time:2024-05-23T11:46:26.6888170Z
ErrorCode:InvalidQueryParameterValue
queryparametername:snapshot
queryparametervalue:san123
Content: <?xml version="1.0" encoding="utf-8"?>
<Error><Code>InvalidQueryParameterValue</Code><Message>Value for one of the query parameters specified in the request URI is invalid.
RequestId:485bfa64-201e-006a-4206-ad29ad000000
Time:2024-05-23T11:46:26.6888170Z</Message><QueryParameterName>snapshot</QueryParameterName><QueryParameterValue>san123</QueryParameterValue></Error> 
2024-05-23 17:16:26,789 - INFO - Function update_bar_chart_from_blob successfully Return blob_list with flag 1
2024-05-23 17:16:26,789 - INFO - User san123 logged in successfully with flag 1
2024-05-23 17:16:28,801 - INFO - Function update_bar_chart_from_blob successfully Return blob_list with flag 1
